Thu Jul  1 01:25:33 2021: Running validation tests on input files
Thu Jul  1 01:25:42 2021: Finished validating - Submitting job to queue
Thu Jul  1 01:25:44 2021: Job 1625102730 was submitted to queue.
Thu Jul  1 04:25:47 2021: Job 1625102730 started running.
Thu Jul  1 04:25:47 2021: Job Parameters:
Thu Jul  1 04:25:47 2021: Input file: Archive.zip
Thu Jul  1 04:25:47 2021: Input type: STRUCTURE
Thu Jul  1 04:25:47 2021: CLUMPP search method: LargeKGreedy 
Thu Jul  1 04:25:47 2021: MCL cluster size threshold: 0.1 (default)
Thu Jul  1 04:25:47 2021: Extracting file: "Archive.zip".
Thu Jul  1 04:25:47 2021: Sorting input files by K
Thu Jul  1 04:25:48 2021: Working on K=1
Thu Jul  1 04:25:48 2021: calling ExtractIndTableFromStructureFiles
Thu Jul  1 04:25:48 2021: calling ExtractIndTableFromStructureFiles
Thu Jul  1 04:25:48 2021: Executing CLUMPP for K=1.
Thu Jul  1 04:25:48 2021: Clustering K=1 with mcl.
Thu Jul  1 04:25:48 2021: no cutoff was used
Thu Jul  1 04:25:48 2021: Executing CLUMPP for major cluster.
Thu Jul  1 04:25:48 2021: Calculating major cluster LnProb mean and standard deviation.
Thu Jul  1 04:25:48 2021: LnProb mean: -70091.92
Thu Jul  1 04:25:48 2021: LnProb standard deviation: 0.761285462592024
Thu Jul  1 04:25:48 2021: Working on K=2
Thu Jul  1 04:25:48 2021: calling ExtractIndTableFromStructureFiles
Thu Jul  1 04:25:48 2021: calling ExtractIndTableFromStructureFiles
Thu Jul  1 04:25:48 2021: Executing CLUMPP for K=2.
Thu Jul  1 04:25:49 2021: Clustering K=2 with mcl.
Thu Jul  1 04:25:49 2021: cutoff used: 0.98
Thu Jul  1 04:25:49 2021: Executing CLUMPP for major cluster.
Thu Jul  1 04:25:50 2021: Calculating major cluster LnProb mean and standard deviation.
Thu Jul  1 04:25:50 2021: LnProb mean: -69733.2
Thu Jul  1 04:25:50 2021: LnProb standard deviation: 5.10816340119689
Thu Jul  1 04:25:50 2021: Working on K=3
Thu Jul  1 04:25:50 2021: calling ExtractIndTableFromStructureFiles
Thu Jul  1 04:25:50 2021: calling ExtractIndTableFromStructureFiles
Thu Jul  1 04:25:50 2021: Executing CLUMPP for K=3.
Thu Jul  1 04:25:52 2021: Clustering K=3 with mcl.
Thu Jul  1 04:25:52 2021: cutoff used: 0.94
Thu Jul  1 04:25:52 2021: Executing CLUMPP for major cluster.
Thu Jul  1 04:25:53 2021: Calculating major cluster LnProb mean and standard deviation.
Thu Jul  1 04:25:53 2021: LnProb mean: -70042.4875
Thu Jul  1 04:25:53 2021: LnProb standard deviation: 82.6474861340952
Thu Jul  1 04:25:53 2021: Executing CLUMPP for minor clusters.
Thu Jul  1 04:25:53 2021: Calculating MinorCluster1 LnProb mean and standard deviation.
Thu Jul  1 04:25:53 2021: LnProb mean: -70045.75
Thu Jul  1 04:25:53 2021: LnProb standard deviation: 242.466915268863
Thu Jul  1 04:25:53 2021: Working on K=4
Thu Jul  1 04:25:53 2021: calling ExtractIndTableFromStructureFiles
Thu Jul  1 04:25:53 2021: calling ExtractIndTableFromStructureFiles
Thu Jul  1 04:25:53 2021: Executing CLUMPP for K=4.
Thu Jul  1 04:25:56 2021: Clustering K=4 with mcl.
Thu Jul  1 04:25:56 2021: cutoff used: 0.88
Thu Jul  1 04:25:56 2021: Executing CLUMPP for major cluster.
Thu Jul  1 04:25:57 2021: Calculating major cluster LnProb mean and standard deviation.
Thu Jul  1 04:25:57 2021: LnProb mean: -70645
Thu Jul  1 04:25:57 2021: LnProb standard deviation: 332.068527064317
Thu Jul  1 04:25:57 2021: Executing CLUMPP for minor clusters.
Thu Jul  1 04:25:57 2021: Calculating MinorCluster1 LnProb mean and standard deviation.
Thu Jul  1 04:25:57 2021: LnProb mean: -70177.3666666667
Thu Jul  1 04:25:57 2021: LnProb standard deviation: 106.090967256088
Thu Jul  1 04:25:57 2021: Working on K=5
Thu Jul  1 04:25:57 2021: calling ExtractIndTableFromStructureFiles
Thu Jul  1 04:25:58 2021: calling ExtractIndTableFromStructureFiles
Thu Jul  1 04:25:58 2021: Executing CLUMPP for K=5.
Thu Jul  1 04:26:01 2021: Clustering K=5 with mcl.
Thu Jul  1 04:26:01 2021: cutoff used: 0.90
Thu Jul  1 04:26:01 2021: Executing CLUMPP for major cluster.
Thu Jul  1 04:26:04 2021: Calculating major cluster LnProb mean and standard deviation.
Thu Jul  1 04:26:04 2021: LnProb mean: -70750
Thu Jul  1 04:26:04 2021: LnProb standard deviation: 1040.44708899588
Thu Jul  1 04:26:04 2021: Executing CLUMPP for minor clusters.
Thu Jul  1 04:26:04 2021: Calculating MinorCluster1 LnProb mean and standard deviation.
Thu Jul  1 04:26:04 2021: LnProb mean: -70176.2
Thu Jul  1 04:26:04 2021: LnProb standard deviation: 0
Thu Jul  1 04:26:04 2021: Working on K=6
Thu Jul  1 04:26:04 2021: calling ExtractIndTableFromStructureFiles
Thu Jul  1 04:26:05 2021: calling ExtractIndTableFromStructureFiles
Thu Jul  1 04:26:05 2021: Executing CLUMPP for K=6.
Thu Jul  1 04:26:10 2021: Clustering K=6 with mcl.
Thu Jul  1 04:26:10 2021: cutoff used: 0.85
Thu Jul  1 04:26:10 2021: Executing CLUMPP for major cluster.
Thu Jul  1 04:26:13 2021: Calculating major cluster LnProb mean and standard deviation.
Thu Jul  1 04:26:13 2021: LnProb mean: -70602.875
Thu Jul  1 04:26:13 2021: LnProb standard deviation: 471.599569095887
Thu Jul  1 04:26:13 2021: Executing CLUMPP for minor clusters.
Thu Jul  1 04:26:13 2021: Calculating MinorCluster1 LnProb mean and standard deviation.
Thu Jul  1 04:26:13 2021: LnProb mean: -71322.55
Thu Jul  1 04:26:13 2021: LnProb standard deviation: 2223.07300937238
Thu Jul  1 04:26:13 2021: Ordering clusters by size for K=1
Thu Jul  1 04:26:13 2021: Calling distruct for K=1.MajorCluster
Thu Jul  1 04:26:14 2021: Calculating best Average Distance between K=1 and K=2..
Thu Jul  1 04:26:14 2021: Calling distruct for K=2.MajorCluster
Thu Jul  1 04:26:14 2021: Calculating best Average Distance between K=2 and K=3..
Thu Jul  1 04:26:14 2021: Calling distruct for K=3.MajorCluster
Thu Jul  1 04:26:15 2021: Calculating best Average Distance between K=3 and K=4..
Thu Jul  1 04:26:15 2021: Calling distruct for K=4.MajorCluster
Thu Jul  1 04:26:15 2021: Calculating best Average Distance between K=4 and K=5..
Thu Jul  1 04:26:16 2021: Calling distruct for K=5.MajorCluster
Thu Jul  1 04:26:16 2021: Calculating best Average Distance between K=5 and K=6..
Thu Jul  1 04:26:17 2021: Calling distruct for K=6.MajorCluster
Thu Jul  1 04:26:18 2021: Calculating best Average Distance between large cluster and K=3.MinorCluster1..
Thu Jul  1 04:26:18 2021: Calling distruct for K=3.MinorCluster1
Thu Jul  1 04:26:18 2021: Calculating best Average Distance between large cluster and K=4.MinorCluster1..
Thu Jul  1 04:26:18 2021: Calling distruct for K=4.MinorCluster1
Thu Jul  1 04:26:19 2021: Calculating best Average Distance between large cluster and K=5.MinorCluster1..
Thu Jul  1 04:26:19 2021: Calling distruct for K=5.MinorCluster1
Thu Jul  1 04:26:19 2021: Calculating best Average Distance between large cluster and K=6.MinorCluster1..
Thu Jul  1 04:26:20 2021: Calling distruct for K=6.MinorCluster1
Thu Jul  1 04:26:21 2021: Creating job summary PDF
Thu Jul  1 04:26:21 2021: Creating job zip file
