  1        1   (0)      1 :  0.3525 0.0057 0.1115 0.0468 0.4835 
  2        2   (1)      1 :  0.3231 0.0919 0.1216 0.0123 0.4511 
  3        3   (0)      1 :  0.4103 0.0307 0.1289 0.0236 0.4065 
  4        4   (0)      2 :  0.0738 0.8067 0.0366 0.0056 0.0774 
  5        5   (0)      2 :  0.4225 0.0084 0.2054 0.0145 0.3492 
  6        6   (0)      2 :  0.0829 0.7708 0.0351 0.0181 0.0930 
  7        7   (0)      2 :  0.0200 0.9390 0.0149 0.0061 0.0200 
  8        8   (0)      2 :  0.0059 0.9770 0.0053 0.0059 0.0059 
  9        9   (0)      2 :  0.0488 0.8569 0.0371 0.0050 0.0522 
 10       10   (0)      2 :  0.0088 0.9724 0.0071 0.0035 0.0082 
 11       11   (0)      2 :  0.0125 0.9596 0.0095 0.0047 0.0137 
 12       12   (0)      2 :  0.0174 0.7804 0.0118 0.1715 0.0189 
 13       13   (0)      2 :  0.0147 0.9486 0.0130 0.0081 0.0156 
 14       14   (0)      2 :  0.0254 0.9079 0.0268 0.0110 0.0289 
 15       15   (0)      2 :  0.1631 0.5540 0.0903 0.0092 0.1835 
 16       16   (0)      2 :  0.0097 0.9663 0.0087 0.0065 0.0088 
 17       17   (0)      2 :  0.0444 0.8538 0.0456 0.0077 0.0485 
 18       18   (0)      2 :  0.0173 0.9376 0.0149 0.0119 0.0183 
 19       19   (0)      2 :  0.0174 0.9215 0.0119 0.0318 0.0174 
 20       20   (0)      2 :  0.0938 0.6949 0.0578 0.0283 0.1251 
 21       21   (9)      2 :  0.0289 0.9022 0.0243 0.0048 0.0398 
 22       22   (0)      2 :  0.2867 0.1701 0.2227 0.0108 0.3097 
 23       23   (0)      2 :  0.0258 0.9249 0.0131 0.0048 0.0314 
 24       24   (0)      2 :  0.0071 0.9712 0.0059 0.0069 0.0089 
 25       25   (0)      2 :  0.1467 0.5612 0.0568 0.0470 0.1883 
 26       26   (0)      2 :  0.0159 0.9441 0.0160 0.0090 0.0150 
 27       27   (0)      2 :  0.0225 0.7691 0.0181 0.1569 0.0334 
 28       28   (0)      2 :  0.0062 0.9774 0.0069 0.0033 0.0062 
 29       29   (0)      2 :  0.0287 0.9116 0.0235 0.0090 0.0272 
 30       30   (0)      2 :  0.1677 0.2917 0.3426 0.0094 0.1886 
 31       31   (0)      2 :  0.0086 0.9716 0.0071 0.0032 0.0095 
 32       32   (0)      2 :  0.0334 0.9329 0.0106 0.0030 0.0201 
 33       33   (0)      2 :  0.0145 0.9042 0.0191 0.0461 0.0161 
 34       34   (0)      2 :  0.0659 0.7693 0.0617 0.0118 0.0913 
 35       35   (0)      2 :  0.0347 0.9260 0.0131 0.0035 0.0227 
 36       36   (5)      2 :  0.0097 0.9662 0.0104 0.0041 0.0096 
 37       37   (0)      2 :  0.0083 0.9584 0.0078 0.0156 0.0099 
 38       38   (0)      2 :  0.0307 0.8985 0.0332 0.0028 0.0348 
 39       39   (0)      2 :  0.0096 0.9643 0.0142 0.0033 0.0086 
 40       40   (0)      2 :  0.0100 0.9679 0.0090 0.0030 0.0101 
 41       41   (0)      2 :  0.1873 0.3325 0.2285 0.0186 0.2331 
 42       42   (0)      2 :  0.0173 0.9475 0.0129 0.0043 0.0180 
 43       43   (0)      2 :  0.0415 0.8711 0.0434 0.0039 0.0401 
 44       44   (0)      2 :  0.0329 0.8823 0.0263 0.0132 0.0453 
 45       45   (0)      2 :  0.0864 0.7971 0.0541 0.0037 0.0588 
 46       46   (0)      2 :  0.0103 0.9705 0.0067 0.0043 0.0082 
 47       47   (4)      2 :  0.2845 0.2500 0.1784 0.0093 0.2779 
 48       48   (0)      2 :  0.1748 0.5515 0.0865 0.0089 0.1784 
 49       49   (1)      2 :  0.2000 0.1703 0.4746 0.0113 0.1438 
 50       50   (0)      2 :  0.0393 0.8834 0.0320 0.0068 0.0385 
 51       51   (0)      2 :  0.0092 0.9697 0.0080 0.0035 0.0096 
 52       52   (0)      2 :  0.0118 0.9397 0.0146 0.0197 0.0142 
 53       53   (0)      2 :  0.1213 0.5590 0.1665 0.0079 0.1453 
 54       54   (0)      2 :  0.0060 0.9775 0.0065 0.0042 0.0058 
 55       55   (0)      2 :  0.0150 0.9422 0.0148 0.0100 0.0180 
 56       56   (0)      2 :  0.0333 0.9123 0.0159 0.0057 0.0328 
 57       57   (0)      2 :  0.2204 0.3573 0.1744 0.0179 0.2301 
 58       58   (0)      2 :  0.0148 0.9464 0.0112 0.0128 0.0148 
 59       59   (0)      2 :  0.0200 0.9216 0.0256 0.0098 0.0230 
 60       60   (0)      2 :  0.0137 0.9601 0.0104 0.0040 0.0118 
 61       61   (0)      2 :  0.0476 0.8571 0.0232 0.0207 0.0514 
 62       62   (1)      2 :  0.0068 0.9732 0.0075 0.0062 0.0063 
 63       63   (0)      3 :  0.3271 0.0304 0.1420 0.0656 0.4349 
 64       64   (0)      3 :  0.3697 0.0046 0.2620 0.0173 0.3463 
 65       65   (0)      3 :  0.3458 0.0069 0.2358 0.0348 0.3768 
 66       66   (0)      3 :  0.3395 0.0500 0.1141 0.0144 0.4820 
 67       67   (0)      3 :  0.3269 0.0296 0.2157 0.0245 0.4033 
 68       68   (0)      3 :  0.2337 0.0108 0.4400 0.0610 0.2546 
 69       69   (0)      3 :  0.1875 0.0079 0.7091 0.0119 0.0837 
 70       70   (0)      3 :  0.1587 0.0194 0.7429 0.0077 0.0713 
 71       71   (0)      3 :  0.2248 0.0473 0.4333 0.0179 0.2767 
 72       72   (8)      3 :  0.1926 0.0065 0.6195 0.0237 0.1578 
 73       73   (0)      3 :  0.3602 0.0199 0.2099 0.0067 0.4033 
 74       74   (0)      3 :  0.2258 0.3645 0.0707 0.0260 0.3131 
 75       75   (0)      3 :  0.2289 0.0951 0.4184 0.0100 0.2475 
 76       76   (0)      3 :  0.4397 0.0118 0.1337 0.0108 0.4040 
 77       77   (0)      3 :  0.1472 0.0507 0.6565 0.0062 0.1395 
 78       78   (0)      3 :  0.1974 0.0159 0.5096 0.0704 0.2067 
 79       79   (0)      3 :  0.2784 0.0068 0.4538 0.0614 0.1996 
 80       80   (0)      3 :  0.2278 0.0487 0.4199 0.0227 0.2810 
 81       81   (0)      3 :  0.3428 0.0346 0.1730 0.0341 0.4155 
 82       82   (0)      3 :  0.2174 0.0098 0.5629 0.0310 0.1788 
 83       83   (0)      3 :  0.3873 0.0326 0.1970 0.0091 0.3740 
 84       84   (0)      3 :  0.2569 0.0273 0.3706 0.0285 0.3166 
 85       85   (0)      3 :  0.2560 0.1188 0.2503 0.0390 0.3358 
 86       86   (0)      3 :  0.2537 0.0631 0.3838 0.0213 0.2782 
 87       87   (0)      3 :  0.4454 0.0230 0.1417 0.0158 0.3741 
 88       88   (0)      3 :  0.2623 0.0104 0.5700 0.0049 0.1524 
 89       89   (0)      3 :  0.3220 0.0048 0.3608 0.0402 0.2721 
 90       90   (0)      3 :  0.1939 0.3401 0.1553 0.0352 0.2754 
 91       91   (0)      3 :  0.3231 0.0401 0.1728 0.0326 0.4314 
 92       92   (0)      3 :  0.3776 0.0079 0.3227 0.0195 0.2723 
 93       93   (0)      3 :  0.3167 0.0165 0.3195 0.0092 0.3381 
 94       94   (0)      3 :  0.2645 0.0272 0.3553 0.0268 0.3262 
 95       95   (0)      3 :  0.2064 0.0242 0.4964 0.0108 0.2623 
 96       96   (0)      3 :  0.3310 0.0347 0.3911 0.0076 0.2356 
 97       97   (0)      3 :  0.3077 0.0181 0.2900 0.0127 0.3715 
 98       98   (0)      3 :  0.2489 0.0198 0.4868 0.0129 0.2315 
 99       99   (0)      3 :  0.3536 0.0281 0.1157 0.0361 0.4665 
100      100   (0)      3 :  0.2486 0.0059 0.4821 0.0192 0.2442 
101      101   (0)      3 :  0.1576 0.4859 0.0952 0.0688 0.1924 
102      102   (0)      3 :  0.3361 0.0169 0.1404 0.0284 0.4782 
103      103   (0)      3 :  0.2250 0.0218 0.5040 0.0125 0.2367 
104      104   (0)      3 :  0.2068 0.1053 0.4303 0.0101 0.2475 
105      105   (0)      3 :  0.2030 0.0197 0.5869 0.0050 0.1854 
106      106   (0)      3 :  0.3473 0.0153 0.1605 0.0273 0.4496 
107      107   (0)      3 :  0.3311 0.0490 0.1852 0.0341 0.4005 
108      108   (0)      3 :  0.2189 0.0141 0.5299 0.0172 0.2199 
109      109   (0)      3 :  0.0050 0.0018 0.0017 0.9881 0.0034 
110      110   (0)      3 :  0.3194 0.0118 0.2684 0.0236 0.3768 
111      111   (0)      3 :  0.2884 0.0221 0.3763 0.0312 0.2820 
112      112   (7)      4 :  0.0056 0.0021 0.0017 0.9875 0.0031 
113      113  (12)      4 :  0.1994 0.0124 0.5379 0.0131 0.2372 
114      114  (12)      4 :  0.1145 0.0339 0.1398 0.5596 0.1521 
115      115   (3)      4 :  0.3023 0.0174 0.4104 0.0087 0.2612 
116      116  (12)      4 :  0.3119 0.0565 0.2729 0.0118 0.3469 
117      117  (13)      4 :  0.3903 0.0150 0.2739 0.0178 0.3030 
118      118   (0)      4 :  0.1905 0.4760 0.1527 0.0084 0.1725 
119      119   (3)      4 :  0.3364 0.0433 0.3438 0.0210 0.2554 
120      120   (0)      4 :  0.3669 0.0176 0.3311 0.0088 0.2756 
121      121   (0)      4 :  0.1863 0.0084 0.6521 0.0105 0.1427 
122      122   (9)      4 :  0.4373 0.0045 0.2199 0.0286 0.3097 
123      123   (9)      4 :  0.3191 0.0070 0.5033 0.0048 0.1657 
124      124  (12)      4 :  0.3691 0.0189 0.2232 0.0235 0.3654 
125      125   (0)      5 :  0.0207 0.9096 0.0335 0.0129 0.0233 
126      126   (0)      5 :  0.2711 0.0144 0.5894 0.0047 0.1204 
127      127   (0)      5 :  0.0342 0.8913 0.0230 0.0198 0.0317 
128      128   (0)      6 :  0.4139 0.0118 0.2537 0.0080 0.3126 
129      129   (0)      6 :  0.4184 0.0042 0.2581 0.0298 0.2895 
130      130   (9)      6 :  0.3459 0.0065 0.3323 0.0156 0.2998 
131      131   (0)      6 :  0.4156 0.0055 0.1659 0.0229 0.3901 
132      132   (0)      6 :  0.1719 0.0095 0.6992 0.0078 0.1115 
133      133   (0)      6 :  0.4060 0.0112 0.1216 0.0316 0.4296 
134      134   (0)      6 :  0.2300 0.0173 0.4585 0.0228 0.2714 
135      135   (0)      6 :  0.3898 0.0207 0.1125 0.0330 0.4440 
136      136  (11)      6 :  0.3435 0.0299 0.1242 0.0133 0.4891 
137      137   (0)      6 :  0.3416 0.0407 0.2573 0.0414 0.3190 
138      138   (0)      6 :  0.3310 0.1033 0.1354 0.0104 0.4199 
139      139   (0)      6 :  0.3979 0.0423 0.1878 0.0060 0.3660 
140      140   (4)      6 :  0.3012 0.0184 0.2325 0.0269 0.4209 
141      141   (0)      6 :  0.3809 0.0194 0.1403 0.0287 0.4308 
142      142   (0)      6 :  0.3298 0.0491 0.1212 0.0133 0.4867 
143      143   (0)      6 :  0.1540 0.0059 0.7380 0.0018 0.1003 
144      144   (0)      6 :  0.1824 0.0528 0.5706 0.0170 0.1771 
145      145   (4)      6 :  0.1551 0.0047 0.7406 0.0022 0.0975 
146      146   (5)      6 :  0.1856 0.0120 0.6145 0.0059 0.1820 
147      147   (0)      6 :  0.2494 0.0075 0.4765 0.0466 0.2200 
148      148   (5)      6 :  0.2665 0.0142 0.3998 0.0275 0.2920 
149      149   (0)      6 :  0.3753 0.0090 0.1246 0.0392 0.4519 
150      150   (0)      6 :  0.3416 0.0205 0.1464 0.0490 0.4426 
151      151  (10)      6 :  0.3671 0.0217 0.1543 0.0294 0.4275 
152      152   (0)      6 :  0.2985 0.0109 0.4348 0.0133 0.2426 
153      153   (0)      6 :  0.3944 0.0060 0.3776 0.0086 0.2135 
154      154   (0)      6 :  0.3316 0.0180 0.3222 0.0080 0.3203 
155      155   (5)      6 :  0.2625 0.0356 0.3600 0.0141 0.3278 
156      156   (0)      6 :  0.3782 0.0951 0.1093 0.0069 0.4104 
157      157   (0)      6 :  0.4571 0.0207 0.1070 0.0104 0.4048 
158      158   (0)      6 :  0.3814 0.0389 0.2513 0.0081 0.3202 
159      159  (10)      6 :  0.4153 0.0169 0.1185 0.0080 0.4413 
160      160   (0)      6 :  0.4199 0.0170 0.1306 0.0063 0.4262 
161      161   (0)      6 :  0.2065 0.0044 0.6362 0.0046 0.1482 
162      162   (0)      6 :  0.3667 0.0124 0.1895 0.0323 0.3991 
163      163   (0)      6 :  0.3386 0.0170 0.3653 0.0067 0.2725 
164      164   (0)      6 :  0.1643 0.0083 0.7145 0.0474 0.0655 
165      165   (0)      6 :  0.1621 0.0086 0.7145 0.0465 0.0683 
166      166   (0)      6 :  0.3702 0.0229 0.2678 0.0329 0.3062 
167      167   (0)      6 :  0.1777 0.0118 0.6298 0.0341 0.1465 
168      168   (0)      6 :  0.3753 0.0347 0.1903 0.0266 0.3731 
169      169   (0)      6 :  0.2871 0.0265 0.4008 0.0085 0.2770 
170      170   (2)      6 :  0.4105 0.0123 0.2213 0.0227 0.3332 
171      171   (0)      6 :  0.1914 0.0653 0.5395 0.0145 0.1894 
172      172   (0)      6 :  0.3116 0.0126 0.3489 0.0187 0.3082 
173      173   (0)      6 :  0.3296 0.0195 0.2496 0.0187 0.3826 
174      174   (0)      6 :  0.3716 0.0318 0.1737 0.0096 0.4133 
175      175   (7)      6 :  0.3208 0.0116 0.3275 0.0095 0.3306 
176      176   (0)      6 :  0.2900 0.0177 0.2852 0.0196 0.3874 
177      177  (10)      6 :  0.3430 0.0790 0.1568 0.0072 0.4141 
178      178   (0)      6 :  0.1045 0.6815 0.0676 0.0228 0.1237 
179      179   (8)      6 :  0.3858 0.0156 0.1820 0.0285 0.3881 
180      180   (0)      6 :  0.3657 0.0067 0.2317 0.0094 0.3865 
181      181   (7)      6 :  0.3922 0.0151 0.1344 0.0091 0.4492 
182      182   (0)      6 :  0.1552 0.0048 0.7300 0.0056 0.1043 
183      183   (0)      6 :  0.2103 0.0153 0.6495 0.0130 0.1119 
184      184   (0)      6 :  0.4031 0.0386 0.1678 0.0098 0.3808 
185      185   (0)      6 :  0.3638 0.0082 0.1584 0.0332 0.4364 
186      186   (2)      6 :  0.1925 0.0183 0.5868 0.0178 0.1847 
187      187   (0)      6 :  0.1640 0.0635 0.4758 0.1701 0.1265 
188      188   (0)      6 :  0.2956 0.0978 0.2754 0.0218 0.3094 
189      189   (3)      6 :  0.3955 0.0269 0.2089 0.0132 0.3556 
190      190   (0)      6 :  0.2616 0.0210 0.3348 0.0166 0.3659 
191      191   (0)      6 :  0.3822 0.0059 0.2367 0.0182 0.3570 
192      192   (0)      6 :  0.2478 0.3846 0.0696 0.0101 0.2878 
193      193   (0)      6 :  0.3051 0.0132 0.2608 0.0361 0.3848 
194      194   (0)      6 :  0.2958 0.0499 0.2435 0.0495 0.3613 
195      195   (0)      6 :  0.2480 0.0447 0.3979 0.0214 0.2881 
196      196  (13)      6 :  0.3183 0.0235 0.1208 0.0722 0.4652 
197      197   (0)      6 :  0.2503 0.0171 0.4659 0.0226 0.2441 
198      198  (12)      6 :  0.3410 0.0702 0.1525 0.0232 0.4131 
199      199   (0)      6 :  0.4380 0.0291 0.1475 0.0173 0.3681 
200      200   (0)      6 :  0.4045 0.0069 0.1996 0.0240 0.3650 
201      201   (8)      6 :  0.3273 0.0088 0.1393 0.0679 0.4567 
202      202   (0)      6 :  0.3197 0.0174 0.1265 0.0791 0.4573 
203      203   (0)      6 :  0.4195 0.0101 0.1509 0.0371 0.3824 
204      204   (0)      6 :  0.3615 0.0548 0.1636 0.0380 0.3820 
205      205   (0)      6 :  0.3741 0.0200 0.1418 0.0159 0.4483 
206      206   (0)      6 :  0.2796 0.0194 0.3948 0.0104 0.2958 
207      207  (14)      6 :  0.2796 0.0120 0.3387 0.0148 0.3548 
208      208   (0)      6 :  0.3170 0.0979 0.1705 0.0297 0.3850 
209      209   (0)      6 :  0.3820 0.0114 0.1662 0.0212 0.4191 
210      210   (0)      6 :  0.3979 0.0080 0.1820 0.0237 0.3885 
211      211  (14)      6 :  0.3517 0.0109 0.2188 0.0354 0.3832 
212      212   (0)      6 :  0.2950 0.0736 0.1730 0.0653 0.3931 
213      213   (7)      6 :  0.3080 0.0254 0.1118 0.0699 0.4849 
214      214   (0)      6 :  0.3931 0.0107 0.1251 0.0190 0.4522 
215      215   (0)      6 :  0.2696 0.0368 0.3988 0.0182 0.2766 
216      216   (0)      6 :  0.4631 0.0082 0.1335 0.0564 0.3388 
217      217   (5)      6 :  0.4559 0.0139 0.1288 0.0586 0.3428 
218      218   (0)      6 :  0.3276 0.0649 0.1530 0.0383 0.4163 
219      219   (0)      2 :  0.0256 0.9146 0.0257 0.0077 0.0264 
220      220   (0)      2 :  0.0055 0.9793 0.0065 0.0024 0.0063 
221      221   (0)      2 :  0.0211 0.9232 0.0190 0.0167 0.0200 
222      222   (0)      2 :  0.0464 0.8515 0.0481 0.0058 0.0482 
223      223   (0)      2 :  0.0255 0.9219 0.0176 0.0059 0.0291 
224      224   (0)      2 :  0.0070 0.9769 0.0069 0.0036 0.0056 
225      225   (0)      2 :  0.1345 0.6490 0.0619 0.0172 0.1374 
226      226   (0)      2 :  0.0035 0.9874 0.0037 0.0019 0.0035 
227      227   (0)      2 :  0.0530 0.8200 0.0565 0.0039 0.0666 
