  1        1   (0)      1 :  0.0049 0.2725 0.0188 0.1006 0.1577 0.4455 
  2        2   (1)      1 :  0.0308 0.3138 0.0022 0.1063 0.1454 0.4016 
  3        3   (0)      1 :  0.0264 0.3100 0.0080 0.1062 0.2107 0.3388 
  4        4  (13)      2 :  0.9477 0.0115 0.0038 0.0117 0.0111 0.0142 
  5        5   (0)      2 :  0.9764 0.0046 0.0052 0.0048 0.0044 0.0046 
  6        6  (13)      2 :  0.9426 0.0128 0.0022 0.0129 0.0154 0.0141 
  7        7   (0)      2 :  0.9532 0.0119 0.0030 0.0108 0.0087 0.0124 
  8        8   (0)      2 :  0.8681 0.0103 0.0888 0.0124 0.0088 0.0116 
  9        9  (10)      2 :  0.8269 0.0160 0.1107 0.0171 0.0134 0.0159 
 10       10   (9)      2 :  0.9035 0.0240 0.0097 0.0182 0.0182 0.0264 
 11       11   (0)      2 :  0.8907 0.0270 0.0052 0.0176 0.0249 0.0346 
 12       12   (0)      2 :  0.8203 0.0466 0.0021 0.0300 0.0424 0.0586 
 13       13   (0)      2 :  0.0072 0.3166 0.0049 0.1608 0.2041 0.3064 
 14       14   (0)      2 :  0.7088 0.0838 0.0078 0.0422 0.0774 0.0800 
 15       15   (0)      2 :  0.9235 0.0195 0.0041 0.0133 0.0176 0.0220 
 16       16   (0)      2 :  0.9733 0.0058 0.0055 0.0050 0.0045 0.0059 
 17       17   (0)      2 :  0.7785 0.0635 0.0020 0.0448 0.0378 0.0734 
 18       18   (0)      2 :  0.9676 0.0075 0.0025 0.0066 0.0081 0.0077 
 19       19   (0)      2 :  0.9531 0.0106 0.0040 0.0093 0.0111 0.0119 
 20       20   (0)      2 :  0.7640 0.0141 0.1813 0.0116 0.0134 0.0156 
 21       21   (0)      2 :  0.9259 0.0197 0.0056 0.0135 0.0166 0.0187 
 22       22   (0)      2 :  0.8935 0.0246 0.0109 0.0255 0.0165 0.0290 
 23       23   (0)      2 :  0.3876 0.1908 0.0036 0.0876 0.1046 0.2259 
 24       24   (0)      2 :  0.9548 0.0079 0.0047 0.0080 0.0167 0.0079 
 25       25   (0)      2 :  0.8921 0.0282 0.0050 0.0271 0.0168 0.0308 
 26       26   (0)      2 :  0.9036 0.0226 0.0103 0.0183 0.0228 0.0224 
 27       27   (0)      2 :  0.9119 0.0158 0.0292 0.0111 0.0134 0.0186 
 28       28   (0)      2 :  0.6377 0.0991 0.0125 0.0598 0.0628 0.1280 
 29       29   (9)      2 :  0.8607 0.0396 0.0026 0.0262 0.0270 0.0439 
 30       30   (0)      2 :  0.1251 0.2633 0.0018 0.1656 0.1586 0.2856 
 31       31   (0)      2 :  0.8881 0.0324 0.0024 0.0132 0.0284 0.0355 
 32       32   (0)      2 :  0.9520 0.0108 0.0070 0.0081 0.0092 0.0129 
 33       33   (0)      2 :  0.4023 0.1902 0.0338 0.0634 0.0913 0.2189 
 34       34   (0)      2 :  0.9035 0.0191 0.0095 0.0250 0.0178 0.0251 
 35       35   (0)      2 :  0.7583 0.0207 0.1595 0.0145 0.0164 0.0306 
 36       36   (0)      2 :  0.9738 0.0061 0.0029 0.0060 0.0048 0.0064 
 37       37   (0)      2 :  0.8992 0.0256 0.0075 0.0251 0.0193 0.0233 
 38       38   (0)      2 :  0.2598 0.1951 0.0026 0.2717 0.0867 0.1842 
 39       39   (0)      2 :  0.9615 0.0092 0.0025 0.0090 0.0084 0.0094 
 40       40   (0)      2 :  0.9581 0.0110 0.0015 0.0082 0.0097 0.0115 
 41       41   (0)      2 :  0.8867 0.0178 0.0376 0.0226 0.0159 0.0194 
 42       42   (0)      2 :  0.7779 0.0510 0.0016 0.0440 0.0723 0.0531 
 43       43   (0)      2 :  0.9447 0.0157 0.0013 0.0111 0.0130 0.0142 
 44       44   (5)      2 :  0.9529 0.0116 0.0031 0.0128 0.0087 0.0109 
 45       45   (0)      2 :  0.9508 0.0091 0.0132 0.0082 0.0088 0.0099 
 46       46   (0)      2 :  0.8856 0.0276 0.0014 0.0324 0.0228 0.0302 
 47       47   (0)      2 :  0.9496 0.0115 0.0026 0.0161 0.0090 0.0112 
 48       48   (0)      2 :  0.9658 0.0078 0.0019 0.0066 0.0082 0.0097 
 49       49   (0)      2 :  0.1459 0.2458 0.0071 0.1820 0.1280 0.2912 
 50       50   (0)      2 :  0.9185 0.0224 0.0023 0.0164 0.0163 0.0241 
 51       51   (0)      2 :  0.9107 0.0212 0.0019 0.0243 0.0193 0.0226 
 52       52   (0)      2 :  0.8791 0.0253 0.0035 0.0226 0.0418 0.0277 
 53       53   (0)      2 :  0.7056 0.0740 0.0033 0.0605 0.0775 0.0792 
 54       54   (0)      2 :  0.9663 0.0080 0.0035 0.0059 0.0086 0.0077 
 55       55   (4)      2 :  0.3001 0.1960 0.0022 0.1332 0.1495 0.2191 
 56       56   (0)      2 :  0.3529 0.1644 0.0041 0.0963 0.1698 0.2125 
 57       57   (1)      2 :  0.1695 0.1706 0.0047 0.3757 0.1421 0.1373 
 58       58   (0)      2 :  0.8860 0.0274 0.0035 0.0272 0.0223 0.0336 
 59       59   (0)      2 :  0.9604 0.0091 0.0017 0.0087 0.0112 0.0089 
 60       60   (0)      2 :  0.9308 0.0119 0.0199 0.0117 0.0105 0.0152 
 61       61   (0)      2 :  0.6330 0.0910 0.0050 0.1124 0.0595 0.0992 
 62       62   (0)      2 :  0.9757 0.0050 0.0033 0.0061 0.0045 0.0054 
 63       63   (0)      2 :  0.9196 0.0198 0.0071 0.0163 0.0147 0.0225 
 64       64   (0)      2 :  0.9241 0.0204 0.0036 0.0138 0.0161 0.0220 
 65       65   (0)      2 :  0.3530 0.1889 0.0078 0.1334 0.1125 0.2043 
 66       66   (0)      2 :  0.9333 0.0126 0.0121 0.0125 0.0130 0.0165 
 67       67   (0)      2 :  0.9102 0.0214 0.0063 0.0218 0.0180 0.0223 
 68       68   (0)      2 :  0.9519 0.0131 0.0030 0.0107 0.0085 0.0128 
 69       69   (0)      2 :  0.8803 0.0314 0.0117 0.0196 0.0266 0.0304 
 70       70   (1)      2 :  0.9655 0.0075 0.0041 0.0080 0.0075 0.0074 
 71       71   (0)      3 :  0.0300 0.2865 0.0102 0.1153 0.2471 0.3108 
 72       72   (0)      3 :  0.0043 0.3613 0.0045 0.1894 0.1492 0.2913 
 73       73   (0)      3 :  0.0063 0.3286 0.0038 0.1842 0.1670 0.3102 
 74       74   (0)      3 :  0.0394 0.2576 0.0037 0.0745 0.1735 0.4514 
 75       75   (0)      3 :  0.0261 0.3093 0.0072 0.1875 0.1281 0.3417 
 76       76   (0)      3 :  0.0108 0.2448 0.0479 0.3512 0.1086 0.2368 
 77       77   (0)      3 :  0.0067 0.1491 0.0048 0.6222 0.1253 0.0919 
 78       78   (0)      3 :  0.0167 0.1356 0.0031 0.6750 0.0950 0.0745 
 79       79   (0)      3 :  0.0316 0.2586 0.0083 0.3187 0.1061 0.2768 
 80       80   (8)      3 :  0.0056 0.1650 0.0099 0.5292 0.1372 0.1531 
 81       81   (0)      3 :  0.0169 0.2930 0.0015 0.1709 0.2046 0.3131 
 82       82   (0)      3 :  0.3365 0.2095 0.0115 0.0663 0.1033 0.2728 
 83       83   (0)      3 :  0.0613 0.2705 0.0020 0.2833 0.1162 0.2668 
 84       84   (0)      3 :  0.0112 0.3523 0.0026 0.1191 0.1798 0.3351 
 85       85   (0)      3 :  0.0723 0.1515 0.0031 0.5594 0.0867 0.1270 
 86       86   (0)      3 :  0.0179 0.2111 0.0400 0.3972 0.1375 0.1963 
 87       87   (0)      3 :  0.0064 0.1732 0.0523 0.3754 0.2327 0.1600 
 88       88   (0)      3 :  0.0420 0.2405 0.0060 0.3444 0.1440 0.2231 
 89       89   (0)      3 :  0.0290 0.3324 0.0169 0.1265 0.1455 0.3497 
 90       90   (0)      3 :  0.0092 0.1849 0.0146 0.4877 0.1265 0.1770 
 91       91   (0)      3 :  0.0308 0.2294 0.0019 0.1608 0.2948 0.2823 
 92       92   (0)      3 :  0.0248 0.2603 0.0058 0.3008 0.1179 0.2905 
 93       93   (0)      3 :  0.1280 0.2367 0.0199 0.1983 0.1264 0.2907 
 94       94   (0)      3 :  0.0526 0.2039 0.0059 0.3222 0.1854 0.2300 
 95       95   (0)      3 :  0.0199 0.3180 0.0044 0.1321 0.2294 0.2962 
 96       96   (0)      3 :  0.0118 0.1930 0.0030 0.5101 0.1316 0.1505 
 97       97   (0)      3 :  0.0045 0.2546 0.0112 0.2955 0.1876 0.2466 
 98       98   (0)      3 :  0.1889 0.2640 0.0166 0.1313 0.0982 0.3010 
 99       99   (0)      3 :  0.0371 0.3072 0.0091 0.1420 0.1524 0.3523 
100      100   (0)      3 :  0.0068 0.2757 0.0073 0.2536 0.2278 0.2287 
101      101   (0)      3 :  0.0165 0.2850 0.0015 0.2399 0.1527 0.3045 
102      102   (0)      3 :  0.0254 0.2656 0.0087 0.2474 0.1385 0.3145 
103      103   (0)      3 :  0.0155 0.2352 0.0046 0.4115 0.1061 0.2270 
104      104   (0)      3 :  0.0268 0.2377 0.0041 0.3044 0.1927 0.2342 
105      105   (0)      3 :  0.0123 0.3007 0.0024 0.2384 0.1415 0.3046 
106      106   (0)      3 :  0.0161 0.2433 0.0068 0.3500 0.1412 0.2427 
107      107   (0)      3 :  0.0346 0.2676 0.0082 0.0967 0.2314 0.3616 
108      108   (0)      3 :  0.0055 0.2164 0.0023 0.4105 0.1737 0.1917 
109      109   (0)      3 :  0.2861 0.1989 0.0497 0.1063 0.1396 0.2193 
110      110   (0)      3 :  0.0177 0.3280 0.0037 0.1015 0.1478 0.4013 
111      111   (0)      3 :  0.0203 0.2360 0.0077 0.4066 0.1188 0.2106 
112      112   (0)      3 :  0.0907 0.2238 0.0023 0.3468 0.1144 0.2219 
113      113   (0)      3 :  0.0181 0.1985 0.0020 0.4825 0.1215 0.1774 
114      114   (0)      3 :  0.0116 0.3104 0.0033 0.1338 0.1739 0.3670 
115      115   (0)      3 :  0.0462 0.3163 0.0093 0.1576 0.1334 0.3371 
116      116   (0)      3 :  0.0124 0.2289 0.0057 0.4322 0.1168 0.2039 
117      117   (0)      3 :  0.0010 0.0010 0.9950 0.0010 0.0010 0.0010 
118      118   (0)      3 :  0.0089 0.3252 0.0069 0.2247 0.1299 0.3045 
119      119   (0)      3 :  0.0207 0.2445 0.0090 0.2821 0.1982 0.2455 
120      120   (7)      4 :  0.0012 0.0012 0.9944 0.0011 0.0010 0.0011 
121      121  (12)      4 :  0.0113 0.2031 0.0081 0.4579 0.1100 0.2096 
122      122  (12)      4 :  0.0232 0.1304 0.5317 0.1175 0.0659 0.1312 
123      123   (3)      4 :  0.0181 0.2812 0.0025 0.3071 0.1507 0.2405 
124      124  (12)      4 :  0.0561 0.2799 0.0024 0.1987 0.1511 0.3119 
125      125  (13)      4 :  0.0125 0.2722 0.0019 0.2161 0.2835 0.2138 
126      126   (0)      4 :  0.5316 0.1335 0.0038 0.1092 0.0827 0.1392 
127      127   (3)      4 :  0.0254 0.2563 0.0024 0.2596 0.2665 0.1898 
128      128   (0)      4 :  0.0147 0.1871 0.0020 0.2912 0.3112 0.1937 
129      129   (0)      4 :  0.0090 0.1698 0.0064 0.5422 0.1211 0.1515 
130      130   (9)      4 :  0.0040 0.3156 0.0036 0.1423 0.3142 0.2202 
131      131   (9)      4 :  0.0076 0.2234 0.0020 0.4291 0.1875 0.1503 
132      132  (12)      4 :  0.0180 0.3239 0.0087 0.1744 0.1594 0.3156 
133      133   (0)      5 :  0.9032 0.0219 0.0076 0.0277 0.0175 0.0221 
134      134   (0)      5 :  0.0111 0.1532 0.0020 0.5476 0.1725 0.1135 
135      135   (0)      5 :  0.8475 0.0347 0.0142 0.0249 0.0411 0.0376 
136      136   (0)      6 :  0.0089 0.2854 0.0026 0.2269 0.2525 0.2236 
137      137   (0)      6 :  0.0035 0.2932 0.0043 0.1637 0.3141 0.2212 
138      138   (9)      6 :  0.0056 0.3272 0.0037 0.2412 0.1439 0.2784 
139      139   (0)      6 :  0.0049 0.3885 0.0048 0.1158 0.1599 0.3260 
140      140   (0)      6 :  0.0084 0.1590 0.0040 0.6017 0.1088 0.1181 
141      141   (0)      6 :  0.0112 0.3536 0.0031 0.0947 0.2153 0.3222 
142      142   (0)      6 :  0.0146 0.2384 0.0067 0.3792 0.1135 0.2477 
143      143   (0)      6 :  0.0212 0.3399 0.0043 0.1081 0.2013 0.3252 
144      144  (11)      6 :  0.0191 0.3344 0.0022 0.1020 0.1738 0.3685 
145      145   (0)      6 :  0.0371 0.2851 0.0246 0.1999 0.1514 0.3019 
146      146   (0)      6 :  0.0590 0.3195 0.0021 0.1123 0.1657 0.3415 
147      147   (0)      6 :  0.0267 0.2920 0.0017 0.1605 0.2177 0.3015 
148      148   (4)      6 :  0.0206 0.3166 0.0047 0.1711 0.1578 0.3292 
149      149   (0)      6 :  0.0155 0.3047 0.0045 0.1090 0.2178 0.3485 
150      150   (0)      6 :  0.0596 0.3214 0.0043 0.0991 0.1321 0.3835 
151      151   (0)      6 :  0.0056 0.1005 0.0010 0.6921 0.1420 0.0588 
152      152   (0)      6 :  0.0598 0.1809 0.0110 0.4543 0.1228 0.1712 
153      153   (4)      6 :  0.0044 0.0997 0.0010 0.6950 0.1445 0.0554 
154      154   (5)      6 :  0.0101 0.1416 0.0015 0.5588 0.1592 0.1287 
155      155   (0)      6 :  0.0073 0.2309 0.0295 0.3944 0.1369 0.2010 
156      156   (5)      6 :  0.0099 0.2448 0.0086 0.3420 0.1259 0.2688 
157      157   (0)      6 :  0.0085 0.3249 0.0093 0.1226 0.1977 0.3370 
158      158   (0)      6 :  0.0207 0.3248 0.0065 0.1297 0.1966 0.3218 
159      159  (10)      6 :  0.0168 0.2917 0.0038 0.1273 0.2200 0.3404 
160      160   (0)      6 :  0.0109 0.2577 0.0027 0.3309 0.1554 0.2424 
161      161   (0)      6 :  0.0046 0.2317 0.0040 0.3020 0.3046 0.1531 
162      162   (0)      6 :  0.0140 0.2449 0.0016 0.2647 0.2403 0.2346 
163      163   (5)      6 :  0.0297 0.2689 0.0055 0.2661 0.1189 0.3110 
164      164   (0)      6 :  0.0943 0.2358 0.0014 0.1062 0.2616 0.3006 
165      165   (0)      6 :  0.0182 0.2958 0.0038 0.1091 0.2802 0.2928 
166      166   (0)      6 :  0.0330 0.2238 0.0027 0.1862 0.3044 0.2500 
167      167  (10)      6 :  0.0175 0.2651 0.0040 0.1261 0.2907 0.2966 
168      168   (0)      6 :  0.0175 0.2714 0.0029 0.1327 0.2891 0.2864 
169      169   (0)      6 :  0.0046 0.1736 0.0015 0.5714 0.1201 0.1288 
170      170   (0)      6 :  0.0109 0.3346 0.0027 0.1312 0.1959 0.3247 
171      171   (0)      6 :  0.0140 0.2148 0.0031 0.3001 0.2290 0.2391 
172      172   (0)      6 :  0.0064 0.1410 0.0107 0.6417 0.1369 0.0634 
173      173   (0)      6 :  0.0078 0.1397 0.0103 0.6414 0.1388 0.0620 
174      174   (0)      6 :  0.0133 0.2460 0.0196 0.2226 0.2526 0.2460 
175      175   (0)      6 :  0.0104 0.1742 0.0209 0.5257 0.1151 0.1538 
176      176   (0)      6 :  0.0348 0.2731 0.0070 0.1522 0.2295 0.3033 
177      177   (0)      6 :  0.0245 0.2286 0.0031 0.3109 0.1826 0.2502 
178      178   (2)      6 :  0.0123 0.2816 0.0074 0.1704 0.2549 0.2735 
179      179   (0)      6 :  0.0501 0.2127 0.0077 0.4132 0.1156 0.2008 
180      180   (0)      6 :  0.0137 0.2887 0.0037 0.2881 0.1378 0.2680 
181      181   (0)      6 :  0.0137 0.3081 0.0066 0.2018 0.1652 0.3046 
182      182   (0)      6 :  0.0316 0.3189 0.0021 0.1333 0.1557 0.3584 
183      183   (7)      6 :  0.0102 0.2964 0.0037 0.2613 0.1407 0.2876 
184      184   (0)      6 :  0.0156 0.3184 0.0050 0.2285 0.1243 0.3081 
185      185  (10)      6 :  0.0719 0.2461 0.0015 0.1445 0.2275 0.3085 
186      186   (0)      6 :  0.6877 0.0927 0.0109 0.0575 0.0504 0.1009 
187      187   (8)      6 :  0.0103 0.3008 0.0178 0.1537 0.1878 0.3295 
188      188   (0)      6 :  0.0066 0.3057 0.0029 0.1958 0.1688 0.3201 
189      189   (7)      6 :  0.0150 0.2727 0.0024 0.1154 0.2419 0.3526 
190      190   (0)      6 :  0.0048 0.1741 0.0021 0.6224 0.0908 0.1058 
191      191   (0)      6 :  0.0139 0.1794 0.0056 0.5198 0.1471 0.1342 
192      192   (0)      6 :  0.0386 0.3499 0.0028 0.1367 0.1894 0.2826 
193      193   (0)      6 :  0.0072 0.3425 0.0063 0.1094 0.1744 0.3601 
194      194   (2)      6 :  0.0204 0.1793 0.0075 0.5101 0.1142 0.1684 
195      195   (0)      6 :  0.0351 0.1474 0.1694 0.4007 0.1146 0.1328 
196      196   (0)      6 :  0.0939 0.2111 0.0063 0.2059 0.2329 0.2499 
197      197   (3)      6 :  0.0239 0.3160 0.0069 0.1658 0.2072 0.2802 
198      198   (0)      6 :  0.0181 0.2960 0.0021 0.2538 0.1469 0.2832 
199      199   (0)      6 :  0.0060 0.3661 0.0024 0.1816 0.1665 0.2775 
200      200   (0)      6 :  0.3373 0.2073 0.0029 0.0683 0.1331 0.2511 
201      201   (0)      6 :  0.0120 0.3276 0.0094 0.1833 0.1615 0.3062 
202      202   (0)      6 :  0.0622 0.2726 0.0074 0.1682 0.2223 0.2673 
203      203   (0)      6 :  0.0377 0.2441 0.0037 0.2885 0.1898 0.2362 
204      204  (13)      6 :  0.0213 0.3099 0.0069 0.1017 0.2846 0.2755 
205      205   (0)      6 :  0.0161 0.1837 0.0020 0.3878 0.2423 0.1681 
206      206  (12)      6 :  0.0672 0.2616 0.0045 0.1062 0.2136 0.3469 
207      207   (0)      6 :  0.0292 0.2857 0.0047 0.1470 0.2661 0.2674 
208      208   (0)      6 :  0.0058 0.2433 0.0096 0.1607 0.2979 0.2828 
209      209   (8)      6 :  0.0069 0.3119 0.0043 0.1127 0.2878 0.2764 
210      210   (0)      6 :  0.0143 0.3191 0.0106 0.1053 0.2948 0.2559 
211      211   (0)      6 :  0.0073 0.2207 0.0069 0.1248 0.3934 0.2469 
212      212   (0)      6 :  0.0564 0.1956 0.0022 0.1457 0.3649 0.2351 
213      213   (0)      6 :  0.0174 0.3658 0.0020 0.1222 0.1417 0.3509 
214      214   (0)      6 :  0.0150 0.2794 0.0033 0.2919 0.1575 0.2529 
215      215  (14)      6 :  0.0100 0.3009 0.0051 0.2543 0.1303 0.2993 
216      216   (0)      6 :  0.1305 0.2558 0.0092 0.1233 0.1716 0.3095 
217      217   (0)      6 :  0.0088 0.3483 0.0062 0.1501 0.1635 0.3231 
218      218   (0)      6 :  0.0064 0.3880 0.0051 0.1331 0.1583 0.3090 
219      219  (14)      6 :  0.0103 0.3037 0.0043 0.1671 0.2040 0.3106 
220      220   (0)      6 :  0.0632 0.2326 0.0148 0.1391 0.2652 0.2851 
221      221   (7)      6 :  0.0183 0.2999 0.0048 0.0996 0.2887 0.2886 
222      222   (0)      6 :  0.0094 0.2425 0.0036 0.0961 0.2738 0.3746 
223      223   (0)      6 :  0.0306 0.2835 0.0084 0.2915 0.1443 0.2418 
224      224   (0)      6 :  0.0057 0.1076 0.0034 0.1022 0.6593 0.1218 
225      225   (5)      6 :  0.0090 0.1050 0.0050 0.1026 0.6564 0.1220 
226      226   (0)      6 :  0.0875 0.2652 0.0203 0.1376 0.1994 0.2899 
227      227   (0)      2 :  0.9176 0.0178 0.0038 0.0203 0.0190 0.0215 
228      228   (0)      2 :  0.9728 0.0065 0.0020 0.0065 0.0058 0.0064 
229      229   (0)      2 :  0.9069 0.0203 0.0130 0.0202 0.0192 0.0204 
230      230   (0)      2 :  0.8618 0.0386 0.0038 0.0350 0.0233 0.0375 
231      231   (0)      2 :  0.8926 0.0313 0.0027 0.0178 0.0211 0.0345 
232      232   (0)      2 :  0.9739 0.0055 0.0031 0.0059 0.0056 0.0060 
233      233   (0)      2 :  0.5111 0.1071 0.0062 0.0762 0.1791 0.1204 
234      234   (0)      2 :  0.9851 0.0035 0.0018 0.0034 0.0027 0.0035 
235      235   (0)      2 :  0.7890 0.0536 0.0012 0.0576 0.0357 0.0628 
