1        1   (0)      1  : 0.1370 0.0110 0.8520
2        2   (1)      1  : 0.2765 0.0685 0.6550
3        3   (0)      1  : 0.2485 0.0535 0.6980
4        4  (13)      2  : 0.0195 0.9605 0.0200
5        5   (0)      2  : 0.0065 0.9860 0.0075
6        6  (13)      2  : 0.0215 0.9590 0.0195
7        7   (0)      2  : 0.0170 0.9665 0.0165
8        8   (0)      2  : 0.0240 0.9580 0.0180
9        9  (10)      2  : 0.0380 0.9310 0.0310
10       10   (9)      2  : 0.0325 0.9225 0.0450
11       11   (0)      2  : 0.0295 0.9245 0.0460
12       12   (0)      2  : 0.0545 0.8590 0.0865
13       13   (0)      2  : 0.4098 0.0160 0.5742
14       14   (0)      2  : 0.0650 0.8120 0.1230
15       15   (0)      2  : 0.0235 0.9465 0.0300
16       16   (0)      2  : 0.0080 0.9835 0.0085
17       17   (0)      2  : 0.0780 0.8504 0.0715
18       18   (0)      2  : 0.0100 0.9775 0.0125
19       19   (0)      2  : 0.0170 0.9630 0.0200
20       20   (0)      2  : 0.0475 0.8751 0.0775
21       21   (0)      2  : 0.0230 0.9525 0.0245
22       22   (0)      2  : 0.0390 0.9200 0.0410
23       23   (0)      2  : 0.1385 0.6245 0.2370
24       24   (0)      2  : 0.0120 0.9760 0.0120
25       25   (0)      2  : 0.0395 0.9255 0.0350
26       26   (0)      2  : 0.0350 0.9355 0.0295
27       27   (0)      2  : 0.0230 0.9435 0.0335
28       28   (0)      2  : 0.1029 0.7386 0.1584
29       29   (9)      2  : 0.0480 0.8895 0.0625
30       30   (0)      2  : 0.3843 0.2499 0.3658
31       31   (0)      2  : 0.0240 0.9195 0.0565
32       32   (0)      2  : 0.0155 0.9640 0.0205
33       33   (0)      2  : 0.1360 0.6285 0.2355
34       34   (0)      2  : 0.0325 0.9385 0.0290
35       35   (0)      2  : 0.0365 0.9180 0.0455
36       36   (0)      2  : 0.0085 0.9825 0.0090
37       37   (0)      2  : 0.0310 0.9365 0.0325
38       38   (0)      2  : 0.4502 0.3542 0.1956
39       39   (0)      2  : 0.0140 0.9690 0.0170
40       40   (0)      2  : 0.0140 0.9655 0.0205
41       41   (0)      2  : 0.0340 0.9385 0.0275
42       42   (0)      2  : 0.0690 0.8405 0.0905
43       43   (0)      2  : 0.0160 0.9610 0.0230
44       44   (5)      2  : 0.0180 0.9665 0.0155
45       45   (0)      2  : 0.0155 0.9715 0.0130
46       46   (0)      2  : 0.0460 0.9105 0.0435
47       47   (0)      2  : 0.0180 0.9690 0.0130
48       48   (0)      2  : 0.0130 0.9715 0.0155
49       49   (0)      2  : 0.3650 0.2775 0.3575
50       50   (0)      2  : 0.0270 0.9375 0.0355
51       51   (0)      2  : 0.0390 0.9235 0.0375
52       52   (0)      2  : 0.0350 0.9140 0.0510
53       53   (0)      2  : 0.1116 0.7934 0.0950
54       54   (0)      2  : 0.0125 0.9760 0.0115
55       55   (4)      2  : 0.2745 0.3975 0.3280
56       56   (0)      2  : 0.1969 0.5452 0.2579
57       57   (1)      2  : 0.5808 0.2211 0.1981
58       58   (0)      2  : 0.0360 0.9255 0.0385
59       59   (0)      2  : 0.0125 0.9740 0.0135
60       60   (0)      2  : 0.0195 0.9595 0.0210
61       61   (0)      2  : 0.1510 0.7395 0.1095
62       62   (0)      2  : 0.0110 0.9795 0.0095
63       63   (0)      2  : 0.0270 0.9485 0.0245
64       64   (0)      2  : 0.0230 0.9490 0.0280
65       65   (0)      2  : 0.2484 0.5232 0.2284
66       66   (0)      2  : 0.0215 0.9560 0.0225
67       67   (0)      2  : 0.0360 0.9330 0.0310
68       68   (0)      2  : 0.0165 0.9630 0.0205
69       69   (0)      2  : 0.0350 0.8985 0.0665
70       70   (1)      2  : 0.0130 0.9755 0.0115
71       71   (0)      3  : 0.2389 0.0570 0.7041
72       72   (0)      3  : 0.5637 0.0095 0.4268
73       73   (0)      3  : 0.4777 0.0120 0.5103
74       74   (0)      3  : 0.1715 0.0790 0.7495
75       75   (0)      3  : 0.4030 0.0460 0.5510
76       76   (0)      3  : 0.6258 0.0200 0.3542
77       77   (0)      3  : 0.8095 0.0130 0.1775
78       78   (0)      3  : 0.8316 0.0370 0.1314
79       79   (0)      3  : 0.5648 0.0655 0.3697
80       80   (8)      3  : 0.6580 0.0110 0.3310
81       81   (0)      3  : 0.4317 0.0385 0.5298
82       82   (0)      3  : 0.1415 0.5030 0.3555
83       83   (0)      3  : 0.5823 0.1221 0.2956
84       84   (0)      3  : 0.3092 0.0210 0.6698
85       85   (0)      3  : 0.6795 0.1395 0.1810
86       86   (0)      3  : 0.6338 0.0335 0.3327
87       87   (0)      3  : 0.6467 0.0110 0.3423
88       88   (0)      3  : 0.5080 0.0765 0.4155
89       89   (0)      3  : 0.3925 0.0690 0.5385
90       90   (0)      3  : 0.7539 0.0175 0.2286
91       91   (0)      3  : 0.3193 0.0520 0.6287
92       92   (0)      3  : 0.5437 0.0405 0.4158
93       93   (0)      3  : 0.4535 0.1845 0.3620
94       94   (0)      3  : 0.6135 0.0830 0.3035
95       95   (0)      3  : 0.3665 0.0390 0.5945
96       96   (0)      3  : 0.6555 0.0210 0.3235
97       97   (0)      3  : 0.5488 0.0075 0.4437
98       98   (0)      3  : 0.3290 0.3470 0.3240
99       99   (0)      3  : 0.4172 0.0845 0.4982
100      100   (0)      3  : 0.6955 0.0125 0.2920
101      101   (0)      3  : 0.4170 0.0335 0.5495
102      102   (0)      3  : 0.4970 0.0415 0.4615
103      103   (0)      3  : 0.7014 0.0250 0.2736
104      104   (0)      3  : 0.6200 0.0465 0.3335
105      105   (0)      3  : 0.5230 0.0265 0.4505
106      106   (0)      3  : 0.7043 0.0290 0.2666
107      107   (0)      3  : 0.1966 0.0520 0.7514
108      108   (0)      3  : 0.6270 0.0095 0.3635
109      109   (0)      3  : 0.2375 0.4795 0.2830
110      110   (0)      3  : 0.2646 0.0315 0.7038
111      111   (0)      3  : 0.6878 0.0430 0.2691
112      112   (0)      3  : 0.5485 0.1805 0.2710
113      113   (0)      3  : 0.6860 0.0340 0.2800
114      114   (0)      3  : 0.3315 0.0225 0.6460
115      115   (0)      3  : 0.4170 0.0905 0.4925
116      116   (0)      3  : 0.6532 0.0245 0.3223
117      117   (0)      3  : 0.4217 0.0360 0.5423
118      118   (0)      3  : 0.5432 0.0190 0.4378
119      119   (0)      3  : 0.5273 0.0355 0.4372
120      120   (7)      4  : 0.4165 0.0300 0.5535
121      121  (12)      4  : 0.6830 0.0210 0.2960
122      122  (12)      4  : 0.4125 0.0405 0.5470
123      123   (3)      4  : 0.6735 0.0325 0.2940
124      124  (12)      4  : 0.5028 0.0985 0.3987
125      125  (13)      4  : 0.4842 0.0245 0.4913
126      126   (0)      4  : 0.1945 0.6425 0.1630
127      127   (3)      4  : 0.5305 0.0555 0.4140
128      128   (0)      4  : 0.5135 0.0255 0.4610
129      129   (0)      4  : 0.7296 0.0165 0.2539
130      130   (9)      4  : 0.4467 0.0075 0.5458
131      131   (9)      4  : 0.7110 0.0155 0.2735
132      132  (12)      4  : 0.4902 0.0330 0.4767
133      133   (0)      5  : 0.0425 0.9255 0.0320
134      134   (0)      5  : 0.6492 0.0230 0.3278
135      135   (0)      5  : 0.0410 0.8954 0.0636
136      136   (0)      6  : 0.5465 0.0195 0.4341
137      137   (0)      6  : 0.5002 0.0065 0.4932
138      138   (9)      6  : 0.6050 0.0100 0.3850
139      139   (0)      6  : 0.3190 0.0085 0.6725
140      140   (0)      6  : 0.7785 0.0150 0.2065
141      141   (0)      6  : 0.1845 0.0210 0.7945
142      142   (0)      6  : 0.6443 0.0225 0.3332
143      143   (0)      6  : 0.2603 0.0415 0.6982
144      144  (11)      6  : 0.2811 0.0445 0.6743
145      145   (0)      6  : 0.4990 0.0660 0.4350
146      146   (0)      6  : 0.2938 0.1574 0.5487
147      147   (0)      6  : 0.3785 0.0540 0.5675
148      148   (4)      6  : 0.4370 0.0360 0.5270
149      149   (0)      6  : 0.2490 0.0405 0.7105
150      150   (0)      6  : 0.2720 0.1150 0.6130
151      151   (0)      6  : 0.7214 0.0100 0.2686
152      152   (0)      6  : 0.6235 0.1075 0.2690
153      153   (4)      6  : 0.7305 0.0095 0.2600
154      154   (5)      6  : 0.5307 0.0195 0.4498
155      155   (0)      6  : 0.6520 0.0130 0.3350
156      156   (5)      6  : 0.5023 0.0190 0.4787
157      157   (0)      6  : 0.2760 0.0145 0.7095
158      158   (0)      6  : 0.3005 0.0440 0.6555
159      159  (10)      6  : 0.2900 0.0275 0.6825
160      160   (0)      6  : 0.6333 0.0190 0.3477
161      161   (0)      6  : 0.6342 0.0090 0.3568
162      162   (0)      6  : 0.5323 0.0280 0.4397
163      163   (5)      6  : 0.5547 0.0555 0.3898
164      164   (0)      6  : 0.2239 0.1509 0.6252
165      165   (0)      6  : 0.2650 0.0375 0.6975
166      166   (0)      6  : 0.3846 0.0669 0.5485
167      167  (10)      6  : 0.3125 0.0360 0.6515
168      168   (0)      6  : 0.3342 0.0310 0.6348
169      169   (0)      6  : 0.7355 0.0075 0.2570
170      170   (0)      6  : 0.3205 0.0210 0.6585
171      171   (0)      6  : 0.5390 0.0255 0.4355
172      172   (0)      6  : 0.8760 0.0115 0.1125
173      173   (0)      6  : 0.8705 0.0160 0.1135
174      174   (0)      6  : 0.5720 0.0265 0.4015
175      175   (0)      6  : 0.6497 0.0175 0.3328
176      176   (0)      6  : 0.3610 0.0585 0.5805
177      177   (0)      6  : 0.5865 0.0525 0.3610
178      178   (2)      6  : 0.4465 0.0230 0.5305
179      179   (0)      6  : 0.6532 0.0875 0.2594
180      180   (0)      6  : 0.5897 0.0215 0.3888
181      181   (0)      6  : 0.5365 0.0265 0.4370
182      182   (0)      6  : 0.3997 0.0670 0.5333
183      183   (7)      6  : 0.5895 0.0175 0.3930
184      184   (0)      6  : 0.5242 0.0325 0.4432
185      185  (10)      6  : 0.3245 0.1055 0.5700
186      186   (0)      6  : 0.0970 0.7975 0.1055
187      187   (8)      6  : 0.3830 0.0220 0.5950
188      188   (0)      6  : 0.4337 0.0120 0.5543
189      189   (7)      6  : 0.2815 0.0295 0.6890
190      190   (0)      6  : 0.7980 0.0080 0.1940
191      191   (0)      6  : 0.8064 0.0235 0.1701
192      192   (0)      6  : 0.4128 0.0900 0.4973
193      193   (0)      6  : 0.2789 0.0140 0.7071
194      194   (2)      6  : 0.7095 0.0315 0.2590
195      195   (0)      6  : 0.7300 0.0540 0.2160
196      196   (0)      6  : 0.4620 0.1495 0.3885
197      197   (3)      6  : 0.4845 0.0470 0.4685
198      198   (0)      6  : 0.4725 0.0375 0.4900
199      199   (0)      6  : 0.5135 0.0095 0.4770
200      200   (0)      6  : 0.1335 0.5120 0.3545
201      201   (0)      6  : 0.3810 0.0215 0.5975
202      202   (0)      6  : 0.3730 0.0905 0.5365
203      203   (0)      6  : 0.4920 0.0705 0.4375
204      204  (13)      6  : 0.1746 0.0375 0.7879
205      205   (0)      6  : 0.4813 0.0285 0.4902
206      206  (12)      6  : 0.2526 0.0985 0.6488
207      207   (0)      6  : 0.4073 0.0650 0.5277
208      208   (0)      6  : 0.4072 0.0115 0.5813
209      209   (8)      6  : 0.2115 0.0135 0.7750
210      210   (0)      6  : 0.1915 0.0315 0.7770
211      211   (0)      6  : 0.2486 0.0120 0.7394
212      212   (0)      6  : 0.2571 0.0650 0.6778
213      213   (0)      6  : 0.3215 0.0345 0.6440
214      214   (0)      6  : 0.6240 0.0295 0.3465
215      215  (14)      6  : 0.5785 0.0190 0.4025
216      216   (0)      6  : 0.3110 0.2045 0.4845
217      217   (0)      6  : 0.4239 0.0195 0.5566
218      218   (0)      6  : 0.4312 0.0110 0.5578
219      219  (14)      6  : 0.3485 0.0185 0.6330
220      220   (0)      6  : 0.3135 0.1095 0.5770
221      221   (7)      6  : 0.1579 0.0370 0.8051
222      222   (0)      6  : 0.2285 0.0180 0.7535
223      223   (0)      6  : 0.6335 0.0600 0.3065
224      224   (0)      6  : 0.2375 0.0155 0.7470
225      225   (5)      6  : 0.2306 0.0235 0.7459
226      226   (0)      6  : 0.2810 0.1590 0.5600
227      227   (0)      2  : 0.0260 0.9410 0.0330
228      228   (0)      2  : 0.0105 0.9810 0.0085
229      229   (0)      2  : 0.0345 0.9315 0.0340
230      230   (0)      2  : 0.0475 0.9070 0.0455
231      231   (0)      2  : 0.0275 0.9360 0.0365
232      232   (0)      2  : 0.0090 0.9825 0.0085
233      233   (0)      2  : 0.1500 0.6410 0.2090
234      234   (0)      2  : 0.0070 0.9880 0.0050
235      235   (0)      2  : 0.0850 0.8399 0.0750
