1        1   (0)      1  : 0.1670 0.0090 0.4813 0.3427
2        2   (1)      1  : 0.1914 0.0504 0.3914 0.3668
3        3   (0)      1  : 0.2437 0.0420 0.4001 0.3141
4        4  (13)      2  : 0.0173 0.9497 0.0163 0.0167
5        5   (0)      2  : 0.0077 0.9777 0.0083 0.0063
6        6  (13)      2  : 0.0210 0.9403 0.0203 0.0183
7        7   (0)      2  : 0.0150 0.9523 0.0150 0.0177
8        8   (0)      2  : 0.0207 0.9370 0.0200 0.0223
9        9  (10)      2  : 0.0276 0.9034 0.0283 0.0406
10       10   (9)      2  : 0.0267 0.9087 0.0343 0.0303
11       11   (0)      2  : 0.0330 0.8880 0.0430 0.0360
12       12   (0)      2  : 0.0560 0.8100 0.0687 0.0653
13       13   (0)      2  : 0.2482 0.0113 0.3416 0.3989
14       14   (0)      2  : 0.0593 0.7370 0.1027 0.1010
15       15   (0)      2  : 0.0233 0.9303 0.0220 0.0243
16       16   (0)      2  : 0.0080 0.9747 0.0087 0.0087
17       17   (0)      2  : 0.0564 0.7782 0.0701 0.0954
18       18   (0)      2  : 0.0097 0.9680 0.0110 0.0113
19       19   (0)      2  : 0.0183 0.9533 0.0157 0.0127
20       20   (0)      2  : 0.0400 0.8416 0.0620 0.0563
21       21   (0)      2  : 0.0197 0.9293 0.0257 0.0253
22       22   (0)      2  : 0.0364 0.8999 0.0310 0.0327
23       23   (0)      2  : 0.1377 0.4998 0.1874 0.1751
24       24   (0)      2  : 0.0103 0.9687 0.0110 0.0100
25       25   (0)      2  : 0.0357 0.8917 0.0360 0.0367
26       26   (0)      2  : 0.0260 0.9163 0.0280 0.0297
27       27   (0)      2  : 0.0243 0.9204 0.0283 0.0270
28       28   (0)      2  : 0.0860 0.6485 0.1230 0.1424
29       29   (9)      2  : 0.0383 0.8623 0.0533 0.0460
30       30   (0)      2  : 0.2972 0.1843 0.2872 0.2313
31       31   (0)      2  : 0.0327 0.8894 0.0457 0.0323
32       32   (0)      2  : 0.0133 0.9573 0.0153 0.0140
33       33   (0)      2  : 0.0957 0.4973 0.1847 0.2223
34       34   (0)      2  : 0.0313 0.9030 0.0313 0.0343
35       35   (0)      2  : 0.0377 0.8827 0.0397 0.0400
36       36   (0)      2  : 0.0077 0.9737 0.0107 0.0080
37       37   (0)      2  : 0.0300 0.9097 0.0290 0.0313
38       38   (0)      2  : 0.2603 0.3277 0.2060 0.2060
39       39   (0)      2  : 0.0130 0.9577 0.0147 0.0147
40       40   (0)      2  : 0.0117 0.9593 0.0143 0.0147
41       41   (0)      2  : 0.0306 0.9057 0.0273 0.0363
42       42   (0)      2  : 0.0833 0.7883 0.0760 0.0523
43       43   (0)      2  : 0.0167 0.9457 0.0183 0.0193
44       44   (5)      2  : 0.0137 0.9570 0.0153 0.0140
45       45   (0)      2  : 0.0127 0.9597 0.0153 0.0123
46       46   (0)      2  : 0.0437 0.8847 0.0397 0.0320
47       47   (0)      2  : 0.0183 0.9510 0.0133 0.0173
48       48   (0)      2  : 0.0130 0.9616 0.0130 0.0123
49       49   (0)      2  : 0.3110 0.2053 0.3040 0.1797
50       50   (0)      2  : 0.0253 0.9173 0.0310 0.0263
51       51   (0)      2  : 0.0280 0.9107 0.0330 0.0283
52       52   (0)      2  : 0.0407 0.8867 0.0433 0.0293
53       53   (0)      2  : 0.0750 0.7617 0.0826 0.0806
54       54   (0)      2  : 0.0100 0.9647 0.0130 0.0123
55       55   (4)      2  : 0.1967 0.3437 0.2693 0.1903
56       56   (0)      2  : 0.1066 0.4635 0.2263 0.2036
57       57   (1)      2  : 0.3948 0.1944 0.1924 0.2184
58       58   (0)      2  : 0.0293 0.8986 0.0437 0.0283
59       59   (0)      2  : 0.0130 0.9613 0.0133 0.0123
60       60   (0)      2  : 0.0173 0.9467 0.0190 0.0170
61       61   (0)      2  : 0.1084 0.6902 0.1007 0.1007
62       62   (0)      2  : 0.0087 0.9743 0.0087 0.0083
63       63   (0)      2  : 0.0240 0.9164 0.0253 0.0343
64       64   (0)      2  : 0.0200 0.9290 0.0263 0.0247
65       65   (0)      2  : 0.1806 0.4119 0.1836 0.2239
66       66   (0)      2  : 0.0170 0.9423 0.0217 0.0190
67       67   (0)      2  : 0.0377 0.9050 0.0297 0.0277
68       68   (0)      2  : 0.0170 0.9517 0.0163 0.0150
69       69   (0)      2  : 0.0330 0.8830 0.0450 0.0390
70       70   (1)      2  : 0.0127 0.9647 0.0117 0.0110
71       71   (0)      3  : 0.2928 0.0390 0.3923 0.2758
72       72   (0)      3  : 0.2745 0.0067 0.3071 0.4117
73       73   (0)      3  : 0.3114 0.0100 0.3441 0.3344
74       74   (0)      3  : 0.2342 0.0624 0.4469 0.2565
75       75   (0)      3  : 0.2886 0.0460 0.3919 0.2736
76       76   (0)      3  : 0.3875 0.0170 0.2366 0.3589
77       77   (0)      3  : 0.5117 0.0100 0.2190 0.2593
78       78   (0)      3  : 0.4892 0.0223 0.1943 0.2942
79       79   (0)      3  : 0.3830 0.0560 0.2910 0.2700
80       80   (8)      3  : 0.4433 0.0090 0.2717 0.2760
81       81   (0)      3  : 0.2794 0.0280 0.3938 0.2988
82       82   (0)      3  : 0.1113 0.3923 0.2770 0.2193
83       83   (0)      3  : 0.3940 0.1017 0.2830 0.2213
84       84   (0)      3  : 0.2319 0.0153 0.3778 0.3749
85       85   (0)      3  : 0.4205 0.1023 0.2157 0.2615
86       86   (0)      3  : 0.4293 0.0253 0.2367 0.3087
87       87   (0)      3  : 0.3361 0.0100 0.2801 0.3737
88       88   (0)      3  : 0.4363 0.0630 0.2847 0.2160
89       89   (0)      3  : 0.1833 0.0490 0.3293 0.4383
90       90   (0)      3  : 0.3616 0.0153 0.2596 0.3635
91       91   (0)      3  : 0.2872 0.0473 0.4222 0.2433
92       92   (0)      3  : 0.3029 0.0313 0.3536 0.3122
93       93   (0)      3  : 0.2204 0.1724 0.2847 0.3225
94       94   (0)      3  : 0.2694 0.0730 0.2458 0.4118
95       95   (0)      3  : 0.1813 0.0317 0.3583 0.4287
96       96   (0)      3  : 0.4340 0.0200 0.3020 0.2440
97       97   (0)      3  : 0.3034 0.0070 0.2754 0.4141
98       98   (0)      3  : 0.1899 0.2565 0.2705 0.2831
99       99   (0)      3  : 0.1880 0.0580 0.3541 0.3999
100      100   (0)      3  : 0.3012 0.0113 0.2612 0.4262
101      101   (0)      3  : 0.4158 0.0277 0.3524 0.2041
102      102   (0)      3  : 0.3424 0.0377 0.3491 0.2708
103      103   (0)      3  : 0.3768 0.0237 0.2778 0.3217
104      104   (0)      3  : 0.3433 0.0460 0.2897 0.3210
105      105   (0)      3  : 0.2797 0.0203 0.3097 0.3903
106      106   (0)      3  : 0.3580 0.0267 0.2707 0.3447
107      107   (0)      3  : 0.2253 0.0440 0.4613 0.2693
108      108   (0)      3  : 0.4471 0.0080 0.2844 0.2604
109      109   (0)      3  : 0.1377 0.3221 0.2171 0.3231
110      110   (0)      3  : 0.2689 0.0263 0.4089 0.2959
111      111   (0)      3  : 0.4173 0.0323 0.2747 0.2757
112      112   (0)      3  : 0.4063 0.1438 0.2225 0.2275
113      113   (0)      3  : 0.4571 0.0283 0.2814 0.2331
114      114   (0)      3  : 0.2354 0.0183 0.3918 0.3544
115      115   (0)      3  : 0.2083 0.0760 0.3112 0.4045
116      116   (0)      3  : 0.4635 0.0187 0.2438 0.2741
117      117   (0)      3  : 0.1373 0.0220 0.3145 0.5262
118      118   (0)      3  : 0.2774 0.0133 0.3097 0.3995
119      119   (0)      3  : 0.3823 0.0333 0.3007 0.2837
120      120   (7)      4  : 0.1403 0.0187 0.3140 0.5270
121      121  (12)      4  : 0.4366 0.0180 0.2867 0.2587
122      122  (12)      4  : 0.1463 0.0237 0.3213 0.5087
123      123   (3)      4  : 0.3267 0.0290 0.2550 0.3893
124      124  (12)      4  : 0.3004 0.0914 0.2958 0.3124
125      125  (13)      4  : 0.3279 0.0203 0.2946 0.3572
126      126   (0)      4  : 0.1377 0.5739 0.1417 0.1467
127      127   (3)      4  : 0.3598 0.0370 0.2524 0.3508
128      128   (0)      4  : 0.3613 0.0223 0.3314 0.2850
129      129   (0)      4  : 0.4816 0.0133 0.2554 0.2497
130      130   (9)      4  : 0.3657 0.0063 0.2737 0.3543
131      131   (9)      4  : 0.4325 0.0127 0.2478 0.3071
132      132  (12)      4  : 0.2956 0.0253 0.3105 0.3685
133      133   (0)      5  : 0.0363 0.8980 0.0330 0.0327
134      134   (0)      5  : 0.4750 0.0160 0.2734 0.2355
135      135   (0)      5  : 0.0440 0.8520 0.0550 0.0490
136      136   (0)      6  : 0.2408 0.0133 0.2981 0.4478
137      137   (0)      6  : 0.3900 0.0057 0.2593 0.3450
138      138   (9)      6  : 0.3190 0.0093 0.3003 0.3713
139      139   (0)      6  : 0.2583 0.0087 0.3439 0.3890
140      140   (0)      6  : 0.5422 0.0130 0.2555 0.1893
141      141   (0)      6  : 0.2961 0.0167 0.3794 0.3078
142      142   (0)      6  : 0.3725 0.0203 0.3009 0.3062
143      143   (0)      6  : 0.2386 0.0337 0.4005 0.3272
144      144  (11)      6  : 0.2557 0.0330 0.4290 0.2823
145      145   (0)      6  : 0.2579 0.0543 0.3165 0.3712
146      146   (0)      6  : 0.2443 0.1013 0.3793 0.2750
147      147   (0)      6  : 0.2654 0.0440 0.3664 0.3241
148      148   (4)      6  : 0.2931 0.0343 0.3905 0.2821
149      149   (0)      6  : 0.2553 0.0240 0.3943 0.3263
150      150   (0)      6  : 0.2010 0.0917 0.3793 0.3280
151      151   (0)      6  : 0.6002 0.0093 0.2664 0.1240
152      152   (0)      6  : 0.4633 0.0853 0.2367 0.2147
153      153   (4)      6  : 0.5945 0.0070 0.2664 0.1321
154      154   (5)      6  : 0.5327 0.0150 0.3118 0.1406
155      155   (0)      6  : 0.4173 0.0117 0.2583 0.3127
156      156   (5)      6  : 0.3975 0.0167 0.3198 0.2661
157      157   (0)      6  : 0.2332 0.0147 0.4044 0.3477
158      158   (0)      6  : 0.2314 0.0350 0.3912 0.3424
159      159  (10)      6  : 0.2767 0.0230 0.4153 0.2850
160      160   (0)      6  : 0.3638 0.0170 0.3091 0.3101
161      161   (0)      6  : 0.3610 0.0083 0.2554 0.3753
162      162   (0)      6  : 0.2983 0.0240 0.3153 0.3623
163      163   (5)      6  : 0.3618 0.0510 0.3135 0.2737
164      164   (0)      6  : 0.1764 0.1254 0.3931 0.3051
165      165   (0)      6  : 0.2246 0.0293 0.3745 0.3716
166      166   (0)      6  : 0.2933 0.0527 0.3833 0.2707
167      167  (10)      6  : 0.1684 0.0297 0.4555 0.3464
168      168   (0)      6  : 0.1794 0.0267 0.4453 0.3487
169      169   (0)      6  : 0.4755 0.0073 0.2672 0.2499
170      170   (0)      6  : 0.3392 0.0197 0.3482 0.2929
171      171   (0)      6  : 0.3302 0.0223 0.3463 0.3012
172      172   (0)      6  : 0.4580 0.0093 0.1800 0.3527
173      173   (0)      6  : 0.4578 0.0107 0.1756 0.3559
174      174   (0)      6  : 0.2267 0.0213 0.2777 0.4743
175      175   (0)      6  : 0.5000 0.0153 0.2317 0.2530
176      176   (0)      6  : 0.2894 0.0520 0.3625 0.2961
177      177   (0)      6  : 0.2879 0.0400 0.3482 0.3239
178      178   (2)      6  : 0.2780 0.0187 0.3257 0.3777
179      179   (0)      6  : 0.4163 0.0707 0.2440 0.2690
180      180   (0)      6  : 0.3201 0.0167 0.2998 0.3634
181      181   (0)      6  : 0.2568 0.0207 0.3314 0.3911
182      182   (0)      6  : 0.2353 0.0507 0.3502 0.3639
183      183   (7)      6  : 0.2691 0.0163 0.3287 0.3858
184      184   (0)      6  : 0.3015 0.0253 0.3203 0.3529
185      185  (10)      6  : 0.1920 0.0973 0.4240 0.2867
186      186   (0)      6  : 0.0713 0.7180 0.1043 0.1063
187      187   (8)      6  : 0.2651 0.0163 0.3501 0.3684
188      188   (0)      6  : 0.3380 0.0100 0.3310 0.3210
189      189   (7)      6  : 0.2329 0.0207 0.4542 0.2922
190      190   (0)      6  : 0.5432 0.0070 0.1987 0.2511
191      191   (0)      6  : 0.4595 0.0220 0.2329 0.2856
192      192   (0)      6  : 0.2043 0.0647 0.3280 0.4030
193      193   (0)      6  : 0.3038 0.0113 0.3948 0.2901
194      194   (2)      6  : 0.4495 0.0303 0.2580 0.2622
195      195   (0)      6  : 0.3761 0.0400 0.2290 0.3548
196      196   (0)      6  : 0.3029 0.1443 0.2836 0.2693
197      197   (3)      6  : 0.2407 0.0337 0.3207 0.4050
198      198   (0)      6  : 0.3930 0.0307 0.3250 0.2513
199      199   (0)      6  : 0.2713 0.0093 0.2710 0.4483
200      200   (0)      6  : 0.1340 0.4107 0.2707 0.1847
201      201   (0)      6  : 0.3383 0.0193 0.3770 0.2653
202      202   (0)      6  : 0.3272 0.0881 0.3329 0.2518
203      203   (0)      6  : 0.4448 0.0620 0.2824 0.2107
204      204  (13)      6  : 0.3000 0.0310 0.4457 0.2233
205      205   (0)      6  : 0.4397 0.0263 0.3517 0.1823
206      206  (12)      6  : 0.2498 0.0880 0.4125 0.2497
207      207   (0)      6  : 0.2016 0.0447 0.3186 0.4352
208      208   (0)      6  : 0.2618 0.0090 0.3831 0.3461
209      209   (8)      6  : 0.3244 0.0110 0.4355 0.2291
210      210   (0)      6  : 0.3236 0.0213 0.4322 0.2229
211      211   (0)      6  : 0.3043 0.0123 0.3857 0.2977
212      212   (0)      6  : 0.2787 0.0544 0.3918 0.2751
213      213   (0)      6  : 0.2504 0.0257 0.3948 0.3291
214      214   (0)      6  : 0.4231 0.0250 0.2638 0.2881
215      215  (14)      6  : 0.3957 0.0167 0.3050 0.2827
216      216   (0)      6  : 0.2514 0.1634 0.3194 0.2658
217      217   (0)      6  : 0.1865 0.0150 0.3259 0.4726
218      218   (0)      6  : 0.2411 0.0100 0.3084 0.4405
219      219  (14)      6  : 0.3338 0.0163 0.3618 0.2881
220      220   (0)      6  : 0.2528 0.0861 0.3632 0.2979
221      221   (7)      6  : 0.2823 0.0260 0.4577 0.2340
222      222   (0)      6  : 0.2302 0.0160 0.4560 0.2979
223      223   (0)      6  : 0.3558 0.0483 0.2542 0.3418
224      224   (0)      6  : 0.3087 0.0107 0.3707 0.3100
225      225   (5)      6  : 0.2975 0.0167 0.3728 0.3131
226      226   (0)      6  : 0.1820 0.1407 0.3480 0.3293
227      227   (0)      2  : 0.0263 0.9166 0.0300 0.0270
228      228   (0)      2  : 0.0087 0.9750 0.0073 0.0090
229      229   (0)      2  : 0.0300 0.9117 0.0303 0.0280
230      230   (0)      2  : 0.0407 0.8797 0.0423 0.0373
231      231   (0)      2  : 0.0250 0.9026 0.0357 0.0367
232      232   (0)      2  : 0.0093 0.9733 0.0087 0.0087
233      233   (0)      2  : 0.1023 0.5573 0.1622 0.1782
234      234   (0)      2  : 0.0057 0.9837 0.0057 0.0050
235      235   (0)      2  : 0.0770 0.8071 0.0666 0.0493
