  1        1   (0)      1 :  0.4941 0.0084 0.1587 0.3388 
  2        2   (1)      1 :  0.3847 0.1343 0.1611 0.3200 
  3        3   (0)      1 :  0.4230 0.0465 0.1647 0.3658 
  4        4   (0)      2 :  0.0869 0.7804 0.0567 0.0760 
  5        5   (0)      2 :  0.4060 0.0154 0.2289 0.3498 
  6        6   (0)      2 :  0.0924 0.7609 0.0545 0.0922 
  7        7   (0)      2 :  0.0262 0.9238 0.0218 0.0282 
  8        8   (0)      2 :  0.0095 0.9726 0.0089 0.0090 
  9        9   (0)      2 :  0.0668 0.8279 0.0466 0.0587 
 10       10   (0)      2 :  0.0137 0.9603 0.0127 0.0133 
 11       11   (0)      2 :  0.0209 0.9446 0.0159 0.0186 
 12       12   (0)      2 :  0.0591 0.8343 0.0533 0.0533 
 13       13   (0)      2 :  0.0224 0.9339 0.0215 0.0222 
 14       14   (0)      2 :  0.0368 0.8877 0.0401 0.0354 
 15       15   (0)      2 :  0.1816 0.5629 0.1092 0.1463 
 16       16   (0)      2 :  0.0148 0.9557 0.0144 0.0151 
 17       17   (0)      2 :  0.0648 0.8200 0.0597 0.0555 
 18       18   (0)      2 :  0.0278 0.9188 0.0264 0.0270 
 19       19   (0)      2 :  0.0279 0.9213 0.0231 0.0277 
 20       20   (0)      2 :  0.1188 0.6609 0.1081 0.1122 
 21       21   (9)      2 :  0.0526 0.8672 0.0352 0.0450 
 22       22   (0)      2 :  0.3077 0.2155 0.2160 0.2609 
 23       23   (0)      2 :  0.0366 0.9076 0.0203 0.0355 
 24       24   (0)      2 :  0.0136 0.9621 0.0107 0.0136 
 25       25   (0)      2 :  0.1577 0.5796 0.1131 0.1496 
 26       26   (0)      2 :  0.0234 0.9214 0.0330 0.0222 
 27       27   (0)      2 :  0.0466 0.8614 0.0422 0.0498 
 28       28   (0)      2 :  0.0106 0.9695 0.0094 0.0105 
 29       29   (0)      2 :  0.0382 0.8863 0.0413 0.0342 
 30       30   (0)      2 :  0.2046 0.3251 0.2590 0.2113 
 31       31   (0)      2 :  0.0136 0.9615 0.0126 0.0123 
 32       32   (0)      2 :  0.0359 0.9228 0.0174 0.0239 
 33       33   (0)      2 :  0.0259 0.9099 0.0380 0.0262 
 34       34   (0)      2 :  0.0984 0.7389 0.0703 0.0924 
 35       35   (0)      2 :  0.0413 0.9089 0.0197 0.0301 
 36       36   (5)      2 :  0.0138 0.9559 0.0161 0.0142 
 37       37   (0)      2 :  0.0149 0.9565 0.0139 0.0147 
 38       38   (0)      2 :  0.0471 0.8708 0.0410 0.0411 
 39       39   (0)      2 :  0.0131 0.9555 0.0186 0.0128 
 40       40   (0)      2 :  0.0151 0.9589 0.0108 0.0152 
 41       41   (0)      2 :  0.2264 0.3641 0.2093 0.2003 
 42       42   (0)      2 :  0.0252 0.9321 0.0191 0.0236 
 43       43   (0)      2 :  0.0566 0.8416 0.0513 0.0505 
 44       44   (0)      2 :  0.0566 0.8582 0.0338 0.0514 
 45       45   (0)      2 :  0.0962 0.7701 0.0614 0.0722 
 46       46   (0)      2 :  0.0147 0.9601 0.0120 0.0132 
 47       47   (4)      2 :  0.2785 0.2721 0.2102 0.2392 
 48       48   (0)      2 :  0.2025 0.5358 0.1290 0.1327 
 49       49   (1)      2 :  0.1697 0.1827 0.4733 0.1743 
 50       50   (0)      2 :  0.0545 0.8638 0.0379 0.0438 
 51       51   (0)      2 :  0.0142 0.9598 0.0124 0.0136 
 52       52   (0)      2 :  0.0209 0.9346 0.0245 0.0200 
 53       53   (0)      2 :  0.1525 0.5518 0.1838 0.1120 
 54       54   (0)      2 :  0.0104 0.9704 0.0102 0.0090 
 55       55   (0)      2 :  0.0247 0.9238 0.0284 0.0231 
 56       56   (0)      2 :  0.0413 0.8966 0.0253 0.0368 
 57       57   (0)      2 :  0.2237 0.3535 0.2283 0.1946 
 58       58   (0)      2 :  0.0222 0.9366 0.0193 0.0219 
 59       59   (0)      2 :  0.0342 0.8985 0.0374 0.0299 
 60       60   (0)      2 :  0.0195 0.9469 0.0150 0.0186 
 61       61   (0)      2 :  0.0618 0.8386 0.0388 0.0608 
 62       62   (1)      2 :  0.0115 0.9645 0.0119 0.0121 
 63       63   (0)      3 :  0.3763 0.0455 0.1746 0.4036 
 64       64   (0)      3 :  0.3173 0.0072 0.2994 0.3761 
 65       65   (0)      3 :  0.3238 0.0116 0.2475 0.4171 
 66       66   (0)      3 :  0.4649 0.0740 0.1501 0.3110 
 67       67   (0)      3 :  0.3752 0.0427 0.2424 0.3398 
 68       68   (0)      3 :  0.2591 0.0177 0.4451 0.2782 
 69       69   (0)      3 :  0.1557 0.0130 0.6581 0.1732 
 70       70   (0)      3 :  0.1464 0.0295 0.6854 0.1386 
 71       71   (0)      3 :  0.2757 0.0661 0.3877 0.2705 
 72       72   (8)      3 :  0.2095 0.0098 0.5719 0.2088 
 73       73   (0)      3 :  0.4060 0.0293 0.1714 0.3934 
 74       74   (0)      3 :  0.2830 0.3880 0.1161 0.2130 
 75       75   (0)      3 :  0.2556 0.1356 0.3434 0.2653 
 76       76   (0)      3 :  0.4213 0.0191 0.1680 0.3917 
 77       77   (0)      3 :  0.1911 0.0789 0.5579 0.1721 
 78       78   (0)      3 :  0.2137 0.0227 0.5313 0.2323 
 79       79   (0)      3 :  0.2331 0.0098 0.5372 0.2198 
 80       80   (0)      3 :  0.2819 0.0715 0.3646 0.2820 
 81       81   (0)      3 :  0.3669 0.0475 0.2511 0.3345 
 82       82   (0)      3 :  0.2077 0.0144 0.5729 0.2050 
 83       83   (0)      3 :  0.4322 0.0479 0.2182 0.3017 
 84       84   (0)      3 :  0.2835 0.0367 0.4154 0.2644 
 85       85   (0)      3 :  0.2908 0.1444 0.3070 0.2577 
 86       86   (0)      3 :  0.2683 0.0840 0.4002 0.2476 
 87       87   (0)      3 :  0.3782 0.0364 0.1916 0.3938 
 88       88   (0)      3 :  0.2950 0.0160 0.4457 0.2433 
 89       89   (0)      3 :  0.2609 0.0078 0.4532 0.2781 
 90       90   (0)      3 :  0.2435 0.3364 0.1927 0.2274 
 91       91   (0)      3 :  0.3304 0.0647 0.3064 0.2985 
 92       92   (0)      3 :  0.2516 0.0125 0.4621 0.2738 
 93       93   (0)      3 :  0.3508 0.0254 0.2766 0.3472 
 94       94   (0)      3 :  0.3344 0.0384 0.3101 0.3170 
 95       95   (0)      3 :  0.2856 0.0402 0.4258 0.2485 
 96       96   (0)      3 :  0.2947 0.0483 0.4202 0.2368 
 97       97   (0)      3 :  0.3352 0.0305 0.2909 0.3433 
 98       98   (0)      3 :  0.2417 0.0286 0.5250 0.2046 
 99       99   (0)      3 :  0.4505 0.0447 0.1403 0.3645 
100      100   (0)      3 :  0.2861 0.0088 0.4030 0.3020 
101      101   (0)      3 :  0.1714 0.4738 0.1881 0.1666 
102      102   (0)      3 :  0.3893 0.0264 0.1774 0.4069 
103      103   (0)      3 :  0.2261 0.0333 0.5024 0.2382 
104      104   (0)      3 :  0.2668 0.1447 0.3231 0.2654 
105      105   (0)      3 :  0.2725 0.0331 0.4707 0.2236 
106      106   (0)      3 :  0.4034 0.0250 0.1877 0.3839 
107      107   (0)      3 :  0.3234 0.0677 0.3133 0.2956 
108      108   (0)      3 :  0.2473 0.0226 0.4415 0.2886 
109      109   (0)      3 :  0.2523 0.0173 0.4507 0.2797 
110      110   (0)      3 :  0.3278 0.0200 0.2407 0.4114 
111      111   (0)      3 :  0.2680 0.0310 0.4279 0.2730 
112      112   (7)      4 :  0.2488 0.0171 0.4504 0.2838 
113      113  (12)      4 :  0.2490 0.0202 0.5064 0.2245 
114      114  (12)      4 :  0.2667 0.0254 0.4353 0.2726 
115      115   (3)      4 :  0.2377 0.0288 0.4527 0.2808 
116      116  (12)      4 :  0.3231 0.0815 0.2904 0.3051 
117      117  (13)      4 :  0.2895 0.0228 0.3578 0.3300 
118      118   (0)      4 :  0.1712 0.4695 0.1787 0.1806 
119      119   (3)      4 :  0.2360 0.0570 0.4363 0.2708 
120      120   (0)      4 :  0.3444 0.0260 0.3314 0.2983 
121      121   (0)      4 :  0.2054 0.0128 0.5765 0.2053 
122      122   (9)      4 :  0.3039 0.0075 0.2165 0.4720 
123      123   (9)      4 :  0.2482 0.0111 0.4843 0.2564 
124      124  (12)      4 :  0.3303 0.0315 0.2893 0.3489 
125      125   (0)      5 :  0.0344 0.8814 0.0466 0.0376 
126      126   (0)      5 :  0.2695 0.0224 0.4887 0.2194 
127      127   (0)      5 :  0.0542 0.8646 0.0359 0.0453 
128      128   (0)      6 :  0.3756 0.0166 0.2854 0.3224 
129      129   (0)      6 :  0.2947 0.0065 0.2454 0.4534 
130      130   (9)      6 :  0.3234 0.0104 0.2697 0.3964 
131      131   (0)      6 :  0.3265 0.0080 0.1743 0.4913 
132      132   (0)      6 :  0.2296 0.0159 0.4955 0.2590 
133      133   (0)      6 :  0.3789 0.0182 0.1407 0.4623 
134      134   (0)      6 :  0.2882 0.0264 0.4274 0.2580 
135      135   (0)      6 :  0.3913 0.0321 0.1649 0.4117 
136      136  (11)      6 :  0.4210 0.0477 0.1580 0.3733 
137      137   (0)      6 :  0.3098 0.0510 0.3628 0.2764 
138      138   (0)      6 :  0.3662 0.1371 0.1604 0.3363 
139      139   (0)      6 :  0.3818 0.0645 0.2128 0.3408 
140      140   (4)      6 :  0.3614 0.0294 0.2452 0.3640 
141      141   (0)      6 :  0.3875 0.0318 0.1685 0.4122 
142      142   (0)      6 :  0.3976 0.0760 0.1501 0.3763 
143      143   (0)      6 :  0.2652 0.0101 0.4805 0.2442 
144      144   (0)      6 :  0.2329 0.0689 0.4817 0.2165 
145      145   (4)      6 :  0.2677 0.0081 0.4791 0.2450 
146      146   (5)      6 :  0.3133 0.0175 0.3973 0.2719 
147      147   (0)      6 :  0.2666 0.0119 0.4111 0.3104 
148      148   (5)      6 :  0.3244 0.0207 0.3203 0.3345 
149      149   (0)      6 :  0.3711 0.0146 0.1757 0.4386 
150      150   (0)      6 :  0.3605 0.0313 0.1982 0.4100 
151      151  (10)      6 :  0.3774 0.0320 0.1805 0.4101 
152      152   (0)      6 :  0.2914 0.0169 0.3568 0.3350 
153      153   (0)      6 :  0.2882 0.0093 0.4154 0.2871 
154      154   (0)      6 :  0.3499 0.0266 0.2561 0.3674 
155      155   (5)      6 :  0.3046 0.0552 0.3167 0.3235 
156      156   (0)      6 :  0.4242 0.1307 0.1376 0.3075 
157      157   (0)      6 :  0.4232 0.0340 0.1510 0.3918 
158      158   (0)      6 :  0.3774 0.0557 0.2898 0.2770 
159      159  (10)      6 :  0.4493 0.0271 0.1501 0.3735 
160      160   (0)      6 :  0.4420 0.0264 0.1582 0.3733 
161      161   (0)      6 :  0.2335 0.0071 0.4917 0.2676 
162      162   (0)      6 :  0.3645 0.0174 0.1697 0.4484 
163      163   (0)      6 :  0.3516 0.0252 0.3630 0.2603 
164      164   (0)      6 :  0.1393 0.0113 0.6814 0.1680 
165      165   (0)      6 :  0.1404 0.0113 0.6802 0.1681 
166      166   (0)      6 :  0.3183 0.0336 0.3724 0.2756 
167      167   (0)      6 :  0.2129 0.0175 0.5556 0.2141 
168      168   (0)      6 :  0.3657 0.0510 0.2195 0.3637 
169      169   (0)      6 :  0.3485 0.0418 0.3129 0.2967 
170      170   (2)      6 :  0.3517 0.0214 0.2858 0.3411 
171      171   (0)      6 :  0.2185 0.0929 0.4549 0.2337 
172      172   (0)      6 :  0.3039 0.0210 0.3058 0.3694 
173      173   (0)      6 :  0.3403 0.0308 0.2757 0.3532 
174      174   (0)      6 :  0.3806 0.0511 0.2000 0.3683 
175      175   (7)      6 :  0.3291 0.0180 0.3483 0.3046 
176      176   (0)      6 :  0.3465 0.0283 0.2583 0.3668 
177      177  (10)      6 :  0.4197 0.1036 0.1503 0.3265 
178      178   (0)      6 :  0.1250 0.6754 0.0894 0.1102 
179      179   (8)      6 :  0.3927 0.0216 0.2508 0.3350 
180      180   (0)      6 :  0.3868 0.0111 0.2124 0.3896 
181      181   (7)      6 :  0.4694 0.0248 0.1562 0.3495 
182      182   (0)      6 :  0.1892 0.0083 0.5664 0.2361 
183      183   (0)      6 :  0.1789 0.0266 0.6003 0.1942 
184      184   (0)      6 :  0.3533 0.0656 0.2036 0.3775 
185      185   (0)      6 :  0.3882 0.0128 0.1791 0.4200 
186      186   (2)      6 :  0.2178 0.0270 0.5356 0.2197 
187      187   (0)      6 :  0.1844 0.0648 0.5629 0.1878 
188      188   (0)      6 :  0.2944 0.1346 0.2622 0.3089 
189      189   (3)      6 :  0.3480 0.0397 0.2857 0.3266 
190      190   (0)      6 :  0.3356 0.0335 0.2636 0.3672 
191      191   (0)      6 :  0.3140 0.0099 0.1992 0.4769 
192      192   (0)      6 :  0.2655 0.4029 0.1007 0.2309 
193      193   (0)      6 :  0.3436 0.0182 0.2222 0.4160 
194      194   (0)      6 :  0.3243 0.0624 0.2251 0.3882 
195      195   (0)      6 :  0.3112 0.0681 0.3066 0.3140 
196      196  (13)      6 :  0.3874 0.0346 0.1338 0.4442 
197      197   (0)      6 :  0.3320 0.0271 0.3550 0.2858 
198      198  (12)      6 :  0.3958 0.0970 0.1953 0.3119 
199      199   (0)      6 :  0.3587 0.0439 0.1991 0.3983 
200      200   (0)      6 :  0.3719 0.0093 0.2506 0.3682 
201      201   (8)      6 :  0.3922 0.0130 0.1421 0.4527 
202      202   (0)      6 :  0.3792 0.0299 0.1401 0.4508 
203      203   (0)      6 :  0.4163 0.0154 0.1781 0.3903 
204      204   (0)      6 :  0.3650 0.0718 0.1664 0.3967 
205      205   (0)      6 :  0.3946 0.0319 0.1547 0.4188 
206      206   (0)      6 :  0.3275 0.0323 0.2983 0.3419 
207      207  (14)      6 :  0.3419 0.0203 0.2654 0.3725 
208      208   (0)      6 :  0.3358 0.1226 0.2139 0.3276 
209      209   (0)      6 :  0.3382 0.0173 0.2121 0.4323 
210      210   (0)      6 :  0.3207 0.0116 0.2337 0.4341 
211      211  (14)      6 :  0.3469 0.0165 0.2098 0.4269 
212      212   (0)      6 :  0.3260 0.1052 0.2484 0.3204 
213      213   (7)      6 :  0.3956 0.0437 0.1416 0.4192 
214      214   (0)      6 :  0.4933 0.0174 0.1535 0.3358 
215      215   (0)      6 :  0.2331 0.0517 0.4286 0.2866 
216      216   (0)      6 :  0.4117 0.0137 0.1198 0.4549 
217      217   (5)      6 :  0.4083 0.0199 0.1212 0.4506 
218      218   (0)      6 :  0.3596 0.0811 0.1973 0.3620 
219      219   (0)      2 :  0.0380 0.8901 0.0356 0.0363 
220      220   (0)      2 :  0.0097 0.9714 0.0094 0.0095 
221      221   (0)      2 :  0.0285 0.9131 0.0303 0.0281 
222      222   (0)      2 :  0.0601 0.8220 0.0629 0.0550 
223      223   (0)      2 :  0.0365 0.9015 0.0296 0.0324 
224      224   (0)      2 :  0.0089 0.9724 0.0101 0.0086 
225      225   (0)      2 :  0.1495 0.6282 0.0971 0.1251 
226      226   (0)      2 :  0.0052 0.9839 0.0058 0.0051 
227      227   (0)      2 :  0.0775 0.7929 0.0604 0.0692 
