1        1   (0)      1  : 0.2634 0.0070 0.4911 0.2384
2        2   (1)      1  : 0.2687 0.1267 0.3627 0.2420
3        3   (0)      1  : 0.2962 0.0420 0.3692 0.2925
4        4   (0)      2  : 0.0670 0.7873 0.0763 0.0693
5        5   (0)      2  : 0.3739 0.0153 0.3335 0.2772
6        6   (0)      2  : 0.0706 0.7614 0.0826 0.0853
7        7   (0)      2  : 0.0243 0.9317 0.0227 0.0213
8        8   (0)      2  : 0.0073 0.9743 0.0097 0.0087
9        9   (0)      2  : 0.0563 0.8410 0.0513 0.0513
10       10   (0)      2  : 0.0133 0.9620 0.0120 0.0127
11       11   (0)      2  : 0.0190 0.9473 0.0187 0.0150
12       12   (0)      2  : 0.0407 0.8381 0.0650 0.0563
13       13   (0)      2  : 0.0180 0.9366 0.0210 0.0243
14       14   (0)      2  : 0.0347 0.8857 0.0390 0.0407
15       15   (0)      2  : 0.1540 0.5597 0.1697 0.1167
16       16   (0)      2  : 0.0147 0.9577 0.0140 0.0137
17       17   (0)      2  : 0.0533 0.8320 0.0650 0.0497
18       18   (0)      2  : 0.0247 0.9260 0.0243 0.0250
19       19   (0)      2  : 0.0230 0.9243 0.0253 0.0273
20       20   (0)      2  : 0.0870 0.6589 0.1284 0.1257
21       21   (9)      2  : 0.0447 0.8640 0.0493 0.0420
22       22   (0)      2  : 0.2686 0.2139 0.3122 0.2053
23       23   (0)      2  : 0.0273 0.9141 0.0326 0.0260
24       24   (0)      2  : 0.0100 0.9647 0.0137 0.0117
25       25   (0)      2  : 0.1146 0.5931 0.1416 0.1506
26       26   (0)      2  : 0.0237 0.9343 0.0210 0.0210
27       27   (0)      2  : 0.0463 0.8547 0.0503 0.0486
28       28   (0)      2  : 0.0097 0.9723 0.0087 0.0093
29       29   (0)      2  : 0.0373 0.8867 0.0383 0.0377
30       30   (0)      2  : 0.2798 0.3148 0.1937 0.2117
31       31   (0)      2  : 0.0120 0.9630 0.0133 0.0117
32       32   (0)      2  : 0.0283 0.9267 0.0243 0.0207
33       33   (0)      2  : 0.0257 0.9177 0.0253 0.0313
34       34   (0)      2  : 0.0830 0.7433 0.0853 0.0883
35       35   (0)      2  : 0.0277 0.9184 0.0290 0.0250
36       36   (5)      2  : 0.0147 0.9550 0.0147 0.0157
37       37   (0)      2  : 0.0127 0.9587 0.0133 0.0153
38       38   (0)      2  : 0.0447 0.8710 0.0483 0.0360
39       39   (0)      2  : 0.0157 0.9587 0.0130 0.0127
40       40   (0)      2  : 0.0123 0.9603 0.0130 0.0143
41       41   (0)      2  : 0.1934 0.3478 0.2691 0.1897
42       42   (0)      2  : 0.0243 0.9284 0.0253 0.0220
43       43   (0)      2  : 0.0614 0.8476 0.0550 0.0360
44       44   (0)      2  : 0.0337 0.8710 0.0510 0.0443
45       45   (0)      2  : 0.0854 0.7903 0.0747 0.0497
46       46   (0)      2  : 0.0120 0.9620 0.0143 0.0117
47       47   (4)      2  : 0.2774 0.2718 0.2674 0.1834
48       48   (0)      2  : 0.1657 0.5373 0.1747 0.1223
49       49   (1)      2  : 0.2842 0.1898 0.2502 0.2758
50       50   (0)      2  : 0.0410 0.8657 0.0526 0.0407
51       51   (0)      2  : 0.0130 0.9606 0.0127 0.0137
52       52   (0)      2  : 0.0207 0.9383 0.0210 0.0200
53       53   (0)      2  : 0.1597 0.5619 0.1631 0.1154
54       54   (0)      2  : 0.0120 0.9700 0.0090 0.0090
55       55   (0)      2  : 0.0220 0.9320 0.0227 0.0233
56       56   (0)      2  : 0.0317 0.9076 0.0343 0.0263
57       57   (0)      2  : 0.2077 0.3523 0.2473 0.1927
58       58   (0)      2  : 0.0190 0.9397 0.0217 0.0197
59       59   (0)      2  : 0.0343 0.9036 0.0320 0.0300
60       60   (0)      2  : 0.0170 0.9467 0.0187 0.0177
61       61   (0)      2  : 0.0474 0.8459 0.0547 0.0520
62       62   (1)      2  : 0.0113 0.9663 0.0110 0.0113
63       63   (0)      3  : 0.2407 0.0443 0.3678 0.3471
64       64   (0)      3  : 0.3671 0.0077 0.2821 0.3431
65       65   (0)      3  : 0.2936 0.0100 0.2959 0.4005
66       66   (0)      3  : 0.2417 0.0777 0.4750 0.2057
67       67   (0)      3  : 0.2670 0.0407 0.3760 0.3163
68       68   (0)      3  : 0.2861 0.0177 0.3115 0.3847
69       69   (0)      3  : 0.3838 0.0130 0.2921 0.3111
70       70   (0)      3  : 0.3531 0.0317 0.2911 0.3241
71       71   (0)      3  : 0.3001 0.0650 0.3358 0.2991
72       72   (8)      3  : 0.3454 0.0093 0.3181 0.3271
73       73   (0)      3  : 0.3982 0.0270 0.3222 0.2526
74       74   (0)      3  : 0.1747 0.4033 0.2643 0.1577
75       75   (0)      3  : 0.3073 0.1397 0.3050 0.2480
76       76   (0)      3  : 0.3285 0.0190 0.3506 0.3019
77       77   (0)      3  : 0.3400 0.0797 0.3203 0.2600
78       78   (0)      3  : 0.2843 0.0210 0.3037 0.3910
79       79   (0)      3  : 0.3560 0.0093 0.2857 0.3490
80       80   (0)      3  : 0.2991 0.0637 0.3701 0.2671
81       81   (0)      3  : 0.2809 0.0460 0.3586 0.3145
82       82   (0)      3  : 0.3467 0.0133 0.2717 0.3683
83       83   (0)      3  : 0.3541 0.0446 0.4017 0.1995
84       84   (0)      3  : 0.2564 0.0350 0.3288 0.3798
85       85   (0)      3  : 0.2633 0.1407 0.2897 0.3063
86       86   (0)      3  : 0.3282 0.0850 0.2700 0.3169
87       87   (0)      3  : 0.3450 0.0367 0.2717 0.3467
88       88   (0)      3  : 0.4634 0.0157 0.3260 0.1950
89       89   (0)      3  : 0.3328 0.0067 0.2888 0.3718
90       90   (0)      3  : 0.1786 0.3346 0.2376 0.2493
91       91   (0)      3  : 0.2451 0.0580 0.3251 0.3718
92       92   (0)      3  : 0.3299 0.0127 0.2783 0.3792
93       93   (0)      3  : 0.3682 0.0237 0.3712 0.2369
94       94   (0)      3  : 0.3274 0.0340 0.3361 0.3024
95       95   (0)      3  : 0.3059 0.0367 0.3569 0.3006
96       96   (0)      3  : 0.3955 0.0494 0.3094 0.2458
97       97   (0)      3  : 0.3466 0.0290 0.3176 0.3069
98       98   (0)      3  : 0.3242 0.0280 0.3329 0.3149
99       99   (0)      3  : 0.2689 0.0463 0.4138 0.2709
100      100   (0)      3  : 0.3633 0.0080 0.3393 0.2893
101      101   (0)      3  : 0.1267 0.4862 0.1704 0.2167
102      102   (0)      3  : 0.2780 0.0257 0.3834 0.3130
103      103   (0)      3  : 0.3163 0.0280 0.3580 0.2977
104      104   (0)      3  : 0.3281 0.1394 0.3121 0.2204
105      105   (0)      3  : 0.3953 0.0300 0.3519 0.2228
106      106   (0)      3  : 0.2927 0.0237 0.3841 0.2996
107      107   (0)      3  : 0.2376 0.0650 0.3246 0.3729
108      108   (0)      3  : 0.3441 0.0223 0.2971 0.3364
109      109   (0)      3  : 0.1317 0.0173 0.2897 0.5613
110      110   (0)      3  : 0.2800 0.0187 0.2863 0.4150
111      111   (0)      3  : 0.2804 0.0307 0.3380 0.3510
112      112   (7)      4  : 0.1330 0.0170 0.2883 0.5617
113      113  (12)      4  : 0.3093 0.0187 0.3817 0.2904
114      114  (12)      4  : 0.1511 0.0257 0.3104 0.5128
115      115   (3)      4  : 0.3401 0.0250 0.2884 0.3465
116      116  (12)      4  : 0.3234 0.0757 0.3675 0.2334
117      117  (13)      4  : 0.3108 0.0213 0.2988 0.3691
118      118   (0)      4  : 0.1867 0.4630 0.1793 0.1710
119      119   (3)      4  : 0.2975 0.0596 0.2948 0.3481
120      120   (0)      4  : 0.4310 0.0243 0.3197 0.2250
121      121   (0)      4  : 0.3638 0.0130 0.3364 0.2868
122      122   (9)      4  : 0.3238 0.0070 0.2728 0.3965
123      123   (9)      4  : 0.4575 0.0103 0.2861 0.2461
124      124  (12)      4  : 0.3047 0.0307 0.3270 0.3377
125      125   (0)      5  : 0.0373 0.8886 0.0360 0.0380
126      126   (0)      5  : 0.4715 0.0197 0.2849 0.2239
127      127   (0)      5  : 0.0383 0.8774 0.0500 0.0343
128      128   (0)      6  : 0.3667 0.0173 0.3120 0.3040
129      129   (0)      6  : 0.3336 0.0067 0.2746 0.3852
130      130   (9)      6  : 0.3472 0.0097 0.2859 0.3572
131      131   (0)      6  : 0.3308 0.0080 0.2868 0.3744
132      132   (0)      6  : 0.4320 0.0143 0.3000 0.2536
133      133   (0)      6  : 0.2739 0.0183 0.3222 0.3856
134      134   (0)      6  : 0.2990 0.0230 0.3460 0.3320
135      135   (0)      6  : 0.2721 0.0297 0.3111 0.3872
136      136  (11)      6  : 0.3156 0.0457 0.3695 0.2692
137      137   (0)      6  : 0.2957 0.0503 0.3223 0.3317
138      138   (0)      6  : 0.3010 0.1360 0.3210 0.2420
139      139   (0)      6  : 0.3482 0.0650 0.3392 0.2476
140      140   (4)      6  : 0.3068 0.0270 0.3335 0.3328
141      141   (0)      6  : 0.2833 0.0303 0.3807 0.3057
142      142   (0)      6  : 0.3020 0.0743 0.3740 0.2497
143      143   (0)      6  : 0.4690 0.0107 0.3460 0.1743
144      144   (0)      6  : 0.3160 0.0660 0.3433 0.2747
145      145   (4)      6  : 0.4742 0.0077 0.3411 0.1771
146      146   (5)      6  : 0.4193 0.0170 0.3820 0.1817
147      147   (0)      6  : 0.3361 0.0107 0.3041 0.3491
148      148   (5)      6  : 0.2931 0.0203 0.3585 0.3281
149      149   (0)      6  : 0.2724 0.0140 0.3446 0.3690
150      150   (0)      6  : 0.2703 0.0280 0.3193 0.3823
151      151  (10)      6  : 0.2944 0.0313 0.3584 0.3158
152      152   (0)      6  : 0.3971 0.0173 0.3181 0.2674
153      153   (0)      6  : 0.4243 0.0077 0.2830 0.2850
154      154   (0)      6  : 0.4077 0.0250 0.2773 0.2900
155      155   (5)      6  : 0.3130 0.0510 0.3327 0.3033
156      156   (0)      6  : 0.2948 0.1287 0.3538 0.2228
157      157   (0)      6  : 0.3291 0.0357 0.3341 0.3011
158      158   (0)      6  : 0.3520 0.0523 0.3713 0.2244
159      159  (10)      6  : 0.3648 0.0277 0.3341 0.2734
160      160   (0)      6  : 0.3734 0.0240 0.3241 0.2784
161      161   (0)      6  : 0.3987 0.0067 0.2806 0.3140
162      162   (0)      6  : 0.2933 0.0170 0.3150 0.3747
163      163   (0)      6  : 0.3968 0.0227 0.3511 0.2294
164      164   (0)      6  : 0.3333 0.0107 0.2317 0.4243
165      165   (0)      6  : 0.3420 0.0103 0.2307 0.4170
166      166   (0)      6  : 0.3582 0.0330 0.2616 0.3472
167      167   (0)      6  : 0.3096 0.0150 0.3612 0.3142
168      168   (0)      6  : 0.3129 0.0513 0.3252 0.3105
169      169   (0)      6  : 0.3972 0.0390 0.3102 0.2536
170      170   (2)      6  : 0.3178 0.0190 0.3101 0.3531
171      171   (0)      6  : 0.3238 0.1017 0.2827 0.2918
172      172   (0)      6  : 0.3549 0.0207 0.2729 0.3516
173      173   (0)      6  : 0.3373 0.0313 0.3303 0.3010
174      174   (0)      6  : 0.3083 0.0520 0.3327 0.3070
175      175   (7)      6  : 0.3567 0.0180 0.3337 0.2917
176      176   (0)      6  : 0.3466 0.0264 0.3259 0.3012
177      177  (10)      6  : 0.3492 0.1036 0.3405 0.2066
178      178   (0)      6  : 0.1013 0.6758 0.1093 0.1136
179      179   (8)      6  : 0.3193 0.0217 0.3873 0.2717
180      180   (0)      6  : 0.3703 0.0097 0.3547 0.2653
181      181   (7)      6  : 0.3467 0.0240 0.3869 0.2424
182      182   (0)      6  : 0.3764 0.0080 0.3071 0.3084
183      183   (0)      6  : 0.3971 0.0247 0.2654 0.3128
184      184   (0)      6  : 0.3076 0.0680 0.3099 0.3146
185      185   (0)      6  : 0.2660 0.0120 0.3550 0.3670
186      186   (2)      6  : 0.3349 0.0287 0.3359 0.3006
187      187   (0)      6  : 0.2950 0.0697 0.2680 0.3673
188      188   (0)      6  : 0.3431 0.1250 0.2864 0.2454
189      189   (3)      6  : 0.3364 0.0393 0.3101 0.3141
190      190   (0)      6  : 0.3298 0.0333 0.3688 0.2681
191      191   (0)      6  : 0.3310 0.0097 0.2390 0.4203
192      192   (0)      6  : 0.1990 0.4077 0.2287 0.1646
193      193   (0)      6  : 0.2911 0.0180 0.2988 0.3921
194      194   (0)      6  : 0.2540 0.0553 0.3413 0.3494
195      195   (0)      6  : 0.3092 0.0667 0.3646 0.2595
196      196  (13)      6  : 0.2533 0.0303 0.3323 0.3840
197      197   (0)      6  : 0.3781 0.0257 0.3565 0.2397
198      198  (12)      6  : 0.2536 0.0910 0.3878 0.2676
199      199   (0)      6  : 0.3463 0.0393 0.2850 0.3293
200      200   (0)      6  : 0.3767 0.0093 0.3060 0.3080
201      201   (8)      6  : 0.2680 0.0120 0.3283 0.3917
202      202   (0)      6  : 0.2502 0.0270 0.3236 0.3992
203      203   (0)      6  : 0.3156 0.0153 0.3689 0.3002
204      204   (0)      6  : 0.2911 0.0754 0.3324 0.3011
205      205   (0)      6  : 0.2926 0.0310 0.3539 0.3226
206      206   (0)      6  : 0.3833 0.0303 0.3280 0.2583
207      207  (14)      6  : 0.3607 0.0180 0.3340 0.2873
208      208   (0)      6  : 0.2520 0.1220 0.3357 0.2903
209      209   (0)      6  : 0.2781 0.0197 0.3005 0.4018
210      210   (0)      6  : 0.3109 0.0113 0.2678 0.4099
211      211  (14)      6  : 0.2687 0.0157 0.3457 0.3700
212      212   (0)      6  : 0.2596 0.0936 0.3142 0.3326
213      213   (7)      6  : 0.2419 0.0417 0.3566 0.3599
214      214   (0)      6  : 0.3107 0.0170 0.4510 0.2213
215      215   (0)      6  : 0.3076 0.0493 0.3002 0.3429
216      216   (0)      6  : 0.3557 0.0130 0.3163 0.3150
217      217   (5)      6  : 0.3565 0.0213 0.3128 0.3093
218      218   (0)      6  : 0.2997 0.0793 0.3080 0.3130
219      219   (0)      2  : 0.0383 0.8923 0.0350 0.0343
220      220   (0)      2  : 0.0087 0.9730 0.0097 0.0087
221      221   (0)      2  : 0.0250 0.9193 0.0273 0.0283
222      222   (0)      2  : 0.0647 0.8177 0.0623 0.0553
223      223   (0)      2  : 0.0287 0.9003 0.0400 0.0310
224      224   (0)      2  : 0.0090 0.9747 0.0080 0.0083
225      225   (0)      2  : 0.1377 0.6220 0.1237 0.1167
226      226   (0)      2  : 0.0050 0.9837 0.0057 0.0057
227      227   (0)      2  : 0.0733 0.7880 0.0827 0.0560
