1        1   (0)      1  : 0.0827 0.0059 0.5710 0.3219 0.0186
2        2   (1)      1  : 0.0994 0.0336 0.4890 0.3735 0.0046
3        3   (0)      1  : 0.1256 0.0300 0.4520 0.3834 0.0090
4        4  (13)      2  : 0.0120 0.9590 0.0127 0.0117 0.0047
5        5   (0)      2  : 0.0053 0.9801 0.0046 0.0049 0.0051
6        6  (13)      2  : 0.0152 0.9562 0.0126 0.0127 0.0033
7        7   (0)      2  : 0.0090 0.9619 0.0127 0.0123 0.0041
8        8   (0)      2  : 0.0136 0.8741 0.0112 0.0102 0.0909
9        9  (10)      2  : 0.0171 0.8417 0.0168 0.0139 0.1106
10       10   (9)      2  : 0.0171 0.9241 0.0249 0.0241 0.0098
11       11   (0)      2  : 0.0162 0.9183 0.0299 0.0287 0.0069
12       12   (0)      2  : 0.0320 0.8509 0.0606 0.0528 0.0038
13       13   (0)      2  : 0.1993 0.0080 0.3946 0.3884 0.0097
14       14   (0)      2  : 0.0356 0.7685 0.0977 0.0869 0.0113
15       15   (0)      2  : 0.0133 0.9432 0.0197 0.0184 0.0053
16       16   (0)      2  : 0.0051 0.9790 0.0049 0.0051 0.0059
17       17   (0)      2  : 0.0343 0.8198 0.0716 0.0695 0.0048
18       18   (0)      2  : 0.0072 0.9742 0.0079 0.0079 0.0028
19       19   (0)      2  : 0.0100 0.9616 0.0126 0.0120 0.0039
20       20   (0)      2  : 0.0126 0.7727 0.0183 0.0166 0.1798
21       21   (0)      2  : 0.0123 0.9410 0.0192 0.0204 0.0070
22       22   (0)      2  : 0.0277 0.9106 0.0240 0.0266 0.0111
23       23   (0)      2  : 0.1009 0.4831 0.2325 0.1778 0.0058
24       24   (0)      2  : 0.0067 0.9746 0.0072 0.0069 0.0047
25       25   (0)      2  : 0.0239 0.9169 0.0300 0.0233 0.0059
26       26   (0)      2  : 0.0189 0.9290 0.0199 0.0201 0.0121
27       27   (0)      2  : 0.0119 0.9233 0.0192 0.0176 0.0280
28       28   (0)      2  : 0.0535 0.6893 0.1208 0.1116 0.0249
29       29   (9)      2  : 0.0281 0.8864 0.0426 0.0392 0.0037
30       30   (0)      2  : 0.2492 0.1530 0.3318 0.2611 0.0048
31       31   (0)      2  : 0.0140 0.9072 0.0368 0.0389 0.0031
32       32   (0)      2  : 0.0079 0.9636 0.0111 0.0106 0.0069
33       33   (0)      2  : 0.0515 0.5177 0.2299 0.1648 0.0361
34       34   (0)      2  : 0.0252 0.9259 0.0212 0.0180 0.0097
35       35   (0)      2  : 0.0159 0.7949 0.0232 0.0198 0.1462
36       36   (0)      2  : 0.0059 0.9792 0.0056 0.0064 0.0029
37       37   (0)      2  : 0.0224 0.9252 0.0236 0.0193 0.0094
38       38   (0)      2  : 0.3035 0.3126 0.1893 0.1826 0.0120
39       39   (0)      2  : 0.0078 0.9675 0.0110 0.0104 0.0032
40       40   (0)      2  : 0.0081 0.9688 0.0112 0.0100 0.0019
41       41   (0)      2  : 0.0222 0.9039 0.0171 0.0169 0.0399
42       42   (0)      2  : 0.0535 0.8214 0.0581 0.0634 0.0036
43       43   (0)      2  : 0.0112 0.9597 0.0136 0.0136 0.0020
44       44   (5)      2  : 0.0114 0.9629 0.0103 0.0110 0.0043
45       45   (0)      2  : 0.0084 0.9606 0.0111 0.0081 0.0118
46       46   (0)      2  : 0.0307 0.9093 0.0302 0.0274 0.0023
47       47   (0)      2  : 0.0151 0.9599 0.0102 0.0108 0.0040
48       48   (0)      2  : 0.0067 0.9718 0.0099 0.0098 0.0019
49       49   (0)      2  : 0.2822 0.1695 0.3158 0.2210 0.0115
50       50   (0)      2  : 0.0151 0.9361 0.0214 0.0242 0.0031
51       51   (0)      2  : 0.0242 0.9284 0.0223 0.0219 0.0031
52       52   (0)      2  : 0.0201 0.9151 0.0307 0.0299 0.0042
53       53   (0)      2  : 0.0850 0.7561 0.0881 0.0668 0.0040
54       54   (0)      2  : 0.0071 0.9718 0.0092 0.0080 0.0039
55       55   (4)      2  : 0.2012 0.3350 0.2631 0.1959 0.0048
56       56   (0)      2  : 0.1246 0.4519 0.2598 0.1565 0.0071
57       57   (1)      2  : 0.5334 0.1687 0.1502 0.1308 0.0169
58       58   (0)      2  : 0.0260 0.9123 0.0317 0.0253 0.0047
59       59   (0)      2  : 0.0084 0.9700 0.0096 0.0096 0.0024
60       60   (0)      2  : 0.0131 0.9459 0.0131 0.0106 0.0173
61       61   (0)      2  : 0.1097 0.7011 0.1029 0.0766 0.0098
62       62   (0)      2  : 0.0070 0.9783 0.0056 0.0053 0.0038
63       63   (0)      2  : 0.0154 0.9375 0.0189 0.0152 0.0129
64       64   (0)      2  : 0.0122 0.9378 0.0254 0.0199 0.0047
65       65   (0)      2  : 0.1886 0.4094 0.2226 0.1664 0.0131
66       66   (0)      2  : 0.0123 0.9485 0.0136 0.0141 0.0116
67       67   (0)      2  : 0.0227 0.9248 0.0234 0.0204 0.0087
68       68   (0)      2  : 0.0106 0.9609 0.0119 0.0136 0.0031
69       69   (0)      2  : 0.0188 0.8944 0.0369 0.0378 0.0121
70       70   (1)      2  : 0.0082 0.9721 0.0083 0.0070 0.0043
71       71   (0)      3  : 0.1275 0.0336 0.3884 0.4340 0.0166
72       72   (0)      3  : 0.2594 0.0047 0.3322 0.3935 0.0102
73       73   (0)      3  : 0.2021 0.0060 0.3500 0.4259 0.0160
74       74   (0)      3  : 0.0949 0.0423 0.5336 0.3199 0.0093
75       75   (0)      3  : 0.2157 0.0313 0.3953 0.3422 0.0154
76       76   (0)      3  : 0.3949 0.0114 0.2524 0.2656 0.0757
77       77   (0)      3  : 0.7761 0.0073 0.0859 0.1112 0.0194
78       78   (0)      3  : 0.7753 0.0181 0.0790 0.0897 0.0379
79       79   (0)      3  : 0.4033 0.0355 0.2983 0.2469 0.0160
80       80   (8)      3  : 0.6517 0.0064 0.1581 0.1513 0.0324
81       81   (0)      3  : 0.1751 0.0211 0.4032 0.3951 0.0054
82       82   (0)      3  : 0.0635 0.3826 0.3247 0.2157 0.0134
83       83   (0)      3  : 0.4452 0.0722 0.2567 0.2190 0.0069
84       84   (0)      3  : 0.1248 0.0111 0.4193 0.4408 0.0040
85       85   (0)      3  : 0.6432 0.0773 0.1443 0.1252 0.0099
86       86   (0)      3  : 0.5035 0.0177 0.2082 0.2173 0.0533
87       87   (0)      3  : 0.5121 0.0073 0.2080 0.1886 0.0839
88       88   (0)      3  : 0.4732 0.0468 0.2548 0.2167 0.0086
89       89   (0)      3  : 0.1475 0.0381 0.4304 0.3602 0.0238
90       90   (0)      3  : 0.5628 0.0101 0.1830 0.1908 0.0533
91       91   (0)      3  : 0.2780 0.0321 0.4137 0.2720 0.0042
92       92   (0)      3  : 0.3817 0.0249 0.3382 0.2348 0.0204
93       93   (0)      3  : 0.2221 0.1570 0.3377 0.2428 0.0404
94       94   (0)      3  : 0.3276 0.0570 0.3243 0.2644 0.0267
95       95   (0)      3  : 0.1250 0.0210 0.3927 0.4503 0.0110
96       96   (0)      3  : 0.6588 0.0118 0.1699 0.1527 0.0069
97       97   (0)      3  : 0.3993 0.0049 0.2755 0.2814 0.0388
98       98   (0)      3  : 0.1338 0.2466 0.3372 0.2558 0.0266
99       99   (0)      3  : 0.1670 0.0428 0.4244 0.3407 0.0251
100      100   (0)      3  : 0.4154 0.0081 0.2836 0.2614 0.0314
101      101   (0)      3  : 0.3860 0.0169 0.3254 0.2686 0.0031
102      102   (0)      3  : 0.3166 0.0260 0.3618 0.2798 0.0158
103      103   (0)      3  : 0.4761 0.0163 0.2616 0.2351 0.0108
104      104   (0)      3  : 0.5048 0.0288 0.2458 0.2123 0.0083
105      105   (0)      3  : 0.2386 0.0148 0.3630 0.3735 0.0101
106      106   (0)      3  : 0.5212 0.0192 0.2368 0.2085 0.0143
107      107   (0)      3  : 0.0918 0.0325 0.4878 0.3781 0.0098
108      108   (0)      3  : 0.5215 0.0053 0.2269 0.2400 0.0063
109      109   (0)      3  : 0.1017 0.3501 0.2534 0.2253 0.0696
110      110   (0)      3  : 0.1170 0.0211 0.4526 0.4012 0.0081
111      111   (0)      3  : 0.5499 0.0211 0.2239 0.1916 0.0134
112      112   (0)      3  : 0.4247 0.1029 0.2569 0.2105 0.0050
113      113   (0)      3  : 0.6203 0.0188 0.1902 0.1655 0.0052
114      114   (0)      3  : 0.1281 0.0128 0.4194 0.4326 0.0071
115      115   (0)      3  : 0.1800 0.0555 0.4025 0.3400 0.0220
116      116   (0)      3  : 0.5284 0.0149 0.2144 0.2308 0.0116
117      117   (0)      3  : 0.0020 0.0016 0.0022 0.0058 0.9884
118      118   (0)      3  : 0.1680 0.0107 0.3898 0.4103 0.0212
119      119   (0)      3  : 0.4662 0.0209 0.2551 0.2418 0.0160
120      120   (7)      4  : 0.0018 0.0014 0.0026 0.0058 0.9884
121      121  (12)      4  : 0.5901 0.0113 0.2144 0.1708 0.0133
122      122  (12)      4  : 0.1384 0.0362 0.1360 0.1389 0.5505
123      123   (3)      4  : 0.4257 0.0222 0.2712 0.2712 0.0096
124      124  (12)      4  : 0.2832 0.0621 0.3708 0.2756 0.0083
125      125  (13)      4  : 0.3339 0.0137 0.2760 0.3716 0.0048
126      126   (0)      4  : 0.1444 0.5913 0.1316 0.1266 0.0060
127      127   (3)      4  : 0.4420 0.0302 0.2244 0.2929 0.0104
128      128   (0)      4  : 0.4440 0.0136 0.2917 0.2444 0.0063
129      129   (0)      4  : 0.6953 0.0084 0.1444 0.1419 0.0100
130      130   (9)      4  : 0.1886 0.0042 0.2815 0.5165 0.0091
131      131   (9)      4  : 0.6358 0.0084 0.1722 0.1780 0.0057
132      132  (12)      4  : 0.2228 0.0183 0.3744 0.3685 0.0159
133      133   (0)      5  : 0.0279 0.9214 0.0209 0.0208 0.0090
134      134   (0)      5  : 0.7100 0.0113 0.1263 0.1433 0.0091
135      135   (0)      5  : 0.0257 0.8867 0.0378 0.0344 0.0154
136      136   (0)      6  : 0.2791 0.0103 0.3381 0.3647 0.0078
137      137   (0)      6  : 0.2226 0.0041 0.2594 0.5033 0.0106
138      138   (9)      6  : 0.2458 0.0059 0.3361 0.4005 0.0117
139      139   (0)      6  : 0.1062 0.0048 0.3786 0.4995 0.0109
140      140   (0)      6  : 0.7109 0.0091 0.1287 0.1409 0.0103
141      141   (0)      6  : 0.0847 0.0110 0.3556 0.5419 0.0069
142      142   (0)      6  : 0.4222 0.0156 0.2872 0.2568 0.0182
143      143   (0)      6  : 0.0881 0.0207 0.3964 0.4863 0.0084
144      144  (11)      6  : 0.1091 0.0214 0.4632 0.4001 0.0061
145      145   (0)      6  : 0.2851 0.0438 0.3668 0.2705 0.0339
146      146   (0)      6  : 0.1279 0.0709 0.4095 0.3856 0.0060
147      147   (0)      6  : 0.2187 0.0299 0.3791 0.3676 0.0048
148      148   (4)      6  : 0.2205 0.0227 0.3939 0.3526 0.0103
149      149   (0)      6  : 0.1077 0.0182 0.4065 0.4577 0.0098
150      150   (0)      6  : 0.0779 0.0648 0.4987 0.3504 0.0082
151      151   (0)      6  : 0.8130 0.0061 0.0709 0.1084 0.0016
152      152   (0)      6  : 0.6031 0.0657 0.1626 0.1496 0.0191
153      153   (4)      6  : 0.8144 0.0046 0.0720 0.1073 0.0018
154      154   (5)      6  : 0.6784 0.0094 0.1512 0.1587 0.0023
155      155   (0)      6  : 0.4481 0.0083 0.2314 0.2737 0.0385
156      156   (5)      6  : 0.3395 0.0112 0.3326 0.3006 0.0161
157      157   (0)      6  : 0.1049 0.0087 0.4179 0.4567 0.0119
158      158   (0)      6  : 0.1147 0.0234 0.3988 0.4480 0.0151
159      159  (10)      6  : 0.1526 0.0176 0.4146 0.4097 0.0057
160      160   (0)      6  : 0.4207 0.0111 0.2764 0.2825 0.0092
161      161   (0)      6  : 0.5217 0.0050 0.1995 0.2641 0.0097
162      162   (0)      6  : 0.2754 0.0140 0.3198 0.3841 0.0067
163      163   (5)      6  : 0.3276 0.0328 0.3278 0.2986 0.0132
164      164   (0)      6  : 0.1110 0.1021 0.4466 0.3354 0.0049
165      165   (0)      6  : 0.1121 0.0198 0.4171 0.4461 0.0049
166      166   (0)      6  : 0.3482 0.0377 0.3386 0.2703 0.0052
167      167  (10)      6  : 0.1035 0.0193 0.4622 0.4051 0.0099
168      168   (0)      6  : 0.1099 0.0193 0.4505 0.4115 0.0088
169      169   (0)      6  : 0.6241 0.0050 0.1663 0.1963 0.0082
170      170   (0)      6  : 0.1277 0.0133 0.3811 0.4715 0.0064
171      171   (0)      6  : 0.4308 0.0156 0.2984 0.2458 0.0094
172      172   (0)      6  : 0.6717 0.0080 0.0642 0.0996 0.1565
173      173   (0)      6  : 0.6727 0.0072 0.0620 0.1010 0.1570
174      174   (0)      6  : 0.2949 0.0163 0.3386 0.3036 0.0465
175      175   (0)      6  : 0.6788 0.0098 0.1366 0.1372 0.0377
176      176   (0)      6  : 0.1987 0.0372 0.3726 0.3785 0.0129
177      177   (0)      6  : 0.3437 0.0268 0.3406 0.2809 0.0080
178      178   (2)      6  : 0.2262 0.0131 0.3593 0.3774 0.0241
179      179   (0)      6  : 0.5361 0.0530 0.2046 0.1941 0.0122
180      180   (0)      6  : 0.2712 0.0120 0.3152 0.3860 0.0155
181      181   (0)      6  : 0.2254 0.0156 0.3879 0.3588 0.0123
182      182   (0)      6  : 0.1525 0.0339 0.4203 0.3869 0.0064
183      183   (7)      6  : 0.2891 0.0116 0.3621 0.3257 0.0116
184      184   (0)      6  : 0.2341 0.0179 0.3693 0.3644 0.0143
185      185  (10)      6  : 0.1365 0.0760 0.4454 0.3377 0.0044
186      186   (0)      6  : 0.0421 0.7516 0.0957 0.0838 0.0269
187      187   (8)      6  : 0.2115 0.0119 0.4288 0.3280 0.0199
188      188   (0)      6  : 0.1984 0.0067 0.3901 0.3983 0.0066
189      189   (7)      6  : 0.1340 0.0151 0.4715 0.3750 0.0043
190      190   (0)      6  : 0.7237 0.0049 0.1246 0.1419 0.0049
191      191   (0)      6  : 0.6898 0.0147 0.1362 0.1392 0.0201
192      192   (0)      6  : 0.1253 0.0493 0.3766 0.4425 0.0062
193      193   (0)      6  : 0.1198 0.0069 0.4037 0.4557 0.0140
194      194   (2)      6  : 0.5934 0.0204 0.1943 0.1730 0.0189
195      195   (0)      6  : 0.4693 0.0440 0.1500 0.1338 0.2029
196      196   (0)      6  : 0.2744 0.1078 0.3066 0.2981 0.0131
197      197   (3)      6  : 0.2029 0.0287 0.4042 0.3535 0.0108
198      198   (0)      6  : 0.3021 0.0211 0.3516 0.3199 0.0053
199      199   (0)      6  : 0.1425 0.0058 0.3388 0.5003 0.0127
200      200   (0)      6  : 0.0611 0.3797 0.3051 0.2499 0.0042
201      201   (0)      6  : 0.1996 0.0132 0.3583 0.4119 0.0170
202      202   (0)      6  : 0.2085 0.0650 0.3389 0.3772 0.0103
203      203   (0)      6  : 0.3818 0.0409 0.2876 0.2812 0.0086
204      204  (13)      6  : 0.1093 0.0230 0.4015 0.4582 0.0079
205      205   (0)      6  : 0.5224 0.0156 0.2190 0.2377 0.0053
206      206  (12)      6  : 0.1730 0.0751 0.4332 0.3115 0.0072
207      207   (0)      6  : 0.1214 0.0319 0.4004 0.4320 0.0143
208      208   (0)      6  : 0.2363 0.0066 0.3731 0.3699 0.0141
209      209   (8)      6  : 0.1268 0.0079 0.3837 0.4768 0.0048
210      210   (0)      6  : 0.1223 0.0166 0.3773 0.4721 0.0118
211      211   (0)      6  : 0.1989 0.0084 0.3887 0.3922 0.0118
212      212   (0)      6  : 0.1397 0.0397 0.3710 0.4446 0.0051
213      213   (0)      6  : 0.1011 0.0173 0.4212 0.4521 0.0082
214      214   (0)      6  : 0.3861 0.0169 0.2962 0.2928 0.0080
215      215  (14)      6  : 0.3134 0.0112 0.3294 0.3362 0.0097
216      216   (0)      6  : 0.1598 0.1487 0.3761 0.2972 0.0181
217      217   (0)      6  : 0.1173 0.0108 0.3883 0.4720 0.0117
218      218   (0)      6  : 0.1273 0.0064 0.3697 0.4812 0.0153
219      219  (14)      6  : 0.1739 0.0111 0.3652 0.4412 0.0087
220      220   (0)      6  : 0.2140 0.0729 0.3756 0.3031 0.0344
221      221   (7)      6  : 0.1140 0.0200 0.4264 0.4330 0.0066
222      222   (0)      6  : 0.1147 0.0100 0.5147 0.3528 0.0079
223      223   (0)      6  : 0.4370 0.0371 0.2681 0.2453 0.0126
224      224   (0)      6  : 0.1200 0.0083 0.3524 0.5121 0.0071
225      225   (5)      6  : 0.1172 0.0133 0.3605 0.5002 0.0088
226      226   (0)      6  : 0.1258 0.1217 0.3773 0.3459 0.0294
227      227   (0)      2  : 0.0207 0.9342 0.0197 0.0211 0.0043
228      228   (0)      2  : 0.0062 0.9786 0.0070 0.0062 0.0020
229      229   (0)      2  : 0.0188 0.9271 0.0213 0.0198 0.0130
230      230   (0)      2  : 0.0333 0.8947 0.0365 0.0305 0.0050
231      231   (0)      2  : 0.0176 0.9230 0.0292 0.0263 0.0039
232      232   (0)      2  : 0.0069 0.9781 0.0060 0.0056 0.0034
233      233   (0)      2  : 0.0889 0.5963 0.1637 0.1419 0.0093
234      234   (0)      2  : 0.0037 0.9873 0.0032 0.0036 0.0022
235      235   (0)      2  : 0.0724 0.8048 0.0654 0.0553 0.0022
