1        1   (0)      1  : 0.5215 0.0097 0.4688
2        2   (1)      1  : 0.4442 0.1667 0.3891
3        3   (0)      1  : 0.5032 0.0566 0.4402
4        4   (0)      2  : 0.0874 0.8246 0.0880
5        5   (0)      2  : 0.4897 0.0180 0.4923
6        6   (0)      2  : 0.0954 0.8363 0.0684
7        7   (0)      2  : 0.0243 0.9497 0.0260
8        8   (0)      2  : 0.0103 0.9793 0.0103
9        9   (0)      2  : 0.0714 0.8650 0.0637
10       10   (0)      2  : 0.0127 0.9740 0.0133
11       11   (0)      2  : 0.0190 0.9607 0.0203
12       12   (0)      2  : 0.0667 0.8810 0.0523
13       13   (0)      2  : 0.0213 0.9580 0.0207
14       14   (0)      2  : 0.0420 0.9166 0.0413
15       15   (0)      2  : 0.1595 0.6733 0.1672
16       16   (0)      2  : 0.0147 0.9710 0.0143
17       17   (0)      2  : 0.0637 0.8710 0.0653
18       18   (0)      2  : 0.0307 0.9420 0.0273
19       19   (0)      2  : 0.0323 0.9394 0.0283
20       20   (0)      2  : 0.1500 0.7214 0.1286
21       21   (9)      2  : 0.0510 0.8934 0.0556
22       22   (0)      2  : 0.3450 0.2843 0.3707
23       23   (0)      2  : 0.0360 0.9360 0.0280
24       24   (0)      2  : 0.0170 0.9707 0.0123
25       25   (0)      2  : 0.1833 0.6710 0.1457
26       26   (0)      2  : 0.0240 0.9513 0.0247
27       27   (0)      2  : 0.0560 0.9046 0.0393
28       28   (0)      2  : 0.0100 0.9780 0.0120
29       29   (0)      2  : 0.0350 0.9290 0.0360
30       30   (0)      2  : 0.3018 0.3421 0.3561
31       31   (0)      2  : 0.0143 0.9720 0.0137
32       32   (0)      2  : 0.0173 0.9607 0.0220
33       33   (0)      2  : 0.0297 0.9443 0.0260
34       34   (0)      2  : 0.1000 0.8087 0.0913
35       35   (0)      2  : 0.0260 0.9477 0.0263
36       36   (5)      2  : 0.0173 0.9670 0.0157
37       37   (0)      2  : 0.0157 0.9713 0.0130
38       38   (0)      2  : 0.0427 0.9020 0.0553
39       39   (0)      2  : 0.0153 0.9657 0.0190
40       40   (0)      2  : 0.0170 0.9690 0.0140
41       41   (0)      2  : 0.2700 0.4457 0.2843
42       42   (0)      2  : 0.0217 0.9563 0.0220
43       43   (0)      2  : 0.0513 0.8840 0.0647
44       44   (0)      2  : 0.0543 0.8957 0.0500
45       45   (0)      2  : 0.0706 0.8411 0.0883
46       46   (0)      2  : 0.0133 0.9730 0.0137
47       47   (4)      2  : 0.2933 0.3100 0.3967
48       48   (0)      2  : 0.1436 0.6904 0.1659
49       49   (1)      2  : 0.3457 0.2287 0.4257
50       50   (0)      2  : 0.0487 0.9050 0.0463
51       51   (0)      2  : 0.0143 0.9716 0.0140
52       52   (0)      2  : 0.0197 0.9600 0.0203
53       53   (0)      2  : 0.1521 0.6378 0.2101
54       54   (0)      2  : 0.0103 0.9787 0.0110
55       55   (0)      2  : 0.0260 0.9477 0.0263
56       56   (0)      2  : 0.0310 0.9350 0.0340
57       57   (0)      2  : 0.2580 0.4594 0.2827
58       58   (0)      2  : 0.0240 0.9527 0.0233
59       59   (0)      2  : 0.0310 0.9327 0.0363
60       60   (0)      2  : 0.0173 0.9647 0.0180
61       61   (0)      2  : 0.0620 0.8853 0.0527
62       62   (1)      2  : 0.0127 0.9750 0.0123
63       63   (0)      3  : 0.5547 0.0577 0.3877
64       64   (0)      3  : 0.4722 0.0093 0.5185
65       65   (0)      3  : 0.5628 0.0147 0.4225
66       66   (0)      3  : 0.5018 0.0877 0.4105
67       67   (0)      3  : 0.4852 0.0506 0.4642
68       68   (0)      3  : 0.5080 0.0187 0.4733
69       69   (0)      3  : 0.4102 0.0163 0.5735
70       70   (0)      3  : 0.3961 0.0383 0.5655
71       71   (0)      3  : 0.4600 0.0806 0.4594
72       72   (8)      3  : 0.4832 0.0123 0.5045
73       73   (0)      3  : 0.4677 0.0387 0.4937
74       74   (0)      3  : 0.3054 0.4462 0.2484
75       75   (0)      3  : 0.3947 0.1600 0.4453
76       76   (0)      3  : 0.5038 0.0237 0.4725
77       77   (0)      3  : 0.4097 0.0943 0.4960
78       78   (0)      3  : 0.4773 0.0270 0.4957
79       79   (0)      3  : 0.4640 0.0123 0.5237
80       80   (0)      3  : 0.4460 0.0877 0.4663
81       81   (0)      3  : 0.4845 0.0740 0.4415
82       82   (0)      3  : 0.4392 0.0170 0.5438
83       83   (0)      3  : 0.4308 0.0546 0.5145
84       84   (0)      3  : 0.4671 0.0417 0.4912
85       85   (0)      3  : 0.4143 0.1653 0.4203
86       86   (0)      3  : 0.4497 0.1023 0.4480
87       87   (0)      3  : 0.4793 0.0420 0.4787
88       88   (0)      3  : 0.3709 0.0177 0.6114
89       89   (0)      3  : 0.4571 0.0087 0.5342
90       90   (0)      3  : 0.3430 0.4207 0.2363
91       91   (0)      3  : 0.4775 0.0810 0.4415
92       92   (0)      3  : 0.4207 0.0140 0.5653
93       93   (0)      3  : 0.4668 0.0297 0.5035
94       94   (0)      3  : 0.4903 0.0450 0.4646
95       95   (0)      3  : 0.4487 0.0447 0.5067
96       96   (0)      3  : 0.3733 0.0583 0.5683
97       97   (0)      3  : 0.4920 0.0410 0.4670
98       98   (0)      3  : 0.4220 0.0390 0.5390
99       99   (0)      3  : 0.5360 0.0500 0.4140
100      100   (0)      3  : 0.4437 0.0103 0.5460
101      101   (0)      3  : 0.2240 0.5963 0.1797
102      102   (0)      3  : 0.5563 0.0307 0.4130
103      103   (0)      3  : 0.4347 0.0386 0.5266
104      104   (0)      3  : 0.3805 0.1956 0.4239
105      105   (0)      3  : 0.4092 0.0397 0.5511
106      106   (0)      3  : 0.5461 0.0297 0.4242
107      107   (0)      3  : 0.4617 0.0843 0.4540
108      108   (0)      3  : 0.4962 0.0273 0.4765
109      109   (0)      3  : 0.6043 0.0320 0.3637
110      110   (0)      3  : 0.5763 0.0223 0.4013
111      111   (0)      3  : 0.4545 0.0393 0.5062
112      112   (7)      4  : 0.6043 0.0303 0.3653
113      113  (12)      4  : 0.4330 0.0233 0.5437
114      114  (12)      4  : 0.5812 0.0347 0.3841
115      115   (3)      4  : 0.4231 0.0333 0.5435
116      116  (12)      4  : 0.4061 0.1040 0.4898
117      117  (13)      4  : 0.4300 0.0237 0.5463
118      118   (0)      4  : 0.2140 0.5537 0.2323
119      119   (3)      4  : 0.4075 0.0770 0.5155
120      120   (0)      4  : 0.3862 0.0287 0.5851
121      121   (0)      4  : 0.4257 0.0150 0.5593
122      122   (9)      4  : 0.5527 0.0087 0.4387
123      123   (9)      4  : 0.3881 0.0137 0.5983
124      124  (12)      4  : 0.4672 0.0357 0.4972
125      125   (0)      5  : 0.0417 0.9117 0.0467
126      126   (0)      5  : 0.3669 0.0270 0.6061
127      127   (0)      5  : 0.0553 0.8993 0.0453
128      128   (0)      6  : 0.4485 0.0210 0.5305
129      129   (0)      6  : 0.5383 0.0083 0.4533
130      130   (9)      6  : 0.5193 0.0113 0.4693
131      131   (0)      6  : 0.5860 0.0107 0.4033
132      132   (0)      6  : 0.4278 0.0170 0.5552
133      133   (0)      6  : 0.5682 0.0247 0.4071
134      134   (0)      6  : 0.4835 0.0277 0.4888
135      135   (0)      6  : 0.5262 0.0377 0.4361
136      136  (11)      6  : 0.5083 0.0657 0.4260
137      137   (0)      6  : 0.4198 0.0673 0.5128
138      138   (0)      6  : 0.4077 0.2223 0.3700
139      139   (0)      6  : 0.4075 0.0910 0.5015
140      140   (4)      6  : 0.5275 0.0323 0.4402
141      141   (0)      6  : 0.5433 0.0410 0.4157
142      142   (0)      6  : 0.4972 0.1083 0.3945
143      143   (0)      6  : 0.4170 0.0120 0.5710
144      144   (0)      6  : 0.4285 0.0820 0.4895
145      145   (4)      6  : 0.4083 0.0097 0.5820
146      146   (5)      6  : 0.4391 0.0210 0.5399
147      147   (0)      6  : 0.4983 0.0137 0.4880
148      148   (5)      6  : 0.5282 0.0260 0.4458
149      149   (0)      6  : 0.5527 0.0163 0.4310
150      150   (0)      6  : 0.5492 0.0397 0.4111
151      151  (10)      6  : 0.5215 0.0347 0.4438
152      152   (0)      6  : 0.4562 0.0197 0.5242
153      153   (0)      6  : 0.3863 0.0130 0.6007
154      154   (0)      6  : 0.4698 0.0370 0.4932
155      155   (5)      6  : 0.4735 0.0647 0.4618
156      156   (0)      6  : 0.4070 0.1790 0.4140
157      157   (0)      6  : 0.5050 0.0413 0.4537
158      158   (0)      6  : 0.4088 0.0694 0.5218
159      159  (10)      6  : 0.4943 0.0307 0.4750
160      160   (0)      6  : 0.4870 0.0350 0.4780
161      161   (0)      6  : 0.4393 0.0077 0.5530
162      162   (0)      6  : 0.5570 0.0207 0.4224
163      163   (0)      6  : 0.4177 0.0326 0.5496
164      164   (0)      6  : 0.4406 0.0147 0.5447
165      165   (0)      6  : 0.4424 0.0187 0.5390
166      166   (0)      6  : 0.4368 0.0400 0.5232
167      167   (0)      6  : 0.4540 0.0177 0.5283
168      168   (0)      6  : 0.4675 0.0650 0.4675
169      169   (0)      6  : 0.4460 0.0520 0.5020
170      170   (2)      6  : 0.5058 0.0243 0.4698
171      171   (0)      6  : 0.4163 0.1073 0.4763
172      172   (0)      6  : 0.4950 0.0223 0.4827
173      173   (0)      6  : 0.4784 0.0346 0.4870
174      174   (0)      6  : 0.5028 0.0613 0.4359
175      175   (7)      6  : 0.4323 0.0207 0.5470
176      176   (0)      6  : 0.5193 0.0317 0.4490
177      177  (10)      6  : 0.4163 0.1250 0.4587
178      178   (0)      6  : 0.1337 0.7627 0.1037
179      179   (8)      6  : 0.4752 0.0253 0.4995
180      180   (0)      6  : 0.4853 0.0137 0.5010
181      181   (7)      6  : 0.5003 0.0290 0.4707
182      182   (0)      6  : 0.4537 0.0100 0.5363
183      183   (0)      6  : 0.4077 0.0296 0.5627
184      184   (0)      6  : 0.4460 0.0790 0.4750
185      185   (0)      6  : 0.5828 0.0160 0.4012
186      186   (2)      6  : 0.4600 0.0297 0.5103
187      187   (0)      6  : 0.4387 0.0910 0.4703
188      188   (0)      6  : 0.4050 0.1547 0.4403
189      189   (3)      6  : 0.4237 0.0513 0.5250
190      190   (0)      6  : 0.4937 0.0357 0.4707
191      191   (0)      6  : 0.5730 0.0123 0.4147
192      192   (0)      6  : 0.2470 0.5320 0.2210
193      193   (0)      6  : 0.5843 0.0233 0.3923
194      194   (0)      6  : 0.5187 0.0843 0.3970
195      195   (0)      6  : 0.4601 0.0838 0.4561
196      196  (13)      6  : 0.5677 0.0397 0.3927
197      197   (0)      6  : 0.4439 0.0340 0.5222
198      198  (12)      6  : 0.4652 0.1040 0.4308
199      199   (0)      6  : 0.4798 0.0633 0.4569
200      200   (0)      6  : 0.5013 0.0113 0.4873
201      201   (8)      6  : 0.5790 0.0150 0.4060
202      202   (0)      6  : 0.5750 0.0390 0.3860
203      203   (0)      6  : 0.5127 0.0177 0.4697
204      204   (0)      6  : 0.5050 0.0840 0.4110
205      205   (0)      6  : 0.5190 0.0373 0.4437
206      206   (0)      6  : 0.4703 0.0417 0.4880
207      207  (14)      6  : 0.4933 0.0240 0.4827
208      208   (0)      6  : 0.4700 0.1580 0.3720
209      209   (0)      6  : 0.5417 0.0203 0.4380
210      210   (0)      6  : 0.5511 0.0127 0.4362
211      211  (14)      6  : 0.5665 0.0203 0.4132
212      212   (0)      6  : 0.4725 0.1150 0.4125
213      213   (7)      6  : 0.5623 0.0480 0.3897
214      214   (0)      6  : 0.5088 0.0193 0.4719
215      215   (0)      6  : 0.4388 0.0624 0.4988
216      216   (0)      6  : 0.5495 0.0167 0.4338
217      217   (5)      6  : 0.5480 0.0253 0.4267
218      218   (0)      6  : 0.5005 0.0950 0.4045
219      219   (0)      2  : 0.0357 0.9287 0.0357
220      220   (0)      2  : 0.0100 0.9813 0.0087
221      221   (0)      2  : 0.0337 0.9307 0.0357
222      222   (0)      2  : 0.0590 0.8747 0.0663
223      223   (0)      2  : 0.0350 0.9343 0.0307
224      224   (0)      2  : 0.0097 0.9790 0.0113
225      225   (0)      2  : 0.1400 0.7097 0.1503
226      226   (0)      2  : 0.0060 0.9880 0.0060
227      227   (0)      2  : 0.0770 0.8440 0.0790
