1        1   (0)      1  : 0.3363 0.0060 0.2482 0.3934 0.0160
2        2   (1)      1  : 0.3800 0.0440 0.2620 0.3120 0.0020
3        3   (0)      1  : 0.2970 0.0290 0.3490 0.3150 0.0100
4        4  (13)      2  : 0.0130 0.9510 0.0160 0.0150 0.0050
5        5   (0)      2  : 0.0040 0.9820 0.0050 0.0050 0.0040
6        6  (13)      2  : 0.0090 0.9620 0.0110 0.0150 0.0030
7        7   (0)      2  : 0.0080 0.9720 0.0080 0.0090 0.0030
8        8   (0)      2  : 0.0110 0.8760 0.0120 0.0120 0.0890
9        9  (10)      2  : 0.0170 0.8430 0.0130 0.0160 0.1110
10       10   (9)      2  : 0.0270 0.9200 0.0170 0.0280 0.0080
11       11   (0)      2  : 0.0260 0.9150 0.0190 0.0340 0.0060
12       12   (0)      2  : 0.0550 0.8440 0.0470 0.0520 0.0020
13       13   (0)      2  : 0.2312 0.0080 0.3504 0.4044 0.0060
14       14   (0)      2  : 0.0599 0.7992 0.0609 0.0719 0.0080
15       15   (0)      2  : 0.0190 0.9410 0.0190 0.0160 0.0050
16       16   (0)      2  : 0.0040 0.9830 0.0040 0.0040 0.0050
17       17   (0)      2  : 0.0591 0.8178 0.0501 0.0711 0.0020
18       18   (0)      2  : 0.0060 0.9730 0.0090 0.0090 0.0030
19       19   (0)      2  : 0.0100 0.9640 0.0110 0.0110 0.0040
20       20   (0)      2  : 0.0220 0.7710 0.0140 0.0120 0.1810
21       21   (0)      2  : 0.0150 0.9480 0.0150 0.0150 0.0070
22       22   (0)      2  : 0.0200 0.9159 0.0290 0.0250 0.0100
23       23   (0)      2  : 0.1020 0.5160 0.1710 0.2080 0.0030
24       24   (0)      2  : 0.0070 0.9770 0.0050 0.0070 0.0040
25       25   (0)      2  : 0.0280 0.9201 0.0280 0.0200 0.0040
26       26   (0)      2  : 0.0200 0.9310 0.0190 0.0210 0.0090
27       27   (0)      2  : 0.0150 0.9260 0.0130 0.0210 0.0250
28       28   (0)      2  : 0.1069 0.7203 0.0709 0.0889 0.0130
29       29   (9)      2  : 0.0290 0.8859 0.0420 0.0410 0.0020
30       30   (0)      2  : 0.2577 0.1279 0.3696 0.2428 0.0020
31       31   (0)      2  : 0.0270 0.9270 0.0230 0.0210 0.0020
32       32   (0)      2  : 0.0090 0.9700 0.0070 0.0080 0.0060
33       33   (0)      2  : 0.0941 0.5185 0.1381 0.2122 0.0370
34       34   (0)      2  : 0.0200 0.9210 0.0360 0.0150 0.0080
35       35   (0)      2  : 0.0140 0.7780 0.0110 0.0170 0.1800
36       36   (0)      2  : 0.0070 0.9770 0.0060 0.0070 0.0030
37       37   (0)      2  : 0.0180 0.9380 0.0220 0.0140 0.0080
38       38   (0)      2  : 0.3167 0.2637 0.2068 0.2098 0.0030
39       39   (0)      2  : 0.0090 0.9680 0.0120 0.0080 0.0030
40       40   (0)      2  : 0.0060 0.9730 0.0100 0.0090 0.0020
41       41   (0)      2  : 0.0230 0.9161 0.0190 0.0140 0.0280
42       42   (0)      2  : 0.1010 0.7850 0.0480 0.0650 0.0010
43       43   (0)      2  : 0.0100 0.9660 0.0090 0.0130 0.0020
44       44   (5)      2  : 0.0160 0.9650 0.0070 0.0080 0.0040
45       45   (0)      2  : 0.0090 0.9560 0.0090 0.0090 0.0170
46       46   (0)      2  : 0.0280 0.9250 0.0200 0.0260 0.0010
47       47   (0)      2  : 0.0060 0.9700 0.0100 0.0110 0.0030
48       48   (0)      2  : 0.0100 0.9670 0.0090 0.0120 0.0020
49       49   (0)      2  : 0.2827 0.1538 0.3167 0.2388 0.0080
50       50   (0)      2  : 0.0160 0.9379 0.0200 0.0240 0.0020
51       51   (0)      2  : 0.0200 0.9339 0.0270 0.0170 0.0020
52       52   (0)      2  : 0.0480 0.9030 0.0170 0.0290 0.0030
53       53   (0)      2  : 0.0550 0.7020 0.1550 0.0850 0.0030
54       54   (0)      2  : 0.0080 0.9690 0.0100 0.0080 0.0050
55       55   (4)      2  : 0.1360 0.3410 0.2830 0.2380 0.0020
56       56   (0)      2  : 0.1160 0.4890 0.2780 0.1130 0.0040
57       57   (1)      2  : 0.3280 0.1860 0.3170 0.1650 0.0040
58       58   (0)      2  : 0.0280 0.9219 0.0200 0.0260 0.0040
59       59   (0)      2  : 0.0080 0.9700 0.0090 0.0110 0.0020
60       60   (0)      2  : 0.0090 0.9540 0.0090 0.0100 0.0180
61       61   (0)      2  : 0.0770 0.7590 0.0920 0.0670 0.0050
62       62   (0)      2  : 0.0050 0.9780 0.0060 0.0070 0.0040
63       63   (0)      2  : 0.0170 0.9400 0.0150 0.0220 0.0060
64       64   (0)      2  : 0.0160 0.9480 0.0130 0.0210 0.0020
65       65   (0)      2  : 0.1752 0.4254 0.1642 0.2282 0.0070
66       66   (0)      2  : 0.0120 0.9520 0.0160 0.0080 0.0120
67       67   (0)      2  : 0.0250 0.9370 0.0160 0.0160 0.0060
68       68   (0)      2  : 0.0100 0.9650 0.0110 0.0100 0.0040
69       69   (0)      2  : 0.0270 0.9019 0.0270 0.0320 0.0120
70       70   (1)      2  : 0.0080 0.9760 0.0060 0.0070 0.0030
71       71   (0)      3  : 0.2690 0.0310 0.1270 0.5600 0.0130
72       72   (0)      3  : 0.2760 0.0050 0.2460 0.4680 0.0050
73       73   (0)      3  : 0.4136 0.0080 0.1998 0.3746 0.0040
74       74   (0)      3  : 0.2820 0.0440 0.3360 0.3350 0.0030
75       75   (0)      3  : 0.2408 0.0290 0.1778 0.5445 0.0080
76       76   (0)      3  : 0.4500 0.0130 0.2290 0.2600 0.0480
77       77   (0)      3  : 0.4066 0.0080 0.4086 0.1718 0.0050
78       78   (0)      3  : 0.4675 0.0180 0.4294 0.0821 0.0030
79       79   (0)      3  : 0.4010 0.0360 0.3060 0.2480 0.0090
80       80   (8)      3  : 0.3413 0.0050 0.4815 0.1632 0.0090
81       81   (0)      3  : 0.3233 0.0200 0.3684 0.2873 0.0010
82       82   (0)      3  : 0.1349 0.4446 0.1668 0.2368 0.0170
83       83   (0)      3  : 0.4050 0.0750 0.3060 0.2120 0.0020
84       84   (0)      3  : 0.2130 0.0120 0.3240 0.4480 0.0030
85       85   (0)      3  : 0.4280 0.0860 0.3380 0.1450 0.0030
86       86   (0)      3  : 0.3260 0.0170 0.3000 0.3190 0.0380
87       87   (0)      3  : 0.2312 0.0060 0.5596 0.1582 0.0450
88       88   (0)      3  : 0.3790 0.0440 0.1620 0.4090 0.0060
89       89   (0)      3  : 0.2590 0.0440 0.2810 0.3970 0.0190
90       90   (0)      3  : 0.4490 0.0110 0.3750 0.1500 0.0150
91       91   (0)      3  : 0.1858 0.0390 0.5584 0.2148 0.0020
92       92   (0)      3  : 0.3754 0.0280 0.3043 0.2853 0.0070
93       93   (0)      3  : 0.3360 0.1550 0.1780 0.3140 0.0170
94       94   (0)      3  : 0.3263 0.0571 0.4034 0.2072 0.0060
95       95   (0)      3  : 0.2690 0.0190 0.3680 0.3400 0.0040
96       96   (0)      3  : 0.3924 0.0120 0.3924 0.2012 0.0020
97       97   (0)      3  : 0.2730 0.0040 0.3170 0.3930 0.0130
98       98   (0)      3  : 0.2650 0.2670 0.2110 0.2400 0.0170
99       99   (0)      3  : 0.3360 0.0530 0.2660 0.3350 0.0100
100      100   (0)      3  : 0.3470 0.0070 0.3820 0.2560 0.0080
101      101   (0)      3  : 0.4124 0.0140 0.2883 0.2843 0.0010
102      102   (0)      3  : 0.3560 0.0250 0.3630 0.2490 0.0070
103      103   (0)      3  : 0.4520 0.0110 0.3030 0.2300 0.0040
104      104   (0)      3  : 0.2787 0.0260 0.4705 0.2208 0.0040
105      105   (0)      3  : 0.3994 0.0170 0.2993 0.2823 0.0020
106      106   (0)      3  : 0.3357 0.0160 0.4426 0.1978 0.0080
107      107   (0)      3  : 0.2617 0.0460 0.2567 0.4266 0.0090
108      108   (0)      3  : 0.4230 0.0050 0.2330 0.3360 0.0030
109      109   (0)      3  : 0.1690 0.3480 0.2000 0.2350 0.0480
110      110   (0)      3  : 0.3510 0.0190 0.2380 0.3870 0.0050
111      111   (0)      3  : 0.3530 0.0180 0.2660 0.3550 0.0080
112      112   (0)      3  : 0.3980 0.0900 0.2000 0.3100 0.0020
113      113   (0)      3  : 0.3754 0.0190 0.4625 0.1411 0.0020
114      114   (0)      3  : 0.3570 0.0130 0.2990 0.3280 0.0030
115      115   (0)      3  : 0.2727 0.0579 0.2308 0.4296 0.0090
116      116   (0)      3  : 0.4250 0.0110 0.3550 0.2030 0.0060
117      117   (0)      3  : 0.0010 0.0010 0.0010 0.0010 0.9960
118      118   (0)      3  : 0.3940 0.0090 0.2540 0.3360 0.0070
119      119   (0)      3  : 0.2753 0.0230 0.4044 0.2873 0.0100
120      120   (7)      4  : 0.0010 0.0010 0.0010 0.0010 0.9960
121      121  (12)      4  : 0.4080 0.0130 0.2650 0.3040 0.0100
122      122  (12)      4  : 0.1371 0.0450 0.1321 0.1502 0.5355
123      123   (3)      4  : 0.3490 0.0270 0.3270 0.2950 0.0020
124      124  (12)      4  : 0.2990 0.0670 0.2480 0.3840 0.0020
125      125  (13)      4  : 0.2008 0.0140 0.4106 0.3726 0.0020
126      126   (0)      4  : 0.1271 0.6196 0.1251 0.1241 0.0040
127      127   (3)      4  : 0.2430 0.0280 0.3870 0.3400 0.0020
128      128   (0)      4  : 0.2190 0.0130 0.5170 0.2490 0.0020
129      129   (0)      4  : 0.4000 0.0090 0.3700 0.2150 0.0060
130      130   (9)      4  : 0.3590 0.0030 0.2040 0.4310 0.0030
131      131   (9)      4  : 0.3153 0.0090 0.4505 0.2232 0.0020
132      132  (12)      4  : 0.2997 0.0180 0.2837 0.3876 0.0110
133      133   (0)      5  : 0.0230 0.9260 0.0240 0.0180 0.0090
134      134   (0)      5  : 0.3177 0.0130 0.4835 0.1838 0.0020
135      135   (0)      5  : 0.0260 0.8909 0.0350 0.0300 0.0180
136      136   (0)      6  : 0.2760 0.0060 0.2950 0.4200 0.0030
137      137   (0)      6  : 0.3290 0.0040 0.2430 0.4200 0.0040
138      138   (9)      6  : 0.3470 0.0070 0.2310 0.4110 0.0040
139      139   (0)      6  : 0.2950 0.0050 0.1390 0.5550 0.0060
140      140   (0)      6  : 0.4386 0.0080 0.3966 0.1518 0.0050
141      141   (0)      6  : 0.2940 0.0120 0.1310 0.5600 0.0030
142      142   (0)      6  : 0.4520 0.0110 0.3330 0.1980 0.0060
143      143   (0)      6  : 0.2607 0.0330 0.2208 0.4815 0.0040
144      144  (11)      6  : 0.3010 0.0180 0.2800 0.3980 0.0030
145      145   (0)      6  : 0.2733 0.0380 0.3393 0.3273 0.0220
146      146   (0)      6  : 0.2450 0.0830 0.2840 0.3860 0.0020
147      147   (0)      6  : 0.2328 0.0290 0.3826 0.3536 0.0020
148      148   (4)      6  : 0.3347 0.0220 0.3247 0.3137 0.0050
149      149   (0)      6  : 0.2540 0.0190 0.2100 0.5120 0.0050
150      150   (0)      6  : 0.2860 0.0810 0.2670 0.3620 0.0040
151      151   (0)      6  : 0.4785 0.0050 0.2503 0.2653 0.0010
152      152   (0)      6  : 0.3510 0.0590 0.2440 0.3340 0.0120
153      153   (4)      6  : 0.4600 0.0060 0.2540 0.2790 0.0010
154      154   (5)      6  : 0.4426 0.0090 0.2078 0.3387 0.0020
155      155   (0)      6  : 0.4176 0.0060 0.2737 0.2697 0.0330
156      156   (5)      6  : 0.3390 0.0100 0.1840 0.4610 0.0060
157      157   (0)      6  : 0.2700 0.0080 0.3220 0.3900 0.0100
158      158   (0)      6  : 0.3000 0.0200 0.1410 0.5320 0.0070
159      159  (10)      6  : 0.2657 0.0180 0.2937 0.4186 0.0040
160      160   (0)      6  : 0.3330 0.0080 0.3200 0.3370 0.0020
161      161   (0)      6  : 0.1920 0.0050 0.4830 0.3170 0.0030
162      162   (0)      6  : 0.3540 0.0130 0.4130 0.2180 0.0020
163      163   (5)      6  : 0.4340 0.0370 0.2610 0.2610 0.0070
164      164   (0)      6  : 0.3103 0.1121 0.3594 0.2172 0.0010
165      165   (0)      6  : 0.2398 0.0220 0.3127 0.4216 0.0040
166      166   (0)      6  : 0.1568 0.0360 0.5445 0.2597 0.0030
167      167  (10)      6  : 0.1950 0.0200 0.5610 0.2210 0.0030
168      168   (0)      6  : 0.2060 0.0170 0.5610 0.2130 0.0030
169      169   (0)      6  : 0.4690 0.0040 0.4030 0.1230 0.0010
170      170   (0)      6  : 0.3230 0.0110 0.1660 0.4980 0.0020
171      171   (0)      6  : 0.2272 0.0170 0.5866 0.1662 0.0030
172      172   (0)      6  : 0.4915 0.0090 0.4336 0.0559 0.0100
173      173   (0)      6  : 0.4995 0.0070 0.4326 0.0500 0.0110
174      174   (0)      6  : 0.2560 0.0130 0.4880 0.2270 0.0160
175      175   (0)      6  : 0.3580 0.0100 0.4000 0.2160 0.0160
176      176   (0)      6  : 0.1958 0.0390 0.3696 0.3886 0.0070
177      177   (0)      6  : 0.3197 0.0210 0.4106 0.2458 0.0030
178      178   (2)      6  : 0.2870 0.0130 0.3260 0.3670 0.0070
179      179   (0)      6  : 0.4246 0.0769 0.2827 0.2058 0.0100
180      180   (0)      6  : 0.4010 0.0090 0.2510 0.3360 0.0030
181      181   (0)      6  : 0.3910 0.0180 0.1600 0.4250 0.0060
182      182   (0)      6  : 0.3030 0.0390 0.3270 0.3290 0.0020
183      183   (7)      6  : 0.3520 0.0100 0.3120 0.3230 0.0030
184      184   (0)      6  : 0.3970 0.0140 0.1770 0.4070 0.0050
185      185  (10)      6  : 0.2428 0.0819 0.4446 0.2288 0.0020
186      186   (0)      6  : 0.1000 0.7380 0.0740 0.0780 0.0100
187      187   (8)      6  : 0.2040 0.0110 0.3710 0.3960 0.0180
188      188   (0)      6  : 0.3540 0.0080 0.1900 0.4450 0.0030
189      189   (7)      6  : 0.2553 0.0170 0.4595 0.2653 0.0030
190      190   (0)      6  : 0.4605 0.0030 0.3674 0.1662 0.0030
191      191   (0)      6  : 0.4150 0.0140 0.3380 0.2280 0.0050
192      192   (0)      6  : 0.3040 0.0530 0.1520 0.4890 0.0020
193      193   (0)      6  : 0.2740 0.0070 0.2410 0.4720 0.0060
194      194   (2)      6  : 0.3896 0.0220 0.3167 0.2637 0.0080
195      195   (0)      6  : 0.3483 0.0310 0.3423 0.1041 0.1742
196      196   (0)      6  : 0.2710 0.0990 0.3270 0.2970 0.0060
197      197   (3)      6  : 0.2150 0.0270 0.3200 0.4290 0.0090
198      198   (0)      6  : 0.4186 0.0200 0.1429 0.4156 0.0030
199      199   (0)      6  : 0.3506 0.0060 0.1848 0.4555 0.0030
200      200   (0)      6  : 0.1310 0.4100 0.2590 0.1970 0.0030
201      201   (0)      6  : 0.3487 0.0100 0.2458 0.3846 0.0110
202      202   (0)      6  : 0.3450 0.0580 0.1210 0.4680 0.0080
203      203   (0)      6  : 0.4370 0.0410 0.1900 0.3280 0.0040
204      204  (13)      6  : 0.3000 0.0180 0.1530 0.5230 0.0060
205      205   (0)      6  : 0.3400 0.0150 0.3240 0.3190 0.0020
206      206  (12)      6  : 0.2793 0.0821 0.3644 0.2703 0.0040
207      207   (0)      6  : 0.2867 0.0270 0.3516 0.3297 0.0050
208      208   (0)      6  : 0.2142 0.0060 0.4825 0.2893 0.0080
209      209   (8)      6  : 0.3057 0.0070 0.1658 0.5175 0.0040
210      210   (0)      6  : 0.3030 0.0120 0.1410 0.5320 0.0120
211      211   (0)      6  : 0.1760 0.0070 0.4570 0.3530 0.0070
212      212   (0)      6  : 0.2780 0.0420 0.2640 0.4140 0.0020
213      213   (0)      6  : 0.2930 0.0160 0.2080 0.4810 0.0020
214      214   (0)      6  : 0.4220 0.0150 0.2060 0.3540 0.0030
215      215  (14)      6  : 0.4330 0.0110 0.2010 0.3490 0.0060
216      216   (0)      6  : 0.2472 0.1391 0.2503 0.3524 0.0110
217      217   (0)      6  : 0.3614 0.0150 0.2342 0.3824 0.0070
218      218   (0)      6  : 0.3230 0.0080 0.1570 0.5050 0.0070
219      219  (14)      6  : 0.3017 0.0110 0.1129 0.5704 0.0040
220      220   (0)      6  : 0.3103 0.0731 0.3013 0.3003 0.0150
221      221   (7)      6  : 0.3110 0.0210 0.1840 0.4790 0.0050
222      222   (0)      6  : 0.3157 0.0090 0.4356 0.2358 0.0040
223      223   (0)      6  : 0.3940 0.0390 0.2720 0.2850 0.0100
224      224   (0)      6  : 0.2890 0.0080 0.3290 0.3700 0.0040
225      225   (5)      6  : 0.2907 0.0110 0.3337 0.3596 0.0050
226      226   (0)      6  : 0.2770 0.1250 0.3240 0.2570 0.0170
227      227   (0)      2  : 0.0160 0.9351 0.0200 0.0260 0.0030
228      228   (0)      2  : 0.0070 0.9770 0.0060 0.0080 0.0020
229      229   (0)      2  : 0.0180 0.9271 0.0190 0.0230 0.0130
230      230   (0)      2  : 0.0420 0.8990 0.0270 0.0280 0.0040
231      231   (0)      2  : 0.0200 0.9210 0.0250 0.0320 0.0020
232      232   (0)      2  : 0.0040 0.9800 0.0070 0.0050 0.0040
233      233   (0)      2  : 0.1200 0.5690 0.1630 0.1420 0.0060
234      234   (0)      2  : 0.0030 0.9920 0.0020 0.0020 0.0010
235      235   (0)      2  : 0.0710 0.8230 0.0500 0.0540 0.0020
