1        1   (0)      1  : 0.9835 0.0165
2        2   (1)      1  : 0.9002 0.0998
3        3   (0)      1  : 0.9136 0.0864
4        4  (13)      2  : 0.0232 0.9768
5        5   (0)      2  : 0.0091 0.9909
6        6  (13)      2  : 0.0257 0.9743
7        7   (0)      2  : 0.0207 0.9793
8        8   (0)      2  : 0.0241 0.9759
9        9  (10)      2  : 0.0364 0.9636
10       10   (9)      2  : 0.0459 0.9541
11       11   (0)      2  : 0.0447 0.9553
12       12   (0)      2  : 0.0836 0.9164
13       13   (0)      2  : 0.9780 0.0220
14       14   (0)      2  : 0.0870 0.9130
15       15   (0)      2  : 0.0297 0.9703
16       16   (0)      2  : 0.0108 0.9892
17       17   (0)      2  : 0.0939 0.9061
18       18   (0)      2  : 0.0143 0.9857
19       19   (0)      2  : 0.0203 0.9797
20       20   (0)      2  : 0.0721 0.9279
21       21   (0)      2  : 0.0263 0.9737
22       22   (0)      2  : 0.0436 0.9564
23       23   (0)      2  : 0.2339 0.7661
24       24   (0)      2  : 0.0147 0.9853
25       25   (0)      2  : 0.0439 0.9561
26       26   (0)      2  : 0.0350 0.9650
27       27   (0)      2  : 0.0364 0.9636
28       28   (0)      2  : 0.1411 0.8589
29       29   (9)      2  : 0.0708 0.9292
30       30   (0)      2  : 0.6316 0.3684
31       31   (0)      2  : 0.0430 0.9570
32       32   (0)      2  : 0.0195 0.9805
33       33   (0)      2  : 0.2136 0.7864
34       34   (0)      2  : 0.0311 0.9689
35       35   (0)      2  : 0.0353 0.9647
36       36   (0)      2  : 0.0116 0.9884
37       37   (0)      2  : 0.0306 0.9694
38       38   (0)      2  : 0.5503 0.4497
39       39   (0)      2  : 0.0177 0.9823
40       40   (0)      2  : 0.0188 0.9812
41       41   (0)      2  : 0.0364 0.9636
42       42   (0)      2  : 0.0917 0.9083
43       43   (0)      2  : 0.0237 0.9763
44       44   (5)      2  : 0.0197 0.9803
45       45   (0)      2  : 0.0166 0.9834
46       46   (0)      2  : 0.0561 0.9439
47       47   (0)      2  : 0.0205 0.9795
48       48   (0)      2  : 0.0173 0.9827
49       49   (0)      2  : 0.5688 0.4312
50       50   (0)      2  : 0.0358 0.9642
51       51   (0)      2  : 0.0418 0.9582
52       52   (0)      2  : 0.0459 0.9541
53       53   (0)      2  : 0.1253 0.8747
54       54   (0)      2  : 0.0139 0.9861
55       55   (4)      2  : 0.5056 0.4944
56       56   (0)      2  : 0.1897 0.8103
57       57   (1)      2  : 0.6693 0.3307
58       58   (0)      2  : 0.0380 0.9620
59       59   (0)      2  : 0.0161 0.9839
60       60   (0)      2  : 0.0197 0.9803
61       61   (0)      2  : 0.1419 0.8581
62       62   (0)      2  : 0.0117 0.9883
63       63   (0)      2  : 0.0305 0.9695
64       64   (0)      2  : 0.0291 0.9709
65       65   (0)      2  : 0.2933 0.7067
66       66   (0)      2  : 0.0242 0.9758
67       67   (0)      2  : 0.0341 0.9659
68       68   (0)      2  : 0.0217 0.9783
69       69   (0)      2  : 0.0545 0.9455
70       70   (1)      2  : 0.0155 0.9845
71       71   (0)      3  : 0.8899 0.1101
72       72   (0)      3  : 0.9892 0.0108
73       73   (0)      3  : 0.9848 0.0152
74       74   (0)      3  : 0.8983 0.1017
75       75   (0)      3  : 0.9331 0.0669
76       76   (0)      3  : 0.9751 0.0249
77       77   (0)      3  : 0.9771 0.0229
78       78   (0)      3  : 0.9413 0.0587
79       79   (0)      3  : 0.9111 0.0889
80       80   (8)      3  : 0.9838 0.0162
81       81   (0)      3  : 0.9339 0.0661
82       82   (0)      3  : 0.3170 0.6830
83       83   (0)      3  : 0.8102 0.1898
84       84   (0)      3  : 0.9702 0.0298
85       85   (0)      3  : 0.7640 0.2360
86       86   (0)      3  : 0.9510 0.0490
87       87   (0)      3  : 0.9808 0.0192
88       88   (0)      3  : 0.8649 0.1351
89       89   (0)      3  : 0.8872 0.1128
90       90   (0)      3  : 0.9761 0.0239
91       91   (0)      3  : 0.9179 0.0821
92       92   (0)      3  : 0.9463 0.0537
93       93   (0)      3  : 0.7316 0.2684
94       94   (0)      3  : 0.8664 0.1336
95       95   (0)      3  : 0.9399 0.0601
96       96   (0)      3  : 0.9710 0.0290
97       97   (0)      3  : 0.9886 0.0114
98       98   (0)      3  : 0.5396 0.4604
99       99   (0)      3  : 0.8619 0.1381
100      100   (0)      3  : 0.9806 0.0194
101      101   (0)      3  : 0.9505 0.0495
102      102   (0)      3  : 0.9453 0.0547
103      103   (0)      3  : 0.9607 0.0393
104      104   (0)      3  : 0.9198 0.0802
105      105   (0)      3  : 0.9600 0.0400
106      106   (0)      3  : 0.9456 0.0544
107      107   (0)      3  : 0.9106 0.0894
108      108   (0)      3  : 0.9863 0.0137
109      109   (0)      3  : 0.3344 0.6656
110      110   (0)      3  : 0.9530 0.0470
111      111   (0)      3  : 0.9206 0.0794
112      112   (0)      3  : 0.6947 0.3053
113      113   (0)      3  : 0.9416 0.0584
114      114   (0)      3  : 0.9685 0.0315
115      115   (0)      3  : 0.8571 0.1429
116      116   (0)      3  : 0.9666 0.0334
117      117   (0)      3  : 0.9079 0.0921
118      118   (0)      3  : 0.9729 0.0271
119      119   (0)      3  : 0.9438 0.0562
120      120   (7)      4  : 0.9217 0.0783
121      121  (12)      4  : 0.9697 0.0303
122      122  (12)      4  : 0.9316 0.0684
123      123   (3)      4  : 0.9534 0.0466
124      124  (12)      4  : 0.8638 0.1362
125      125  (13)      4  : 0.9630 0.0370
126      126   (0)      4  : 0.2509 0.7491
127      127   (3)      4  : 0.9052 0.0948
128      128   (0)      4  : 0.9599 0.0401
129      129   (0)      4  : 0.9770 0.0230
130      130   (9)      4  : 0.9891 0.0109
131      131   (9)      4  : 0.9763 0.0237
132      132  (12)      4  : 0.9608 0.0392
133      133   (0)      5  : 0.0465 0.9535
134      134   (0)      5  : 0.9693 0.0307
135      135   (0)      5  : 0.0545 0.9455
136      136   (0)      6  : 0.9730 0.0270
137      137   (0)      6  : 0.9905 0.0095
138      138   (9)      6  : 0.9846 0.0154
139      139   (0)      6  : 0.9864 0.0136
140      140   (0)      6  : 0.9778 0.0222
141      141   (0)      6  : 0.9635 0.0365
142      142   (0)      6  : 0.9684 0.0316
143      143   (0)      6  : 0.9439 0.0561
144      144  (11)      6  : 0.9245 0.0755
145      145   (0)      6  : 0.8946 0.1054
146      146   (0)      6  : 0.6977 0.3023
147      147   (0)      6  : 0.9033 0.0967
148      148   (4)      6  : 0.9441 0.0559
149      149   (0)      6  : 0.9399 0.0601
150      150   (0)      6  : 0.8217 0.1783
151      151   (0)      6  : 0.9818 0.0182
152      152   (0)      6  : 0.8103 0.1897
153      153   (4)      6  : 0.9851 0.0149
154      154   (5)      6  : 0.9757 0.0243
155      155   (0)      6  : 0.9814 0.0186
156      156   (5)      6  : 0.9742 0.0258
157      157   (0)      6  : 0.9746 0.0254
158      158   (0)      6  : 0.9210 0.0790
159      159  (10)      6  : 0.9636 0.0364
160      160   (0)      6  : 0.9718 0.0282
161      161   (0)      6  : 0.9842 0.0158
162      162   (0)      6  : 0.9575 0.0425
163      163   (5)      6  : 0.9209 0.0791
164      164   (0)      6  : 0.6993 0.3007
165      165   (0)      6  : 0.9376 0.0624
166      166   (0)      6  : 0.8761 0.1239
167      167  (10)      6  : 0.9379 0.0621
168      168   (0)      6  : 0.9346 0.0654
169      169   (0)      6  : 0.9886 0.0114
170      170   (0)      6  : 0.9704 0.0296
171      171   (0)      6  : 0.9654 0.0346
172      172   (0)      6  : 0.9749 0.0251
173      173   (0)      6  : 0.9739 0.0261
174      174   (0)      6  : 0.9585 0.0415
175      175   (0)      6  : 0.9771 0.0229
176      176   (0)      6  : 0.9203 0.0797
177      177   (0)      6  : 0.9285 0.0715
178      178   (2)      6  : 0.9694 0.0306
179      179   (0)      6  : 0.8686 0.1314
180      180   (0)      6  : 0.9733 0.0267
181      181   (0)      6  : 0.9569 0.0431
182      182   (0)      6  : 0.9169 0.0831
183      183   (7)      6  : 0.9757 0.0243
184      184   (0)      6  : 0.9546 0.0454
185      185  (10)      6  : 0.8371 0.1629
186      186   (0)      6  : 0.1069 0.8931
187      187   (8)      6  : 0.9740 0.0260
188      188   (0)      6  : 0.9829 0.0171
189      189   (7)      6  : 0.9592 0.0408
190      190   (0)      6  : 0.9879 0.0121
191      191   (0)      6  : 0.9598 0.0402
192      192   (0)      6  : 0.8802 0.1198
193      193   (0)      6  : 0.9810 0.0190
194      194   (2)      6  : 0.9483 0.0517
195      195   (0)      6  : 0.8688 0.1312
196      196   (0)      6  : 0.7662 0.2338
197      197   (3)      6  : 0.9343 0.0657
198      198   (0)      6  : 0.9465 0.0535
199      199   (0)      6  : 0.9847 0.0153
200      200   (0)      6  : 0.3227 0.6773
201      201   (0)      6  : 0.9666 0.0334
202      202   (0)      6  : 0.8409 0.1591
203      203   (0)      6  : 0.9050 0.0950
204      204  (13)      6  : 0.9374 0.0626
205      205   (0)      6  : 0.9580 0.0420
206      206  (12)      6  : 0.8397 0.1603
207      207   (0)      6  : 0.9041 0.0959
208      208   (0)      6  : 0.9846 0.0154
209      209   (8)      6  : 0.9798 0.0202
210      210   (0)      6  : 0.9430 0.0570
211      211   (0)      6  : 0.9769 0.0231
212      212   (0)      6  : 0.9080 0.0920
213      213   (0)      6  : 0.9526 0.0474
214      214   (0)      6  : 0.9514 0.0486
215      215  (14)      6  : 0.9747 0.0253
216      216   (0)      6  : 0.6583 0.3417
217      217   (0)      6  : 0.9736 0.0264
218      218   (0)      6  : 0.9834 0.0166
219      219  (14)      6  : 0.9746 0.0254
220      220   (0)      6  : 0.8323 0.1677
221      221   (7)      6  : 0.9364 0.0636
222      222   (0)      6  : 0.9675 0.0325
223      223   (0)      6  : 0.8969 0.1031
224      224   (0)      6  : 0.9744 0.0256
225      225   (5)      6  : 0.9548 0.0452
226      226   (0)      6  : 0.6958 0.3042
227      227   (0)      2  : 0.0417 0.9583
228      228   (0)      2  : 0.0130 0.9870
229      229   (0)      2  : 0.0395 0.9605
230      230   (0)      2  : 0.0530 0.9470
231      231   (0)      2  : 0.0334 0.9666
232      232   (0)      2  : 0.0114 0.9886
233      233   (0)      2  : 0.1952 0.8048
234      234   (0)      2  : 0.0074 0.9926
235      235   (0)      2  : 0.1020 0.8980
