  1        1   (0)      1 :  0.5058 0.1157 0.0093 0.3692 
  2        2   (1)      1 :  0.4434 0.1568 0.0500 0.3497 
  3        3   (0)      1 :  0.4278 0.1733 0.0445 0.3543 
  4        4  (13)      2 :  0.0197 0.0174 0.9433 0.0196 
  5        5   (0)      2 :  0.0077 0.0073 0.9780 0.0070 
  6        6  (13)      2 :  0.0203 0.0200 0.9399 0.0198 
  7        7   (0)      2 :  0.0163 0.0147 0.9501 0.0189 
  8        8   (0)      2 :  0.0186 0.0277 0.9351 0.0186 
  9        9  (10)      2 :  0.0297 0.0408 0.8972 0.0323 
 10       10   (9)      2 :  0.0369 0.0268 0.9012 0.0351 
 11       11   (0)      2 :  0.0423 0.0294 0.8890 0.0393 
 12       12   (0)      2 :  0.0745 0.0482 0.8169 0.0604 
 13       13   (0)      2 :  0.3875 0.2126 0.0128 0.3871 
 14       14   (0)      2 :  0.1007 0.0651 0.7370 0.0972 
 15       15   (0)      2 :  0.0257 0.0224 0.9260 0.0259 
 16       16   (0)      2 :  0.0083 0.0086 0.9748 0.0083 
 17       17   (0)      2 :  0.0779 0.0558 0.7846 0.0816 
 18       18   (0)      2 :  0.0116 0.0104 0.9664 0.0116 
 19       19   (0)      2 :  0.0176 0.0173 0.9498 0.0153 
 20       20   (0)      2 :  0.0586 0.0486 0.8342 0.0586 
 21       21   (0)      2 :  0.0256 0.0214 0.9261 0.0269 
 22       22   (0)      2 :  0.0328 0.0415 0.8917 0.0340 
 23       23   (0)      2 :  0.1970 0.1068 0.5056 0.1905 
 24       24   (0)      2 :  0.0113 0.0117 0.9663 0.0107 
 25       25   (0)      2 :  0.0389 0.0355 0.8910 0.0346 
 26       26   (0)      2 :  0.0297 0.0309 0.9083 0.0311 
 27       27   (0)      2 :  0.0293 0.0224 0.9189 0.0294 
 28       28   (0)      2 :  0.1259 0.1066 0.6415 0.1259 
 29       29   (9)      2 :  0.0544 0.0368 0.8557 0.0531 
 30       30   (0)      2 :  0.3155 0.2340 0.1899 0.2607 
 31       31   (0)      2 :  0.0504 0.0225 0.8848 0.0423 
 32       32   (0)      2 :  0.0171 0.0128 0.9549 0.0152 
 33       33   (0)      2 :  0.1899 0.0965 0.5038 0.2099 
 34       34   (0)      2 :  0.0301 0.0355 0.9044 0.0300 
 35       35   (0)      2 :  0.0425 0.0379 0.8803 0.0393 
 36       36   (0)      2 :  0.0103 0.0089 0.9720 0.0088 
 37       37   (0)      2 :  0.0313 0.0321 0.9047 0.0319 
 38       38   (0)      2 :  0.2000 0.2758 0.3152 0.2091 
 39       39   (0)      2 :  0.0144 0.0133 0.9578 0.0145 
 40       40   (0)      2 :  0.0187 0.0123 0.9529 0.0161 
 41       41   (0)      2 :  0.0263 0.0442 0.9004 0.0291 
 42       42   (0)      2 :  0.0727 0.0636 0.7946 0.0691 
 43       43   (0)      2 :  0.0229 0.0146 0.9425 0.0200 
 44       44   (5)      2 :  0.0162 0.0169 0.9511 0.0158 
 45       45   (0)      2 :  0.0147 0.0143 0.9577 0.0133 
 46       46   (0)      2 :  0.0437 0.0398 0.8788 0.0377 
 47       47   (0)      2 :  0.0150 0.0200 0.9487 0.0163 
 48       48   (0)      2 :  0.0146 0.0104 0.9613 0.0137 
 49       49   (0)      2 :  0.2959 0.2575 0.2124 0.2343 
 50       50   (0)      2 :  0.0321 0.0229 0.9166 0.0284 
 51       51   (0)      2 :  0.0334 0.0292 0.9066 0.0308 
 52       52   (0)      2 :  0.0462 0.0313 0.8844 0.0381 
 53       53   (0)      2 :  0.1083 0.0768 0.7317 0.0832 
 54       54   (0)      2 :  0.0141 0.0110 0.9626 0.0123 
 55       55   (4)      2 :  0.2722 0.1788 0.3351 0.2140 
 56       56   (0)      2 :  0.2285 0.1308 0.4607 0.1800 
 57       57   (1)      2 :  0.1575 0.4687 0.1840 0.1898 
 58       58   (0)      2 :  0.0445 0.0307 0.8894 0.0354 
 59       59   (0)      2 :  0.0144 0.0132 0.9598 0.0126 
 60       60   (0)      2 :  0.0201 0.0212 0.9406 0.0181 
 61       61   (0)      2 :  0.1077 0.1197 0.6801 0.0925 
 62       62   (0)      2 :  0.0086 0.0094 0.9735 0.0085 
 63       63   (0)      2 :  0.0256 0.0270 0.9187 0.0287 
 64       64   (0)      2 :  0.0293 0.0180 0.9254 0.0273 
 65       65   (0)      2 :  0.2079 0.1786 0.4047 0.2087 
 66       66   (0)      2 :  0.0219 0.0199 0.9380 0.0202 
 67       67   (0)      2 :  0.0319 0.0326 0.9073 0.0282 
 68       68   (0)      2 :  0.0167 0.0149 0.9504 0.0180 
 69       69   (0)      2 :  0.0457 0.0313 0.8789 0.0441 
 70       70   (1)      2 :  0.0121 0.0121 0.9642 0.0116 
 71       71   (0)      3 :  0.3789 0.1887 0.0448 0.3876 
 72       72   (0)      3 :  0.3214 0.2539 0.0075 0.4172 
 73       73   (0)      3 :  0.3360 0.2752 0.0100 0.3789 
 74       74   (0)      3 :  0.4949 0.1337 0.0607 0.3107 
 75       75   (0)      3 :  0.3803 0.2302 0.0449 0.3445 
 76       76   (0)      3 :  0.2385 0.4359 0.0173 0.3083 
 77       77   (0)      3 :  0.1596 0.6310 0.0109 0.1986 
 78       78   (0)      3 :  0.1386 0.6538 0.0258 0.1818 
 79       79   (0)      3 :  0.2839 0.3848 0.0532 0.2780 
 80       80   (8)      3 :  0.2180 0.5629 0.0094 0.2098 
 81       81   (0)      3 :  0.4243 0.2070 0.0286 0.3401 
 82       82   (0)      3 :  0.2731 0.0978 0.4071 0.2221 
 83       83   (0)      3 :  0.2694 0.3714 0.1009 0.2584 
 84       84   (0)      3 :  0.4354 0.1653 0.0161 0.3832 
 85       85   (0)      3 :  0.1902 0.5123 0.1080 0.1895 
 86       86   (0)      3 :  0.2051 0.5032 0.0257 0.2661 
 87       87   (0)      3 :  0.2215 0.5036 0.0101 0.2647 
 88       88   (0)      3 :  0.2954 0.3521 0.0655 0.2869 
 89       89   (0)      3 :  0.3445 0.1978 0.0529 0.4049 
 90       90   (0)      3 :  0.2029 0.5380 0.0153 0.2438 
 91       91   (0)      3 :  0.4439 0.2330 0.0449 0.2783 
 92       92   (0)      3 :  0.3079 0.3702 0.0359 0.2860 
 93       93   (0)      3 :  0.2784 0.2614 0.1715 0.2886 
 94       94   (0)      3 :  0.2488 0.3833 0.0759 0.2919 
 95       95   (0)      3 :  0.3860 0.1902 0.0316 0.3922 
 96       96   (0)      3 :  0.3123 0.4269 0.0185 0.2423 
 97       97   (0)      3 :  0.2605 0.3972 0.0071 0.3351 
 98       98   (0)      3 :  0.2564 0.2090 0.2651 0.2696 
 99       99   (0)      3 :  0.3467 0.2408 0.0666 0.3459 
100      100   (0)      3 :  0.2650 0.3983 0.0116 0.3251 
101      101   (0)      3 :  0.3632 0.3006 0.0279 0.3083 
102      102   (0)      3 :  0.3322 0.3198 0.0387 0.3094 
103      103   (0)      3 :  0.2821 0.4088 0.0236 0.2856 
104      104   (0)      3 :  0.2896 0.3891 0.0447 0.2767 
105      105   (0)      3 :  0.3395 0.2745 0.0220 0.3641 
106      106   (0)      3 :  0.2448 0.4544 0.0275 0.2733 
107      107   (0)      3 :  0.4727 0.1489 0.0465 0.3320 
108      108   (0)      3 :  0.2942 0.4064 0.0083 0.2911 
109      109   (0)      3 :  0.1975 0.2178 0.3307 0.2539 
110      110   (0)      3 :  0.4200 0.1662 0.0283 0.3856 
111      111   (0)      3 :  0.2553 0.4544 0.0340 0.2563 
112      112   (0)      3 :  0.2560 0.3385 0.1444 0.2611 
113      113   (0)      3 :  0.2694 0.4778 0.0286 0.2241 
114      114   (0)      3 :  0.4203 0.1820 0.0199 0.3777 
115      115   (0)      3 :  0.3127 0.2537 0.0761 0.3575 
116      116   (0)      3 :  0.2285 0.4832 0.0199 0.2683 
117      117   (0)      3 :  0.2163 0.3720 0.0217 0.3900 
118      118   (0)      3 :  0.3133 0.2883 0.0154 0.3830 
119      119   (0)      3 :  0.2664 0.4242 0.0306 0.2787 
120      120   (7)      4 :  0.2168 0.3729 0.0183 0.3920 
121      121  (12)      4 :  0.2641 0.4672 0.0181 0.2506 
122      122  (12)      4 :  0.2378 0.3531 0.0284 0.3807 
123      123   (3)      4 :  0.2593 0.3850 0.0293 0.3264 
124      124  (12)      4 :  0.3356 0.2591 0.0872 0.3182 
125      125  (13)      4 :  0.3006 0.3150 0.0203 0.3642 
126      126   (0)      4 :  0.1473 0.1325 0.5690 0.1511 
127      127   (3)      4 :  0.2563 0.3841 0.0388 0.3209 
128      128   (0)      4 :  0.3581 0.3392 0.0221 0.2806 
129      129   (0)      4 :  0.2222 0.5232 0.0131 0.2416 
130      130   (9)      4 :  0.3210 0.2549 0.0065 0.4176 
131      131   (9)      4 :  0.2620 0.4392 0.0127 0.2861 
132      132  (12)      4 :  0.3436 0.2537 0.0264 0.3763 
133      133   (0)      5 :  0.0316 0.0379 0.8973 0.0332 
134      134   (0)      5 :  0.2625 0.4978 0.0159 0.2238 
135      135   (0)      5 :  0.0551 0.0407 0.8575 0.0467 
136      136   (0)      6 :  0.3486 0.2632 0.0150 0.3733 
137      137   (0)      6 :  0.3022 0.2893 0.0057 0.4029 
138      138   (9)      6 :  0.3135 0.3053 0.0097 0.3715 
139      139   (0)      6 :  0.3482 0.1855 0.0087 0.4576 
140      140   (0)      6 :  0.2436 0.5264 0.0137 0.2163 
141      141   (0)      6 :  0.3997 0.1635 0.0180 0.4188 
142      142   (0)      6 :  0.2731 0.4330 0.0214 0.2724 
143      143   (0)      6 :  0.3982 0.1720 0.0353 0.3945 
144      144  (11)      6 :  0.4517 0.1646 0.0334 0.3503 
145      145   (0)      6 :  0.3164 0.3059 0.0543 0.3234 
146      146   (0)      6 :  0.3980 0.1659 0.1066 0.3296 
147      147   (0)      6 :  0.4088 0.2126 0.0435 0.3350 
148      148   (4)      6 :  0.3735 0.2586 0.0341 0.3337 
149      149   (0)      6 :  0.4118 0.1649 0.0258 0.3975 
150      150   (0)      6 :  0.4204 0.1409 0.0936 0.3450 
151      151   (0)      6 :  0.2753 0.5037 0.0098 0.2112 
152      152   (0)      6 :  0.2186 0.4668 0.0889 0.2257 
153      153   (4)      6 :  0.2730 0.5027 0.0080 0.2162 
154      154   (5)      6 :  0.3310 0.4225 0.0152 0.2313 
155      155   (0)      6 :  0.2647 0.4229 0.0128 0.2997 
156      156   (5)      6 :  0.3142 0.3508 0.0156 0.3193 
157      157   (0)      6 :  0.4044 0.1879 0.0140 0.3937 
158      158   (0)      6 :  0.3560 0.1871 0.0331 0.4238 
159      159  (10)      6 :  0.4036 0.2073 0.0243 0.3647 
160      160   (0)      6 :  0.3098 0.3590 0.0170 0.3143 
161      161   (0)      6 :  0.2741 0.4009 0.0080 0.3170 
162      162   (0)      6 :  0.3523 0.3038 0.0229 0.3209 
163      163   (5)      6 :  0.3168 0.3233 0.0484 0.3115 
164      164   (0)      6 :  0.4414 0.1410 0.1315 0.2861 
165      165   (0)      6 :  0.4293 0.1609 0.0305 0.3793 
166      166   (0)      6 :  0.3915 0.2842 0.0535 0.2709 
167      167  (10)      6 :  0.4634 0.1651 0.0298 0.3417 
168      168   (0)      6 :  0.4560 0.1766 0.0287 0.3386 
169      169   (0)      6 :  0.2552 0.4966 0.0074 0.2408 
170      170   (0)      6 :  0.3678 0.2026 0.0199 0.4098 
171      171   (0)      6 :  0.3590 0.3438 0.0226 0.2746 
172      172   (0)      6 :  0.1108 0.6944 0.0103 0.1845 
173      173   (0)      6 :  0.1108 0.6909 0.0115 0.1868 
174      174   (0)      6 :  0.2873 0.3500 0.0224 0.3403 
175      175   (0)      6 :  0.2132 0.5531 0.0154 0.2184 
176      176   (0)      6 :  0.3768 0.2284 0.0503 0.3445 
177      177   (0)      6 :  0.3582 0.3070 0.0389 0.2959 
178      178   (2)      6 :  0.3449 0.2800 0.0194 0.3558 
179      179   (0)      6 :  0.2204 0.4489 0.0764 0.2542 
180      180   (0)      6 :  0.3045 0.3220 0.0183 0.3552 
181      181   (0)      6 :  0.3601 0.2388 0.0217 0.3795 
182      182   (0)      6 :  0.3892 0.1973 0.0530 0.3605 
183      183   (7)      6 :  0.3492 0.2991 0.0162 0.3355 
184      184   (0)      6 :  0.3375 0.2599 0.0263 0.3763 
185      185  (10)      6 :  0.4407 0.1587 0.1017 0.2990 
186      186   (0)      6 :  0.1073 0.0763 0.7145 0.1018 
187      187   (8)      6 :  0.3795 0.2433 0.0172 0.3600 
188      188   (0)      6 :  0.3881 0.2187 0.0110 0.3822 
189      189   (7)      6 :  0.4808 0.1648 0.0243 0.3301 
190      190   (0)      6 :  0.1855 0.5833 0.0073 0.2239 
191      191   (0)      6 :  0.1880 0.5713 0.0211 0.2196 
192      192   (0)      6 :  0.3455 0.1788 0.0691 0.4066 
193      193   (0)      6 :  0.3978 0.2028 0.0114 0.3880 
194      194   (2)      6 :  0.2314 0.5027 0.0312 0.2347 
195      195   (0)      6 :  0.1783 0.5501 0.0415 0.2301 
196      196   (0)      6 :  0.2889 0.2852 0.1408 0.2850 
197      197   (3)      6 :  0.3521 0.2290 0.0342 0.3846 
198      198   (0)      6 :  0.3531 0.2711 0.0308 0.3450 
199      199   (0)      6 :  0.2986 0.2520 0.0095 0.4399 
200      200   (0)      6 :  0.2848 0.0943 0.4115 0.2093 
201      201   (0)      6 :  0.3733 0.2662 0.0189 0.3417 
202      202   (0)      6 :  0.3281 0.2298 0.0837 0.3584 
203      203   (0)      6 :  0.3030 0.3404 0.0600 0.2966 
204      204  (13)      6 :  0.4052 0.1726 0.0321 0.3901 
205      205   (0)      6 :  0.3283 0.3842 0.0266 0.2610 
206      206  (12)      6 :  0.4114 0.1925 0.0956 0.3005 
207      207   (0)      6 :  0.3581 0.2050 0.0484 0.3885 
208      208   (0)      6 :  0.4003 0.2566 0.0089 0.3342 
209      209   (8)      6 :  0.4000 0.1879 0.0120 0.4001 
210      210   (0)      6 :  0.3871 0.1864 0.0228 0.4037 
211      211   (0)      6 :  0.4088 0.2458 0.0129 0.3325 
212      212   (0)      6 :  0.4078 0.1889 0.0566 0.3466 
213      213   (0)      6 :  0.4047 0.1702 0.0271 0.3980 
214      214   (0)      6 :  0.3151 0.3293 0.0266 0.3290 
215      215  (14)      6 :  0.3473 0.2906 0.0162 0.3460 
216      216   (0)      6 :  0.3354 0.2138 0.1668 0.2840 
217      217   (0)      6 :  0.3439 0.2087 0.0168 0.4306 
218      218   (0)      6 :  0.3408 0.2117 0.0104 0.4371 
219      219  (14)      6 :  0.3656 0.2174 0.0160 0.4010 
220      220   (0)      6 :  0.3331 0.2671 0.0937 0.3061 
221      221   (7)      6 :  0.4181 0.1712 0.0288 0.3819 
222      222   (0)      6 :  0.5128 0.1542 0.0160 0.3171 
223      223   (0)      6 :  0.2482 0.3787 0.0501 0.3230 
224      224   (0)      6 :  0.4128 0.2086 0.0115 0.3670 
225      225   (5)      6 :  0.4173 0.2018 0.0185 0.3625 
226      226   (0)      6 :  0.3513 0.1952 0.1327 0.3207 
227      227   (0)      2 :  0.0311 0.0277 0.9112 0.0300 
228      228   (0)      2 :  0.0089 0.0090 0.9725 0.0096 
229      229   (0)      2 :  0.0286 0.0330 0.9087 0.0297 
230      230   (0)      2 :  0.0459 0.0430 0.8701 0.0410 
231      231   (0)      2 :  0.0363 0.0270 0.9002 0.0364 
232      232   (0)      2 :  0.0088 0.0094 0.9728 0.0090 
233      233   (0)      2 :  0.1662 0.1135 0.5631 0.1573 
234      234   (0)      2 :  0.0059 0.0054 0.9836 0.0051 
235      235   (0)      2 :  0.0757 0.0673 0.7918 0.0653 
