1        1   (0)      1  : 0.1591 0.0100 0.8309
2        2   (1)      1  : 0.2255 0.1721 0.6024
3        3   (0)      1  : 0.2219 0.0521 0.7260
4        4   (0)      2  : 0.0663 0.8200 0.1137
5        5   (0)      2  : 0.4746 0.0169 0.5085
6        6   (0)      2  : 0.0603 0.8199 0.1199
7        7   (0)      2  : 0.0246 0.9477 0.0277
8        8   (0)      2  : 0.0094 0.9806 0.0100
9        9   (0)      2  : 0.0714 0.8712 0.0574
10       10   (0)      2  : 0.0120 0.9731 0.0149
11       11   (0)      2  : 0.0156 0.9604 0.0240
12       12   (0)      2  : 0.0476 0.8860 0.0664
13       13   (0)      2  : 0.0223 0.9560 0.0217
14       14   (0)      2  : 0.0396 0.9169 0.0436
15       15   (0)      2  : 0.1355 0.6679 0.1966
16       16   (0)      2  : 0.0150 0.9696 0.0154
17       17   (0)      2  : 0.0650 0.8720 0.0630
18       18   (0)      2  : 0.0282 0.9450 0.0269
19       19   (0)      2  : 0.0266 0.9374 0.0360
20       20   (0)      2  : 0.0969 0.7402 0.1629
21       21   (9)      2  : 0.0449 0.8934 0.0617
22       22   (0)      2  : 0.3004 0.2659 0.4337
23       23   (0)      2  : 0.0206 0.9316 0.0479
24       24   (0)      2  : 0.0116 0.9734 0.0150
25       25   (0)      2  : 0.1340 0.6780 0.1880
26       26   (0)      2  : 0.0251 0.9477 0.0271
27       27   (0)      2  : 0.0367 0.9162 0.0470
28       28   (0)      2  : 0.0096 0.9790 0.0114
29       29   (0)      2  : 0.0339 0.9284 0.0377
30       30   (0)      2  : 0.4554 0.3455 0.1991
31       31   (0)      2  : 0.0140 0.9706 0.0154
32       32   (0)      2  : 0.0173 0.9583 0.0244
33       33   (0)      2  : 0.0297 0.9406 0.0297
34       34   (0)      2  : 0.0759 0.8125 0.1116
35       35   (0)      2  : 0.0213 0.9497 0.0290
36       36   (5)      2  : 0.0169 0.9686 0.0146
37       37   (0)      2  : 0.0153 0.9691 0.0156
38       38   (0)      2  : 0.0479 0.9061 0.0460
39       39   (0)      2  : 0.0190 0.9654 0.0156
40       40   (0)      2  : 0.0144 0.9684 0.0171
41       41   (0)      2  : 0.2149 0.4426 0.3426
42       42   (0)      2  : 0.0229 0.9507 0.0264
43       43   (0)      2  : 0.0527 0.8837 0.0636
44       44   (0)      2  : 0.0364 0.8977 0.0658
45       45   (0)      2  : 0.0719 0.8347 0.0934
46       46   (0)      2  : 0.0116 0.9733 0.0151
47       47   (4)      2  : 0.2478 0.3129 0.4393
48       48   (0)      2  : 0.1050 0.6640 0.2311
49       49   (1)      2  : 0.5345 0.2444 0.2211
50       50   (0)      2  : 0.0360 0.9079 0.0561
51       51   (0)      2  : 0.0139 0.9703 0.0159
52       52   (0)      2  : 0.0209 0.9571 0.0220
53       53   (0)      2  : 0.1905 0.6448 0.1647
54       54   (0)      2  : 0.0099 0.9806 0.0096
55       55   (0)      2  : 0.0257 0.9504 0.0239
56       56   (0)      2  : 0.0301 0.9253 0.0446
57       57   (0)      2  : 0.2854 0.4486 0.2660
58       58   (0)      2  : 0.0220 0.9547 0.0233
59       59   (0)      2  : 0.0323 0.9359 0.0319
60       60   (0)      2  : 0.0171 0.9656 0.0173
61       61   (0)      2  : 0.0431 0.8810 0.0759
62       62   (1)      2  : 0.0124 0.9743 0.0133
63       63   (0)      3  : 0.2592 0.0596 0.6812
64       64   (0)      3  : 0.6882 0.0091 0.3027
65       65   (0)      3  : 0.5297 0.0137 0.4566
66       66   (0)      3  : 0.1358 0.0784 0.7857
67       67   (0)      3  : 0.4332 0.0504 0.5164
68       68   (0)      3  : 0.7290 0.0200 0.2510
69       69   (0)      3  : 0.7876 0.0166 0.1958
70       70   (0)      3  : 0.7721 0.0471 0.1807
71       71   (0)      3  : 0.5740 0.0817 0.3442
72       72   (8)      3  : 0.6253 0.0124 0.3622
73       73   (0)      3  : 0.3193 0.0426 0.6381
74       74   (0)      3  : 0.1303 0.4566 0.4131
75       75   (0)      3  : 0.5248 0.1535 0.3217
76       76   (0)      3  : 0.3338 0.0226 0.6437
77       77   (0)      3  : 0.6773 0.1003 0.2223
78       78   (0)      3  : 0.7040 0.0321 0.2639
79       79   (0)      3  : 0.6037 0.0123 0.3840
80       80   (0)      3  : 0.5039 0.0946 0.4015
81       81   (0)      3  : 0.4939 0.0642 0.4419
82       82   (0)      3  : 0.7640 0.0169 0.2192
83       83   (0)      3  : 0.1899 0.0531 0.7570
84       84   (0)      3  : 0.5012 0.0457 0.4531
85       85   (0)      3  : 0.4620 0.1667 0.3713
86       86   (0)      3  : 0.5828 0.1021 0.3151
87       87   (0)      3  : 0.3537 0.0456 0.6008
88       88   (0)      3  : 0.6133 0.0194 0.3673
89       89   (0)      3  : 0.6380 0.0087 0.3533
90       90   (0)      3  : 0.2998 0.4122 0.2880
91       91   (0)      3  : 0.4217 0.0849 0.4934
92       92   (0)      3  : 0.6954 0.0143 0.2903
93       93   (0)      3  : 0.3594 0.0330 0.6076
94       94   (0)      3  : 0.4361 0.0447 0.5192
95       95   (0)      3  : 0.6977 0.0449 0.2574
96       96   (0)      3  : 0.5735 0.0618 0.3647
97       97   (0)      3  : 0.5418 0.0406 0.4176
98       98   (0)      3  : 0.6661 0.0390 0.2949
99       99   (0)      3  : 0.1549 0.0506 0.7946
100      100   (0)      3  : 0.6356 0.0107 0.3537
101      101   (0)      3  : 0.2047 0.6078 0.1875
102      102   (0)      3  : 0.2854 0.0309 0.6837
103      103   (0)      3  : 0.7339 0.0409 0.2252
104      104   (0)      3  : 0.5291 0.1900 0.2809
105      105   (0)      3  : 0.5565 0.0433 0.4002
106      106   (0)      3  : 0.3175 0.0297 0.6528
107      107   (0)      3  : 0.4545 0.0868 0.4586
108      108   (0)      3  : 0.6380 0.0280 0.3340
109      109   (0)      3  : 0.5339 0.0303 0.4358
110      110   (0)      3  : 0.6025 0.0234 0.3741
111      111   (0)      3  : 0.4971 0.0393 0.4636
112      112   (7)      4  : 0.5346 0.0282 0.4372
113      113  (12)      4  : 0.6987 0.0244 0.2768
114      114  (12)      4  : 0.5155 0.0344 0.4500
115      115   (3)      4  : 0.7122 0.0319 0.2559
116      116  (12)      4  : 0.5053 0.0976 0.3971
117      117  (13)      4  : 0.5052 0.0287 0.4661
118      118   (0)      4  : 0.2279 0.5579 0.2142
119      119   (3)      4  : 0.5459 0.0809 0.3733
120      120   (0)      4  : 0.3874 0.0296 0.5831
121      121   (0)      4  : 0.7807 0.0141 0.2052
122      122   (9)      4  : 0.6142 0.0086 0.3772
123      123   (9)      4  : 0.6833 0.0144 0.3023
124      124  (12)      4  : 0.5776 0.0343 0.3881
125      125   (0)      5  : 0.0446 0.9161 0.0393
126      126   (0)      5  : 0.5497 0.0286 0.4217
127      127   (0)      5  : 0.0343 0.9043 0.0614
128      128   (0)      6  : 0.5567 0.0236 0.4197
129      129   (0)      6  : 0.6662 0.0077 0.3261
130      130   (9)      6  : 0.7018 0.0121 0.2861
131      131   (0)      6  : 0.4871 0.0110 0.5019
132      132   (0)      6  : 0.7510 0.0209 0.2281
133      133   (0)      6  : 0.2377 0.0231 0.7392
134      134   (0)      6  : 0.5831 0.0297 0.3872
135      135   (0)      6  : 0.2664 0.0384 0.6952
136      136  (11)      6  : 0.2327 0.0634 0.7039
137      137   (0)      6  : 0.4948 0.0619 0.4433
138      138   (0)      6  : 0.2650 0.2109 0.5241
139      139   (0)      6  : 0.3358 0.0880 0.5763
140      140   (4)      6  : 0.4554 0.0329 0.5118
141      141   (0)      6  : 0.3175 0.0417 0.6408
142      142   (0)      6  : 0.2764 0.0947 0.6289
143      143   (0)      6  : 0.6408 0.0130 0.3462
144      144   (0)      6  : 0.6432 0.0919 0.2649
145      145   (4)      6  : 0.6486 0.0103 0.3411
146      146   (5)      6  : 0.4602 0.0210 0.5188
147      147   (0)      6  : 0.7181 0.0134 0.2685
148      148   (5)      6  : 0.5361 0.0250 0.4389
149      149   (0)      6  : 0.2692 0.0183 0.7125
150      150   (0)      6  : 0.3568 0.0431 0.6001
151      151  (10)      6  : 0.2669 0.0350 0.6981
152      152   (0)      6  : 0.6933 0.0207 0.2860
153      153   (0)      6  : 0.6108 0.0130 0.3762
154      154   (0)      6  : 0.4504 0.0340 0.5156
155      155   (5)      6  : 0.5771 0.0668 0.3561
156      156   (0)      6  : 0.1279 0.1676 0.7045
157      157   (0)      6  : 0.2525 0.0438 0.7036
158      158   (0)      6  : 0.2688 0.0693 0.6619
159      159  (10)      6  : 0.1823 0.0339 0.7838
160      160   (0)      6  : 0.2048 0.0353 0.7599
161      161   (0)      6  : 0.7718 0.0084 0.2197
162      162   (0)      6  : 0.4136 0.0226 0.5638
163      163   (0)      6  : 0.4671 0.0290 0.5039
164      164   (0)      6  : 0.8481 0.0164 0.1354
165      165   (0)      6  : 0.8498 0.0167 0.1334
166      166   (0)      6  : 0.5093 0.0406 0.4501
167      167   (0)      6  : 0.6425 0.0196 0.3380
168      168   (0)      6  : 0.3648 0.0616 0.5736
169      169   (0)      6  : 0.4994 0.0544 0.4462
170      170   (2)      6  : 0.4871 0.0259 0.4870
171      171   (0)      6  : 0.6721 0.1080 0.2199
172      172   (0)      6  : 0.6643 0.0236 0.3121
173      173   (0)      6  : 0.5743 0.0374 0.3883
174      174   (0)      6  : 0.4051 0.0602 0.5347
175      175   (7)      6  : 0.6232 0.0204 0.3564
176      176   (0)      6  : 0.6215 0.0331 0.3453
177      177  (10)      6  : 0.1880 0.1196 0.6923
178      178   (0)      6  : 0.1169 0.7652 0.1179
179      179   (8)      6  : 0.4225 0.0277 0.5498
180      180   (0)      6  : 0.5036 0.0136 0.4828
181      181   (7)      6  : 0.1871 0.0270 0.7859
182      182   (0)      6  : 0.8429 0.0093 0.1478
183      183   (0)      6  : 0.7840 0.0300 0.1860
184      184   (0)      6  : 0.5122 0.0804 0.4074
185      185   (0)      6  : 0.3477 0.0170 0.6352
186      186   (2)      6  : 0.7322 0.0301 0.2377
187      187   (0)      6  : 0.6863 0.0923 0.2214
188      188   (0)      6  : 0.3890 0.1479 0.4631
189      189   (3)      6  : 0.5506 0.0493 0.4001
190      190   (0)      6  : 0.5417 0.0383 0.4200
191      191   (0)      6  : 0.6654 0.0110 0.3236
192      192   (0)      6  : 0.1061 0.5025 0.3914
193      193   (0)      6  : 0.3719 0.0234 0.6047
194      194   (0)      6  : 0.4194 0.0887 0.4919
195      195   (0)      6  : 0.4950 0.0777 0.4273
196      196  (13)      6  : 0.1740 0.0408 0.7852
197      197   (0)      6  : 0.3919 0.0321 0.5760
198      198  (12)      6  : 0.1917 0.0987 0.7096
199      199   (0)      6  : 0.3932 0.0607 0.5461
200      200   (0)      6  : 0.3614 0.0116 0.6271
201      201   (8)      6  : 0.2128 0.0164 0.7707
202      202   (0)      6  : 0.1965 0.0414 0.7621
203      203   (0)      6  : 0.1820 0.0169 0.8011
204      204   (0)      6  : 0.2537 0.0900 0.6563
205      205   (0)      6  : 0.3402 0.0397 0.6201
206      206   (0)      6  : 0.6372 0.0407 0.3220
207      207  (14)      6  : 0.6280 0.0241 0.3479
208      208   (0)      6  : 0.3470 0.1544 0.4985
209      209   (0)      6  : 0.5328 0.0213 0.4459
210      210   (0)      6  : 0.6061 0.0141 0.3797
211      211  (14)      6  : 0.4652 0.0199 0.5149
212      212   (0)      6  : 0.2593 0.1152 0.6255
213      213   (7)      6  : 0.1476 0.0471 0.8052
214      214   (0)      6  : 0.1484 0.0210 0.8306
215      215   (0)      6  : 0.6714 0.0642 0.2645
216      216   (0)      6  : 0.2104 0.0166 0.7730
217      217   (5)      6  : 0.2014 0.0267 0.7719
218      218   (0)      6  : 0.2512 0.1009 0.6480
219      219   (0)      2  : 0.0344 0.9246 0.0410
220      220   (0)      2  : 0.0110 0.9784 0.0106
221      221   (0)      2  : 0.0324 0.9350 0.0326
222      222   (0)      2  : 0.0652 0.8758 0.0590
223      223   (0)      2  : 0.0304 0.9347 0.0349
224      224   (0)      2  : 0.0111 0.9777 0.0111
225      225   (0)      2  : 0.1007 0.7142 0.1850
226      226   (0)      2  : 0.0060 0.9884 0.0056
227      227   (0)      2  : 0.0791 0.8349 0.0860
