  1        1   (0)      1 :  0.3872 0.0218 0.0857 0.2396 0.2603 0.0053 
  2        2   (1)      1 :  0.3531 0.0026 0.1074 0.1893 0.2688 0.0788 
  3        3   (0)      1 :  0.3386 0.0083 0.0975 0.2499 0.2763 0.0294 
  4        4   (0)      2 :  0.0830 0.0022 0.0420 0.0685 0.0587 0.7456 
  5        5   (0)      2 :  0.3040 0.0047 0.1437 0.1981 0.3409 0.0085 
  6        6   (0)      2 :  0.0749 0.0090 0.0414 0.0693 0.0611 0.7444 
  7        7   (0)      2 :  0.0217 0.0048 0.0133 0.0146 0.0179 0.9277 
  8        8   (0)      2 :  0.0062 0.0052 0.0050 0.0055 0.0058 0.9723 
  9        9   (0)      2 :  0.0496 0.0020 0.0400 0.0337 0.0512 0.8234 
 10       10   (0)      2 :  0.0089 0.0030 0.0074 0.0083 0.0103 0.9621 
 11       11   (0)      2 :  0.0134 0.0041 0.0107 0.0143 0.0128 0.9447 
 12       12   (0)      2 :  0.0148 0.1748 0.0120 0.0111 0.0160 0.7713 
 13       13   (0)      2 :  0.0160 0.0055 0.0129 0.0160 0.0152 0.9344 
 14       14   (0)      2 :  0.0329 0.0110 0.0292 0.0226 0.0279 0.8764 
 15       15   (0)      2 :  0.2086 0.0036 0.0727 0.1091 0.1882 0.4177 
 16       16   (0)      2 :  0.0094 0.0048 0.0097 0.0095 0.0102 0.9564 
 17       17   (0)      2 :  0.0719 0.0057 0.0465 0.0358 0.0623 0.7777 
 18       18   (0)      2 :  0.0175 0.0113 0.0163 0.0167 0.0153 0.9229 
 19       19   (0)      2 :  0.0191 0.0314 0.0108 0.0228 0.0194 0.8965 
 20       20   (0)      2 :  0.1058 0.0132 0.0630 0.0697 0.0817 0.6665 
 21       21   (9)      2 :  0.0404 0.0028 0.0268 0.0285 0.0357 0.8658 
 22       22   (0)      2 :  0.2602 0.0019 0.1729 0.1901 0.2226 0.1522 
 23       23   (0)      2 :  0.0294 0.0021 0.0118 0.0276 0.0229 0.9062 
 24       24   (0)      2 :  0.0088 0.0069 0.0063 0.0100 0.0081 0.9599 
 25       25   (0)      2 :  0.1712 0.0355 0.0614 0.0853 0.1631 0.4834 
 26       26   (0)      2 :  0.0182 0.0085 0.0170 0.0140 0.0178 0.9245 
 27       27   (0)      2 :  0.0239 0.1715 0.0182 0.0191 0.0238 0.7435 
 28       28   (0)      2 :  0.0072 0.0029 0.0063 0.0058 0.0062 0.9716 
 29       29   (0)      2 :  0.0301 0.0072 0.0251 0.0221 0.0279 0.8876 
 30       30   (0)      2 :  0.1616 0.0028 0.3065 0.1011 0.1700 0.2580 
 31       31   (0)      2 :  0.0093 0.0026 0.0066 0.0075 0.0087 0.9653 
 32       32   (0)      2 :  0.0591 0.0017 0.0154 0.0259 0.0709 0.8271 
 33       33   (0)      2 :  0.0175 0.0452 0.0181 0.0150 0.0169 0.8873 
 34       34   (0)      2 :  0.0835 0.0020 0.0460 0.2382 0.0547 0.5756 
 35       35   (0)      2 :  0.0614 0.0017 0.0179 0.0293 0.0762 0.8135 
 36       36   (5)      2 :  0.0088 0.0032 0.0095 0.0086 0.0090 0.9609 
 37       37   (0)      2 :  0.0103 0.0148 0.0088 0.0096 0.0100 0.9465 
 38       38   (0)      2 :  0.0301 0.0016 0.0326 0.0234 0.0306 0.8817 
 39       39   (0)      2 :  0.0090 0.0027 0.0122 0.0087 0.0097 0.9577 
 40       40   (0)      2 :  0.0098 0.0020 0.0077 0.0106 0.0093 0.9606 
 41       41   (0)      2 :  0.2198 0.0080 0.1656 0.1547 0.1696 0.2823 
 42       42   (0)      2 :  0.0225 0.0020 0.0130 0.0179 0.0150 0.9296 
 43       43   (0)      2 :  0.0506 0.0021 0.0445 0.0307 0.0497 0.8224 
 44       44   (0)      2 :  0.0530 0.0044 0.0222 0.1870 0.0301 0.7033 
 45       45   (0)      2 :  0.0659 0.0032 0.0538 0.0559 0.0919 0.7293 
 46       46   (0)      2 :  0.0101 0.0035 0.0066 0.0082 0.0117 0.9599 
 47       47   (4)      2 :  0.2394 0.0020 0.1479 0.1443 0.2389 0.2275 
 48       48   (0)      2 :  0.1888 0.0038 0.0747 0.1197 0.1791 0.4339 
 49       49   (1)      2 :  0.1436 0.0047 0.3904 0.1138 0.1937 0.1539 
 50       50   (0)      2 :  0.0503 0.0034 0.0275 0.0367 0.0422 0.8399 
 51       51   (0)      2 :  0.0102 0.0020 0.0075 0.0124 0.0085 0.9594 
 52       52   (0)      2 :  0.0143 0.0192 0.0139 0.0146 0.0151 0.9229 
 53       53   (0)      2 :  0.1434 0.0048 0.1486 0.0814 0.1385 0.4833 
 54       54   (0)      2 :  0.0058 0.0037 0.0061 0.0058 0.0058 0.9728 
 55       55   (0)      2 :  0.0163 0.0083 0.0171 0.0138 0.0162 0.9283 
 56       56   (0)      2 :  0.0392 0.0035 0.0160 0.0253 0.0357 0.8803 
 57       57   (0)      2 :  0.2197 0.0083 0.1395 0.1169 0.1929 0.3227 
 58       58   (0)      2 :  0.0163 0.0113 0.0129 0.0137 0.0152 0.9306 
 59       59   (0)      2 :  0.0242 0.0061 0.0254 0.0232 0.0223 0.8988 
 60       60   (0)      2 :  0.0134 0.0029 0.0102 0.0112 0.0121 0.9502 
 61       61   (0)      2 :  0.0618 0.0144 0.0245 0.0539 0.0502 0.7952 
 62       62   (1)      2 :  0.0065 0.0041 0.0072 0.0093 0.0073 0.9656 
 63       63   (0)      3 :  0.2329 0.0099 0.0762 0.5045 0.1538 0.0227 
 64       64   (0)      3 :  0.2760 0.0046 0.1942 0.1704 0.3505 0.0043 
 65       65   (0)      3 :  0.2705 0.0042 0.2129 0.2733 0.2326 0.0066 
 66       66   (0)      3 :  0.3804 0.0044 0.0966 0.2503 0.2167 0.0516 
 67       67   (0)      3 :  0.3199 0.0073 0.1892 0.1840 0.2720 0.0276 
 68       68   (0)      3 :  0.2277 0.0439 0.3862 0.1338 0.1978 0.0107 
 69       69   (0)      3 :  0.1021 0.0058 0.5868 0.1051 0.1906 0.0096 
 70       70   (0)      3 :  0.0734 0.0034 0.6784 0.0697 0.1553 0.0198 
 71       71   (0)      3 :  0.2664 0.0090 0.3349 0.1417 0.2097 0.0384 
 72       72   (8)      3 :  0.1608 0.0101 0.5036 0.1400 0.1787 0.0068 
 73       73   (0)      3 :  0.3150 0.0017 0.1606 0.2176 0.2882 0.0169 
 74       74   (0)      3 :  0.2692 0.0130 0.0730 0.1446 0.1895 0.3107 
 75       75   (0)      3 :  0.2443 0.0020 0.3026 0.1483 0.2233 0.0796 
 76       76   (0)      3 :  0.3333 0.0030 0.1266 0.1972 0.3290 0.0110 
 77       77   (0)      3 :  0.1404 0.0034 0.5530 0.0801 0.1738 0.0493 
 78       78   (0)      3 :  0.1970 0.0412 0.3535 0.2123 0.1806 0.0154 
 79       79   (0)      3 :  0.1952 0.0449 0.3282 0.1840 0.2416 0.0061 
 80       80   (0)      3 :  0.2096 0.0060 0.2979 0.2660 0.1715 0.0491 
 81       81   (0)      3 :  0.3470 0.0177 0.1221 0.1602 0.3254 0.0276 
 82       82   (0)      3 :  0.1612 0.0155 0.4920 0.1126 0.2093 0.0095 
 83       83   (0)      3 :  0.2832 0.0020 0.1530 0.2580 0.2673 0.0364 
 84       84   (0)      3 :  0.2700 0.0064 0.3072 0.1652 0.2262 0.0250 
 85       85   (0)      3 :  0.2676 0.0203 0.2225 0.1488 0.2288 0.1119 
 86       86   (0)      3 :  0.2084 0.0060 0.3192 0.1701 0.2379 0.0584 
 87       87   (0)      3 :  0.2945 0.0042 0.1433 0.2064 0.3294 0.0221 
 88       88   (0)      3 :  0.1791 0.0030 0.4400 0.1036 0.2655 0.0088 
 89       89   (0)      3 :  0.2304 0.0123 0.2934 0.1890 0.2704 0.0046 
 90       90   (0)      3 :  0.2509 0.0210 0.1410 0.1349 0.1663 0.2860 
 91       91   (0)      3 :  0.3290 0.0095 0.1594 0.1883 0.2792 0.0346 
 92       92   (0)      3 :  0.2388 0.0076 0.2528 0.1592 0.3338 0.0077 
 93       93   (0)      3 :  0.3019 0.0015 0.2141 0.2290 0.2371 0.0164 
 94       94   (0)      3 :  0.2766 0.0100 0.2538 0.2085 0.2277 0.0235 
 95       95   (0)      3 :  0.2246 0.0051 0.4083 0.1244 0.2127 0.0249 
 96       96   (0)      3 :  0.2360 0.0039 0.2639 0.1380 0.3298 0.0285 
 97       97   (0)      3 :  0.2961 0.0025 0.2423 0.1731 0.2698 0.0162 
 98       98   (0)      3 :  0.2662 0.0071 0.3162 0.1261 0.2660 0.0183 
 99       99   (0)      3 :  0.3104 0.0087 0.0940 0.3371 0.2167 0.0331 
100      100   (0)      3 :  0.1756 0.0025 0.3505 0.2659 0.2002 0.0053 
101      101   (0)      3 :  0.1552 0.0508 0.0970 0.1092 0.1348 0.4530 
102      102   (0)      3 :  0.3722 0.0038 0.1078 0.2745 0.2264 0.0153 
103      103   (0)      3 :  0.2292 0.0079 0.3754 0.1158 0.2531 0.0185 
104      104   (0)      3 :  0.2051 0.0024 0.3326 0.1609 0.2021 0.0969 
105      105   (0)      3 :  0.1868 0.0019 0.4679 0.1103 0.2137 0.0194 
106      106   (0)      3 :  0.3279 0.0036 0.1445 0.2564 0.2523 0.0153 
107      107   (0)      3 :  0.3272 0.0092 0.1781 0.1719 0.2653 0.0482 
108      108   (0)      3 :  0.1889 0.0059 0.4510 0.1404 0.2010 0.0127 
109      109   (0)      3 :  0.0010 0.9950 0.0010 0.0010 0.0010 0.0010 
110      110   (0)      3 :  0.2600 0.0068 0.2822 0.1775 0.2626 0.0109 
111      111   (0)      3 :  0.2730 0.0088 0.2492 0.2175 0.2304 0.0212 
112      112   (7)      4 :  0.0010 0.9948 0.0012 0.0010 0.0010 0.0010 
113      113  (12)      4 :  0.2264 0.0089 0.4092 0.1227 0.2203 0.0125 
114      114  (12)      4 :  0.1348 0.5351 0.0991 0.0755 0.1278 0.0278 
115      115   (3)      4 :  0.2297 0.0021 0.3008 0.1430 0.3075 0.0169 
116      116  (12)      4 :  0.2850 0.0025 0.2144 0.1705 0.2735 0.0541 
117      117  (13)      4 :  0.2316 0.0018 0.2012 0.2375 0.3163 0.0116 
118      118   (0)      4 :  0.1882 0.0044 0.1255 0.1014 0.1822 0.3983 
119      119   (3)      4 :  0.2088 0.0024 0.2429 0.2258 0.2906 0.0294 
120      120   (0)      4 :  0.1983 0.0019 0.2481 0.2475 0.2892 0.0150 
121      121   (0)      4 :  0.1729 0.0066 0.4795 0.1246 0.2089 0.0075 
122      122   (9)      4 :  0.2207 0.0039 0.1382 0.3785 0.2544 0.0043 
123      123   (9)      4 :  0.1895 0.0020 0.3541 0.1270 0.3209 0.0065 
124      124  (12)      4 :  0.3033 0.0102 0.1852 0.1613 0.3229 0.0170 
125      125   (0)      5 :  0.0269 0.0091 0.0332 0.0279 0.0249 0.8780 
126      126   (0)      5 :  0.1383 0.0020 0.4795 0.1121 0.2559 0.0122 
127      127   (0)      5 :  0.0337 0.0141 0.0234 0.0364 0.0302 0.8622 
128      128   (0)      6 :  0.2482 0.0030 0.2150 0.1917 0.3322 0.0100 
129      129   (0)      6 :  0.2097 0.0044 0.1573 0.3752 0.2494 0.0039 
130      130   (9)      6 :  0.2533 0.0041 0.2802 0.1769 0.2791 0.0064 
131      131   (0)      6 :  0.3164 0.0058 0.1548 0.2204 0.2969 0.0056 
132      132   (0)      6 :  0.1211 0.0036 0.5767 0.1061 0.1827 0.0097 
133      133   (0)      6 :  0.3373 0.0032 0.0774 0.3352 0.2358 0.0111 
134      134   (0)      6 :  0.2267 0.0075 0.3911 0.1509 0.2065 0.0173 
135      135   (0)      6 :  0.3474 0.0041 0.1139 0.2561 0.2586 0.0198 
136      136  (11)      6 :  0.3889 0.0024 0.0948 0.2245 0.2626 0.0268 
137      137   (0)      6 :  0.2866 0.0268 0.2163 0.1547 0.2828 0.0327 
138      138   (0)      6 :  0.3503 0.0020 0.0945 0.1987 0.2762 0.0782 
139      139   (0)      6 :  0.2934 0.0018 0.1438 0.2013 0.3266 0.0332 
140      140   (4)      6 :  0.3134 0.0047 0.1841 0.2254 0.2546 0.0178 
141      141   (0)      6 :  0.2975 0.0054 0.1101 0.3151 0.2541 0.0179 
142      142   (0)      6 :  0.3510 0.0044 0.1164 0.1957 0.2902 0.0423 
143      143   (0)      6 :  0.0519 0.0010 0.5685 0.2655 0.1070 0.0060 
144      144   (0)      6 :  0.1648 0.0106 0.4325 0.1576 0.1908 0.0437 
145      145   (4)      6 :  0.0544 0.0010 0.5685 0.2640 0.1073 0.0048 
146      146   (5)      6 :  0.1138 0.0018 0.4532 0.3024 0.1180 0.0109 
147      147   (0)      6 :  0.2139 0.0320 0.3507 0.1818 0.2143 0.0074 
148      148   (5)      6 :  0.2300 0.0100 0.3624 0.1973 0.1865 0.0137 
149      149   (0)      6 :  0.3206 0.0096 0.1304 0.2546 0.2756 0.0093 
150      150   (0)      6 :  0.2866 0.0070 0.1085 0.3333 0.2462 0.0184 
151      151  (10)      6 :  0.3147 0.0040 0.1326 0.2749 0.2504 0.0234 
152      152   (0)      6 :  0.2266 0.0026 0.3289 0.1640 0.2681 0.0098 
153      153   (0)      6 :  0.1981 0.0044 0.2670 0.1632 0.3615 0.0057 
154      154   (0)      6 :  0.2305 0.0017 0.2655 0.2077 0.2782 0.0163 
155      155   (5)      6 :  0.2807 0.0060 0.2722 0.1758 0.2323 0.0330 
156      156   (0)      6 :  0.3219 0.0016 0.1032 0.2277 0.2558 0.0899 
157      157   (0)      6 :  0.2915 0.0037 0.1110 0.2443 0.3294 0.0201 
158      158   (0)      6 :  0.2571 0.0029 0.1680 0.2204 0.3174 0.0342 
159      159  (10)      6 :  0.3071 0.0044 0.1196 0.2343 0.3206 0.0141 
160      160   (0)      6 :  0.2974 0.0026 0.1329 0.2361 0.3161 0.0148 
161      161   (0)      6 :  0.1483 0.0018 0.5465 0.1092 0.1896 0.0046 
162      162   (0)      6 :  0.2861 0.0029 0.1161 0.3476 0.2351 0.0122 
163      163   (0)      6 :  0.2536 0.0029 0.2631 0.1730 0.2916 0.0158 
164      164   (0)      6 :  0.0453 0.0103 0.6720 0.1045 0.1601 0.0078 
165      165   (0)      6 :  0.0444 0.0100 0.6712 0.1014 0.1667 0.0063 
166      166   (0)      6 :  0.2382 0.0226 0.2310 0.1843 0.3039 0.0200 
167      167   (0)      6 :  0.1538 0.0212 0.5005 0.1399 0.1734 0.0112 
168      168   (0)      6 :  0.2816 0.0064 0.1357 0.2712 0.2692 0.0360 
169      169   (0)      6 :  0.2548 0.0033 0.2885 0.1641 0.2626 0.0267 
170      170   (2)      6 :  0.2461 0.0080 0.1940 0.2481 0.2905 0.0133 
171      171   (0)      6 :  0.1983 0.0078 0.4135 0.1291 0.1947 0.0566 
172      172   (0)      6 :  0.2215 0.0034 0.3272 0.1690 0.2658 0.0132 
173      173   (0)      6 :  0.2852 0.0071 0.2302 0.1736 0.2827 0.0213 
174      174   (0)      6 :  0.3256 0.0020 0.1729 0.1948 0.2763 0.0284 
175      175   (7)      6 :  0.2684 0.0038 0.2819 0.1565 0.2785 0.0110 
176      176   (0)      6 :  0.2794 0.0049 0.2505 0.1747 0.2715 0.0190 
177      177  (10)      6 :  0.3182 0.0017 0.1362 0.2088 0.2566 0.0785 
178      178   (0)      6 :  0.1029 0.0124 0.0809 0.0669 0.1027 0.6342 
179      179   (8)      6 :  0.3267 0.0196 0.1538 0.1866 0.3007 0.0127 
180      180   (0)      6 :  0.3035 0.0028 0.1885 0.1974 0.3014 0.0065 
181      181   (7)      6 :  0.3479 0.0028 0.1059 0.2343 0.2933 0.0158 
182      182   (0)      6 :  0.1027 0.0022 0.6091 0.0993 0.1821 0.0045 
183      183   (0)      6 :  0.1334 0.0063 0.5337 0.0995 0.2113 0.0158 
184      184   (0)      6 :  0.2869 0.0030 0.1548 0.1905 0.3252 0.0397 
185      185   (0)      6 :  0.3092 0.0072 0.1189 0.3102 0.2465 0.0080 
186      186   (2)      6 :  0.1644 0.0078 0.5009 0.1282 0.1803 0.0184 
187      187   (0)      6 :  0.1392 0.1681 0.3928 0.0959 0.1567 0.0474 
188      188   (0)      6 :  0.2265 0.0063 0.2136 0.2307 0.2147 0.1081 
189      189   (3)      6 :  0.2998 0.0076 0.1650 0.1439 0.3596 0.0241 
190      190   (0)      6 :  0.2584 0.0025 0.2433 0.2632 0.2108 0.0218 
191      191   (0)      6 :  0.2440 0.0023 0.2292 0.2153 0.3030 0.0062 
192      192   (0)      6 :  0.2655 0.0027 0.0544 0.1474 0.2287 0.3014 
193      193   (0)      6 :  0.3098 0.0104 0.1866 0.2673 0.2142 0.0117 
194      194   (0)      6 :  0.2107 0.0078 0.1328 0.4551 0.1554 0.0381 
195      195   (0)      6 :  0.2140 0.0038 0.2412 0.3207 0.1823 0.0380 
196      196  (13)      6 :  0.2334 0.0075 0.0430 0.5291 0.1670 0.0200 
197      197   (0)      6 :  0.1576 0.0021 0.2975 0.3703 0.1562 0.0163 
198      198  (12)      6 :  0.3280 0.0056 0.0957 0.3000 0.2083 0.0625 
199      199   (0)      6 :  0.2754 0.0052 0.1593 0.2291 0.3047 0.0262 
200      200   (0)      6 :  0.2785 0.0088 0.1664 0.2361 0.3042 0.0060 
201      201   (8)      6 :  0.2438 0.0044 0.0493 0.5307 0.1643 0.0075 
202      202   (0)      6 :  0.2294 0.0108 0.0450 0.5361 0.1648 0.0138 
203      203   (0)      6 :  0.1948 0.0070 0.1177 0.4551 0.2170 0.0084 
204      204   (0)      6 :  0.1897 0.0027 0.1057 0.4787 0.1778 0.0454 
205      205   (0)      6 :  0.3268 0.0019 0.1431 0.2170 0.2921 0.0191 
206      206   (0)      6 :  0.2488 0.0036 0.2829 0.1989 0.2469 0.0188 
207      207  (14)      6 :  0.2882 0.0049 0.2526 0.1800 0.2620 0.0122 
208      208   (0)      6 :  0.2767 0.0099 0.1337 0.2842 0.2023 0.0932 
209      209   (0)      6 :  0.3165 0.0058 0.1548 0.1951 0.3174 0.0104 
210      210   (0)      6 :  0.2865 0.0055 0.1752 0.2012 0.3241 0.0074 
211      211  (14)      6 :  0.2351 0.0044 0.1443 0.4126 0.1927 0.0109 
212      212   (0)      6 :  0.2283 0.0165 0.1495 0.3586 0.1773 0.0698 
213      213   (7)      6 :  0.2507 0.0048 0.0486 0.5058 0.1639 0.0262 
214      214   (0)      6 :  0.3178 0.0041 0.1069 0.3288 0.2322 0.0103 
215      215   (0)      6 :  0.2670 0.0084 0.2622 0.1443 0.2857 0.0325 
216      216   (0)      6 :  0.1092 0.0042 0.0795 0.6153 0.1851 0.0068 
217      217   (5)      6 :  0.1136 0.0060 0.0761 0.6075 0.1866 0.0102 
218      218   (0)      6 :  0.2826 0.0166 0.1654 0.2176 0.2639 0.0540 
219      219   (0)      2 :  0.0312 0.0043 0.0224 0.0294 0.0304 0.8823 
220      220   (0)      2 :  0.0061 0.0019 0.0062 0.0059 0.0064 0.9735 
221      221   (0)      2 :  0.0210 0.0136 0.0153 0.0228 0.0187 0.9086 
222      222   (0)      2 :  0.0551 0.0036 0.0474 0.0392 0.0462 0.8084 
223      223   (0)      2 :  0.0318 0.0026 0.0188 0.0195 0.0299 0.8974 
224      224   (0)      2 :  0.0059 0.0034 0.0064 0.0057 0.0067 0.9719 
225      225   (0)      2 :  0.1095 0.0062 0.0638 0.1174 0.1178 0.5854 
226      226   (0)      2 :  0.0033 0.0015 0.0039 0.0037 0.0030 0.9846 
227      227   (0)      2 :  0.0608 0.0013 0.0518 0.0562 0.0590 0.7709 
