1        1   (0)      1  : 0.0996 0.0050 0.4399 0.2644 0.0196 0.1715
2        2   (1)      1  : 0.1036 0.0290 0.3916 0.3053 0.0022 0.1682
3        3   (0)      1  : 0.1021 0.0260 0.3205 0.3048 0.0080 0.2386
4        4  (13)      2  : 0.0121 0.9449 0.0151 0.0119 0.0039 0.0121
5        5   (0)      2  : 0.0051 0.9749 0.0050 0.0047 0.0054 0.0049
6        6  (13)      2  : 0.0136 0.9389 0.0149 0.0141 0.0022 0.0162
7        7   (0)      2  : 0.0111 0.9509 0.0124 0.0122 0.0031 0.0102
8        8   (0)      2  : 0.0130 0.8623 0.0122 0.0094 0.0922 0.0109
9        9  (10)      2  : 0.0176 0.8212 0.0150 0.0168 0.1136 0.0158
10       10   (9)      2  : 0.0189 0.8979 0.0271 0.0238 0.0104 0.0220
11       11   (0)      2  : 0.0181 0.8874 0.0356 0.0270 0.0054 0.0265
12       12   (0)      2  : 0.0317 0.8109 0.0595 0.0457 0.0021 0.0500
13       13   (0)      2  : 0.1460 0.0070 0.3008 0.3249 0.0050 0.2163
14       14   (0)      2  : 0.0430 0.6885 0.0783 0.0883 0.0080 0.0940
15       15   (0)      2  : 0.0129 0.9201 0.0226 0.0194 0.0041 0.0209
16       16   (0)      2  : 0.0052 0.9718 0.0062 0.0060 0.0056 0.0051
17       17   (0)      2  : 0.0462 0.7623 0.0790 0.0690 0.0020 0.0415
18       18   (0)      2  : 0.0069 0.9657 0.0079 0.0084 0.0026 0.0085
19       19   (0)      2  : 0.0098 0.9502 0.0120 0.0106 0.0041 0.0133
20       20   (0)      2  : 0.0121 0.7611 0.0171 0.0153 0.1820 0.0124
21       21   (0)      2  : 0.0140 0.9219 0.0194 0.0200 0.0058 0.0190
22       22   (0)      2  : 0.0253 0.8908 0.0285 0.0248 0.0111 0.0195
23       23   (0)      2  : 0.0837 0.3744 0.2240 0.1931 0.0036 0.1211
24       24   (0)      2  : 0.0082 0.9615 0.0084 0.0081 0.0050 0.0087
25       25   (0)      2  : 0.0284 0.8873 0.0320 0.0257 0.0052 0.0214
26       26   (0)      2  : 0.0184 0.9009 0.0229 0.0222 0.0106 0.0250
27       27   (0)      2  : 0.0115 0.9062 0.0196 0.0173 0.0300 0.0154
28       28   (0)      2  : 0.0625 0.6257 0.1282 0.0972 0.0130 0.0734
29       29   (9)      2  : 0.0274 0.8544 0.0441 0.0385 0.0028 0.0329
30       30   (0)      2  : 0.1561 0.1314 0.2710 0.2484 0.0020 0.1911
31       31   (0)      2  : 0.0129 0.8818 0.0361 0.0341 0.0025 0.0325
32       32   (0)      2  : 0.0085 0.9486 0.0144 0.0111 0.0070 0.0104
33       33   (0)      2  : 0.0611 0.3917 0.2159 0.1930 0.0341 0.1042
34       34   (0)      2  : 0.0265 0.8978 0.0255 0.0186 0.0095 0.0221
35       35   (0)      2  : 0.0140 0.7508 0.0328 0.0245 0.1618 0.0161
36       36   (0)      2  : 0.0065 0.9717 0.0069 0.0069 0.0029 0.0051
37       37   (0)      2  : 0.0270 0.8928 0.0241 0.0252 0.0077 0.0231
38       38   (0)      2  : 0.2662 0.2552 0.1785 0.1901 0.0028 0.1073
39       39   (0)      2  : 0.0095 0.9596 0.0095 0.0095 0.0026 0.0092
40       40   (0)      2  : 0.0089 0.9558 0.0111 0.0131 0.0016 0.0095
41       41   (0)      2  : 0.0253 0.8797 0.0201 0.0190 0.0381 0.0178
42       42   (0)      2  : 0.0455 0.7615 0.0572 0.0521 0.0016 0.0820
43       43   (0)      2  : 0.0111 0.9424 0.0137 0.0177 0.0012 0.0137
44       44   (5)      2  : 0.0130 0.9501 0.0114 0.0121 0.0033 0.0101
45       45   (0)      2  : 0.0086 0.9474 0.0101 0.0097 0.0142 0.0099
46       46   (0)      2  : 0.0346 0.8790 0.0323 0.0264 0.0015 0.0263
47       47   (0)      2  : 0.0166 0.9478 0.0114 0.0101 0.0027 0.0114
48       48   (0)      2  : 0.0066 0.9636 0.0104 0.0083 0.0019 0.0092
49       49   (0)      2  : 0.1769 0.1486 0.2796 0.2244 0.0076 0.1628
50       50   (0)      2  : 0.0169 0.9141 0.0247 0.0236 0.0024 0.0182
51       51   (0)      2  : 0.0251 0.9051 0.0236 0.0210 0.0020 0.0231
52       52   (0)      2  : 0.0245 0.8668 0.0302 0.0260 0.0037 0.0487
53       53   (0)      2  : 0.0547 0.6930 0.0795 0.0779 0.0035 0.0914
54       54   (0)      2  : 0.0056 0.9643 0.0077 0.0082 0.0037 0.0104
55       55   (4)      2  : 0.1280 0.3012 0.2046 0.1895 0.0022 0.1745
56       56   (0)      2  : 0.0914 0.3379 0.2076 0.1660 0.0041 0.1930
57       57   (1)      2  : 0.3528 0.1699 0.1340 0.1389 0.0050 0.1994
58       58   (0)      2  : 0.0290 0.8777 0.0354 0.0294 0.0036 0.0249
59       59   (0)      2  : 0.0089 0.9595 0.0094 0.0096 0.0019 0.0107
60       60   (0)      2  : 0.0120 0.9280 0.0155 0.0121 0.0204 0.0120
61       61   (0)      2  : 0.1101 0.6251 0.1007 0.0807 0.0051 0.0781
62       62   (0)      2  : 0.0063 0.9745 0.0056 0.0054 0.0035 0.0048
63       63   (0)      2  : 0.0169 0.9141 0.0234 0.0211 0.0074 0.0171
64       64   (0)      2  : 0.0140 0.9209 0.0231 0.0200 0.0037 0.0182
65       65   (0)      2  : 0.1221 0.3459 0.1983 0.1787 0.0078 0.1473
66       66   (0)      2  : 0.0125 0.9304 0.0174 0.0134 0.0126 0.0137
67       67   (0)      2  : 0.0222 0.9063 0.0241 0.0216 0.0065 0.0192
68       68   (0)      2  : 0.0105 0.9491 0.0132 0.0139 0.0031 0.0101
69       69   (0)      2  : 0.0196 0.8739 0.0310 0.0319 0.0122 0.0314
70       70   (1)      2  : 0.0082 0.9639 0.0072 0.0077 0.0041 0.0087
71       71   (0)      3  : 0.1114 0.0295 0.2907 0.2718 0.0106 0.2858
72       72   (0)      3  : 0.1684 0.0042 0.2856 0.3651 0.0046 0.1721
73       73   (0)      3  : 0.1750 0.0068 0.2952 0.3218 0.0039 0.1974
74       74   (0)      3  : 0.0759 0.0405 0.4397 0.2512 0.0037 0.1890
75       75   (0)      3  : 0.1836 0.0272 0.3238 0.2969 0.0076 0.1609
76       76   (0)      3  : 0.3358 0.0111 0.2416 0.2136 0.0496 0.1482
77       77   (0)      3  : 0.6002 0.0070 0.0881 0.0966 0.0050 0.2031
78       78   (0)      3  : 0.6596 0.0169 0.0692 0.0794 0.0031 0.1718
79       79   (0)      3  : 0.3067 0.0321 0.2775 0.2334 0.0086 0.1417
80       80   (8)      3  : 0.5246 0.0058 0.1433 0.1368 0.0103 0.1793
81       81   (0)      3  : 0.1646 0.0171 0.2846 0.3053 0.0015 0.2269
82       82   (0)      3  : 0.0669 0.3247 0.2726 0.2034 0.0115 0.1208
83       83   (0)      3  : 0.2721 0.0633 0.2548 0.2548 0.0020 0.1530
84       84   (0)      3  : 0.1135 0.0118 0.3172 0.3577 0.0026 0.1971
85       85   (0)      3  : 0.5531 0.0732 0.1216 0.1134 0.0031 0.1356
86       86   (0)      3  : 0.3789 0.0179 0.1961 0.1827 0.0408 0.1836
87       87   (0)      3  : 0.3559 0.0066 0.1500 0.1646 0.0530 0.2699
88       88   (0)      3  : 0.3412 0.0424 0.2156 0.1964 0.0061 0.1983
89       89   (0)      3  : 0.1116 0.0285 0.3462 0.3330 0.0170 0.1636
90       90   (0)      3  : 0.4745 0.0093 0.1705 0.1703 0.0148 0.1607
91       91   (0)      3  : 0.1523 0.0325 0.2509 0.2304 0.0019 0.3320
92       92   (0)      3  : 0.2984 0.0253 0.2771 0.2391 0.0059 0.1542
93       93   (0)      3  : 0.1850 0.1289 0.2851 0.2231 0.0200 0.1579
94       94   (0)      3  : 0.2998 0.0500 0.2289 0.2007 0.0062 0.2144
95       95   (0)      3  : 0.1240 0.0206 0.2703 0.3218 0.0046 0.2587
96       96   (0)      3  : 0.5058 0.0122 0.1369 0.1472 0.0031 0.1947
97       97   (0)      3  : 0.2656 0.0046 0.2401 0.2461 0.0111 0.2325
98       98   (0)      3  : 0.1262 0.1844 0.2933 0.2565 0.0169 0.1227
99       99   (0)      3  : 0.1283 0.0391 0.3471 0.2956 0.0093 0.1806
100      100   (0)      3  : 0.2133 0.0070 0.2169 0.2718 0.0075 0.2835
101      101   (0)      3  : 0.2385 0.0171 0.2784 0.2621 0.0016 0.2023
102      102   (0)      3  : 0.2275 0.0258 0.3098 0.2517 0.0091 0.1761
103      103   (0)      3  : 0.3941 0.0155 0.2229 0.2206 0.0047 0.1421
104      104   (0)      3  : 0.2851 0.0264 0.2244 0.2263 0.0042 0.2335
105      105   (0)      3  : 0.2221 0.0128 0.3007 0.2906 0.0025 0.1713
106      106   (0)      3  : 0.3348 0.0172 0.2388 0.2249 0.0069 0.1773
107      107   (0)      3  : 0.0966 0.0332 0.3398 0.2596 0.0085 0.2623
108      108   (0)      3  : 0.4012 0.0056 0.1811 0.1810 0.0024 0.2287
109      109   (0)      3  : 0.1065 0.2676 0.2159 0.1978 0.0514 0.1608
110      110   (0)      3  : 0.0952 0.0179 0.3839 0.3290 0.0038 0.1702
111      111   (0)      3  : 0.3858 0.0208 0.2094 0.2044 0.0079 0.1717
112      112   (0)      3  : 0.3244 0.0925 0.2232 0.2094 0.0024 0.1482
113      113   (0)      3  : 0.4834 0.0189 0.1660 0.1585 0.0020 0.1713
114      114   (0)      3  : 0.1262 0.0119 0.3552 0.2988 0.0035 0.2045
115      115   (0)      3  : 0.1497 0.0479 0.3210 0.3008 0.0099 0.1708
116      116   (0)      3  : 0.4267 0.0129 0.1966 0.2005 0.0058 0.1575
117      117   (0)      3  : 0.0010 0.0010 0.0010 0.0010 0.9950 0.0010
118      118   (0)      3  : 0.2054 0.0093 0.2976 0.3217 0.0072 0.1588
119      119   (0)      3  : 0.2686 0.0210 0.2394 0.2091 0.0090 0.2529
120      120   (7)      4  : 0.0011 0.0013 0.0011 0.0013 0.9942 0.0010
121      121  (12)      4  : 0.4450 0.0115 0.2044 0.1604 0.0082 0.1704
122      122  (12)      4  : 0.1070 0.0241 0.1333 0.1248 0.5317 0.0790
123      123   (3)      4  : 0.2836 0.0182 0.2294 0.2893 0.0026 0.1768
124      124  (12)      4  : 0.1736 0.0574 0.3075 0.2692 0.0025 0.1898
125      125  (13)      4  : 0.1922 0.0124 0.1895 0.2678 0.0020 0.3361
126      126   (0)      4  : 0.1083 0.5199 0.1343 0.1363 0.0040 0.0973
127      127   (3)      4  : 0.2323 0.0259 0.1670 0.2543 0.0025 0.3180
128      128   (0)      4  : 0.2642 0.0145 0.1748 0.1857 0.0021 0.3588
129      129   (0)      4  : 0.5240 0.0092 0.1497 0.1395 0.0064 0.1712
130      130   (9)      4  : 0.1101 0.0041 0.1949 0.3250 0.0036 0.3622
131      131   (9)      4  : 0.4014 0.0080 0.1387 0.1982 0.0020 0.2517
132      132  (12)      4  : 0.1532 0.0170 0.3010 0.3187 0.0089 0.2012
133      133   (0)      5  : 0.0285 0.8999 0.0226 0.0206 0.0080 0.0204
134      134   (0)      5  : 0.5334 0.0115 0.1005 0.1063 0.0020 0.2463
135      135   (0)      5  : 0.0260 0.8425 0.0389 0.0354 0.0145 0.0427
136      136   (0)      6  : 0.1961 0.0088 0.2138 0.2820 0.0028 0.2966
137      137   (0)      6  : 0.1251 0.0036 0.1978 0.3062 0.0043 0.3630
138      138   (9)      6  : 0.2129 0.0056 0.2773 0.3310 0.0036 0.1695
139      139   (0)      6  : 0.1097 0.0053 0.3046 0.3918 0.0050 0.1837
140      140   (0)      6  : 0.5885 0.0085 0.1145 0.1177 0.0041 0.1667
141      141   (0)      6  : 0.0859 0.0113 0.2923 0.3593 0.0031 0.2481
142      142   (0)      6  : 0.3758 0.0145 0.2428 0.2140 0.0066 0.1462
143      143   (0)      6  : 0.1045 0.0210 0.3008 0.3383 0.0045 0.2310
144      144  (11)      6  : 0.1011 0.0200 0.3535 0.3214 0.0022 0.2018
145      145   (0)      6  : 0.1907 0.0376 0.2892 0.2643 0.0254 0.1928
146      146   (0)      6  : 0.1069 0.0595 0.3224 0.3171 0.0022 0.1918
147      147   (0)      6  : 0.1509 0.0267 0.2850 0.2741 0.0017 0.2615
148      148   (4)      6  : 0.1640 0.0218 0.3140 0.3171 0.0049 0.1782
149      149   (0)      6  : 0.1046 0.0164 0.3275 0.3067 0.0046 0.2402
150      150   (0)      6  : 0.0997 0.0602 0.3745 0.3003 0.0044 0.1610
151      151   (0)      6  : 0.6859 0.0058 0.0560 0.0658 0.0010 0.1855
152      152   (0)      6  : 0.4344 0.0624 0.1695 0.1441 0.0114 0.1783
153      153   (4)      6  : 0.6916 0.0044 0.0502 0.0644 0.0010 0.1884
154      154   (5)      6  : 0.5624 0.0102 0.1187 0.1046 0.0015 0.2026
155      155   (0)      6  : 0.3690 0.0074 0.2025 0.2146 0.0304 0.1761
156      156   (5)      6  : 0.3355 0.0101 0.2645 0.2196 0.0091 0.1612
157      157   (0)      6  : 0.1238 0.0085 0.3117 0.3102 0.0101 0.2357
158      158   (0)      6  : 0.1227 0.0210 0.2946 0.3219 0.0067 0.2330
159      159  (10)      6  : 0.1270 0.0177 0.3179 0.2826 0.0040 0.2508
160      160   (0)      6  : 0.3056 0.0111 0.2423 0.2490 0.0029 0.1891
161      161   (0)      6  : 0.2621 0.0046 0.1379 0.2150 0.0041 0.3762
162      162   (0)      6  : 0.2463 0.0145 0.2209 0.2431 0.0016 0.2736
163      163   (5)      6  : 0.2564 0.0304 0.3040 0.2522 0.0057 0.1513
164      164   (0)      6  : 0.1027 0.0910 0.2815 0.2372 0.0015 0.2861
165      165   (0)      6  : 0.1020 0.0184 0.2622 0.3043 0.0039 0.3093
166      166   (0)      6  : 0.1741 0.0321 0.2214 0.2187 0.0027 0.3508
167      167  (10)      6  : 0.1283 0.0176 0.2572 0.2709 0.0041 0.3218
168      168   (0)      6  : 0.1323 0.0173 0.2503 0.2762 0.0029 0.3211
169      169   (0)      6  : 0.5640 0.0049 0.1262 0.1369 0.0016 0.1664
170      170   (0)      6  : 0.1207 0.0111 0.3077 0.3377 0.0029 0.2199
171      171   (0)      6  : 0.2741 0.0146 0.2332 0.2026 0.0031 0.2724
172      172   (0)      6  : 0.6209 0.0066 0.0570 0.0968 0.0109 0.2077
173      173   (0)      6  : 0.6206 0.0078 0.0541 0.0960 0.0105 0.2110
174      174   (0)      6  : 0.2012 0.0141 0.2300 0.2252 0.0204 0.3091
175      175   (0)      6  : 0.5237 0.0106 0.1425 0.1217 0.0216 0.1798
176      176   (0)      6  : 0.1448 0.0356 0.2894 0.2656 0.0074 0.2572
177      177   (0)      6  : 0.2928 0.0254 0.2435 0.2202 0.0032 0.2149
178      178   (2)      6  : 0.1460 0.0122 0.2591 0.2808 0.0076 0.2942
179      179   (0)      6  : 0.4018 0.0501 0.1996 0.1943 0.0079 0.1463
180      180   (0)      6  : 0.2719 0.0137 0.2627 0.2766 0.0039 0.1712
181      181   (0)      6  : 0.1850 0.0140 0.2940 0.3003 0.0066 0.2001
182      182   (0)      6  : 0.1219 0.0320 0.3458 0.3190 0.0021 0.1791
183      183   (7)      6  : 0.2440 0.0101 0.2801 0.2831 0.0037 0.1790
184      184   (0)      6  : 0.2079 0.0155 0.2999 0.3154 0.0050 0.1563
185      185  (10)      6  : 0.1446 0.0721 0.2822 0.2436 0.0015 0.2559
186      186   (0)      6  : 0.0575 0.6753 0.1021 0.0946 0.0112 0.0592
187      187   (8)      6  : 0.1422 0.0106 0.3194 0.2830 0.0184 0.2263
188      188   (0)      6  : 0.1782 0.0069 0.3070 0.3014 0.0030 0.2036
189      189   (7)      6  : 0.1147 0.0154 0.3287 0.2686 0.0025 0.2702
190      190   (0)      6  : 0.6113 0.0050 0.1023 0.1364 0.0021 0.1429
191      191   (0)      6  : 0.4909 0.0142 0.1324 0.1455 0.0057 0.2112
192      192   (0)      6  : 0.1185 0.0385 0.2716 0.3582 0.0029 0.2103
193      193   (0)      6  : 0.1007 0.0071 0.3390 0.3471 0.0064 0.1998
194      194   (2)      6  : 0.5022 0.0215 0.1643 0.1455 0.0075 0.1590
195      195   (0)      6  : 0.3981 0.0329 0.1290 0.1194 0.1711 0.1495
196      196   (0)      6  : 0.1910 0.0933 0.2326 0.2106 0.0065 0.2661
197      197   (3)      6  : 0.1466 0.0227 0.2688 0.3106 0.0067 0.2446
198      198   (0)      6  : 0.2428 0.0185 0.2790 0.2724 0.0021 0.1851
199      199   (0)      6  : 0.1609 0.0060 0.2680 0.3723 0.0025 0.1904
200      200   (0)      6  : 0.0665 0.3311 0.2423 0.2065 0.0030 0.1506
201      201   (0)      6  : 0.1670 0.0126 0.2891 0.3361 0.0097 0.1854
202      202   (0)      6  : 0.1598 0.0606 0.2539 0.2591 0.0074 0.2592
203      203   (0)      6  : 0.2712 0.0390 0.2277 0.2404 0.0037 0.2180
204      204  (13)      6  : 0.0965 0.0226 0.2378 0.3077 0.0073 0.3280
205      205   (0)      6  : 0.3776 0.0157 0.1485 0.1609 0.0020 0.2952
206      206  (12)      6  : 0.0977 0.0686 0.3315 0.2538 0.0045 0.2439
207      207   (0)      6  : 0.1371 0.0269 0.2473 0.2894 0.0049 0.2944
208      208   (0)      6  : 0.1475 0.0060 0.2573 0.2377 0.0100 0.3415
209      209   (8)      6  : 0.1067 0.0070 0.2415 0.3073 0.0044 0.3331
210      210   (0)      6  : 0.0976 0.0134 0.2196 0.3172 0.0108 0.3415
211      211   (0)      6  : 0.1112 0.0071 0.2097 0.2138 0.0071 0.4510
212      212   (0)      6  : 0.1440 0.0358 0.2413 0.2094 0.0023 0.3673
213      213   (0)      6  : 0.1188 0.0181 0.3235 0.3657 0.0020 0.1719
214      214   (0)      6  : 0.2599 0.0149 0.2556 0.2860 0.0034 0.1802
215      215  (14)      6  : 0.2259 0.0101 0.2946 0.3015 0.0052 0.1627
216      216   (0)      6  : 0.1167 0.1248 0.2918 0.2573 0.0096 0.1998
217      217   (0)      6  : 0.1437 0.0087 0.3072 0.3501 0.0064 0.1839
218      218   (0)      6  : 0.1201 0.0065 0.2888 0.3991 0.0053 0.1803
219      219  (14)      6  : 0.1563 0.0106 0.2911 0.2964 0.0045 0.2410
220      220   (0)      6  : 0.1281 0.0638 0.2645 0.2120 0.0154 0.3163
221      221   (7)      6  : 0.0964 0.0181 0.2524 0.2934 0.0050 0.3347
222      222   (0)      6  : 0.1015 0.0093 0.3665 0.2340 0.0037 0.2850
223      223   (0)      6  : 0.2760 0.0317 0.2385 0.2693 0.0087 0.1757
224      224   (0)      6  : 0.1264 0.0068 0.1498 0.1797 0.0039 0.5334
225      225   (5)      6  : 0.1269 0.0106 0.1506 0.1728 0.0059 0.5332
226      226   (0)      6  : 0.1399 0.0829 0.2728 0.2504 0.0203 0.2338
227      227   (0)      2  : 0.0216 0.9119 0.0214 0.0199 0.0037 0.0215
228      228   (0)      2  : 0.0069 0.9714 0.0065 0.0067 0.0020 0.0065
229      229   (0)      2  : 0.0186 0.9040 0.0201 0.0209 0.0131 0.0232
230      230   (0)      2  : 0.0345 0.8583 0.0386 0.0344 0.0040 0.0302
231      231   (0)      2  : 0.0176 0.8845 0.0374 0.0320 0.0029 0.0256
232      232   (0)      2  : 0.0064 0.9721 0.0062 0.0057 0.0031 0.0064
233      233   (0)      2  : 0.0731 0.4902 0.1186 0.1092 0.0065 0.2024
234      234   (0)      2  : 0.0033 0.9851 0.0035 0.0034 0.0017 0.0030
235      235   (0)      2  : 0.0551 0.7844 0.0628 0.0529 0.0013 0.0435
