  1        1   (0)      1 :  0.1080 0.3708 0.4970 0.0183 0.0059 
  2        2   (1)      1 :  0.1274 0.3704 0.4632 0.0043 0.0346 
  3        3   (0)      1 :  0.1427 0.3798 0.4384 0.0091 0.0299 
  4        4  (13)      2 :  0.0121 0.0124 0.0126 0.0047 0.9582 
  5        5   (0)      2 :  0.0052 0.0049 0.0046 0.0050 0.9803 
  6        6  (13)      2 :  0.0146 0.0129 0.0124 0.0033 0.9568 
  7        7   (0)      2 :  0.0089 0.0131 0.0111 0.0040 0.9629 
  8        8   (0)      2 :  0.0133 0.0105 0.0112 0.0907 0.8743 
  9        9  (10)      2 :  0.0171 0.0148 0.0157 0.1106 0.8418 
 10       10   (9)      2 :  0.0181 0.0245 0.0241 0.0096 0.9237 
 11       11   (0)      2 :  0.0172 0.0307 0.0273 0.0068 0.9180 
 12       12   (0)      2 :  0.0343 0.0536 0.0583 0.0036 0.8502 
 13       13   (0)      2 :  0.2025 0.3895 0.3907 0.0093 0.0080 
 14       14   (0)      2 :  0.0380 0.0902 0.0892 0.0110 0.7716 
 15       15   (0)      2 :  0.0139 0.0190 0.0188 0.0053 0.9430 
 16       16   (0)      2 :  0.0050 0.0048 0.0050 0.0058 0.9794 
 17       17   (0)      2 :  0.0368 0.0770 0.0620 0.0045 0.8196 
 18       18   (0)      2 :  0.0071 0.0082 0.0078 0.0028 0.9741 
 19       19   (0)      2 :  0.0100 0.0108 0.0135 0.0039 0.9618 
 20       20   (0)      2 :  0.0135 0.0170 0.0170 0.1799 0.7726 
 21       21   (0)      2 :  0.0126 0.0205 0.0182 0.0070 0.9417 
 22       22   (0)      2 :  0.0269 0.0241 0.0268 0.0110 0.9112 
 23       23   (0)      2 :  0.1010 0.1906 0.2165 0.0055 0.4864 
 24       24   (0)      2 :  0.0067 0.0073 0.0066 0.0046 0.9748 
 25       25   (0)      2 :  0.0243 0.0236 0.0292 0.0057 0.9172 
 26       26   (0)      2 :  0.0190 0.0198 0.0202 0.0118 0.9292 
 27       27   (0)      2 :  0.0122 0.0185 0.0180 0.0277 0.9236 
 28       28   (0)      2 :  0.0588 0.1090 0.1161 0.0237 0.6924 
 29       29   (9)      2 :  0.0282 0.0406 0.0413 0.0035 0.8864 
 30       30   (0)      2 :  0.2501 0.2625 0.3324 0.0045 0.1505 
 31       31   (0)      2 :  0.0153 0.0376 0.0349 0.0030 0.9092 
 32       32   (0)      2 :  0.0080 0.0101 0.0109 0.0068 0.9642 
 33       33   (0)      2 :  0.0557 0.1797 0.2105 0.0362 0.5178 
 34       34   (0)      2 :  0.0247 0.0172 0.0232 0.0095 0.9254 
 35       35   (0)      2 :  0.0157 0.0206 0.0209 0.1496 0.7932 
 36       36   (0)      2 :  0.0060 0.0062 0.0059 0.0029 0.9790 
 37       37   (0)      2 :  0.0220 0.0195 0.0227 0.0093 0.9265 
 38       38   (0)      2 :  0.3048 0.1840 0.1923 0.0111 0.3077 
 39       39   (0)      2 :  0.0079 0.0093 0.0120 0.0032 0.9676 
 40       40   (0)      2 :  0.0079 0.0096 0.0114 0.0019 0.9692 
 41       41   (0)      2 :  0.0223 0.0154 0.0185 0.0387 0.9051 
 42       42   (0)      2 :  0.0583 0.0606 0.0601 0.0033 0.8178 
 43       43   (0)      2 :  0.0111 0.0143 0.0123 0.0020 0.9603 
 44       44   (5)      2 :  0.0119 0.0109 0.0098 0.0043 0.9631 
 45       45   (0)      2 :  0.0085 0.0091 0.0100 0.0123 0.9601 
 46       46   (0)      2 :  0.0304 0.0268 0.0297 0.0022 0.9109 
 47       47   (0)      2 :  0.0142 0.0103 0.0107 0.0039 0.9609 
 48       48   (0)      2 :  0.0070 0.0105 0.0093 0.0019 0.9713 
 49       49   (0)      2 :  0.2822 0.2313 0.3074 0.0112 0.1679 
 50       50   (0)      2 :  0.0152 0.0239 0.0216 0.0030 0.9363 
 51       51   (0)      2 :  0.0238 0.0217 0.0225 0.0030 0.9290 
 52       52   (0)      2 :  0.0229 0.0312 0.0279 0.0041 0.9139 
 53       53   (0)      2 :  0.0820 0.0675 0.0959 0.0039 0.7507 
 54       54   (0)      2 :  0.0072 0.0080 0.0093 0.0040 0.9715 
 55       55   (4)      2 :  0.1947 0.2111 0.2541 0.0045 0.3356 
 56       56   (0)      2 :  0.1238 0.1574 0.2564 0.0068 0.4556 
 57       57   (1)      2 :  0.5129 0.1276 0.1735 0.0156 0.1705 
 58       58   (0)      2 :  0.0262 0.0253 0.0306 0.0046 0.9133 
 59       59   (0)      2 :  0.0084 0.0098 0.0094 0.0024 0.9700 
 60       60   (0)      2 :  0.0127 0.0111 0.0121 0.0174 0.9467 
 61       61   (0)      2 :  0.1064 0.0742 0.1032 0.0093 0.7069 
 62       62   (0)      2 :  0.0068 0.0056 0.0055 0.0038 0.9783 
 63       63   (0)      2 :  0.0156 0.0162 0.0182 0.0122 0.9378 
 64       64   (0)      2 :  0.0126 0.0233 0.0209 0.0044 0.9388 
 65       65   (0)      2 :  0.1872 0.1793 0.2099 0.0125 0.4110 
 66       66   (0)      2 :  0.0123 0.0137 0.0136 0.0116 0.9488 
 67       67   (0)      2 :  0.0229 0.0209 0.0218 0.0084 0.9260 
 68       68   (0)      2 :  0.0105 0.0123 0.0127 0.0032 0.9613 
 69       69   (0)      2 :  0.0196 0.0368 0.0363 0.0121 0.8952 
 70       70   (1)      2 :  0.0082 0.0067 0.0084 0.0042 0.9725 
 71       71   (0)      3 :  0.1416 0.4661 0.3428 0.0162 0.0333 
 72       72   (0)      3 :  0.2611 0.4071 0.3175 0.0097 0.0047 
 73       73   (0)      3 :  0.2232 0.4310 0.3248 0.0148 0.0062 
 74       74   (0)      3 :  0.1136 0.3278 0.5074 0.0087 0.0425 
 75       75   (0)      3 :  0.2182 0.3766 0.3594 0.0147 0.0311 
 76       76   (0)      3 :  0.4004 0.2673 0.2478 0.0729 0.0116 
 77       77   (0)      3 :  0.7392 0.0933 0.1421 0.0180 0.0074 
 78       78   (0)      3 :  0.7445 0.0639 0.1390 0.0344 0.0181 
 79       79   (0)      3 :  0.4031 0.2449 0.3013 0.0153 0.0355 
 80       80   (8)      3 :  0.6206 0.1451 0.1978 0.0301 0.0063 
 81       81   (0)      3 :  0.1900 0.3965 0.3875 0.0050 0.0210 
 82       82   (0)      3 :  0.0707 0.2265 0.3002 0.0138 0.3888 
 83       83   (0)      3 :  0.4412 0.2172 0.2627 0.0064 0.0725 
 84       84   (0)      3 :  0.1336 0.4324 0.4189 0.0039 0.0112 
 85       85   (0)      3 :  0.6217 0.1149 0.1760 0.0092 0.0782 
 86       86   (0)      3 :  0.4857 0.2242 0.2207 0.0518 0.0176 
 87       87   (0)      3 :  0.4841 0.1741 0.2546 0.0800 0.0072 
 88       88   (0)      3 :  0.4637 0.2490 0.2324 0.0083 0.0465 
 89       89   (0)      3 :  0.1586 0.3850 0.3944 0.0233 0.0387 
 90       90   (0)      3 :  0.5514 0.1757 0.2132 0.0495 0.0102 
 91       91   (0)      3 :  0.2688 0.2822 0.4123 0.0040 0.0328 
 92       92   (0)      3 :  0.3810 0.2426 0.3320 0.0191 0.0252 
 93       93   (0)      3 :  0.2335 0.2514 0.3203 0.0381 0.1568 
 94       94   (0)      3 :  0.3275 0.2617 0.3292 0.0246 0.0570 
 95       95   (0)      3 :  0.1394 0.4270 0.4024 0.0103 0.0208 
 96       96   (0)      3 :  0.6322 0.1389 0.2107 0.0064 0.0118 
 97       97   (0)      3 :  0.3867 0.2862 0.2861 0.0362 0.0048 
 98       98   (0)      3 :  0.1469 0.2730 0.3059 0.0256 0.2486 
 99       99   (0)      3 :  0.1839 0.3637 0.3849 0.0236 0.0438 
100      100   (0)      3 :  0.4086 0.2482 0.3061 0.0291 0.0080 
101      101   (0)      3 :  0.3886 0.2846 0.3072 0.0029 0.0166 
102      102   (0)      3 :  0.3206 0.2869 0.3517 0.0149 0.0259 
103      103   (0)      3 :  0.4737 0.2316 0.2688 0.0101 0.0158 
104      104   (0)      3 :  0.4822 0.1954 0.2861 0.0079 0.0285 
105      105   (0)      3 :  0.2547 0.3635 0.3575 0.0093 0.0150 
106      106   (0)      3 :  0.5026 0.1899 0.2749 0.0137 0.0189 
107      107   (0)      3 :  0.1088 0.4180 0.4297 0.0097 0.0338 
108      108   (0)      3 :  0.5117 0.2525 0.2246 0.0060 0.0053 
109      109   (0)      3 :  0.1084 0.2265 0.2478 0.0674 0.3499 
110      110   (0)      3 :  0.1404 0.4304 0.4005 0.0078 0.0209 
111      111   (0)      3 :  0.5302 0.1985 0.2376 0.0129 0.0208 
112      112   (0)      3 :  0.4221 0.2298 0.2418 0.0047 0.1016 
113      113   (0)      3 :  0.5958 0.1387 0.2418 0.0049 0.0188 
114      114   (0)      3 :  0.1510 0.4207 0.4089 0.0067 0.0128 
115      115   (0)      3 :  0.1893 0.3584 0.3758 0.0207 0.0558 
116      116   (0)      3 :  0.5180 0.2078 0.2487 0.0110 0.0145 
117      117   (0)      3 :  0.0019 0.0027 0.0047 0.9892 0.0015 
118      118   (0)      3 :  0.1906 0.4181 0.3610 0.0198 0.0105 
119      119   (0)      3 :  0.4471 0.2348 0.2817 0.0154 0.0211 
120      120   (7)      4 :  0.0017 0.0026 0.0051 0.9892 0.0014 
121      121  (12)      4 :  0.5719 0.1836 0.2201 0.0130 0.0115 
122      122  (12)      4 :  0.1383 0.1438 0.1318 0.5490 0.0371 
123      123   (3)      4 :  0.4181 0.2579 0.2925 0.0088 0.0227 
124      124  (12)      4 :  0.2848 0.2853 0.3596 0.0077 0.0626 
125      125  (13)      4 :  0.3206 0.3537 0.3075 0.0045 0.0137 
126      126   (0)      4 :  0.1427 0.1174 0.1400 0.0058 0.5942 
127      127   (3)      4 :  0.4221 0.2738 0.2645 0.0096 0.0300 
128      128   (0)      4 :  0.4215 0.2467 0.3123 0.0059 0.0135 
129      129   (0)      4 :  0.6658 0.1372 0.1790 0.0096 0.0085 
130      130   (9)      4 :  0.2057 0.4995 0.2822 0.0085 0.0041 
131      131   (9)      4 :  0.6037 0.1580 0.2245 0.0053 0.0085 
132      132  (12)      4 :  0.2305 0.3726 0.3631 0.0154 0.0183 
133      133   (0)      5 :  0.0274 0.0186 0.0231 0.0090 0.9219 
134      134   (0)      5 :  0.6707 0.1321 0.1773 0.0084 0.0115 
135      135   (0)      5 :  0.0257 0.0334 0.0381 0.0157 0.8871 
136      136   (0)      6 :  0.2788 0.3583 0.3458 0.0073 0.0099 
137      137   (0)      6 :  0.2333 0.4852 0.2676 0.0099 0.0041 
138      138   (9)      6 :  0.2560 0.4109 0.3163 0.0109 0.0060 
139      139   (0)      6 :  0.1251 0.5140 0.3457 0.0104 0.0048 
140      140   (0)      6 :  0.6837 0.1255 0.1720 0.0098 0.0090 
141      141   (0)      6 :  0.1056 0.5334 0.3434 0.0065 0.0111 
142      142   (0)      6 :  0.4252 0.2373 0.3055 0.0170 0.0151 
143      143   (0)      6 :  0.1054 0.4764 0.3883 0.0080 0.0219 
144      144  (11)      6 :  0.1283 0.4326 0.4122 0.0058 0.0211 
145      145   (0)      6 :  0.2839 0.2717 0.3686 0.0327 0.0432 
146      146   (0)      6 :  0.1396 0.4081 0.3746 0.0056 0.0721 
147      147   (0)      6 :  0.2201 0.3552 0.3904 0.0045 0.0298 
148      148   (4)      6 :  0.2319 0.3576 0.3781 0.0098 0.0226 
149      149   (0)      6 :  0.1224 0.4807 0.3694 0.0093 0.0183 
150      150   (0)      6 :  0.0987 0.3810 0.4461 0.0078 0.0664 
151      151   (0)      6 :  0.7795 0.1128 0.1001 0.0015 0.0060 
152      152   (0)      6 :  0.5779 0.1610 0.1777 0.0184 0.0650 
153      153   (4)      6 :  0.7789 0.1117 0.1030 0.0017 0.0047 
154      154   (5)      6 :  0.6548 0.1798 0.1537 0.0023 0.0094 
155      155   (0)      6 :  0.4450 0.2542 0.2547 0.0379 0.0081 
156      156   (5)      6 :  0.3394 0.3238 0.3106 0.0151 0.0111 
157      157   (0)      6 :  0.1214 0.4424 0.4159 0.0117 0.0086 
158      158   (0)      6 :  0.1332 0.4762 0.3532 0.0143 0.0231 
159      159  (10)      6 :  0.1639 0.4116 0.4015 0.0055 0.0176 
160      160   (0)      6 :  0.4119 0.2940 0.2748 0.0085 0.0108 
161      161   (0)      6 :  0.4887 0.2356 0.2617 0.0090 0.0050 
162      162   (0)      6 :  0.2832 0.3487 0.3480 0.0062 0.0139 
163      163   (5)      6 :  0.3382 0.3037 0.3122 0.0126 0.0332 
164      164   (0)      6 :  0.1309 0.3300 0.4314 0.0045 0.1031 
165      165   (0)      6 :  0.1249 0.4483 0.4020 0.0048 0.0200 
166      166   (0)      6 :  0.3291 0.2721 0.3563 0.0050 0.0375 
167      167  (10)      6 :  0.1126 0.3943 0.4645 0.0092 0.0194 
168      168   (0)      6 :  0.1195 0.3929 0.4603 0.0082 0.0191 
169      169   (0)      6 :  0.6086 0.1750 0.2040 0.0075 0.0049 
170      170   (0)      6 :  0.1472 0.5031 0.3306 0.0060 0.0131 
171      171   (0)      6 :  0.4104 0.2287 0.3364 0.0088 0.0157 
172      172   (0)      6 :  0.6537 0.0785 0.1179 0.1418 0.0081 
173      173   (0)      6 :  0.6554 0.0809 0.1141 0.1424 0.0072 
174      174   (0)      6 :  0.2910 0.2759 0.3736 0.0435 0.0160 
175      175   (0)      6 :  0.6467 0.1307 0.1773 0.0355 0.0098 
176      176   (0)      6 :  0.1985 0.3784 0.3734 0.0123 0.0374 
177      177   (0)      6 :  0.3413 0.2757 0.3493 0.0075 0.0262 
178      178   (2)      6 :  0.2323 0.3687 0.3635 0.0224 0.0131 
179      179   (0)      6 :  0.5249 0.1813 0.2264 0.0120 0.0554 
180      180   (0)      6 :  0.2842 0.3846 0.3052 0.0143 0.0117 
181      181   (0)      6 :  0.2419 0.3783 0.3522 0.0117 0.0158 
182      182   (0)      6 :  0.1675 0.3698 0.4222 0.0060 0.0344 
183      183   (7)      6 :  0.2954 0.3113 0.3713 0.0107 0.0114 
184      184   (0)      6 :  0.2504 0.3867 0.3321 0.0134 0.0175 
185      185  (10)      6 :  0.1471 0.3317 0.4404 0.0042 0.0766 
186      186   (0)      6 :  0.0479 0.0874 0.0893 0.0252 0.7502 
187      187   (8)      6 :  0.2107 0.3312 0.4266 0.0197 0.0118 
188      188   (0)      6 :  0.2139 0.4013 0.3718 0.0062 0.0068 
189      189   (7)      6 :  0.1462 0.3642 0.4701 0.0042 0.0153 
190      190   (0)      6 :  0.6974 0.1348 0.1585 0.0047 0.0047 
191      191   (0)      6 :  0.6623 0.1307 0.1738 0.0186 0.0146 
192      192   (0)      6 :  0.1432 0.4466 0.3547 0.0058 0.0497 
193      193   (0)      6 :  0.1352 0.4843 0.3604 0.0132 0.0069 
194      194   (2)      6 :  0.5730 0.1736 0.2150 0.0178 0.0206 
195      195   (0)      6 :  0.4572 0.1191 0.1810 0.2000 0.0427 
196      196   (0)      6 :  0.2740 0.2929 0.3137 0.0124 0.1069 
197      197   (3)      6 :  0.2041 0.3577 0.3990 0.0106 0.0285 
198      198   (0)      6 :  0.3137 0.3489 0.3113 0.0051 0.0210 
199      199   (0)      6 :  0.1634 0.4884 0.3308 0.0117 0.0058 
200      200   (0)      6 :  0.0681 0.2570 0.2881 0.0041 0.3828 
201      201   (0)      6 :  0.2145 0.4250 0.3312 0.0164 0.0129 
202      202   (0)      6 :  0.2222 0.3898 0.3136 0.0101 0.0643 
203      203   (0)      6 :  0.3873 0.2963 0.2674 0.0081 0.0409 
204      204  (13)      6 :  0.1284 0.4994 0.3420 0.0077 0.0225 
205      205   (0)      6 :  0.5041 0.2462 0.2291 0.0050 0.0155 
206      206  (12)      6 :  0.1836 0.3310 0.4027 0.0069 0.0758 
207      207   (0)      6 :  0.1380 0.4213 0.3959 0.0134 0.0314 
208      208   (0)      6 :  0.2341 0.3623 0.3837 0.0135 0.0065 
209      209   (8)      6 :  0.1447 0.5152 0.3276 0.0047 0.0078 
210      210   (0)      6 :  0.1403 0.5117 0.3201 0.0118 0.0161 
211      211   (0)      6 :  0.1966 0.3918 0.3920 0.0113 0.0083 
212      212   (0)      6 :  0.1535 0.4420 0.3598 0.0048 0.0399 
213      213   (0)      6 :  0.1203 0.4732 0.3817 0.0076 0.0172 
214      214   (0)      6 :  0.3897 0.3004 0.2858 0.0075 0.0167 
215      215  (14)      6 :  0.3254 0.3448 0.3093 0.0093 0.0112 
216      216   (0)      6 :  0.1686 0.3221 0.3441 0.0174 0.1478 
217      217   (0)      6 :  0.1417 0.4616 0.3743 0.0112 0.0112 
218      218   (0)      6 :  0.1468 0.4917 0.3403 0.0145 0.0066 
219      219  (14)      6 :  0.1867 0.4686 0.3255 0.0082 0.0111 
220      220   (0)      6 :  0.2236 0.3166 0.3544 0.0325 0.0729 
221      221   (7)      6 :  0.1337 0.4669 0.3729 0.0064 0.0201 
222      222   (0)      6 :  0.1348 0.3476 0.5003 0.0075 0.0099 
223      223   (0)      6 :  0.4327 0.2458 0.2720 0.0123 0.0373 
224      224   (0)      6 :  0.1369 0.4872 0.3608 0.0068 0.0083 
225      225   (5)      6 :  0.1346 0.4806 0.3633 0.0084 0.0131 
226      226   (0)      6 :  0.1409 0.3519 0.3571 0.0282 0.1220 
227      227   (0)      2 :  0.0202 0.0206 0.0207 0.0042 0.9343 
228      228   (0)      2 :  0.0063 0.0065 0.0068 0.0020 0.9784 
229      229   (0)      2 :  0.0187 0.0208 0.0204 0.0130 0.9271 
230      230   (0)      2 :  0.0342 0.0303 0.0354 0.0049 0.8952 
231      231   (0)      2 :  0.0178 0.0262 0.0295 0.0037 0.9228 
232      232   (0)      2 :  0.0066 0.0056 0.0060 0.0035 0.9783 
233      233   (0)      2 :  0.0920 0.1385 0.1670 0.0090 0.5935 
234      234   (0)      2 :  0.0036 0.0031 0.0034 0.0021 0.9878 
235      235   (0)      2 :  0.0722 0.0539 0.0650 0.0022 0.8066 
