1        1   (0)      1  : 0.1067 0.0090 0.5120 0.3723
2        2   (1)      1  : 0.1141 0.1376 0.4034 0.3449
3        3   (0)      1  : 0.1160 0.0484 0.4422 0.3934
4        4   (0)      2  : 0.0530 0.7775 0.0901 0.0794
5        5   (0)      2  : 0.2003 0.0154 0.4191 0.3651
6        6   (0)      2  : 0.0450 0.7607 0.0970 0.0973
7        7   (0)      2  : 0.0220 0.9204 0.0273 0.0303
8        8   (0)      2  : 0.0089 0.9719 0.0101 0.0091
9        9   (0)      2  : 0.0460 0.8223 0.0700 0.0617
10       10   (0)      2  : 0.0127 0.9596 0.0141 0.0136
11       11   (0)      2  : 0.0156 0.9434 0.0213 0.0197
12       12   (0)      2  : 0.0537 0.8327 0.0593 0.0543
13       13   (0)      2  : 0.0213 0.9327 0.0236 0.0224
14       14   (0)      2  : 0.0414 0.8886 0.0368 0.0331
15       15   (0)      2  : 0.0986 0.5642 0.1836 0.1536
16       16   (0)      2  : 0.0147 0.9549 0.0150 0.0154
17       17   (0)      2  : 0.0606 0.8149 0.0674 0.0571
18       18   (0)      2  : 0.0276 0.9157 0.0291 0.0276
19       19   (0)      2  : 0.0229 0.9200 0.0287 0.0284
20       20   (0)      2  : 0.1029 0.6618 0.1221 0.1133
21       21   (9)      2  : 0.0327 0.8686 0.0516 0.0471
22       22   (0)      2  : 0.1963 0.2161 0.3168 0.2708
23       23   (0)      2  : 0.0161 0.9049 0.0396 0.0394
24       24   (0)      2  : 0.0107 0.9610 0.0140 0.0143
25       25   (0)      2  : 0.1002 0.5738 0.1660 0.1600
26       26   (0)      2  : 0.0364 0.9159 0.0246 0.0231
27       27   (0)      2  : 0.0394 0.8643 0.0477 0.0486
28       28   (0)      2  : 0.0100 0.9683 0.0111 0.0106
29       29   (0)      2  : 0.0420 0.8861 0.0386 0.0333
30       30   (0)      2  : 0.2701 0.3295 0.1935 0.2068
31       31   (0)      2  : 0.0126 0.9609 0.0139 0.0127
32       32   (0)      2  : 0.0169 0.9211 0.0374 0.0246
33       33   (0)      2  : 0.0417 0.9066 0.0269 0.0249
34       34   (0)      2  : 0.0647 0.7370 0.1056 0.0927
35       35   (0)      2  : 0.0187 0.9048 0.0449 0.0316
36       36   (5)      2  : 0.0170 0.9563 0.0133 0.0134
37       37   (0)      2  : 0.0147 0.9556 0.0156 0.0141
38       38   (0)      2  : 0.0403 0.8707 0.0457 0.0433
39       39   (0)      2  : 0.0201 0.9541 0.0130 0.0127
40       40   (0)      2  : 0.0103 0.9583 0.0157 0.0157
41       41   (0)      2  : 0.2041 0.3710 0.2259 0.1989
42       42   (0)      2  : 0.0171 0.9337 0.0253 0.0239
43       43   (0)      2  : 0.0521 0.8390 0.0571 0.0517
44       44   (0)      2  : 0.0309 0.8526 0.0612 0.0553
45       45   (0)      2  : 0.0603 0.7615 0.1026 0.0756
46       46   (0)      2  : 0.0116 0.9593 0.0151 0.0140
47       47   (4)      2  : 0.2088 0.2723 0.2700 0.2490
48       48   (0)      2  : 0.1226 0.5351 0.2073 0.1350
49       49   (1)      2  : 0.5414 0.1797 0.1399 0.1390
50       50   (0)      2  : 0.0363 0.8630 0.0569 0.0439
51       51   (0)      2  : 0.0126 0.9594 0.0147 0.0133
52       52   (0)      2  : 0.0260 0.9330 0.0211 0.0199
53       53   (0)      2  : 0.1969 0.5474 0.1475 0.1081
54       54   (0)      2  : 0.0104 0.9706 0.0100 0.0090
55       55   (0)      2  : 0.0304 0.9203 0.0254 0.0239
56       56   (0)      2  : 0.0243 0.8919 0.0438 0.0400
57       57   (0)      2  : 0.2310 0.3539 0.2195 0.1955
58       58   (0)      2  : 0.0197 0.9353 0.0226 0.0224
59       59   (0)      2  : 0.0386 0.8963 0.0364 0.0287
60       60   (0)      2  : 0.0141 0.9470 0.0199 0.0190
61       61   (0)      2  : 0.0347 0.8354 0.0657 0.0641
62       62   (1)      2  : 0.0116 0.9637 0.0120 0.0127
63       63   (0)      3  : 0.1115 0.0460 0.4117 0.4308
64       64   (0)      3  : 0.2780 0.0070 0.3178 0.3972
65       65   (0)      3  : 0.2131 0.0123 0.3393 0.4353
66       66   (0)      3  : 0.0867 0.0724 0.4853 0.3556
67       67   (0)      3  : 0.2088 0.0436 0.3907 0.3569
68       68   (0)      3  : 0.4854 0.0177 0.2443 0.2526
69       69   (0)      3  : 0.7714 0.0130 0.0998 0.1158
70       70   (0)      3  : 0.8083 0.0286 0.0879 0.0753
71       71   (0)      3  : 0.4171 0.0666 0.2572 0.2591
72       72   (8)      3  : 0.6563 0.0100 0.1718 0.1618
73       73   (0)      3  : 0.1313 0.0303 0.4083 0.4302
74       74   (0)      3  : 0.0830 0.3814 0.2995 0.2361
75       75   (0)      3  : 0.3685 0.1339 0.2403 0.2573
76       76   (0)      3  : 0.1207 0.0191 0.4316 0.4286
77       77   (0)      3  : 0.6405 0.0786 0.1451 0.1358
78       78   (0)      3  : 0.5994 0.0234 0.1876 0.1896
79       79   (0)      3  : 0.6135 0.0100 0.1982 0.1783
80       80   (0)      3  : 0.3642 0.0748 0.2805 0.2804
81       81   (0)      3  : 0.2258 0.0481 0.3719 0.3542
82       82   (0)      3  : 0.6495 0.0149 0.1680 0.1677
83       83   (0)      3  : 0.1898 0.0493 0.4415 0.3195
84       84   (0)      3  : 0.4400 0.0374 0.2794 0.2432
85       85   (0)      3  : 0.3102 0.1460 0.2932 0.2506
86       86   (0)      3  : 0.4382 0.0836 0.2481 0.2301
87       87   (0)      3  : 0.1641 0.0363 0.3837 0.4159
88       88   (0)      3  : 0.4887 0.0161 0.2686 0.2266
89       89   (0)      3  : 0.4854 0.0083 0.2515 0.2548
90       90   (0)      3  : 0.1862 0.3372 0.2475 0.2292
91       91   (0)      3  : 0.2908 0.0676 0.3399 0.3017
92       92   (0)      3  : 0.5048 0.0124 0.2353 0.2475
93       93   (0)      3  : 0.2484 0.0261 0.3529 0.3726
94       94   (0)      3  : 0.3092 0.0403 0.3309 0.3197
95       95   (0)      3  : 0.4536 0.0417 0.2674 0.2373
96       96   (0)      3  : 0.4638 0.0479 0.2718 0.2165
97       97   (0)      3  : 0.2751 0.0311 0.3314 0.3624
98       98   (0)      3  : 0.5934 0.0288 0.2054 0.1724
99       99   (0)      3  : 0.0794 0.0440 0.4782 0.3983
100      100   (0)      3  : 0.4250 0.0091 0.2844 0.2815
101      101   (0)      3  : 0.1995 0.4685 0.1726 0.1594
102      102   (0)      3  : 0.1166 0.0267 0.4077 0.4490
103      103   (0)      3  : 0.5561 0.0356 0.1973 0.2110
104      104   (0)      3  : 0.3336 0.1469 0.2538 0.2657
105      105   (0)      3  : 0.5274 0.0344 0.2405 0.1977
106      106   (0)      3  : 0.1347 0.0256 0.4292 0.4105
107      107   (0)      3  : 0.3136 0.0688 0.3295 0.2881
108      108   (0)      3  : 0.4841 0.0227 0.2291 0.2641
109      109   (0)      3  : 0.4968 0.0173 0.2530 0.2330
110      110   (0)      3  : 0.2109 0.0206 0.3416 0.4269
111      111   (0)      3  : 0.4573 0.0311 0.2665 0.2450
112      112   (7)      4  : 0.4952 0.0171 0.2490 0.2387
113      113  (12)      4  : 0.5618 0.0209 0.2223 0.1951
114      114  (12)      4  : 0.4724 0.0253 0.2669 0.2355
115      115   (3)      4  : 0.4931 0.0304 0.2163 0.2602
116      116  (12)      4  : 0.2845 0.0840 0.3108 0.3208
117      117  (13)      4  : 0.3702 0.0234 0.2885 0.3179
118      118   (0)      4  : 0.1862 0.4723 0.1644 0.1771
119      119   (3)      4  : 0.4834 0.0559 0.2160 0.2447
120      120   (0)      4  : 0.3408 0.0267 0.3349 0.2975
121      121   (0)      4  : 0.6553 0.0127 0.1634 0.1687
122      122   (9)      4  : 0.1829 0.0077 0.3223 0.4871
123      123   (9)      4  : 0.5440 0.0114 0.2124 0.2322
124      124  (12)      4  : 0.2760 0.0318 0.3373 0.3548
125      125   (0)      5  : 0.0507 0.8783 0.0341 0.0369
126      126   (0)      5  : 0.5489 0.0236 0.2407 0.1868
127      127   (0)      5  : 0.0346 0.8592 0.0581 0.0481
128      128   (0)      6  : 0.2777 0.0163 0.3803 0.3257
129      129   (0)      6  : 0.2189 0.0064 0.3065 0.4682
130      130   (9)      6  : 0.2506 0.0107 0.3247 0.4140
131      131   (0)      6  : 0.1100 0.0080 0.3468 0.5352
132      132   (0)      6  : 0.5486 0.0166 0.2037 0.2311
133      133   (0)      6  : 0.0726 0.0181 0.4076 0.5017
134      134   (0)      6  : 0.4644 0.0279 0.2761 0.2317
135      135   (0)      6  : 0.1130 0.0332 0.4244 0.4294
136      136  (11)      6  : 0.0924 0.0486 0.4415 0.4175
137      137   (0)      6  : 0.3860 0.0513 0.3007 0.2620
138      138   (0)      6  : 0.1035 0.1376 0.3844 0.3745
139      139   (0)      6  : 0.1841 0.0643 0.3978 0.3538
140      140   (4)      6  : 0.2208 0.0304 0.3750 0.3738
141      141   (0)      6  : 0.0968 0.0324 0.4092 0.4616
142      142   (0)      6  : 0.0987 0.0767 0.4046 0.4200
143      143   (0)      6  : 0.5125 0.0099 0.2476 0.2300
144      144   (0)      6  : 0.5336 0.0701 0.2089 0.1874
145      145   (4)      6  : 0.5101 0.0083 0.2520 0.2296
146      146   (5)      6  : 0.4027 0.0177 0.3034 0.2761
147      147   (0)      6  : 0.4433 0.0124 0.2581 0.2862
148      148   (5)      6  : 0.3100 0.0209 0.3279 0.3413
149      149   (0)      6  : 0.1198 0.0149 0.3920 0.4734
150      150   (0)      6  : 0.1450 0.0327 0.3945 0.4278
151      151  (10)      6  : 0.1382 0.0323 0.3921 0.4374
152      152   (0)      6  : 0.3692 0.0167 0.2792 0.3349
153      153   (0)      6  : 0.4513 0.0100 0.2751 0.2636
154      154   (0)      6  : 0.2377 0.0273 0.3493 0.3857
155      155   (5)      6  : 0.3110 0.0570 0.3003 0.3317
156      156   (0)      6  : 0.0973 0.1316 0.4385 0.3327
157      157   (0)      6  : 0.1123 0.0333 0.4377 0.4168
158      158   (0)      6  : 0.2827 0.0572 0.3784 0.2818
159      159  (10)      6  : 0.1018 0.0268 0.4627 0.4087
160      160   (0)      6  : 0.1133 0.0274 0.4556 0.4037
161      161   (0)      6  : 0.5445 0.0073 0.2159 0.2323
162      162   (0)      6  : 0.1002 0.0176 0.3993 0.4830
163      163   (0)      6  : 0.3779 0.0263 0.3407 0.2551
164      164   (0)      6  : 0.8034 0.0116 0.0919 0.0932
165      165   (0)      6  : 0.8015 0.0117 0.0929 0.0940
166      166   (0)      6  : 0.3931 0.0339 0.3150 0.2581
167      167   (0)      6  : 0.6259 0.0186 0.1824 0.1731
168      168   (0)      6  : 0.1910 0.0509 0.3778 0.3804
169      169   (0)      6  : 0.3112 0.0430 0.3441 0.3017
170      170   (2)      6  : 0.2707 0.0224 0.3600 0.3469
171      171   (0)      6  : 0.5165 0.0892 0.1932 0.2012
172      172   (0)      6  : 0.2974 0.0211 0.3067 0.3747
173      173   (0)      6  : 0.2469 0.0306 0.3462 0.3764
174      174   (0)      6  : 0.1710 0.0507 0.3951 0.3831
175      175   (7)      6  : 0.3590 0.0180 0.3196 0.3034
176      176   (0)      6  : 0.2231 0.0291 0.3541 0.3937
177      177  (10)      6  : 0.1126 0.1036 0.4284 0.3554
178      178   (0)      6  : 0.0840 0.6752 0.1262 0.1146
179      179   (8)      6  : 0.2435 0.0216 0.3888 0.3461
180      180   (0)      6  : 0.1719 0.0117 0.3995 0.4169
181      181   (7)      6  : 0.1059 0.0251 0.4866 0.3823
182      182   (0)      6  : 0.6416 0.0084 0.1538 0.1962
183      183   (0)      6  : 0.7020 0.0274 0.1313 0.1393
184      184   (0)      6  : 0.1711 0.0645 0.3642 0.4002
185      185   (0)      6  : 0.1248 0.0131 0.4048 0.4572
186      186   (2)      6  : 0.5987 0.0263 0.1856 0.1894
187      187   (0)      6  : 0.6623 0.0627 0.1372 0.1378
188      188   (0)      6  : 0.2623 0.1387 0.2830 0.3159
189      189   (3)      6  : 0.2853 0.0399 0.3441 0.3308
190      190   (0)      6  : 0.2261 0.0336 0.3397 0.4006
191      191   (0)      6  : 0.1531 0.0100 0.3297 0.5071
192      192   (0)      6  : 0.0709 0.4009 0.2756 0.2527
193      193   (0)      6  : 0.1839 0.0183 0.3624 0.4354
194      194   (0)      6  : 0.1827 0.0654 0.3503 0.4016
195      195   (0)      6  : 0.3037 0.0687 0.2995 0.3281
196      196  (13)      6  : 0.0583 0.0364 0.4343 0.4710
197      197   (0)      6  : 0.3600 0.0277 0.3304 0.2819
198      198  (12)      6  : 0.1555 0.0996 0.4151 0.3298
199      199   (0)      6  : 0.1673 0.0459 0.3642 0.4227
200      200   (0)      6  : 0.2271 0.0093 0.3821 0.3815
201      201   (8)      6  : 0.0695 0.0134 0.4410 0.4760
202      202   (0)      6  : 0.0663 0.0311 0.4281 0.4745
203      203   (0)      6  : 0.1387 0.0154 0.4383 0.4076
204      204   (0)      6  : 0.1202 0.0703 0.3929 0.4166
205      205   (0)      6  : 0.1014 0.0323 0.4041 0.4622
206      206   (0)      6  : 0.2913 0.0331 0.3154 0.3601
207      207  (14)      6  : 0.2381 0.0213 0.3421 0.3985
208      208   (0)      6  : 0.1833 0.1229 0.3481 0.3458
209      209   (0)      6  : 0.1836 0.0163 0.3491 0.4510
210      210   (0)      6  : 0.1864 0.0117 0.3353 0.4666
211      211  (14)      6  : 0.1525 0.0169 0.3785 0.4521
212      212   (0)      6  : 0.2280 0.1101 0.3441 0.3177
213      213   (7)      6  : 0.0663 0.0446 0.4439 0.4453
214      214   (0)      6  : 0.0890 0.0176 0.5183 0.3751
215      215   (0)      6  : 0.4713 0.0527 0.2114 0.2646
216      216   (0)      6  : 0.0690 0.0140 0.4350 0.4821
217      217   (5)      6  : 0.0683 0.0193 0.4333 0.4791
218      218   (0)      6  : 0.1589 0.0818 0.3725 0.3868
219      219   (0)      2  : 0.0353 0.8891 0.0399 0.0357
220      220   (0)      2  : 0.0097 0.9707 0.0099 0.0097
221      221   (0)      2  : 0.0319 0.9104 0.0294 0.0283
222      222   (0)      2  : 0.0623 0.8238 0.0589 0.0550
223      223   (0)      2  : 0.0287 0.9020 0.0357 0.0336
224      224   (0)      2  : 0.0104 0.9714 0.0093 0.0089
225      225   (0)      2  : 0.0903 0.6309 0.1540 0.1248
226      226   (0)      2  : 0.0056 0.9840 0.0053 0.0051
227      227   (0)      2  : 0.0561 0.7950 0.0774 0.0714
