1        1   (0)      1  : 0.1046 0.0045 0.4639 0.3629 0.0155 0.0486
2        2   (1)      1  : 0.1169 0.0380 0.4188 0.4103 0.0020 0.0140
3        3   (0)      1  : 0.1224 0.0280 0.4103 0.3968 0.0080 0.0345
4        4  (13)      2  : 0.0100 0.9590 0.0115 0.0090 0.0035 0.0070
5        5   (0)      2  : 0.0035 0.9825 0.0035 0.0040 0.0045 0.0020
6        6  (13)      2  : 0.0100 0.9575 0.0085 0.0125 0.0020 0.0095
7        7   (0)      2  : 0.0095 0.9625 0.0130 0.0100 0.0025 0.0025
8        8   (0)      2  : 0.0100 0.8914 0.0085 0.0125 0.0750 0.0025
9        9  (10)      2  : 0.0150 0.8495 0.0160 0.0160 0.0990 0.0045
10       10   (9)      2  : 0.0155 0.9259 0.0235 0.0220 0.0070 0.0060
11       11   (0)      2  : 0.0155 0.9040 0.0285 0.0275 0.0045 0.0200
12       12   (0)      2  : 0.0230 0.8581 0.0600 0.0430 0.0020 0.0140
13       13   (0)      2  : 0.2199 0.0080 0.3713 0.3519 0.0045 0.0445
14       14   (0)      2  : 0.0390 0.7901 0.0765 0.0820 0.0070 0.0055
15       15   (0)      2  : 0.0150 0.9370 0.0185 0.0220 0.0040 0.0035
16       16   (0)      2  : 0.0040 0.9795 0.0055 0.0040 0.0050 0.0020
17       17   (0)      2  : 0.0390 0.8435 0.0455 0.0570 0.0020 0.0130
18       18   (0)      2  : 0.0055 0.9750 0.0065 0.0070 0.0020 0.0040
19       19   (0)      2  : 0.0075 0.9645 0.0100 0.0120 0.0035 0.0025
20       20   (0)      2  : 0.0095 0.7758 0.0115 0.0085 0.1782 0.0165
21       21   (0)      2  : 0.0115 0.9420 0.0185 0.0180 0.0050 0.0050
22       22   (0)      2  : 0.0265 0.9040 0.0255 0.0305 0.0100 0.0035
23       23   (0)      2  : 0.1029 0.4403 0.2184 0.2174 0.0035 0.0175
24       24   (0)      2  : 0.0070 0.9280 0.0040 0.0070 0.0035 0.0505
25       25   (0)      2  : 0.0220 0.9115 0.0260 0.0335 0.0040 0.0030
26       26   (0)      2  : 0.0180 0.9145 0.0200 0.0205 0.0090 0.0180
27       27   (0)      2  : 0.0095 0.9345 0.0150 0.0110 0.0260 0.0040
28       28   (0)      2  : 0.0490 0.6854 0.1241 0.1161 0.0105 0.0150
29       29   (9)      2  : 0.0215 0.8859 0.0340 0.0490 0.0020 0.0075
30       30   (0)      2  : 0.2037 0.1001 0.3348 0.3428 0.0010 0.0175
31       31   (0)      2  : 0.0145 0.9130 0.0370 0.0290 0.0020 0.0045
32       32   (0)      2  : 0.0065 0.9655 0.0070 0.0100 0.0070 0.0040
33       33   (0)      2  : 0.0725 0.4450 0.2405 0.1975 0.0325 0.0120
34       34   (0)      2  : 0.0190 0.9265 0.0200 0.0205 0.0095 0.0045
35       35   (0)      2  : 0.0165 0.7881 0.0215 0.0200 0.1504 0.0035
36       36   (0)      2  : 0.0040 0.9820 0.0045 0.0045 0.0030 0.0020
37       37   (0)      2  : 0.0175 0.9250 0.0235 0.0230 0.0065 0.0045
38       38   (0)      2  : 0.2936 0.2781 0.2106 0.2081 0.0020 0.0075
39       39   (0)      2  : 0.0070 0.9690 0.0085 0.0080 0.0020 0.0055
40       40   (0)      2  : 0.0055 0.9675 0.0095 0.0140 0.0010 0.0025
41       41   (0)      2  : 0.0120 0.9144 0.0135 0.0170 0.0355 0.0075
42       42   (0)      2  : 0.0380 0.8433 0.0470 0.0425 0.0015 0.0275
43       43   (0)      2  : 0.0110 0.9540 0.0135 0.0160 0.0015 0.0040
44       44   (5)      2  : 0.0120 0.9640 0.0105 0.0085 0.0025 0.0025
45       45   (0)      2  : 0.0065 0.9645 0.0070 0.0090 0.0090 0.0040
46       46   (0)      2  : 0.0235 0.9120 0.0355 0.0195 0.0010 0.0085
47       47   (0)      2  : 0.0140 0.9570 0.0115 0.0115 0.0020 0.0040
48       48   (0)      2  : 0.0065 0.9745 0.0065 0.0075 0.0020 0.0030
49       49   (0)      2  : 0.2020 0.1355 0.3160 0.3230 0.0050 0.0185
50       50   (0)      2  : 0.0145 0.9360 0.0190 0.0230 0.0020 0.0055
51       51   (0)      2  : 0.0210 0.9330 0.0195 0.0195 0.0015 0.0055
52       52   (0)      2  : 0.0150 0.9285 0.0250 0.0150 0.0025 0.0140
53       53   (0)      2  : 0.0835 0.7556 0.0715 0.0775 0.0025 0.0095
54       54   (0)      2  : 0.0070 0.9745 0.0065 0.0070 0.0025 0.0025
55       55   (4)      2  : 0.1540 0.2955 0.2595 0.2680 0.0020 0.0210
56       56   (0)      2  : 0.1160 0.4130 0.2251 0.2225 0.0040 0.0195
57       57   (1)      2  : 0.4673 0.1681 0.1871 0.1506 0.0035 0.0235
58       58   (0)      2  : 0.0200 0.9190 0.0215 0.0290 0.0030 0.0075
59       59   (0)      2  : 0.0080 0.9640 0.0080 0.0065 0.0010 0.0125
60       60   (0)      2  : 0.0105 0.9420 0.0095 0.0145 0.0180 0.0055
61       61   (0)      2  : 0.1214 0.6643 0.1109 0.0874 0.0045 0.0115
62       62   (0)      2  : 0.0055 0.9805 0.0040 0.0045 0.0025 0.0030
63       63   (0)      2  : 0.0140 0.9415 0.0195 0.0155 0.0060 0.0035
64       64   (0)      2  : 0.0130 0.9370 0.0220 0.0210 0.0030 0.0040
65       65   (0)      2  : 0.1785 0.3815 0.2110 0.2120 0.0080 0.0090
66       66   (0)      2  : 0.0125 0.9450 0.0140 0.0140 0.0100 0.0045
67       67   (0)      2  : 0.0200 0.9260 0.0215 0.0170 0.0055 0.0100
68       68   (0)      2  : 0.0115 0.9630 0.0120 0.0080 0.0025 0.0030
69       69   (0)      2  : 0.0195 0.9060 0.0255 0.0310 0.0095 0.0085
70       70   (1)      2  : 0.0070 0.9720 0.0070 0.0070 0.0040 0.0030
71       71   (0)      3  : 0.1309 0.0320 0.4133 0.3648 0.0085 0.0505
72       72   (0)      3  : 0.2734 0.0045 0.3443 0.3518 0.0040 0.0220
73       73   (0)      3  : 0.2207 0.0045 0.3769 0.3674 0.0035 0.0270
74       74   (0)      3  : 0.0690 0.0350 0.4765 0.3680 0.0035 0.0480
75       75   (0)      3  : 0.2035 0.0215 0.3670 0.3915 0.0055 0.0110
76       76   (0)      3  : 0.4125 0.0095 0.2560 0.2725 0.0410 0.0085
77       77   (0)      3  : 0.7104 0.0055 0.1085 0.1431 0.0040 0.0285
78       78   (0)      3  : 0.7369 0.0160 0.1035 0.1286 0.0030 0.0120
79       79   (0)      3  : 0.3665 0.0295 0.2620 0.3210 0.0070 0.0140
80       80   (8)      3  : 0.5472 0.0050 0.2091 0.2001 0.0085 0.0300
81       81   (0)      3  : 0.1965 0.0160 0.3815 0.3860 0.0015 0.0185
82       82   (0)      3  : 0.0641 0.3834 0.2818 0.2508 0.0115 0.0085
83       83   (0)      3  : 0.3280 0.0535 0.3030 0.3000 0.0020 0.0135
84       84   (0)      3  : 0.1414 0.0090 0.3658 0.4583 0.0025 0.0230
85       85   (0)      3  : 0.5846 0.0691 0.1532 0.1817 0.0030 0.0085
86       86   (0)      3  : 0.4705 0.0180 0.2195 0.2325 0.0370 0.0225
87       87   (0)      3  : 0.4532 0.0055 0.1866 0.2511 0.0495 0.0540
88       88   (0)      3  : 0.3573 0.0405 0.2669 0.3133 0.0055 0.0165
89       89   (0)      3  : 0.1859 0.0310 0.3698 0.3898 0.0165 0.0070
90       90   (0)      3  : 0.5405 0.0090 0.2360 0.1880 0.0140 0.0125
91       91   (0)      3  : 0.1949 0.0240 0.3888 0.3443 0.0020 0.0460
92       92   (0)      3  : 0.3104 0.0230 0.3233 0.3223 0.0055 0.0155
93       93   (0)      3  : 0.2515 0.1245 0.3075 0.2825 0.0195 0.0145
94       94   (0)      3  : 0.4118 0.0630 0.2424 0.2374 0.0045 0.0410
95       95   (0)      3  : 0.1645 0.0170 0.3815 0.4025 0.0035 0.0310
96       96   (0)      3  : 0.5272 0.0100 0.2179 0.2109 0.0025 0.0315
97       97   (0)      3  : 0.4153 0.0040 0.2794 0.2539 0.0115 0.0360
98       98   (0)      3  : 0.1517 0.2073 0.3060 0.3100 0.0155 0.0095
99       99   (0)      3  : 0.1969 0.0290 0.4003 0.3508 0.0085 0.0145
100      100   (0)      3  : 0.4148 0.0060 0.2464 0.3108 0.0065 0.0155
101      101   (0)      3  : 0.2455 0.0140 0.3440 0.3710 0.0010 0.0245
102      102   (0)      3  : 0.3267 0.0240 0.3097 0.3072 0.0070 0.0255
103      103   (0)      3  : 0.4812 0.0155 0.2266 0.2636 0.0040 0.0090
104      104   (0)      3  : 0.3815 0.0285 0.2925 0.2605 0.0035 0.0335
105      105   (0)      3  : 0.3037 0.0105 0.3437 0.3231 0.0020 0.0170
106      106   (0)      3  : 0.4105 0.0115 0.2855 0.2710 0.0065 0.0150
107      107   (0)      3  : 0.0970 0.0400 0.4427 0.3762 0.0070 0.0370
108      108   (0)      3  : 0.4475 0.0050 0.2330 0.2670 0.0020 0.0455
109      109   (0)      3  : 0.1056 0.3604 0.2372 0.2082 0.0430 0.0455
110      110   (0)      3  : 0.1266 0.0170 0.4357 0.4007 0.0035 0.0165
111      111   (0)      3  : 0.4900 0.0185 0.2362 0.2432 0.0070 0.0050
112      112   (0)      3  : 0.4365 0.0835 0.2210 0.2400 0.0020 0.0170
113      113   (0)      3  : 0.4793 0.0150 0.2499 0.2394 0.0020 0.0145
114      114   (0)      3  : 0.1645 0.0105 0.4310 0.3740 0.0025 0.0175
115      115   (0)      3  : 0.1891 0.0395 0.3867 0.3652 0.0070 0.0125
116      116   (0)      3  : 0.4545 0.0105 0.2445 0.2650 0.0055 0.0200
117      117   (0)      3  : 0.0010 0.0010 0.0010 0.0010 0.9950 0.0010
118      118   (0)      3  : 0.3019 0.0075 0.3418 0.3318 0.0055 0.0115
119      119   (0)      3  : 0.3360 0.0195 0.3045 0.2975 0.0090 0.0335
120      120   (7)      4  : 0.0010 0.0010 0.0010 0.0010 0.9950 0.0010
121      121  (12)      4  : 0.5095 0.0105 0.2230 0.2415 0.0075 0.0080
122      122  (12)      4  : 0.1595 0.0195 0.1510 0.1320 0.5315 0.0065
123      123   (3)      4  : 0.4012 0.0175 0.2761 0.2826 0.0020 0.0205
124      124  (12)      4  : 0.2987 0.0509 0.3372 0.2912 0.0020 0.0200
125      125  (13)      4  : 0.3114 0.0130 0.3079 0.3039 0.0015 0.0624
126      126   (0)      4  : 0.1129 0.5784 0.1389 0.1548 0.0030 0.0120
127      127   (3)      4  : 0.3688 0.0235 0.2594 0.2844 0.0020 0.0620
128      128   (0)      4  : 0.3995 0.0155 0.2780 0.2450 0.0015 0.0605
129      129   (0)      4  : 0.6152 0.0080 0.1644 0.1719 0.0065 0.0340
130      130   (9)      4  : 0.2710 0.0035 0.3220 0.3545 0.0035 0.0455
131      131   (9)      4  : 0.5400 0.0060 0.2035 0.2050 0.0020 0.0435
132      132  (12)      4  : 0.2589 0.0220 0.3478 0.3493 0.0080 0.0140
133      133   (0)      5  : 0.0245 0.9165 0.0190 0.0225 0.0060 0.0115
134      134   (0)      5  : 0.6045 0.0095 0.1620 0.1810 0.0020 0.0410
135      135   (0)      5  : 0.0205 0.8676 0.0365 0.0320 0.0130 0.0305
136      136   (0)      6  : 0.3502 0.0095 0.2756 0.3037 0.0020 0.0590
137      137   (0)      6  : 0.3178 0.0030 0.2959 0.3308 0.0045 0.0480
138      138   (9)      6  : 0.3544 0.0055 0.3163 0.2894 0.0040 0.0305
139      139   (0)      6  : 0.1405 0.0035 0.3710 0.4470 0.0040 0.0340
140      140   (0)      6  : 0.6546 0.0080 0.1385 0.1650 0.0035 0.0305
141      141   (0)      6  : 0.1300 0.0110 0.4090 0.4235 0.0030 0.0235
142      142   (0)      6  : 0.3925 0.0150 0.2955 0.2760 0.0070 0.0140
143      143   (0)      6  : 0.1225 0.0220 0.4580 0.3695 0.0035 0.0245
144      144  (11)      6  : 0.1056 0.0155 0.4434 0.4219 0.0020 0.0115
145      145   (0)      6  : 0.2369 0.0350 0.3383 0.3418 0.0215 0.0265
146      146   (0)      6  : 0.1335 0.0570 0.3987 0.3977 0.0015 0.0115
147      147   (0)      6  : 0.1989 0.0265 0.3583 0.4013 0.0015 0.0135
148      148   (4)      6  : 0.1995 0.0160 0.3555 0.4070 0.0040 0.0180
149      149   (0)      6  : 0.1266 0.0120 0.4412 0.3842 0.0040 0.0320
150      150   (0)      6  : 0.0969 0.0574 0.3841 0.4500 0.0040 0.0075
151      151   (0)      6  : 0.7168 0.0050 0.0851 0.0965 0.0010 0.0956
152      152   (0)      6  : 0.5340 0.0495 0.1873 0.1983 0.0095 0.0215
153      153   (4)      6  : 0.7087 0.0045 0.0710 0.1195 0.0010 0.0954
154      154   (5)      6  : 0.5445 0.0095 0.1728 0.1888 0.0015 0.0829
155      155   (0)      6  : 0.4958 0.0070 0.2266 0.2096 0.0260 0.0350
156      156   (5)      6  : 0.3680 0.0090 0.3040 0.2775 0.0065 0.0350
157      157   (0)      6  : 0.1180 0.0085 0.4265 0.4180 0.0060 0.0230
158      158   (0)      6  : 0.1576 0.0195 0.3672 0.4207 0.0055 0.0295
159      159  (10)      6  : 0.1284 0.0130 0.4363 0.3633 0.0030 0.0560
160      160   (0)      6  : 0.4322 0.0100 0.2596 0.2662 0.0020 0.0300
161      161   (0)      6  : 0.4615 0.0045 0.1957 0.2818 0.0035 0.0531
162      162   (0)      6  : 0.3380 0.0120 0.2975 0.3140 0.0015 0.0370
163      163   (5)      6  : 0.3046 0.0270 0.3322 0.3177 0.0045 0.0140
164      164   (0)      6  : 0.1205 0.1075 0.3920 0.3360 0.0010 0.0430
165      165   (0)      6  : 0.1375 0.0175 0.3800 0.4235 0.0035 0.0380
166      166   (0)      6  : 0.2345 0.0365 0.3435 0.3345 0.0025 0.0485
167      167  (10)      6  : 0.1175 0.0170 0.4200 0.4150 0.0035 0.0270
168      168   (0)      6  : 0.1344 0.0185 0.3993 0.4188 0.0030 0.0260
169      169   (0)      6  : 0.6011 0.0035 0.1757 0.1787 0.0010 0.0400
170      170   (0)      6  : 0.1735 0.0100 0.3540 0.4185 0.0020 0.0420
171      171   (0)      6  : 0.4040 0.0115 0.2780 0.2745 0.0030 0.0290
172      172   (0)      6  : 0.7246 0.0055 0.1385 0.1165 0.0100 0.0050
173      173   (0)      6  : 0.7246 0.0080 0.1425 0.1105 0.0095 0.0050
174      174   (0)      6  : 0.3080 0.0100 0.3110 0.3255 0.0165 0.0290
175      175   (0)      6  : 0.5336 0.0095 0.1830 0.2265 0.0180 0.0294
176      176   (0)      6  : 0.1820 0.0315 0.3605 0.3635 0.0055 0.0570
177      177   (0)      6  : 0.3837 0.0210 0.2946 0.2726 0.0025 0.0255
178      178   (2)      6  : 0.2680 0.0125 0.3395 0.3285 0.0065 0.0450
179      179   (0)      6  : 0.4590 0.0500 0.2270 0.2290 0.0070 0.0280
180      180   (0)      6  : 0.3529 0.0135 0.3428 0.2708 0.0030 0.0170
181      181   (0)      6  : 0.2690 0.0125 0.3465 0.3440 0.0065 0.0215
182      182   (0)      6  : 0.1791 0.0300 0.4187 0.3557 0.0020 0.0145
183      183   (7)      6  : 0.3309 0.0105 0.3488 0.2868 0.0035 0.0195
184      184   (0)      6  : 0.3110 0.0160 0.3315 0.3290 0.0050 0.0075
185      185  (10)      6  : 0.1439 0.0710 0.4178 0.3418 0.0015 0.0240
186      186   (0)      6  : 0.0574 0.7373 0.1044 0.0824 0.0095 0.0090
187      187   (8)      6  : 0.2000 0.0090 0.3930 0.3625 0.0155 0.0200
188      188   (0)      6  : 0.2664 0.0055 0.3338 0.3568 0.0025 0.0350
189      189   (7)      6  : 0.1185 0.0135 0.4556 0.3725 0.0020 0.0380
190      190   (0)      6  : 0.6667 0.0040 0.1444 0.1699 0.0020 0.0130
191      191   (0)      6  : 0.6355 0.0125 0.1775 0.1475 0.0050 0.0220
192      192   (0)      6  : 0.2095 0.0390 0.3745 0.3255 0.0025 0.0490
193      193   (0)      6  : 0.1444 0.0075 0.3983 0.4103 0.0060 0.0335
194      194   (2)      6  : 0.5418 0.0160 0.2001 0.2086 0.0075 0.0260
195      195   (0)      6  : 0.4111 0.0440 0.1623 0.1923 0.1623 0.0280
196      196   (0)      6  : 0.2652 0.0964 0.3092 0.2637 0.0055 0.0599
197      197   (3)      6  : 0.2425 0.0285 0.3155 0.3660 0.0075 0.0400
198      198   (0)      6  : 0.2977 0.0165 0.3212 0.3446 0.0020 0.0180
199      199   (0)      6  : 0.2645 0.0060 0.3015 0.3885 0.0020 0.0375
200      200   (0)      6  : 0.0755 0.3622 0.2632 0.2776 0.0025 0.0190
201      201   (0)      6  : 0.2485 0.0095 0.3745 0.3470 0.0080 0.0125
202      202   (0)      6  : 0.2019 0.0685 0.3228 0.3513 0.0075 0.0480
203      203   (0)      6  : 0.3577 0.0325 0.2696 0.2796 0.0035 0.0570
204      204  (13)      6  : 0.1226 0.0160 0.4127 0.4072 0.0055 0.0360
205      205   (0)      6  : 0.4283 0.0175 0.2569 0.2504 0.0020 0.0450
206      206  (12)      6  : 0.1404 0.0615 0.4013 0.3593 0.0045 0.0330
207      207   (0)      6  : 0.1864 0.0385 0.3378 0.3508 0.0040 0.0825
208      208   (0)      6  : 0.2135 0.0050 0.3595 0.3780 0.0080 0.0360
209      209   (8)      6  : 0.1370 0.0065 0.3915 0.4220 0.0040 0.0390
210      210   (0)      6  : 0.1360 0.0180 0.3837 0.4162 0.0100 0.0360
211      211   (0)      6  : 0.1791 0.0080 0.3912 0.3221 0.0060 0.0935
212      212   (0)      6  : 0.1525 0.1390 0.2205 0.1655 0.0020 0.3205
213      213   (0)      6  : 0.1359 0.0145 0.4158 0.4163 0.0020 0.0155
214      214   (0)      6  : 0.4200 0.0155 0.2540 0.2720 0.0030 0.0355
215      215  (14)      6  : 0.3683 0.0095 0.2789 0.3269 0.0045 0.0120
216      216   (0)      6  : 0.1500 0.1535 0.3530 0.3210 0.0075 0.0150
217      217   (0)      6  : 0.1756 0.0090 0.3917 0.3927 0.0055 0.0255
218      218   (0)      6  : 0.1851 0.0060 0.3762 0.4042 0.0045 0.0240
219      219  (14)      6  : 0.2104 0.0090 0.3338 0.3938 0.0035 0.0495
220      220   (0)      6  : 0.1831 0.0610 0.4002 0.3197 0.0125 0.0235
221      221   (7)      6  : 0.1125 0.0190 0.4240 0.4080 0.0040 0.0325
222      222   (0)      6  : 0.0745 0.0100 0.4170 0.3815 0.0030 0.1140
223      223   (0)      6  : 0.3535 0.0260 0.2865 0.3065 0.0070 0.0205
224      224   (0)      6  : 0.0050 0.0015 0.0040 0.0100 0.0015 0.9780
225      225   (5)      6  : 0.0055 0.0025 0.0060 0.0080 0.0015 0.9765
226      226   (0)      6  : 0.1286 0.1061 0.3597 0.3622 0.0205 0.0230
227      227   (0)      2  : 0.0150 0.9405 0.0190 0.0155 0.0040 0.0060
228      228   (0)      2  : 0.0050 0.9785 0.0050 0.0070 0.0020 0.0025
229      229   (0)      2  : 0.0265 0.9185 0.0190 0.0175 0.0125 0.0060
230      230   (0)      2  : 0.0370 0.8761 0.0425 0.0345 0.0030 0.0070
231      231   (0)      2  : 0.0185 0.9250 0.0230 0.0245 0.0020 0.0070
232      232   (0)      2  : 0.0040 0.9810 0.0055 0.0045 0.0030 0.0020
233      233   (0)      2  : 0.0885 0.5945 0.1405 0.1165 0.0050 0.0550
234      234   (0)      2  : 0.0040 0.9850 0.0030 0.0035 0.0020 0.0025
235      235   (0)      2  : 0.0675 0.8074 0.0640 0.0560 0.0010 0.0040
