1 1 (0) 1  : 1.000
2 2 (1) 1  : 1.000
3 3 (0) 1  : 1.000
4 4 (0) 2  : 1.000
5 5 (0) 2  : 1.000
6 6 (0) 2  : 1.000
7 7 (0) 2  : 1.000
8 8 (0) 2  : 1.000
9 9 (0) 2  : 1.000
10 10 (0) 2  : 1.000
11 11 (0) 2  : 1.000
12 12 (0) 2  : 1.000
13 13 (0) 2  : 1.000
14 14 (0) 2  : 1.000
15 15 (0) 2  : 1.000
16 16 (0) 2  : 1.000
17 17 (0) 2  : 1.000
18 18 (0) 2  : 1.000
19 19 (0) 2  : 1.000
20 20 (0) 2  : 1.000
21 21 (9) 2  : 1.000
22 22 (0) 2  : 1.000
23 23 (0) 2  : 1.000
24 24 (0) 2  : 1.000
25 25 (0) 2  : 1.000
26 26 (0) 2  : 1.000
27 27 (0) 2  : 1.000
28 28 (0) 2  : 1.000
29 29 (0) 2  : 1.000
30 30 (0) 2  : 1.000
31 31 (0) 2  : 1.000
32 32 (0) 2  : 1.000
33 33 (0) 2  : 1.000
34 34 (0) 2  : 1.000
35 35 (0) 2  : 1.000
36 36 (5) 2  : 1.000
37 37 (0) 2  : 1.000
38 38 (0) 2  : 1.000
39 39 (0) 2  : 1.000
40 40 (0) 2  : 1.000
41 41 (0) 2  : 1.000
42 42 (0) 2  : 1.000
43 43 (0) 2  : 1.000
44 44 (0) 2  : 1.000
45 45 (0) 2  : 1.000
46 46 (0) 2  : 1.000
47 47 (4) 2  : 1.000
48 48 (0) 2  : 1.000
49 49 (1) 2  : 1.000
50 50 (0) 2  : 1.000
51 51 (0) 2  : 1.000
52 52 (0) 2  : 1.000
53 53 (0) 2  : 1.000
54 54 (0) 2  : 1.000
55 55 (0) 2  : 1.000
56 56 (0) 2  : 1.000
57 57 (0) 2  : 1.000
58 58 (0) 2  : 1.000
59 59 (0) 2  : 1.000
60 60 (0) 2  : 1.000
61 61 (0) 2  : 1.000
62 62 (1) 2  : 1.000
63 63 (0) 3  : 1.000
64 64 (0) 3  : 1.000
65 65 (0) 3  : 1.000
66 66 (0) 3  : 1.000
67 67 (0) 3  : 1.000
68 68 (0) 3  : 1.000
69 69 (0) 3  : 1.000
70 70 (0) 3  : 1.000
71 71 (0) 3  : 1.000
72 72 (8) 3  : 1.000
73 73 (0) 3  : 1.000
74 74 (0) 3  : 1.000
75 75 (0) 3  : 1.000
76 76 (0) 3  : 1.000
77 77 (0) 3  : 1.000
78 78 (0) 3  : 1.000
79 79 (0) 3  : 1.000
80 80 (0) 3  : 1.000
81 81 (0) 3  : 1.000
82 82 (0) 3  : 1.000
83 83 (0) 3  : 1.000
84 84 (0) 3  : 1.000
85 85 (0) 3  : 1.000
86 86 (0) 3  : 1.000
87 87 (0) 3  : 1.000
88 88 (0) 3  : 1.000
89 89 (0) 3  : 1.000
90 90 (0) 3  : 1.000
91 91 (0) 3  : 1.000
92 92 (0) 3  : 1.000
93 93 (0) 3  : 1.000
94 94 (0) 3  : 1.000
95 95 (0) 3  : 1.000
96 96 (0) 3  : 1.000
97 97 (0) 3  : 1.000
98 98 (0) 3  : 1.000
99 99 (0) 3  : 1.000
100 100 (0) 3  : 1.000
101 101 (0) 3  : 1.000
102 102 (0) 3  : 1.000
103 103 (0) 3  : 1.000
104 104 (0) 3  : 1.000
105 105 (0) 3  : 1.000
106 106 (0) 3  : 1.000
107 107 (0) 3  : 1.000
108 108 (0) 3  : 1.000
109 109 (0) 3  : 1.000
110 110 (0) 3  : 1.000
111 111 (0) 3  : 1.000
112 112 (7) 4  : 1.000
113 113 (12) 4  : 1.000
114 114 (12) 4  : 1.000
115 115 (3) 4  : 1.000
116 116 (12) 4  : 1.000
117 117 (13) 4  : 1.000
118 118 (0) 4  : 1.000
119 119 (3) 4  : 1.000
120 120 (0) 4  : 1.000
121 121 (0) 4  : 1.000
122 122 (9) 4  : 1.000
123 123 (9) 4  : 1.000
124 124 (12) 4  : 1.000
125 125 (0) 5  : 1.000
126 126 (0) 5  : 1.000
127 127 (0) 5  : 1.000
128 128 (0) 6  : 1.000
129 129 (0) 6  : 1.000
130 130 (9) 6  : 1.000
131 131 (0) 6  : 1.000
132 132 (0) 6  : 1.000
133 133 (0) 6  : 1.000
134 134 (0) 6  : 1.000
135 135 (0) 6  : 1.000
136 136 (11) 6  : 1.000
137 137 (0) 6  : 1.000
138 138 (0) 6  : 1.000
139 139 (0) 6  : 1.000
140 140 (4) 6  : 1.000
141 141 (0) 6  : 1.000
142 142 (0) 6  : 1.000
143 143 (0) 6  : 1.000
144 144 (0) 6  : 1.000
145 145 (4) 6  : 1.000
146 146 (5) 6  : 1.000
147 147 (0) 6  : 1.000
148 148 (5) 6  : 1.000
149 149 (0) 6  : 1.000
150 150 (0) 6  : 1.000
151 151 (10) 6  : 1.000
152 152 (0) 6  : 1.000
153 153 (0) 6  : 1.000
154 154 (0) 6  : 1.000
155 155 (5) 6  : 1.000
156 156 (0) 6  : 1.000
157 157 (0) 6  : 1.000
158 158 (0) 6  : 1.000
159 159 (10) 6  : 1.000
160 160 (0) 6  : 1.000
161 161 (0) 6  : 1.000
162 162 (0) 6  : 1.000
163 163 (0) 6  : 1.000
164 164 (0) 6  : 1.000
165 165 (0) 6  : 1.000
166 166 (0) 6  : 1.000
167 167 (0) 6  : 1.000
168 168 (0) 6  : 1.000
169 169 (0) 6  : 1.000
170 170 (2) 6  : 1.000
171 171 (0) 6  : 1.000
172 172 (0) 6  : 1.000
173 173 (0) 6  : 1.000
174 174 (0) 6  : 1.000
175 175 (7) 6  : 1.000
176 176 (0) 6  : 1.000
177 177 (10) 6  : 1.000
178 178 (0) 6  : 1.000
179 179 (8) 6  : 1.000
180 180 (0) 6  : 1.000
181 181 (7) 6  : 1.000
182 182 (0) 6  : 1.000
183 183 (0) 6  : 1.000
184 184 (0) 6  : 1.000
185 185 (0) 6  : 1.000
186 186 (2) 6  : 1.000
187 187 (0) 6  : 1.000
188 188 (0) 6  : 1.000
189 189 (3) 6  : 1.000
190 190 (0) 6  : 1.000
191 191 (0) 6  : 1.000
192 192 (0) 6  : 1.000
193 193 (0) 6  : 1.000
194 194 (0) 6  : 1.000
195 195 (0) 6  : 1.000
196 196 (13) 6  : 1.000
197 197 (0) 6  : 1.000
198 198 (12) 6  : 1.000
199 199 (0) 6  : 1.000
200 200 (0) 6  : 1.000
201 201 (8) 6  : 1.000
202 202 (0) 6  : 1.000
203 203 (0) 6  : 1.000
204 204 (0) 6  : 1.000
205 205 (0) 6  : 1.000
206 206 (0) 6  : 1.000
207 207 (14) 6  : 1.000
208 208 (0) 6  : 1.000
209 209 (0) 6  : 1.000
210 210 (0) 6  : 1.000
211 211 (14) 6  : 1.000
212 212 (0) 6  : 1.000
213 213 (7) 6  : 1.000
214 214 (0) 6  : 1.000
215 215 (0) 6  : 1.000
216 216 (0) 6  : 1.000
217 217 (5) 6  : 1.000
218 218 (0) 6  : 1.000
219 219 (0) 2  : 1.000
220 220 (0) 2  : 1.000
221 221 (0) 2  : 1.000
222 222 (0) 2  : 1.000
223 223 (0) 2  : 1.000
224 224 (0) 2  : 1.000
225 225 (0) 2  : 1.000
226 226 (0) 2  : 1.000
227 227 (0) 2  : 1.000
