  1        1   (0)      1 :  0.7381 0.0099 0.2520 
  2        2   (1)      1 :  0.5549 0.1705 0.2746 
  3        3   (0)      1 :  0.6592 0.0535 0.2874 
  4        4   (0)      2 :  0.1058 0.8214 0.0728 
  5        5   (0)      2 :  0.5029 0.0172 0.4799 
  6        6   (0)      2 :  0.1125 0.8248 0.0627 
  7        7   (0)      2 :  0.0267 0.9483 0.0250 
  8        8   (0)      2 :  0.0101 0.9802 0.0097 
  9        9   (0)      2 :  0.0616 0.8693 0.0691 
 10       10   (0)      2 :  0.0142 0.9734 0.0124 
 11       11   (0)      2 :  0.0225 0.9605 0.0170 
 12       12   (0)      2 :  0.0665 0.8845 0.0490 
 13       13   (0)      2 :  0.0216 0.9566 0.0218 
 14       14   (0)      2 :  0.0431 0.9168 0.0401 
 15       15   (0)      2 :  0.1855 0.6695 0.1450 
 16       16   (0)      2 :  0.0152 0.9700 0.0148 
 17       17   (0)      2 :  0.0632 0.8717 0.0651 
 18       18   (0)      2 :  0.0280 0.9441 0.0279 
 19       19   (0)      2 :  0.0349 0.9380 0.0271 
 20       20   (0)      2 :  0.1590 0.7346 0.1064 
 21       21   (9)      2 :  0.0585 0.8934 0.0481 
 22       22   (0)      2 :  0.4071 0.2714 0.3215 
 23       23   (0)      2 :  0.0443 0.9329 0.0228 
 24       24   (0)      2 :  0.0156 0.9726 0.0118 
 25       25   (0)      2 :  0.1866 0.6759 0.1375 
 26       26   (0)      2 :  0.0262 0.9488 0.0250 
 27       27   (0)      2 :  0.0497 0.9128 0.0375 
 28       28   (0)      2 :  0.0110 0.9787 0.0103 
 29       29   (0)      2 :  0.0369 0.9286 0.0345 
 30       30   (0)      2 :  0.2299 0.3445 0.4256 
 31       31   (0)      2 :  0.0151 0.9710 0.0139 
 32       32   (0)      2 :  0.0223 0.9590 0.0187 
 33       33   (0)      2 :  0.0297 0.9417 0.0286 
 34       34   (0)      2 :  0.1081 0.8114 0.0805 
 35       35   (0)      2 :  0.0281 0.9491 0.0228 
 36       36   (5)      2 :  0.0154 0.9681 0.0165 
 37       37   (0)      2 :  0.0156 0.9698 0.0146 
 38       38   (0)      2 :  0.0450 0.9049 0.0501 
 39       39   (0)      2 :  0.0155 0.9655 0.0190 
 40       40   (0)      2 :  0.0171 0.9686 0.0143 
 41       41   (0)      2 :  0.3208 0.4435 0.2357 
 42       42   (0)      2 :  0.0250 0.9524 0.0226 
 43       43   (0)      2 :  0.0599 0.8838 0.0563 
 44       44   (0)      2 :  0.0624 0.8971 0.0405 
 45       45   (0)      2 :  0.0866 0.8366 0.0768 
 46       46   (0)      2 :  0.0146 0.9732 0.0122 
 47       47   (4)      2 :  0.3955 0.3120 0.2925 
 48       48   (0)      2 :  0.2048 0.6719 0.1233 
 49       49   (1)      2 :  0.2585 0.2397 0.5019 
 50       50   (0)      2 :  0.0539 0.9070 0.0391 
 51       51   (0)      2 :  0.0154 0.9707 0.0139 
 52       52   (0)      2 :  0.0213 0.9580 0.0207 
 53       53   (0)      2 :  0.1609 0.6427 0.1964 
 54       54   (0)      2 :  0.0098 0.9800 0.0102 
 55       55   (0)      2 :  0.0245 0.9496 0.0259 
 56       56   (0)      2 :  0.0405 0.9282 0.0313 
 57       57   (0)      2 :  0.2636 0.4518 0.2846 
 58       58   (0)      2 :  0.0235 0.9541 0.0224 
 59       59   (0)      2 :  0.0316 0.9349 0.0335 
 60       60   (0)      2 :  0.0173 0.9653 0.0174 
 61       61   (0)      2 :  0.0717 0.8823 0.0460 
 62       62   (1)      2 :  0.0131 0.9745 0.0124 
 63       63   (0)      3 :  0.6433 0.0590 0.2977 
 64       64   (0)      3 :  0.3535 0.0092 0.6373 
 65       65   (0)      3 :  0.4884 0.0140 0.4976 
 66       66   (0)      3 :  0.7006 0.0812 0.2182 
 67       67   (0)      3 :  0.5070 0.0505 0.4425 
 68       68   (0)      3 :  0.3281 0.0196 0.6523 
 69       69   (0)      3 :  0.2601 0.0165 0.7234 
 70       70   (0)      3 :  0.2454 0.0445 0.7101 
 71       71   (0)      3 :  0.3790 0.0814 0.5396 
 72       72   (8)      3 :  0.3985 0.0124 0.5891 
 73       73   (0)      3 :  0.5870 0.0414 0.3716 
 74       74   (0)      3 :  0.3808 0.4535 0.1657 
 75       75   (0)      3 :  0.3436 0.1555 0.5009 
 76       76   (0)      3 :  0.6017 0.0229 0.3754 
 77       77   (0)      3 :  0.2785 0.0985 0.6229 
 78       78   (0)      3 :  0.3279 0.0306 0.6415 
 79       79   (0)      3 :  0.4080 0.0123 0.5797 
 80       80   (0)      3 :  0.4149 0.0925 0.4926 
 81       81   (0)      3 :  0.4547 0.0671 0.4782 
 82       82   (0)      3 :  0.2852 0.0169 0.6979 
 83       83   (0)      3 :  0.6592 0.0536 0.2872 
 84       84   (0)      3 :  0.4573 0.0445 0.4982 
 85       85   (0)      3 :  0.3842 0.1663 0.4495 
 86       86   (0)      3 :  0.3555 0.1022 0.5423 
 87       87   (0)      3 :  0.5643 0.0445 0.3912 
 88       88   (0)      3 :  0.3684 0.0189 0.6127 
 89       89   (0)      3 :  0.3844 0.0087 0.6069 
 90       90   (0)      3 :  0.3045 0.4147 0.2807 
 91       91   (0)      3 :  0.4887 0.0837 0.4276 
 92       92   (0)      3 :  0.3295 0.0142 0.6563 
 93       93   (0)      3 :  0.5654 0.0320 0.4026 
 94       94   (0)      3 :  0.5105 0.0448 0.4446 
 95       95   (0)      3 :  0.3148 0.0448 0.6404 
 96       96   (0)      3 :  0.3673 0.0608 0.5719 
 97       97   (0)      3 :  0.4399 0.0407 0.5194 
 98       98   (0)      3 :  0.3330 0.0390 0.6280 
 99       99   (0)      3 :  0.7170 0.0504 0.2326 
100      100   (0)      3 :  0.3807 0.0106 0.6087 
101      101   (0)      3 :  0.1984 0.6044 0.1972 
102      102   (0)      3 :  0.6455 0.0308 0.3237 
103      103   (0)      3 :  0.2881 0.0402 0.6717 
104      104   (0)      3 :  0.3108 0.1917 0.4975 
105      105   (0)      3 :  0.4029 0.0422 0.5549 
106      106   (0)      3 :  0.6208 0.0297 0.3495 
107      107   (0)      3 :  0.4595 0.0861 0.4544 
108      108   (0)      3 :  0.3827 0.0278 0.5895 
109      109   (0)      3 :  0.4864 0.0308 0.4828 
110      110   (0)      3 :  0.4348 0.0231 0.5421 
111      111   (0)      3 :  0.4608 0.0393 0.4998 
112      112   (7)      4 :  0.4874 0.0288 0.4838 
113      113  (12)      4 :  0.3237 0.0241 0.6522 
114      114  (12)      4 :  0.4894 0.0345 0.4761 
115      115   (3)      4 :  0.3061 0.0323 0.6616 
116      116  (12)      4 :  0.3998 0.0995 0.5007 
117      117  (13)      4 :  0.4553 0.0272 0.5175 
118      118   (0)      4 :  0.2141 0.5567 0.2292 
119      119   (3)      4 :  0.3835 0.0797 0.5368 
120      120   (0)      4 :  0.5240 0.0293 0.4467 
121      121   (0)      4 :  0.2713 0.0144 0.7143 
122      122   (9)      4 :  0.4299 0.0086 0.5615 
123      123   (9)      4 :  0.3280 0.0142 0.6578 
124      124  (12)      4 :  0.4118 0.0347 0.5535 
125      125   (0)      5 :  0.0400 0.9148 0.0452 
126      126   (0)      5 :  0.4053 0.0281 0.5666 
127      127   (0)      5 :  0.0596 0.9028 0.0376 
128      128   (0)      6 :  0.4284 0.0228 0.5488 
129      129   (0)      6 :  0.3898 0.0079 0.6023 
130      130   (9)      6 :  0.3560 0.0119 0.6321 
131      131   (0)      6 :  0.5271 0.0109 0.4620 
132      132   (0)      6 :  0.2880 0.0197 0.6923 
133      133   (0)      6 :  0.6879 0.0236 0.2885 
134      134   (0)      6 :  0.4161 0.0291 0.5548 
135      135   (0)      6 :  0.6445 0.0382 0.3173 
136      136  (11)      6 :  0.6452 0.0641 0.2907 
137      137   (0)      6 :  0.4363 0.0635 0.5002 
138      138   (0)      6 :  0.4891 0.2143 0.2965 
139      139   (0)      6 :  0.5256 0.0889 0.3855 
140      140   (4)      6 :  0.5165 0.0327 0.4508 
141      141   (0)      6 :  0.6115 0.0415 0.3470 
142      142   (0)      6 :  0.5894 0.0988 0.3118 
143      143   (0)      6 :  0.3674 0.0127 0.6199 
144      144   (0)      6 :  0.3140 0.0889 0.5971 
145      145   (4)      6 :  0.3613 0.0101 0.6286 
146      146   (5)      6 :  0.4949 0.0210 0.4841 
147      147   (0)      6 :  0.3374 0.0135 0.6491 
148      148   (5)      6 :  0.4657 0.0253 0.5090 
149      149   (0)      6 :  0.6646 0.0177 0.3177 
150      150   (0)      6 :  0.5848 0.0421 0.3731 
151      151  (10)      6 :  0.6451 0.0349 0.3200 
152      152   (0)      6 :  0.3371 0.0204 0.6425 
153      153   (0)      6 :  0.3792 0.0130 0.6078 
154      154   (0)      6 :  0.5019 0.0349 0.4632 
155      155   (5)      6 :  0.3913 0.0662 0.5425 
156      156   (0)      6 :  0.6153 0.1710 0.2137 
157      157   (0)      6 :  0.6440 0.0431 0.3129 
158      158   (0)      6 :  0.5859 0.0693 0.3447 
159      159  (10)      6 :  0.6970 0.0329 0.2701 
160      160   (0)      6 :  0.6780 0.0352 0.2868 
161      161   (0)      6 :  0.2856 0.0082 0.7062 
162      162   (0)      6 :  0.5617 0.0220 0.4163 
163      163   (0)      6 :  0.4780 0.0301 0.4919 
164      164   (0)      6 :  0.2270 0.0159 0.7571 
165      165   (0)      6 :  0.2261 0.0173 0.7566 
166      166   (0)      6 :  0.4461 0.0404 0.5135 
167      167   (0)      6 :  0.3728 0.0190 0.6082 
168      168   (0)      6 :  0.5418 0.0626 0.3956 
169      169   (0)      6 :  0.4462 0.0537 0.5001 
170      170   (2)      6 :  0.4927 0.0254 0.4819 
171      171   (0)      6 :  0.2788 0.1078 0.6134 
172      172   (0)      6 :  0.3670 0.0232 0.6098 
173      173   (0)      6 :  0.4153 0.0366 0.5481 
174      174   (0)      6 :  0.5252 0.0605 0.4143 
175      175   (7)      6 :  0.3792 0.0205 0.6003 
176      176   (0)      6 :  0.3975 0.0327 0.5698 
177      177  (10)      6 :  0.6095 0.1212 0.2692 
178      178   (0)      6 :  0.1226 0.7645 0.1129 
179      179   (8)      6 :  0.5274 0.0270 0.4456 
180      180   (0)      6 :  0.4836 0.0136 0.5028 
181      181   (7)      6 :  0.7002 0.0276 0.2722 
182      182   (0)      6 :  0.2396 0.0095 0.7509 
183      183   (0)      6 :  0.2525 0.0299 0.7176 
184      184   (0)      6 :  0.4190 0.0800 0.5010 
185      185   (0)      6 :  0.6195 0.0167 0.3638 
186      186   (2)      6 :  0.3044 0.0300 0.6656 
187      187   (0)      6 :  0.2865 0.0919 0.6215 
188      188   (0)      6 :  0.4457 0.1499 0.4044 
189      189   (3)      6 :  0.4072 0.0499 0.5429 
190      190   (0)      6 :  0.4421 0.0375 0.5204 
191      191   (0)      6 :  0.3984 0.0114 0.5902 
192      192   (0)      6 :  0.3481 0.5114 0.1406 
193      193   (0)      6 :  0.5986 0.0234 0.3780 
194      194   (0)      6 :  0.4999 0.0874 0.4126 
195      195   (0)      6 :  0.4371 0.0795 0.4833 
196      196  (13)      6 :  0.7199 0.0405 0.2396 
197      197   (0)      6 :  0.5364 0.0327 0.4310 
198      198  (12)      6 :  0.6363 0.1003 0.2634 
199      199   (0)      6 :  0.5262 0.0615 0.4123 
200      200   (0)      6 :  0.5893 0.0115 0.3992 
201      201   (8)      6 :  0.7132 0.0160 0.2708 
202      202   (0)      6 :  0.7059 0.0407 0.2533 
203      203   (0)      6 :  0.7146 0.0171 0.2683 
204      204   (0)      6 :  0.6109 0.0882 0.3009 
205      205   (0)      6 :  0.5897 0.0390 0.3713 
206      206   (0)      6 :  0.3665 0.0410 0.5925 
207      207  (14)      6 :  0.3915 0.0241 0.5844 
208      208   (0)      6 :  0.4900 0.1555 0.3545 
209      209   (0)      6 :  0.4746 0.0210 0.5044 
210      210   (0)      6 :  0.4311 0.0137 0.5552 
211      211  (14)      6 :  0.5304 0.0200 0.4496 
212      212   (0)      6 :  0.5796 0.1151 0.3053 
213      213   (7)      6 :  0.7324 0.0474 0.2202 
214      214   (0)      6 :  0.7341 0.0205 0.2454 
215      215   (0)      6 :  0.3168 0.0636 0.6196 
216      216   (0)      6 :  0.7060 0.0166 0.2774 
217      217   (5)      6 :  0.7047 0.0263 0.2690 
218      218   (0)      6 :  0.6037 0.0991 0.2972 
219      219   (0)      2 :  0.0394 0.9258 0.0348 
220      220   (0)      2 :  0.0104 0.9793 0.0103 
221      221   (0)      2 :  0.0329 0.9337 0.0334 
222      222   (0)      2 :  0.0590 0.8755 0.0655 
223      223   (0)      2 :  0.0349 0.9346 0.0305 
224      224   (0)      2 :  0.0107 0.9781 0.0112 
225      225   (0)      2 :  0.1715 0.7129 0.1156 
226      226   (0)      2 :  0.0057 0.9883 0.0060 
227      227   (0)      2 :  0.0833 0.8376 0.0791 
