  1        1   (0)      1 :  0.0165 0.9835 
  2        2   (1)      1 :  0.0998 0.9002 
  3        3   (0)      1 :  0.0864 0.9136 
  4        4  (13)      2 :  0.9768 0.0232 
  5        5   (0)      2 :  0.9909 0.0091 
  6        6  (13)      2 :  0.9743 0.0257 
  7        7   (0)      2 :  0.9793 0.0207 
  8        8   (0)      2 :  0.9759 0.0241 
  9        9  (10)      2 :  0.9636 0.0364 
 10       10   (9)      2 :  0.9541 0.0459 
 11       11   (0)      2 :  0.9553 0.0447 
 12       12   (0)      2 :  0.9164 0.0836 
 13       13   (0)      2 :  0.0220 0.9780 
 14       14   (0)      2 :  0.9130 0.0870 
 15       15   (0)      2 :  0.9703 0.0297 
 16       16   (0)      2 :  0.9892 0.0108 
 17       17   (0)      2 :  0.9061 0.0939 
 18       18   (0)      2 :  0.9857 0.0143 
 19       19   (0)      2 :  0.9797 0.0203 
 20       20   (0)      2 :  0.9279 0.0721 
 21       21   (0)      2 :  0.9737 0.0263 
 22       22   (0)      2 :  0.9564 0.0436 
 23       23   (0)      2 :  0.7661 0.2339 
 24       24   (0)      2 :  0.9853 0.0147 
 25       25   (0)      2 :  0.9561 0.0439 
 26       26   (0)      2 :  0.9650 0.0350 
 27       27   (0)      2 :  0.9636 0.0364 
 28       28   (0)      2 :  0.8589 0.1411 
 29       29   (9)      2 :  0.9292 0.0708 
 30       30   (0)      2 :  0.3684 0.6316 
 31       31   (0)      2 :  0.9570 0.0430 
 32       32   (0)      2 :  0.9805 0.0195 
 33       33   (0)      2 :  0.7864 0.2136 
 34       34   (0)      2 :  0.9689 0.0311 
 35       35   (0)      2 :  0.9647 0.0353 
 36       36   (0)      2 :  0.9884 0.0116 
 37       37   (0)      2 :  0.9694 0.0306 
 38       38   (0)      2 :  0.4497 0.5503 
 39       39   (0)      2 :  0.9823 0.0177 
 40       40   (0)      2 :  0.9812 0.0188 
 41       41   (0)      2 :  0.9636 0.0364 
 42       42   (0)      2 :  0.9083 0.0917 
 43       43   (0)      2 :  0.9763 0.0237 
 44       44   (5)      2 :  0.9803 0.0197 
 45       45   (0)      2 :  0.9834 0.0166 
 46       46   (0)      2 :  0.9439 0.0561 
 47       47   (0)      2 :  0.9795 0.0205 
 48       48   (0)      2 :  0.9827 0.0173 
 49       49   (0)      2 :  0.4312 0.5688 
 50       50   (0)      2 :  0.9642 0.0358 
 51       51   (0)      2 :  0.9582 0.0418 
 52       52   (0)      2 :  0.9541 0.0459 
 53       53   (0)      2 :  0.8747 0.1253 
 54       54   (0)      2 :  0.9861 0.0139 
 55       55   (4)      2 :  0.4944 0.5056 
 56       56   (0)      2 :  0.8103 0.1897 
 57       57   (1)      2 :  0.3307 0.6693 
 58       58   (0)      2 :  0.9620 0.0380 
 59       59   (0)      2 :  0.9839 0.0161 
 60       60   (0)      2 :  0.9803 0.0197 
 61       61   (0)      2 :  0.8581 0.1419 
 62       62   (0)      2 :  0.9883 0.0117 
 63       63   (0)      2 :  0.9695 0.0305 
 64       64   (0)      2 :  0.9709 0.0291 
 65       65   (0)      2 :  0.7067 0.2933 
 66       66   (0)      2 :  0.9758 0.0242 
 67       67   (0)      2 :  0.9659 0.0341 
 68       68   (0)      2 :  0.9783 0.0217 
 69       69   (0)      2 :  0.9455 0.0545 
 70       70   (1)      2 :  0.9845 0.0155 
 71       71   (0)      3 :  0.1101 0.8899 
 72       72   (0)      3 :  0.0108 0.9892 
 73       73   (0)      3 :  0.0152 0.9848 
 74       74   (0)      3 :  0.1017 0.8983 
 75       75   (0)      3 :  0.0669 0.9331 
 76       76   (0)      3 :  0.0249 0.9751 
 77       77   (0)      3 :  0.0229 0.9771 
 78       78   (0)      3 :  0.0587 0.9413 
 79       79   (0)      3 :  0.0889 0.9111 
 80       80   (8)      3 :  0.0162 0.9838 
 81       81   (0)      3 :  0.0661 0.9339 
 82       82   (0)      3 :  0.6830 0.3170 
 83       83   (0)      3 :  0.1898 0.8102 
 84       84   (0)      3 :  0.0298 0.9702 
 85       85   (0)      3 :  0.2360 0.7640 
 86       86   (0)      3 :  0.0490 0.9510 
 87       87   (0)      3 :  0.0192 0.9808 
 88       88   (0)      3 :  0.1351 0.8649 
 89       89   (0)      3 :  0.1128 0.8872 
 90       90   (0)      3 :  0.0239 0.9761 
 91       91   (0)      3 :  0.0821 0.9179 
 92       92   (0)      3 :  0.0537 0.9463 
 93       93   (0)      3 :  0.2684 0.7316 
 94       94   (0)      3 :  0.1336 0.8664 
 95       95   (0)      3 :  0.0601 0.9399 
 96       96   (0)      3 :  0.0290 0.9710 
 97       97   (0)      3 :  0.0114 0.9886 
 98       98   (0)      3 :  0.4604 0.5396 
 99       99   (0)      3 :  0.1381 0.8619 
100      100   (0)      3 :  0.0194 0.9806 
101      101   (0)      3 :  0.0495 0.9505 
102      102   (0)      3 :  0.0547 0.9453 
103      103   (0)      3 :  0.0393 0.9607 
104      104   (0)      3 :  0.0802 0.9198 
105      105   (0)      3 :  0.0400 0.9600 
106      106   (0)      3 :  0.0544 0.9456 
107      107   (0)      3 :  0.0894 0.9106 
108      108   (0)      3 :  0.0137 0.9863 
109      109   (0)      3 :  0.6656 0.3344 
110      110   (0)      3 :  0.0470 0.9530 
111      111   (0)      3 :  0.0794 0.9206 
112      112   (0)      3 :  0.3053 0.6947 
113      113   (0)      3 :  0.0584 0.9416 
114      114   (0)      3 :  0.0315 0.9685 
115      115   (0)      3 :  0.1429 0.8571 
116      116   (0)      3 :  0.0334 0.9666 
117      117   (0)      3 :  0.0921 0.9079 
118      118   (0)      3 :  0.0271 0.9729 
119      119   (0)      3 :  0.0562 0.9438 
120      120   (7)      4 :  0.0783 0.9217 
121      121  (12)      4 :  0.0303 0.9697 
122      122  (12)      4 :  0.0684 0.9316 
123      123   (3)      4 :  0.0466 0.9534 
124      124  (12)      4 :  0.1362 0.8638 
125      125  (13)      4 :  0.0370 0.9630 
126      126   (0)      4 :  0.7491 0.2509 
127      127   (3)      4 :  0.0948 0.9052 
128      128   (0)      4 :  0.0401 0.9599 
129      129   (0)      4 :  0.0230 0.9770 
130      130   (9)      4 :  0.0109 0.9891 
131      131   (9)      4 :  0.0237 0.9763 
132      132  (12)      4 :  0.0392 0.9608 
133      133   (0)      5 :  0.9535 0.0465 
134      134   (0)      5 :  0.0307 0.9693 
135      135   (0)      5 :  0.9455 0.0545 
136      136   (0)      6 :  0.0270 0.9730 
137      137   (0)      6 :  0.0095 0.9905 
138      138   (9)      6 :  0.0154 0.9846 
139      139   (0)      6 :  0.0136 0.9864 
140      140   (0)      6 :  0.0222 0.9778 
141      141   (0)      6 :  0.0365 0.9635 
142      142   (0)      6 :  0.0316 0.9684 
143      143   (0)      6 :  0.0561 0.9439 
144      144  (11)      6 :  0.0755 0.9245 
145      145   (0)      6 :  0.1054 0.8946 
146      146   (0)      6 :  0.3023 0.6977 
147      147   (0)      6 :  0.0967 0.9033 
148      148   (4)      6 :  0.0559 0.9441 
149      149   (0)      6 :  0.0601 0.9399 
150      150   (0)      6 :  0.1783 0.8217 
151      151   (0)      6 :  0.0182 0.9818 
152      152   (0)      6 :  0.1897 0.8103 
153      153   (4)      6 :  0.0149 0.9851 
154      154   (5)      6 :  0.0243 0.9757 
155      155   (0)      6 :  0.0186 0.9814 
156      156   (5)      6 :  0.0258 0.9742 
157      157   (0)      6 :  0.0254 0.9746 
158      158   (0)      6 :  0.0790 0.9210 
159      159  (10)      6 :  0.0364 0.9636 
160      160   (0)      6 :  0.0282 0.9718 
161      161   (0)      6 :  0.0158 0.9842 
162      162   (0)      6 :  0.0425 0.9575 
163      163   (5)      6 :  0.0791 0.9209 
164      164   (0)      6 :  0.3007 0.6993 
165      165   (0)      6 :  0.0624 0.9376 
166      166   (0)      6 :  0.1239 0.8761 
167      167  (10)      6 :  0.0621 0.9379 
168      168   (0)      6 :  0.0654 0.9346 
169      169   (0)      6 :  0.0114 0.9886 
170      170   (0)      6 :  0.0296 0.9704 
171      171   (0)      6 :  0.0346 0.9654 
172      172   (0)      6 :  0.0251 0.9749 
173      173   (0)      6 :  0.0261 0.9739 
174      174   (0)      6 :  0.0415 0.9585 
175      175   (0)      6 :  0.0229 0.9771 
176      176   (0)      6 :  0.0797 0.9203 
177      177   (0)      6 :  0.0715 0.9285 
178      178   (2)      6 :  0.0306 0.9694 
179      179   (0)      6 :  0.1314 0.8686 
180      180   (0)      6 :  0.0267 0.9733 
181      181   (0)      6 :  0.0431 0.9569 
182      182   (0)      6 :  0.0831 0.9169 
183      183   (7)      6 :  0.0243 0.9757 
184      184   (0)      6 :  0.0454 0.9546 
185      185  (10)      6 :  0.1629 0.8371 
186      186   (0)      6 :  0.8931 0.1069 
187      187   (8)      6 :  0.0260 0.9740 
188      188   (0)      6 :  0.0171 0.9829 
189      189   (7)      6 :  0.0408 0.9592 
190      190   (0)      6 :  0.0121 0.9879 
191      191   (0)      6 :  0.0402 0.9598 
192      192   (0)      6 :  0.1198 0.8802 
193      193   (0)      6 :  0.0190 0.9810 
194      194   (2)      6 :  0.0517 0.9483 
195      195   (0)      6 :  0.1312 0.8688 
196      196   (0)      6 :  0.2338 0.7662 
197      197   (3)      6 :  0.0657 0.9343 
198      198   (0)      6 :  0.0535 0.9465 
199      199   (0)      6 :  0.0153 0.9847 
200      200   (0)      6 :  0.6773 0.3227 
201      201   (0)      6 :  0.0334 0.9666 
202      202   (0)      6 :  0.1591 0.8409 
203      203   (0)      6 :  0.0950 0.9050 
204      204  (13)      6 :  0.0626 0.9374 
205      205   (0)      6 :  0.0420 0.9580 
206      206  (12)      6 :  0.1603 0.8397 
207      207   (0)      6 :  0.0959 0.9041 
208      208   (0)      6 :  0.0154 0.9846 
209      209   (8)      6 :  0.0202 0.9798 
210      210   (0)      6 :  0.0570 0.9430 
211      211   (0)      6 :  0.0231 0.9769 
212      212   (0)      6 :  0.0920 0.9080 
213      213   (0)      6 :  0.0474 0.9526 
214      214   (0)      6 :  0.0486 0.9514 
215      215  (14)      6 :  0.0253 0.9747 
216      216   (0)      6 :  0.3417 0.6583 
217      217   (0)      6 :  0.0264 0.9736 
218      218   (0)      6 :  0.0166 0.9834 
219      219  (14)      6 :  0.0254 0.9746 
220      220   (0)      6 :  0.1677 0.8323 
221      221   (7)      6 :  0.0636 0.9364 
222      222   (0)      6 :  0.0325 0.9675 
223      223   (0)      6 :  0.1031 0.8969 
224      224   (0)      6 :  0.0256 0.9744 
225      225   (5)      6 :  0.0452 0.9548 
226      226   (0)      6 :  0.3042 0.6958 
227      227   (0)      2 :  0.9583 0.0417 
228      228   (0)      2 :  0.9870 0.0130 
229      229   (0)      2 :  0.9605 0.0395 
230      230   (0)      2 :  0.9470 0.0530 
231      231   (0)      2 :  0.9666 0.0334 
232      232   (0)      2 :  0.9886 0.0114 
233      233   (0)      2 :  0.8048 0.1952 
234      234   (0)      2 :  0.9926 0.0074 
235      235   (0)      2 :  0.8980 0.1020 
