1        1   (0)      1  : 0.1048 0.0096 0.8856
2        2   (1)      1  : 0.2256 0.0614 0.7130
3        3   (0)      1  : 0.1855 0.0504 0.7642
4        4  (13)      2  : 0.0185 0.9599 0.0216
5        5   (0)      2  : 0.0074 0.9845 0.0081
6        6  (13)      2  : 0.0210 0.9567 0.0223
7        7   (0)      2  : 0.0160 0.9656 0.0184
8        8   (0)      2  : 0.0244 0.9576 0.0180
9        9  (10)      2  : 0.0350 0.9367 0.0283
10       10   (9)      2  : 0.0286 0.9276 0.0437
11       11   (0)      2  : 0.0295 0.9249 0.0456
12       12   (0)      2  : 0.0464 0.8716 0.0820
13       13   (0)      2  : 0.4806 0.0160 0.5034
14       14   (0)      2  : 0.0584 0.7994 0.1423
15       15   (0)      2  : 0.0226 0.9489 0.0285
16       16   (0)      2  : 0.0086 0.9826 0.0088
17       17   (0)      2  : 0.0815 0.8513 0.0672
18       18   (0)      2  : 0.0108 0.9751 0.0141
19       19   (0)      2  : 0.0151 0.9655 0.0194
20       20   (0)      2  : 0.0411 0.8741 0.0848
21       21   (0)      2  : 0.0234 0.9534 0.0233
22       22   (0)      2  : 0.0344 0.9280 0.0376
23       23   (0)      2  : 0.1495 0.6052 0.2453
24       24   (0)      2  : 0.0120 0.9766 0.0114
25       25   (0)      2  : 0.0380 0.9210 0.0410
26       26   (0)      2  : 0.0288 0.9392 0.0320
27       27   (0)      2  : 0.0238 0.9406 0.0356
28       28   (0)      2  : 0.0910 0.7245 0.1845
29       29   (9)      2  : 0.0450 0.8899 0.0651
30       30   (0)      2  : 0.3283 0.2384 0.4333
31       31   (0)      2  : 0.0199 0.9205 0.0596
32       32   (0)      2  : 0.0131 0.9667 0.0201
33       33   (0)      2  : 0.1230 0.6163 0.2607
34       34   (0)      2  : 0.0318 0.9381 0.0301
35       35   (0)      2  : 0.0281 0.9264 0.0455
36       36   (0)      2  : 0.0088 0.9810 0.0102
37       37   (0)      2  : 0.0308 0.9376 0.0316
38       38   (0)      2  : 0.4646 0.3441 0.1913
39       39   (0)      2  : 0.0134 0.9712 0.0154
40       40   (0)      2  : 0.0129 0.9703 0.0169
41       41   (0)      2  : 0.0315 0.9358 0.0327
42       42   (0)      2  : 0.0610 0.8485 0.0905
43       43   (0)      2  : 0.0154 0.9632 0.0214
44       44   (5)      2  : 0.0170 0.9661 0.0169
45       45   (0)      2  : 0.0131 0.9723 0.0146
46       46   (0)      2  : 0.0476 0.9121 0.0403
47       47   (0)      2  : 0.0196 0.9646 0.0158
48       48   (0)      2  : 0.0115 0.9730 0.0155
49       49   (0)      2  : 0.2897 0.2699 0.4404
50       50   (0)      2  : 0.0270 0.9400 0.0330
51       51   (0)      2  : 0.0346 0.9321 0.0333
52       52   (0)      2  : 0.0280 0.9195 0.0525
53       53   (0)      2  : 0.0995 0.7979 0.1025
54       54   (0)      2  : 0.0100 0.9781 0.0119
55       55   (4)      2  : 0.2268 0.3999 0.3734
56       56   (0)      2  : 0.1296 0.5717 0.2987
57       57   (1)      2  : 0.5947 0.2158 0.1895
58       58   (0)      2  : 0.0293 0.9266 0.0441
59       59   (0)      2  : 0.0124 0.9733 0.0144
60       60   (0)      2  : 0.0179 0.9609 0.0212
61       61   (0)      2  : 0.1311 0.7541 0.1148
62       62   (0)      2  : 0.0099 0.9809 0.0093
63       63   (0)      2  : 0.0256 0.9469 0.0275
64       64   (0)      2  : 0.0194 0.9507 0.0299
65       65   (0)      2  : 0.2421 0.5045 0.2534
66       66   (0)      2  : 0.0186 0.9585 0.0229
67       67   (0)      2  : 0.0316 0.9379 0.0305
68       68   (0)      2  : 0.0164 0.9657 0.0179
69       69   (0)      2  : 0.0321 0.9085 0.0594
70       70   (1)      2  : 0.0121 0.9747 0.0131
71       71   (0)      3  : 0.1968 0.0572 0.7460
72       72   (0)      3  : 0.7017 0.0081 0.2902
73       73   (0)      3  : 0.5253 0.0112 0.4634
74       74   (0)      3  : 0.1104 0.0640 0.8256
75       75   (0)      3  : 0.4202 0.0487 0.5310
76       76   (0)      3  : 0.7354 0.0180 0.2466
77       77   (0)      3  : 0.8376 0.0130 0.1494
78       78   (0)      3  : 0.8234 0.0341 0.1425
79       79   (0)      3  : 0.5863 0.0608 0.3529
80       80   (8)      3  : 0.6661 0.0109 0.3230
81       81   (0)      3  : 0.3337 0.0387 0.6275
82       82   (0)      3  : 0.0971 0.4904 0.4124
83       83   (0)      3  : 0.5853 0.1169 0.2978
84       84   (0)      3  : 0.3405 0.0198 0.6397
85       85   (0)      3  : 0.6636 0.1371 0.1993
86       86   (0)      3  : 0.6902 0.0300 0.2798
87       87   (0)      3  : 0.6358 0.0134 0.3508
88       88   (0)      3  : 0.5146 0.0821 0.4033
89       89   (0)      3  : 0.4227 0.0691 0.5081
90       90   (0)      3  : 0.7839 0.0174 0.1987
91       91   (0)      3  : 0.2017 0.0485 0.7498
92       92   (0)      3  : 0.4844 0.0428 0.4728
93       93   (0)      3  : 0.4177 0.1792 0.4031
94       94   (0)      3  : 0.5713 0.0876 0.3411
95       95   (0)      3  : 0.3421 0.0396 0.6182
96       96   (0)      3  : 0.6782 0.0193 0.3025
97       97   (0)      3  : 0.6320 0.0076 0.3604
98       98   (0)      3  : 0.2797 0.3308 0.3895
99       99   (0)      3  : 0.3362 0.0880 0.5758
100      100   (0)      3  : 0.7407 0.0137 0.2456
101      101   (0)      3  : 0.4173 0.0321 0.5506
102      102   (0)      3  : 0.4195 0.0408 0.5397
103      103   (0)      3  : 0.7147 0.0276 0.2577
104      104   (0)      3  : 0.6494 0.0467 0.3038
105      105   (0)      3  : 0.5210 0.0272 0.4517
106      106   (0)      3  : 0.6983 0.0333 0.2684
107      107   (0)      3  : 0.1173 0.0445 0.8382
108      108   (0)      3  : 0.6529 0.0095 0.3376
109      109   (0)      3  : 0.2246 0.4701 0.3052
110      110   (0)      3  : 0.2405 0.0311 0.7283
111      111   (0)      3  : 0.7419 0.0413 0.2168
112      112   (0)      3  : 0.5528 0.1847 0.2625
113      113   (0)      3  : 0.6181 0.0345 0.3474
114      114   (0)      3  : 0.2762 0.0212 0.7026
115      115   (0)      3  : 0.4102 0.0900 0.4998
116      116   (0)      3  : 0.6892 0.0230 0.2878
117      117   (0)      3  : 0.3774 0.0376 0.5850
118      118   (0)      3  : 0.5494 0.0191 0.4314
119      119   (0)      3  : 0.5150 0.0343 0.4507
120      120   (7)      4  : 0.3802 0.0321 0.5876
121      121  (12)      4  : 0.7114 0.0194 0.2692
122      122  (12)      4  : 0.3683 0.0364 0.5954
123      123   (3)      4  : 0.7447 0.0329 0.2224
124      124  (12)      4  : 0.5190 0.0990 0.3820
125      125  (13)      4  : 0.5628 0.0243 0.4130
126      126   (0)      4  : 0.1922 0.6305 0.1773
127      127   (3)      4  : 0.6190 0.0558 0.3253
128      128   (0)      4  : 0.4627 0.0256 0.5117
129      129   (0)      4  : 0.8116 0.0150 0.1734
130      130   (9)      4  : 0.6502 0.0080 0.3418
131      131   (9)      4  : 0.7564 0.0145 0.2291
132      132  (12)      4  : 0.5687 0.0291 0.4022
133      133   (0)      5  : 0.0372 0.9291 0.0336
134      134   (0)      5  : 0.6679 0.0200 0.3121
135      135   (0)      5  : 0.0369 0.9035 0.0596
136      136   (0)      6  : 0.5893 0.0201 0.3906
137      137   (0)      6  : 0.7112 0.0070 0.2818
138      138   (9)      6  : 0.7121 0.0109 0.2770
139      139   (0)      6  : 0.4339 0.0088 0.5573
140      140   (0)      6  : 0.8114 0.0161 0.1725
141      141   (0)      6  : 0.2049 0.0205 0.7746
142      142   (0)      6  : 0.5830 0.0247 0.3922
143      143   (0)      6  : 0.2252 0.0377 0.7370
144      144  (11)      6  : 0.2251 0.0389 0.7360
145      145   (0)      6  : 0.4618 0.0699 0.4684
146      146   (0)      6  : 0.2732 0.1580 0.5688
147      147   (0)      6  : 0.3753 0.0529 0.5718
148      148   (4)      6  : 0.4202 0.0383 0.5416
149      149   (0)      6  : 0.2821 0.0340 0.6839
150      150   (0)      6  : 0.2051 0.1118 0.6831
151      151   (0)      6  : 0.7254 0.0113 0.2634
152      152   (0)      6  : 0.6452 0.1093 0.2454
153      153   (4)      6  : 0.7359 0.0094 0.2547
154      154   (5)      6  : 0.5289 0.0183 0.4529
155      155   (0)      6  : 0.7352 0.0132 0.2515
156      156   (5)      6  : 0.5239 0.0183 0.4579
157      157   (0)      6  : 0.2231 0.0151 0.7618
158      158   (0)      6  : 0.2918 0.0418 0.6665
159      159  (10)      6  : 0.2581 0.0255 0.7164
160      160   (0)      6  : 0.7117 0.0194 0.2689
161      161   (0)      6  : 0.7026 0.0097 0.2877
162      162   (0)      6  : 0.4774 0.0278 0.4949
163      163   (5)      6  : 0.5609 0.0558 0.3833
164      164   (0)      6  : 0.1199 0.1501 0.7300
165      165   (0)      6  : 0.2584 0.0374 0.7043
166      166   (0)      6  : 0.2888 0.0657 0.6454
167      167  (10)      6  : 0.1513 0.0330 0.8157
168      168   (0)      6  : 0.1855 0.0361 0.7784
169      169   (0)      6  : 0.8243 0.0077 0.1680
170      170   (0)      6  : 0.3816 0.0216 0.5968
171      171   (0)      6  : 0.5363 0.0248 0.4389
172      172   (0)      6  : 0.8935 0.0141 0.0924
173      173   (0)      6  : 0.8891 0.0146 0.0962
174      174   (0)      6  : 0.5346 0.0253 0.4402
175      175   (0)      6  : 0.6858 0.0165 0.2977
176      176   (0)      6  : 0.3526 0.0609 0.5865
177      177   (0)      6  : 0.5354 0.0498 0.4148
178      178   (2)      6  : 0.5281 0.0220 0.4499
179      179   (0)      6  : 0.7211 0.0811 0.1978
180      180   (0)      6  : 0.6583 0.0199 0.3219
181      181   (0)      6  : 0.5809 0.0260 0.3931
182      182   (0)      6  : 0.3877 0.0624 0.5499
183      183   (7)      6  : 0.6154 0.0184 0.3662
184      184   (0)      6  : 0.5692 0.0319 0.3989
185      185  (10)      6  : 0.1877 0.1104 0.7020
186      186   (0)      6  : 0.0900 0.8055 0.1045
187      187   (8)      6  : 0.4137 0.0196 0.5667
188      188   (0)      6  : 0.4743 0.0123 0.5134
189      189   (7)      6  : 0.1820 0.0255 0.7925
190      190   (0)      6  : 0.8820 0.0083 0.1098
191      191   (0)      6  : 0.8374 0.0249 0.1377
192      192   (0)      6  : 0.4947 0.0881 0.4172
193      193   (0)      6  : 0.2980 0.0127 0.6893
194      194   (2)      6  : 0.7476 0.0339 0.2186
195      195   (0)      6  : 0.7122 0.0635 0.2243
196      196   (0)      6  : 0.3993 0.1587 0.4420
197      197   (3)      6  : 0.5403 0.0453 0.4144
198      198   (0)      6  : 0.5335 0.0371 0.4294
199      199   (0)      6  : 0.6376 0.0106 0.3518
200      200   (0)      6  : 0.1023 0.4733 0.4244
201      201   (0)      6  : 0.3354 0.0234 0.6412
202      202   (0)      6  : 0.3608 0.0974 0.5418
203      203   (0)      6  : 0.4993 0.0759 0.4248
204      204  (13)      6  : 0.1244 0.0334 0.8423
205      205   (0)      6  : 0.4666 0.0300 0.5034
206      206  (12)      6  : 0.1817 0.0922 0.7260
207      207   (0)      6  : 0.3636 0.0656 0.5708
208      208   (0)      6  : 0.3717 0.0106 0.6177
209      209   (8)      6  : 0.1770 0.0130 0.8100
210      210   (0)      6  : 0.1509 0.0285 0.8206
211      211   (0)      6  : 0.1798 0.0139 0.8064
212      212   (0)      6  : 0.2345 0.0629 0.7027
213      213   (0)      6  : 0.3282 0.0346 0.6371
214      214   (0)      6  : 0.6689 0.0306 0.3005
215      215  (14)      6  : 0.6361 0.0191 0.3448
216      216   (0)      6  : 0.2775 0.2103 0.5122
217      217   (0)      6  : 0.4782 0.0186 0.5032
218      218   (0)      6  : 0.6047 0.0114 0.3839
219      219  (14)      6  : 0.4212 0.0194 0.5594
220      220   (0)      6  : 0.2315 0.1004 0.6681
221      221   (7)      6  : 0.1081 0.0310 0.8609
222      222   (0)      6  : 0.1292 0.0167 0.8540
223      223   (0)      6  : 0.7015 0.0572 0.2412
224      224   (0)      6  : 0.1930 0.0156 0.7914
225      225   (5)      6  : 0.1805 0.0236 0.7959
226      226   (0)      6  : 0.2022 0.1648 0.6330
227      227   (0)      2  : 0.0281 0.9380 0.0339
228      228   (0)      2  : 0.0093 0.9800 0.0108
229      229   (0)      2  : 0.0291 0.9405 0.0304
230      230   (0)      2  : 0.0488 0.9065 0.0448
231      231   (0)      2  : 0.0282 0.9383 0.0335
232      232   (0)      2  : 0.0105 0.9805 0.0090
233      233   (0)      2  : 0.1229 0.6460 0.2311
234      234   (0)      2  : 0.0057 0.9885 0.0057
235      235   (0)      2  : 0.0804 0.8399 0.0798
