  1        1   (0)      1 :  0.9816 0.0184 
  2        2   (1)      1 :  0.7057 0.2943 
  3        3   (0)      1 :  0.8995 0.1005 
  4        4   (0)      2 :  0.1059 0.8941 
  5        5   (0)      2 :  0.9699 0.0301 
  6        6   (0)      2 :  0.0899 0.9101 
  7        7   (0)      2 :  0.0316 0.9684 
  8        8   (0)      2 :  0.0137 0.9863 
  9        9   (0)      2 :  0.0785 0.9215 
 10       10   (0)      2 :  0.0187 0.9813 
 11       11   (0)      2 :  0.0234 0.9766 
 12       12   (0)      2 :  0.0693 0.9307 
 13       13   (0)      2 :  0.0275 0.9725 
 14       14   (0)      2 :  0.0496 0.9504 
 15       15   (0)      2 :  0.1873 0.8127 
 16       16   (0)      2 :  0.0203 0.9797 
 17       17   (0)      2 :  0.0738 0.9262 
 18       18   (0)      2 :  0.0344 0.9656 
 19       19   (0)      2 :  0.0371 0.9629 
 20       20   (0)      2 :  0.1461 0.8539 
 21       21   (9)      2 :  0.0707 0.9293 
 22       22   (0)      2 :  0.5400 0.4600 
 23       23   (0)      2 :  0.0377 0.9623 
 24       24   (0)      2 :  0.0186 0.9814 
 25       25   (0)      2 :  0.1650 0.8350 
 26       26   (0)      2 :  0.0303 0.9697 
 27       27   (0)      2 :  0.0434 0.9566 
 28       28   (0)      2 :  0.0148 0.9852 
 29       29   (0)      2 :  0.0407 0.9593 
 30       30   (0)      2 :  0.5506 0.4494 
 31       31   (0)      2 :  0.0188 0.9812 
 32       32   (0)      2 :  0.0248 0.9752 
 33       33   (0)      2 :  0.0358 0.9642 
 34       34   (0)      2 :  0.1136 0.8864 
 35       35   (0)      2 :  0.0299 0.9701 
 36       36   (5)      2 :  0.0218 0.9782 
 37       37   (0)      2 :  0.0190 0.9810 
 38       38   (0)      2 :  0.0658 0.9342 
 39       39   (0)      2 :  0.0215 0.9785 
 40       40   (0)      2 :  0.0222 0.9778 
 41       41   (0)      2 :  0.3719 0.6281 
 42       42   (0)      2 :  0.0323 0.9677 
 43       43   (0)      2 :  0.0734 0.9266 
 44       44   (0)      2 :  0.0585 0.9415 
 45       45   (0)      2 :  0.1007 0.8993 
 46       46   (0)      2 :  0.0169 0.9831 
 47       47   (4)      2 :  0.5799 0.4201 
 48       48   (0)      2 :  0.1496 0.8504 
 49       49   (1)      2 :  0.6457 0.3543 
 50       50   (0)      2 :  0.0491 0.9509 
 51       51   (0)      2 :  0.0194 0.9806 
 52       52   (0)      2 :  0.0247 0.9753 
 53       53   (0)      2 :  0.2031 0.7969 
 54       54   (0)      2 :  0.0139 0.9861 
 55       55   (0)      2 :  0.0329 0.9671 
 56       56   (0)      2 :  0.0398 0.9602 
 57       57   (0)      2 :  0.3401 0.6599 
 58       58   (0)      2 :  0.0283 0.9717 
 59       59   (0)      2 :  0.0390 0.9610 
 60       60   (0)      2 :  0.0231 0.9769 
 61       61   (0)      2 :  0.0721 0.9279 
 62       62   (1)      2 :  0.0174 0.9826 
 63       63   (0)      3 :  0.8677 0.1323 
 64       64   (0)      3 :  0.9854 0.0146 
 65       65   (0)      3 :  0.9791 0.0209 
 66       66   (0)      3 :  0.8635 0.1365 
 67       67   (0)      3 :  0.9230 0.0770 
 68       68   (0)      3 :  0.9679 0.0321 
 69       69   (0)      3 :  0.9711 0.0289 
 70       70   (0)      3 :  0.9133 0.0867 
 71       71   (0)      3 :  0.8618 0.1382 
 72       72   (8)      3 :  0.9797 0.0203 
 73       73   (0)      3 :  0.9143 0.0857 
 74       74   (0)      3 :  0.3419 0.6581 
 75       75   (0)      3 :  0.7229 0.2771 
 76       76   (0)      3 :  0.9608 0.0392 
 77       77   (0)      3 :  0.8032 0.1968 
 78       78   (0)      3 :  0.9413 0.0587 
 79       79   (0)      3 :  0.9768 0.0232 
 80       80   (0)      3 :  0.8437 0.1563 
 81       81   (0)      3 :  0.8789 0.1211 
 82       82   (0)      3 :  0.9714 0.0286 
 83       83   (0)      3 :  0.8946 0.1054 
 84       84   (0)      3 :  0.9350 0.0650 
 85       85   (0)      3 :  0.7395 0.2605 
 86       86   (0)      3 :  0.8316 0.1684 
 87       87   (0)      3 :  0.9253 0.0747 
 88       88   (0)      3 :  0.9672 0.0328 
 89       89   (0)      3 :  0.9856 0.0144 
 90       90   (0)      3 :  0.4145 0.5855 
 91       91   (0)      3 :  0.8426 0.1574 
 92       92   (0)      3 :  0.9734 0.0266 
 93       93   (0)      3 :  0.9418 0.0582 
 94       94   (0)      3 :  0.9305 0.0695 
 95       95   (0)      3 :  0.9258 0.0742 
 96       96   (0)      3 :  0.8863 0.1137 
 97       97   (0)      3 :  0.9383 0.0617 
 98       98   (0)      3 :  0.9253 0.0747 
 99       99   (0)      3 :  0.8991 0.1009 
100      100   (0)      3 :  0.9823 0.0177 
101      101   (0)      3 :  0.2280 0.7720 
102      102   (0)      3 :  0.9459 0.0541 
103      103   (0)      3 :  0.9105 0.0895 
104      104   (0)      3 :  0.6499 0.3501 
105      105   (0)      3 :  0.9193 0.0807 
106      106   (0)      3 :  0.9510 0.0490 
107      107   (0)      3 :  0.8491 0.1509 
108      108   (0)      3 :  0.9526 0.0474 
109      109   (0)      3 :  0.9210 0.0790 
110      110   (0)      3 :  0.9585 0.0415 
111      111   (0)      3 :  0.9337 0.0663 
112      112   (7)      4 :  0.9232 0.0768 
113      113  (12)      4 :  0.9617 0.0383 
114      114  (12)      4 :  0.9297 0.0703 
115      115   (3)      4 :  0.9464 0.0536 
116      116  (12)      4 :  0.8389 0.1611 
117      117  (13)      4 :  0.9498 0.0502 
118      118   (0)      4 :  0.3203 0.6797 
119      119   (3)      4 :  0.8615 0.1385 
120      120   (0)      4 :  0.9445 0.0555 
121      121   (0)      4 :  0.9754 0.0246 
122      122   (9)      4 :  0.9854 0.0146 
123      123   (9)      4 :  0.9742 0.0258 
124      124  (12)      4 :  0.9467 0.0533 
125      125   (0)      5 :  0.0585 0.9415 
126      126   (0)      5 :  0.9520 0.0480 
127      127   (0)      5 :  0.0547 0.9453 
128      128   (0)      6 :  0.9622 0.0378 
129      129   (0)      6 :  0.9876 0.0124 
130      130   (9)      6 :  0.9814 0.0186 
131      131   (0)      6 :  0.9823 0.0177 
132      132   (0)      6 :  0.9691 0.0309 
133      133   (0)      6 :  0.9571 0.0429 
134      134   (0)      6 :  0.9512 0.0488 
135      135   (0)      6 :  0.9353 0.0647 
136      136  (11)      6 :  0.8593 0.1407 
137      137   (0)      6 :  0.8950 0.1050 
138      138   (0)      6 :  0.6010 0.3990 
139      139   (0)      6 :  0.8332 0.1668 
140      140   (4)      6 :  0.9460 0.0540 
141      141   (0)      6 :  0.9225 0.0775 
142      142   (0)      6 :  0.8330 0.1670 
143      143   (0)      6 :  0.9785 0.0215 
144      144   (0)      6 :  0.8332 0.1668 
145      145   (4)      6 :  0.9823 0.0177 
146      146   (5)      6 :  0.9661 0.0339 
147      147   (0)      6 :  0.9779 0.0221 
148      148   (5)      6 :  0.9591 0.0409 
149      149   (0)      6 :  0.9661 0.0339 
150      150   (0)      6 :  0.9117 0.0883 
151      151  (10)      6 :  0.9465 0.0535 
152      152   (0)      6 :  0.9677 0.0323 
153      153   (0)      6 :  0.9778 0.0222 
154      154   (0)      6 :  0.9380 0.0620 
155      155   (5)      6 :  0.8979 0.1021 
156      156   (0)      6 :  0.6351 0.3649 
157      157   (0)      6 :  0.9141 0.0859 
158      158   (0)      6 :  0.8575 0.1425 
159      159  (10)      6 :  0.9224 0.0776 
160      160   (0)      6 :  0.9189 0.0811 
161      161   (0)      6 :  0.9866 0.0134 
162      162   (0)      6 :  0.9630 0.0370 
163      163   (0)      6 :  0.9520 0.0480 
164      164   (0)      6 :  0.9685 0.0315 
165      165   (0)      6 :  0.9678 0.0322 
166      166   (0)      6 :  0.9227 0.0773 
167      167   (0)      6 :  0.9692 0.0308 
168      168   (0)      6 :  0.9048 0.0952 
169      169   (0)      6 :  0.9090 0.0910 
170      170   (2)      6 :  0.9595 0.0405 
171      171   (0)      6 :  0.8136 0.1864 
172      172   (0)      6 :  0.9643 0.0357 
173      173   (0)      6 :  0.9363 0.0637 
174      174   (0)      6 :  0.9041 0.0959 
175      175   (7)      6 :  0.9684 0.0316 
176      176   (0)      6 :  0.9465 0.0535 
177      177  (10)      6 :  0.7885 0.2115 
178      178   (0)      6 :  0.1283 0.8717 
179      179   (8)      6 :  0.9570 0.0430 
180      180   (0)      6 :  0.9778 0.0222 
181      181   (7)      6 :  0.9488 0.0512 
182      182   (0)      6 :  0.9841 0.0159 
183      183   (0)      6 :  0.9453 0.0547 
184      184   (0)      6 :  0.8820 0.1180 
185      185   (0)      6 :  0.9719 0.0281 
186      186   (2)      6 :  0.9448 0.0552 
187      187   (0)      6 :  0.7768 0.2232 
188      188   (0)      6 :  0.7710 0.2290 
189      189   (3)      6 :  0.9136 0.0864 
190      190   (0)      6 :  0.9360 0.0640 
191      191   (0)      6 :  0.9808 0.0192 
192      192   (0)      6 :  0.2942 0.7058 
193      193   (0)      6 :  0.9589 0.0411 
194      194   (0)      6 :  0.8467 0.1533 
195      195   (0)      6 :  0.8725 0.1275 
196      196  (13)      6 :  0.9182 0.0818 
197      197   (0)      6 :  0.9477 0.0523 
198      198  (12)      6 :  0.8170 0.1830 
199      199   (0)      6 :  0.8936 0.1064 
200      200   (0)      6 :  0.9815 0.0185 
201      201   (8)      6 :  0.9698 0.0302 
202      202   (0)      6 :  0.9107 0.0893 
203      203   (0)      6 :  0.9644 0.0356 
204      204   (0)      6 :  0.8566 0.1434 
205      205   (0)      6 :  0.9341 0.0659 
206      206   (0)      6 :  0.9262 0.0738 
207      207  (14)      6 :  0.9620 0.0380 
208      208   (0)      6 :  0.7213 0.2787 
209      209   (0)      6 :  0.9670 0.0330 
210      210   (0)      6 :  0.9764 0.0236 
211      211  (14)      6 :  0.9676 0.0324 
212      212   (0)      6 :  0.7943 0.2057 
213      213   (7)      6 :  0.8996 0.1004 
214      214   (0)      6 :  0.9584 0.0416 
215      215   (0)      6 :  0.8755 0.1245 
216      216   (0)      6 :  0.9663 0.0337 
217      217   (5)      6 :  0.9419 0.0581 
218      218   (0)      6 :  0.7955 0.2045 
219      219   (0)      2 :  0.0534 0.9466 
220      220   (0)      2 :  0.0149 0.9851 
221      221   (0)      2 :  0.0419 0.9581 
222      222   (0)      2 :  0.0746 0.9254 
223      223   (0)      2 :  0.0358 0.9642 
224      224   (0)      2 :  0.0139 0.9861 
225      225   (0)      2 :  0.1636 0.8364 
226      226   (0)      2 :  0.0084 0.9916 
227      227   (0)      2 :  0.1054 0.8946 
