1        1   (0)      1  : 0.0496 0.0060 0.5108 0.2376 0.0230 0.1729
2        2   (1)      1  : 0.1147 0.0794 0.4302 0.2964 0.0023 0.0770
3        3   (0)      1  : 0.1077 0.0310 0.3657 0.3476 0.0090 0.1390
4        4   (0)      2  : 0.0557 0.7349 0.1017 0.0570 0.0020 0.0487
5        5   (0)      2  : 0.1836 0.0090 0.3005 0.4299 0.0043 0.0727
6        6   (0)      2  : 0.0493 0.7860 0.0603 0.0513 0.0083 0.0447
7        7   (0)      2  : 0.0137 0.9307 0.0223 0.0183 0.0050 0.0100
8        8   (0)      2  : 0.0057 0.9710 0.0063 0.0060 0.0050 0.0060
9        9   (0)      2  : 0.0474 0.8216 0.0527 0.0587 0.0020 0.0177
10       10   (0)      2  : 0.0083 0.9623 0.0083 0.0103 0.0023 0.0083
11       11   (0)      2  : 0.0113 0.9470 0.0130 0.0133 0.0037 0.0117
12       12   (0)      2  : 0.0153 0.7780 0.0130 0.0143 0.1707 0.0087
13       13   (0)      2  : 0.0133 0.9324 0.0140 0.0187 0.0050 0.0167
14       14   (0)      2  : 0.0310 0.8770 0.0317 0.0290 0.0123 0.0190
15       15   (0)      2  : 0.0663 0.4372 0.2233 0.2050 0.0040 0.0643
16       16   (0)      2  : 0.0090 0.9567 0.0097 0.0093 0.0047 0.0107
17       17   (0)      2  : 0.0363 0.7880 0.0693 0.0726 0.0067 0.0270
18       18   (0)      2  : 0.0163 0.9220 0.0183 0.0170 0.0110 0.0153
19       19   (0)      2  : 0.0120 0.8910 0.0197 0.0207 0.0293 0.0273
20       20   (0)      2  : 0.0660 0.6886 0.1210 0.0690 0.0137 0.0417
21       21   (9)      2  : 0.0270 0.8670 0.0447 0.0377 0.0030 0.0207
22       22   (0)      2  : 0.1927 0.1497 0.2797 0.2441 0.0017 0.1320
23       23   (0)      2  : 0.0100 0.9086 0.0277 0.0210 0.0023 0.0303
24       24   (0)      2  : 0.0067 0.9627 0.0080 0.0067 0.0067 0.0093
25       25   (0)      2  : 0.0730 0.5152 0.1783 0.1436 0.0357 0.0543
26       26   (0)      2  : 0.0183 0.9337 0.0143 0.0140 0.0090 0.0107
27       27   (0)      2  : 0.0143 0.7661 0.0180 0.0163 0.1706 0.0147
28       28   (0)      2  : 0.0057 0.9726 0.0087 0.0063 0.0023 0.0043
29       29   (0)      2  : 0.0233 0.8877 0.0353 0.0327 0.0073 0.0137
30       30   (0)      2  : 0.3683 0.2257 0.1647 0.1797 0.0027 0.0590
31       31   (0)      2  : 0.0050 0.9693 0.0070 0.0083 0.0033 0.0070
32       32   (0)      2  : 0.0173 0.8560 0.0237 0.0913 0.0017 0.0100
33       33   (0)      2  : 0.0177 0.8936 0.0170 0.0153 0.0423 0.0140
34       34   (0)      2  : 0.0240 0.4221 0.0443 0.0316 0.0020 0.4760
35       35   (0)      2  : 0.0197 0.8446 0.0263 0.0937 0.0017 0.0140
36       36   (5)      2  : 0.0100 0.9580 0.0083 0.0110 0.0033 0.0093
37       37   (0)      2  : 0.0100 0.9464 0.0123 0.0093 0.0137 0.0083
38       38   (0)      2  : 0.0283 0.8840 0.0303 0.0343 0.0020 0.0210
39       39   (0)      2  : 0.0103 0.9613 0.0080 0.0097 0.0023 0.0083
40       40   (0)      2  : 0.0077 0.9590 0.0100 0.0090 0.0020 0.0123
41       41   (0)      2  : 0.1666 0.2856 0.2526 0.1760 0.0083 0.1110
42       42   (0)      2  : 0.0113 0.9360 0.0227 0.0137 0.0020 0.0143
43       43   (0)      2  : 0.0517 0.8110 0.0557 0.0603 0.0020 0.0193
44       44   (0)      2  : 0.0160 0.5282 0.0270 0.0160 0.0043 0.4085
45       45   (0)      2  : 0.0467 0.7479 0.0580 0.1250 0.0037 0.0187
46       46   (0)      2  : 0.0073 0.9590 0.0090 0.0143 0.0033 0.0070
47       47   (4)      2  : 0.1869 0.2039 0.2806 0.2726 0.0020 0.0540
48       48   (0)      2  : 0.0713 0.4865 0.1919 0.2186 0.0033 0.0283
49       49   (1)      2  : 0.4207 0.1407 0.1753 0.1913 0.0047 0.0673
50       50   (0)      2  : 0.0207 0.8636 0.0417 0.0510 0.0030 0.0200
51       51   (0)      2  : 0.0077 0.9583 0.0083 0.0077 0.0020 0.0160
52       52   (0)      2  : 0.0137 0.9203 0.0163 0.0160 0.0180 0.0157
53       53   (0)      2  : 0.1544 0.4978 0.1524 0.1571 0.0047 0.0337
54       54   (0)      2  : 0.0057 0.9740 0.0063 0.0053 0.0033 0.0053
55       55   (0)      2  : 0.0183 0.9303 0.0157 0.0180 0.0083 0.0093
56       56   (0)      2  : 0.0173 0.8936 0.0343 0.0337 0.0037 0.0173
57       57   (0)      2  : 0.1493 0.3322 0.2356 0.1993 0.0083 0.0753
58       58   (0)      2  : 0.0130 0.9307 0.0160 0.0157 0.0117 0.0130
59       59   (0)      2  : 0.0237 0.9090 0.0207 0.0173 0.0063 0.0230
60       60   (0)      2  : 0.0100 0.9567 0.0117 0.0100 0.0027 0.0090
61       61   (0)      2  : 0.0230 0.7902 0.0580 0.0586 0.0153 0.0550
62       62   (1)      2  : 0.0060 0.9643 0.0053 0.0067 0.0040 0.0137
63       63   (0)      3  : 0.0393 0.0210 0.1123 0.0253 0.0093 0.7928
64       64   (0)      3  : 0.2544 0.0043 0.2671 0.3728 0.0053 0.0960
65       65   (0)      3  : 0.2641 0.0063 0.2457 0.2038 0.0043 0.2757
66       66   (0)      3  : 0.0563 0.0557 0.5250 0.1743 0.0043 0.1843
67       67   (0)      3  : 0.2079 0.0287 0.3884 0.2416 0.0067 0.1268
68       68   (0)      3  : 0.4092 0.0120 0.2546 0.2020 0.0420 0.0803
69       69   (0)      3  : 0.5628 0.0097 0.1343 0.2236 0.0057 0.0640
70       70   (0)      3  : 0.6923 0.0233 0.1033 0.1477 0.0033 0.0300
71       71   (0)      3  : 0.3230 0.0363 0.3277 0.2041 0.0093 0.0996
72       72   (8)      3  : 0.4764 0.0067 0.2202 0.1885 0.0120 0.0963
73       73   (0)      3  : 0.2325 0.0187 0.3238 0.3461 0.0013 0.0776
74       74   (0)      3  : 0.0680 0.3330 0.3357 0.1983 0.0140 0.0510
75       75   (0)      3  : 0.3585 0.0709 0.2472 0.2471 0.0020 0.0743
76       76   (0)      3  : 0.1534 0.0107 0.3764 0.3761 0.0030 0.0804
77       77   (0)      3  : 0.4912 0.0500 0.1970 0.2057 0.0033 0.0527
78       78   (0)      3  : 0.3161 0.0137 0.1847 0.1527 0.0443 0.2884
79       79   (0)      3  : 0.3255 0.0063 0.2231 0.3149 0.0417 0.0884
80       80   (0)      3  : 0.2103 0.0500 0.1900 0.1250 0.0063 0.4183
81       81   (0)      3  : 0.1484 0.0267 0.3566 0.3546 0.0153 0.0984
82       82   (0)      3  : 0.5257 0.0073 0.2052 0.2018 0.0147 0.0453
83       83   (0)      3  : 0.1747 0.0403 0.3377 0.3370 0.0020 0.1083
84       84   (0)      3  : 0.3129 0.0257 0.3315 0.1906 0.0063 0.1329
85       85   (0)      3  : 0.2720 0.1303 0.3000 0.1873 0.0200 0.0904
86       86   (0)      3  : 0.3864 0.0543 0.2392 0.2525 0.0060 0.0616
87       87   (0)      3  : 0.1831 0.0250 0.2931 0.4281 0.0037 0.0670
88       88   (0)      3  : 0.3540 0.0080 0.2190 0.3713 0.0030 0.0447
89       89   (0)      3  : 0.3250 0.0050 0.2704 0.2684 0.0127 0.1186
90       90   (0)      3  : 0.1786 0.2896 0.2669 0.1636 0.0217 0.0796
91       91   (0)      3  : 0.1869 0.0346 0.3768 0.2705 0.0083 0.1229
92       92   (0)      3  : 0.3333 0.0077 0.2253 0.3867 0.0070 0.0400
93       93   (0)      3  : 0.2040 0.0160 0.3487 0.2583 0.0017 0.1713
94       94   (0)      3  : 0.3185 0.0200 0.2625 0.2579 0.0100 0.1312
95       95   (0)      3  : 0.3812 0.0227 0.2881 0.2267 0.0050 0.0764
96       96   (0)      3  : 0.2686 0.0267 0.2260 0.4423 0.0040 0.0323
97       97   (0)      3  : 0.3053 0.0170 0.3063 0.2993 0.0023 0.0697
98       98   (0)      3  : 0.2937 0.0183 0.3047 0.3287 0.0077 0.0470
99       99   (0)      3  : 0.0886 0.0380 0.3636 0.1726 0.0097 0.3275
100      100   (0)      3  : 0.2148 0.0043 0.1604 0.1744 0.0023 0.4438
101      101   (0)      3  : 0.1143 0.4690 0.1760 0.1247 0.0500 0.0660
102      102   (0)      3  : 0.1123 0.0170 0.4007 0.2177 0.0037 0.2487
103      103   (0)      3  : 0.3143 0.0183 0.3094 0.2834 0.0083 0.0663
104      104   (0)      3  : 0.3242 0.1126 0.2232 0.1695 0.0023 0.1682
105      105   (0)      3  : 0.4585 0.0190 0.2228 0.2408 0.0020 0.0569
106      106   (0)      3  : 0.1609 0.0150 0.3805 0.2309 0.0033 0.2093
107      107   (0)      3  : 0.2480 0.0597 0.3140 0.2653 0.0100 0.1030
108      108   (0)      3  : 0.4945 0.0113 0.1896 0.2126 0.0063 0.0856
109      109   (0)      3  : 0.0010 0.0010 0.0010 0.0010 0.9950 0.0010
110      110   (0)      3  : 0.3998 0.0093 0.2564 0.2431 0.0067 0.0847
111      111   (0)      3  : 0.2573 0.0223 0.2953 0.2390 0.0090 0.1770
112      112   (7)      4  : 0.0013 0.0010 0.0010 0.0010 0.9947 0.0010
113      113  (12)      4  : 0.3210 0.0143 0.3013 0.2237 0.0090 0.1307
114      114  (12)      4  : 0.1117 0.0247 0.1673 0.1220 0.5353 0.0390
115      115   (3)      4  : 0.3751 0.0163 0.2214 0.3381 0.0020 0.0470
116      116  (12)      4  : 0.2516 0.0533 0.3517 0.2417 0.0027 0.0990
117      117  (13)      4  : 0.2453 0.0113 0.1842 0.3480 0.0013 0.2098
118      118   (0)      4  : 0.1253 0.3903 0.2207 0.2084 0.0040 0.0513
119      119   (3)      4  : 0.2894 0.0237 0.1611 0.3005 0.0023 0.2231
120      120   (0)      4  : 0.2486 0.0160 0.2109 0.3605 0.0020 0.1620
121      121   (0)      4  : 0.4093 0.0087 0.2390 0.2270 0.0070 0.1090
122      122   (9)      4  : 0.1874 0.0040 0.1314 0.2549 0.0040 0.4183
123      123   (9)      4  : 0.3803 0.0057 0.1653 0.4193 0.0020 0.0273
124      124  (12)      4  : 0.2219 0.0147 0.3284 0.3400 0.0103 0.0847
125      125   (0)      5  : 0.0370 0.8657 0.0257 0.0250 0.0090 0.0377
126      126   (0)      5  : 0.4307 0.0137 0.1663 0.3627 0.0020 0.0247
127      127   (0)      5  : 0.0230 0.8600 0.0323 0.0287 0.0153 0.0407
128      128   (0)      6  : 0.2602 0.0103 0.2651 0.3944 0.0030 0.0670
129      129   (0)      6  : 0.2088 0.0037 0.1280 0.2421 0.0037 0.4138
130      130   (9)      6  : 0.4114 0.0060 0.2462 0.2448 0.0040 0.0876
131      131   (0)      6  : 0.2233 0.0057 0.3323 0.2903 0.0057 0.1427
132      132   (0)      6  : 0.5422 0.0087 0.1467 0.2191 0.0037 0.0797
133      133   (0)      6  : 0.0993 0.0103 0.3051 0.2035 0.0033 0.3784
134      134   (0)      6  : 0.4177 0.0160 0.2660 0.2070 0.0077 0.0857
135      135   (0)      6  : 0.1850 0.0210 0.3430 0.2557 0.0043 0.1910
136      136  (11)      6  : 0.1240 0.0277 0.4185 0.2799 0.0027 0.1473
137      137   (0)      6  : 0.2507 0.0310 0.3281 0.3065 0.0273 0.0564
138      138   (0)      6  : 0.1234 0.0780 0.3545 0.3171 0.0020 0.1250
139      139   (0)      6  : 0.1559 0.0353 0.3150 0.3906 0.0020 0.1012
140      140   (4)      6  : 0.2083 0.0167 0.3396 0.2516 0.0050 0.1789
141      141   (0)      6  : 0.1217 0.0190 0.2823 0.2047 0.0060 0.3663
142      142   (0)      6  : 0.1304 0.0447 0.4123 0.3302 0.0047 0.0777
143      143   (0)      6  : 0.3371 0.0070 0.0454 0.0464 0.0010 0.5631
144      144   (0)      6  : 0.3872 0.0477 0.2143 0.1639 0.0110 0.1759
145      145   (4)      6  : 0.3383 0.0050 0.0500 0.0413 0.0010 0.5644
146      146   (5)      6  : 0.2468 0.0110 0.0956 0.0476 0.0020 0.5970
147      147   (0)      6  : 0.3280 0.0073 0.2202 0.2279 0.0327 0.1839
148      148   (5)      6  : 0.3496 0.0160 0.2720 0.1284 0.0117 0.2223
149      149   (0)      6  : 0.1573 0.0100 0.3919 0.2826 0.0107 0.1476
150      150   (0)      6  : 0.1243 0.0200 0.2690 0.1570 0.0073 0.4223
151      151  (10)      6  : 0.1620 0.0273 0.3465 0.2469 0.0043 0.2129
152      152   (0)      6  : 0.3486 0.0097 0.2511 0.2805 0.0027 0.1074
153      153   (0)      6  : 0.3137 0.0057 0.1527 0.4860 0.0040 0.0380
154      154   (0)      6  : 0.3724 0.0153 0.2121 0.3311 0.0017 0.0673
155      155   (5)      6  : 0.2737 0.0310 0.3258 0.2368 0.0063 0.1264
156      156   (0)      6  : 0.1153 0.1006 0.3662 0.3207 0.0017 0.0956
157      157   (0)      6  : 0.1154 0.0230 0.2840 0.4208 0.0040 0.1528
158      158   (0)      6  : 0.1837 0.0370 0.2457 0.4200 0.0030 0.1107
159      159  (10)      6  : 0.1587 0.0143 0.3404 0.4290 0.0043 0.0533
160      160   (0)      6  : 0.1857 0.0140 0.3240 0.4267 0.0027 0.0470
161      161   (0)      6  : 0.4815 0.0043 0.2033 0.2079 0.0020 0.1010
162      162   (0)      6  : 0.1227 0.0123 0.1908 0.1991 0.0030 0.4720
163      163   (0)      6  : 0.2895 0.0147 0.2695 0.3910 0.0027 0.0327
164      164   (0)      6  : 0.7753 0.0077 0.0637 0.1044 0.0090 0.0400
165      165   (0)      6  : 0.7671 0.0057 0.0623 0.1129 0.0100 0.0420
166      166   (0)      6  : 0.3068 0.0227 0.2428 0.3688 0.0243 0.0347
167      167   (0)      6  : 0.4476 0.0120 0.2087 0.1720 0.0200 0.1397
168      168   (0)      6  : 0.1434 0.0390 0.3318 0.2707 0.0057 0.2094
169      169   (0)      6  : 0.3134 0.0263 0.2941 0.3014 0.0033 0.0613
170      170   (2)      6  : 0.2666 0.0133 0.2560 0.3181 0.0073 0.1386
171      171   (0)      6  : 0.4301 0.0557 0.2124 0.1907 0.0083 0.1027
172      172   (0)      6  : 0.4278 0.0117 0.2126 0.2453 0.0037 0.0989
173      173   (0)      6  : 0.2674 0.0217 0.3118 0.2691 0.0073 0.1227
174      174   (0)      6  : 0.2312 0.0294 0.3626 0.2935 0.0020 0.0814
175      175   (7)      6  : 0.3056 0.0107 0.3199 0.2989 0.0040 0.0610
176      176   (0)      6  : 0.2943 0.0213 0.2803 0.2689 0.0053 0.1297
177      177  (10)      6  : 0.1547 0.0690 0.3948 0.3074 0.0020 0.0720
178      178   (0)      6  : 0.1170 0.6070 0.1230 0.0970 0.0113 0.0447
179      179   (8)      6  : 0.1727 0.0140 0.3910 0.3307 0.0217 0.0700
180      180   (0)      6  : 0.2072 0.0063 0.3348 0.3048 0.0030 0.1439
181      181   (7)      6  : 0.1080 0.0147 0.4099 0.3652 0.0030 0.0993
182      182   (0)      6  : 0.5868 0.0050 0.1160 0.2209 0.0023 0.0690
183      183   (0)      6  : 0.5693 0.0147 0.1577 0.2160 0.0063 0.0360
184      184   (0)      6  : 0.2100 0.0433 0.3154 0.3153 0.0033 0.1126
185      185   (0)      6  : 0.1574 0.0087 0.3091 0.2288 0.0073 0.2888
186      186   (2)      6  : 0.4773 0.0207 0.2031 0.1691 0.0083 0.1214
187      187   (0)      6  : 0.3909 0.0473 0.1986 0.1530 0.1706 0.0396
188      188   (0)      6  : 0.2717 0.1003 0.2403 0.2277 0.0063 0.1537
189      189   (3)      6  : 0.1981 0.0237 0.3052 0.4073 0.0077 0.0580
190      190   (0)      6  : 0.2388 0.0227 0.2595 0.1701 0.0023 0.3065
191      191   (0)      6  : 0.3563 0.0063 0.2283 0.2930 0.0027 0.1134
192      192   (0)      6  : 0.0547 0.3461 0.2414 0.2711 0.0023 0.0844
193      193   (0)      6  : 0.2481 0.0113 0.2959 0.1945 0.0113 0.2388
194      194   (0)      6  : 0.0814 0.0284 0.0834 0.0404 0.0077 0.7588
195      195   (0)      6  : 0.2001 0.0374 0.1751 0.1311 0.0043 0.4520
196      196  (13)      6  : 0.0473 0.0173 0.0587 0.0320 0.0080 0.8367
197      197   (0)      6  : 0.1971 0.0183 0.1281 0.1160 0.0020 0.5385
198      198  (12)      6  : 0.0833 0.0670 0.3752 0.2109 0.0060 0.2576
199      199   (0)      6  : 0.2136 0.0293 0.3027 0.3690 0.0053 0.0800
200      200   (0)      6  : 0.1937 0.0060 0.3347 0.3607 0.0080 0.0970
201      201   (8)      6  : 0.0517 0.0073 0.0656 0.0410 0.0037 0.8308
202      202   (0)      6  : 0.0440 0.0107 0.0490 0.0330 0.0107 0.8527
203      203   (0)      6  : 0.1113 0.0080 0.1940 0.2274 0.0067 0.4526
204      204   (0)      6  : 0.0457 0.0380 0.1014 0.0930 0.0027 0.7193
205      205   (0)      6  : 0.2233 0.0210 0.3775 0.2616 0.0020 0.1146
206      206   (0)      6  : 0.3103 0.0183 0.2802 0.2432 0.0037 0.1443
207      207  (14)      6  : 0.2881 0.0110 0.3181 0.2434 0.0047 0.1347
208      208   (0)      6  : 0.1443 0.0843 0.3150 0.1643 0.0097 0.2823
209      209   (0)      6  : 0.1906 0.0107 0.3339 0.3665 0.0060 0.0923
210      210   (0)      6  : 0.2678 0.0080 0.2998 0.3078 0.0057 0.1109
211      211  (14)      6  : 0.1107 0.0107 0.1247 0.0763 0.0047 0.6730
212      212   (0)      6  : 0.1424 0.0751 0.2138 0.1137 0.0170 0.4380
213      213   (7)      6  : 0.0413 0.0283 0.0933 0.0377 0.0043 0.7951
214      214   (0)      6  : 0.0626 0.0107 0.4516 0.2103 0.0043 0.2605
215      215   (0)      6  : 0.2737 0.0333 0.2923 0.3153 0.0087 0.0767
216      216   (0)      6  : 0.0197 0.0060 0.0566 0.1183 0.0040 0.7954
217      217   (5)      6  : 0.0170 0.0087 0.0597 0.1213 0.0047 0.7887
218      218   (0)      6  : 0.2386 0.0580 0.3116 0.2769 0.0173 0.0976
219      219   (0)      2  : 0.0230 0.8830 0.0277 0.0287 0.0043 0.0333
220      220   (0)      2  : 0.0057 0.9720 0.0070 0.0087 0.0020 0.0047
221      221   (0)      2  : 0.0190 0.9106 0.0180 0.0200 0.0120 0.0203
222      222   (0)      2  : 0.0460 0.8312 0.0527 0.0377 0.0033 0.0290
223      223   (0)      2  : 0.0223 0.8997 0.0363 0.0250 0.0023 0.0143
224      224   (0)      2  : 0.0060 0.9717 0.0060 0.0073 0.0033 0.0057
225      225   (0)      2  : 0.0660 0.6139 0.1004 0.1314 0.0057 0.0827
226      226   (0)      2  : 0.0040 0.9833 0.0030 0.0027 0.0017 0.0053
227      227   (0)      2  : 0.0567 0.7628 0.0664 0.0547 0.0010 0.0584
